2024-11-04 09:44:06 [INFO] : 執行項目：SF_SP
2024-11-04 09:44:13 [INFO] : 讀取檔案：sec.txt
2024-11-04 09:44:20 [INFO] : 執行項目：SF_SP
2024-11-04 09:44:30 [INFO] : 讀取檔案：sec.txt
2024-11-04 09:45:29 [INFO] : 執行項目：SF_SP
2024-11-04 09:45:36 [INFO] : 讀取檔案：sec.txt
2024-11-04 09:45:37 [INFO] : 讀取檔案：C:\Users\User\Desktop\Trans\Target\sp\PMART.COMPACTMONTH.sql
2024-11-04 09:45:37 [WARN] : 出現無法辨識的SQL語句
2024-11-04 09:46:20 [INFO] : 讀取檔案：C:\Users\User\Desktop\Trans\Target\sp\PMART.COMPACTMONTH_NCIG.sql
2024-11-04 09:46:20 [WARN] : 出現無法辨識的SQL語句
2024-11-04 09:46:20 [INFO] : 讀取檔案：C:\Users\User\Desktop\Trans\Target\sp\PMART.FILLBLANK.sql
2024-11-04 09:46:20 [WARN] : 出現無法辨識的SQL語句
2024-11-04 09:46:20 [INFO] : 讀取檔案：C:\Users\User\Desktop\Trans\Target\sp\PMART.FILLBLANK_NCIG.sql
2024-11-04 09:46:20 [WARN] : 出現無法辨識的SQL語句
2024-11-04 09:46:20 [INFO] : 讀取檔案：C:\Users\User\Desktop\Trans\Target\sp\PMART.MSGSOUR_DEP_FUNC.sql
2024-11-04 09:46:20 [WARN] : 出現無法辨識的SQL語句
2024-11-04 09:46:20 [INFO] : 讀取檔案：C:\Users\User\Desktop\Trans\Target\sp\PMART.NEWFILLBLANK.sql
2024-11-04 09:46:20 [WARN] : 出現無法辨識的SQL語句
2024-11-04 09:46:20 [INFO] : 讀取檔案：C:\Users\User\Desktop\Trans\Target\sp\PMART.NEWFILLBLANK_NCIG.sql
2024-11-04 09:46:20 [WARN] : 出現無法辨識的SQL語句
2024-11-04 09:46:20 [INFO] : 讀取檔案：C:\Users\User\Desktop\Trans\Target\sp\PMART.REMD_CIG_CUSTNUM.sql
2024-11-04 09:46:20 [WARN] : 出現無法辨識的SQL語句
2024-11-04 09:46:20 [INFO] : 讀取檔案：C:\Users\User\Desktop\Trans\Target\sp\PMART.REMD_EX_TRANSFER.sql
2024-11-04 09:46:20 [WARN] : 出現無法辨識的SQL語句
2024-11-04 09:46:20 [INFO] : 讀取檔案：C:\Users\User\Desktop\Trans\Target\sp\PMART.REMD_EX_TRANSFER_NCIG.sql
2024-11-04 09:46:20 [WARN] : 出現無法辨識的SQL語句
2024-11-04 09:46:20 [INFO] : 讀取檔案：C:\Users\User\Desktop\Trans\Target\sp\PMART.REMD_R6_COMPACT.sql
2024-11-04 09:46:20 [WARN] : 出現無法辨識的SQL語句
2024-11-04 09:46:20 [INFO] : 讀取檔案：C:\Users\User\Desktop\Trans\Target\sp\PMART.REMD_R6_COMPACT_NCIG.sql
2024-11-04 09:46:20 [WARN] : 出現無法辨識的SQL語句
2024-11-04 09:46:20 [INFO] : 讀取檔案：C:\Users\User\Desktop\Trans\Target\sp\PMART.REMD_S1_TOT_FUNC.sql
2024-11-04 09:46:20 [WARN] : 出現無法辨識的SQL語句
2024-11-04 09:46:20 [INFO] : 讀取檔案：C:\Users\User\Desktop\Trans\Target\sp\PMART.REMD_S2_TOT_FUNC.sql
2024-11-04 09:46:20 [WARN] : 出現無法辨識的SQL語句
2024-11-04 09:46:20 [INFO] : 讀取檔案：C:\Users\User\Desktop\Trans\Target\sp\PMART.REMD_S3_TOT_FUNC.sql
2024-11-04 09:46:20 [WARN] : 出現無法辨識的SQL語句
2024-11-04 09:46:20 [INFO] : 讀取檔案：C:\Users\User\Desktop\Trans\Target\sp\PMART.REMD_S4_TOT_FUNC.sql
2024-11-04 09:46:20 [WARN] : 出現無法辨識的SQL語句
2024-11-04 09:46:20 [INFO] : 讀取檔案：C:\Users\User\Desktop\Trans\Target\sp\PMART.REMD_SCAL_PDEPT_FUNC.sql
2024-11-04 09:46:21 [WARN] : 出現無法辨識的SQL語句
2024-11-04 09:46:21 [INFO] : 讀取檔案：C:\Users\User\Desktop\Trans\Target\sp\PMART.REMD_SCAL_TOT_FUNC.sql
2024-11-04 09:46:21 [WARN] : 出現無法辨識的SQL語句
2024-11-04 09:46:21 [INFO] : 讀取檔案：C:\Users\User\Desktop\Trans\Target\sp\PMART.REMD_SC_COMPACT.sql
2024-11-04 09:46:21 [WARN] : 出現無法辨識的SQL語句
2024-11-04 09:46:21 [INFO] : 讀取檔案：C:\Users\User\Desktop\Trans\Target\sp\PMART.REMD_SER_CUSTNUM.sql
2024-11-04 09:46:21 [WARN] : 出現無法辨識的SQL語句
2024-11-04 09:46:21 [INFO] : 讀取檔案：C:\Users\User\Desktop\Trans\Target\sp\PMART.REMD_ST_TOT_FUNC.sql
2024-11-04 09:46:21 [WARN] : 出現無法辨識的SQL語句
2024-11-04 09:46:21 [INFO] : 產生檔案：C:\Users\User\Desktop\Trans\Assessment_Result\20241104_094537\sp\PMART.COMPACTMONTH.sql
2024-11-04 09:46:22 [INFO] : 產生檔案：C:\Users\User\Desktop\Trans\Assessment_Result\20241104_094537\sp\PMART.COMPACTMONTH_NCIG.sql
2024-11-04 09:46:22 [INFO] : 產生檔案：C:\Users\User\Desktop\Trans\Assessment_Result\20241104_094537\sp\PMART.FILLBLANK.sql
2024-11-04 09:46:22 [INFO] : 產生檔案：C:\Users\User\Desktop\Trans\Assessment_Result\20241104_094537\sp\PMART.FILLBLANK_NCIG.sql
2024-11-04 09:46:22 [INFO] : 產生檔案：C:\Users\User\Desktop\Trans\Assessment_Result\20241104_094537\sp\PMART.MSGSOUR_DEP_FUNC.sql
2024-11-04 09:46:22 [INFO] : 產生檔案：C:\Users\User\Desktop\Trans\Assessment_Result\20241104_094537\sp\PMART.NEWFILLBLANK.sql
2024-11-04 09:46:22 [INFO] : 產生檔案：C:\Users\User\Desktop\Trans\Assessment_Result\20241104_094537\sp\PMART.NEWFILLBLANK_NCIG.sql
2024-11-04 09:46:22 [INFO] : 產生檔案：C:\Users\User\Desktop\Trans\Assessment_Result\20241104_094537\sp\PMART.REMD_CIG_CUSTNUM.sql
2024-11-04 09:46:22 [INFO] : 產生檔案：C:\Users\User\Desktop\Trans\Assessment_Result\20241104_094537\sp\PMART.REMD_EX_TRANSFER.sql
2024-11-04 09:46:22 [INFO] : 產生檔案：C:\Users\User\Desktop\Trans\Assessment_Result\20241104_094537\sp\PMART.REMD_EX_TRANSFER_NCIG.sql
2024-11-04 09:46:22 [INFO] : 產生檔案：C:\Users\User\Desktop\Trans\Assessment_Result\20241104_094537\sp\PMART.REMD_R6_COMPACT.sql
2024-11-04 09:46:22 [INFO] : 產生檔案：C:\Users\User\Desktop\Trans\Assessment_Result\20241104_094537\sp\PMART.REMD_R6_COMPACT_NCIG.sql
2024-11-04 09:46:22 [INFO] : 產生檔案：C:\Users\User\Desktop\Trans\Assessment_Result\20241104_094537\sp\PMART.REMD_S1_TOT_FUNC.sql
2024-11-04 09:46:22 [INFO] : 產生檔案：C:\Users\User\Desktop\Trans\Assessment_Result\20241104_094537\sp\PMART.REMD_S2_TOT_FUNC.sql
2024-11-04 09:46:22 [INFO] : 產生檔案：C:\Users\User\Desktop\Trans\Assessment_Result\20241104_094537\sp\PMART.REMD_S3_TOT_FUNC.sql
2024-11-04 09:46:22 [INFO] : 產生檔案：C:\Users\User\Desktop\Trans\Assessment_Result\20241104_094537\sp\PMART.REMD_S4_TOT_FUNC.sql
2024-11-04 09:46:22 [INFO] : 產生檔案：C:\Users\User\Desktop\Trans\Assessment_Result\20241104_094537\sp\PMART.REMD_SCAL_PDEPT_FUNC.sql
2024-11-04 09:46:22 [INFO] : 產生檔案：C:\Users\User\Desktop\Trans\Assessment_Result\20241104_094537\sp\PMART.REMD_SCAL_TOT_FUNC.sql
2024-11-04 09:46:22 [INFO] : 產生檔案：C:\Users\User\Desktop\Trans\Assessment_Result\20241104_094537\sp\PMART.REMD_SC_COMPACT.sql
2024-11-04 09:46:22 [INFO] : 產生檔案：C:\Users\User\Desktop\Trans\Assessment_Result\20241104_094537\sp\PMART.REMD_SER_CUSTNUM.sql
2024-11-04 09:46:22 [INFO] : 產生檔案：C:\Users\User\Desktop\Trans\Assessment_Result\20241104_094537\sp\PMART.REMD_ST_TOT_FUNC.sql
2024-11-04 09:46:22 [INFO] : 轉換完成
2024-11-04 10:30:27 [INFO] : 執行項目：SF_SP
2024-11-04 10:30:34 [INFO] : 讀取檔案：sec.txt
2024-11-04 10:30:35 [INFO] : 讀取檔案：C:\Users\User\Desktop\Trans\Target\sp\PMART.COMPACTMONTH.sql
2024-11-04 10:30:35 [WARN] : 出現無法辨識的SQL語句
2024-11-04 10:30:35 [INFO] : 讀取檔案：C:\Users\User\Desktop\Trans\Target\sp\PMART.COMPACTMONTH_NCIG.sql
2024-11-04 10:30:35 [WARN] : 出現無法辨識的SQL語句
2024-11-04 10:30:35 [INFO] : 讀取檔案：C:\Users\User\Desktop\Trans\Target\sp\PMART.FILLBLANK.sql
2024-11-04 10:30:35 [WARN] : 出現無法辨識的SQL語句
2024-11-04 10:30:35 [INFO] : 讀取檔案：C:\Users\User\Desktop\Trans\Target\sp\PMART.FILLBLANK_NCIG.sql
2024-11-04 10:30:35 [WARN] : 出現無法辨識的SQL語句
2024-11-04 10:30:35 [INFO] : 讀取檔案：C:\Users\User\Desktop\Trans\Target\sp\PMART.MSGSOUR_DEP_FUNC.sql
2024-11-04 10:30:35 [WARN] : 出現無法辨識的SQL語句
2024-11-04 10:30:35 [INFO] : 讀取檔案：C:\Users\User\Desktop\Trans\Target\sp\PMART.NEWFILLBLANK.sql
2024-11-04 10:30:35 [WARN] : 出現無法辨識的SQL語句
2024-11-04 10:30:35 [INFO] : 讀取檔案：C:\Users\User\Desktop\Trans\Target\sp\PMART.NEWFILLBLANK_NCIG.sql
2024-11-04 10:30:35 [WARN] : 出現無法辨識的SQL語句
2024-11-04 10:30:35 [INFO] : 讀取檔案：C:\Users\User\Desktop\Trans\Target\sp\PMART.REMD_CIG_CUSTNUM.sql
2024-11-04 10:30:35 [WARN] : 出現無法辨識的SQL語句
2024-11-04 10:30:35 [INFO] : 讀取檔案：C:\Users\User\Desktop\Trans\Target\sp\PMART.REMD_EX_TRANSFER.sql
2024-11-04 10:30:35 [WARN] : 出現無法辨識的SQL語句
2024-11-04 10:30:35 [INFO] : 讀取檔案：C:\Users\User\Desktop\Trans\Target\sp\PMART.REMD_EX_TRANSFER_NCIG.sql
2024-11-04 10:30:35 [WARN] : 出現無法辨識的SQL語句
2024-11-04 10:30:35 [INFO] : 讀取檔案：C:\Users\User\Desktop\Trans\Target\sp\PMART.REMD_R6_COMPACT.sql
2024-11-04 10:30:35 [WARN] : 出現無法辨識的SQL語句
2024-11-04 10:30:35 [INFO] : 讀取檔案：C:\Users\User\Desktop\Trans\Target\sp\PMART.REMD_R6_COMPACT_NCIG.sql
2024-11-04 10:30:35 [WARN] : 出現無法辨識的SQL語句
2024-11-04 10:30:35 [INFO] : 讀取檔案：C:\Users\User\Desktop\Trans\Target\sp\PMART.REMD_S1_TOT_FUNC.sql
2024-11-04 10:30:35 [WARN] : 出現無法辨識的SQL語句
2024-11-04 10:30:35 [INFO] : 讀取檔案：C:\Users\User\Desktop\Trans\Target\sp\PMART.REMD_S2_TOT_FUNC.sql
2024-11-04 10:30:35 [WARN] : 出現無法辨識的SQL語句
2024-11-04 10:30:35 [INFO] : 讀取檔案：C:\Users\User\Desktop\Trans\Target\sp\PMART.REMD_S3_TOT_FUNC.sql
2024-11-04 10:30:35 [WARN] : 出現無法辨識的SQL語句
2024-11-04 10:30:35 [INFO] : 讀取檔案：C:\Users\User\Desktop\Trans\Target\sp\PMART.REMD_S4_TOT_FUNC.sql
2024-11-04 10:30:35 [WARN] : 出現無法辨識的SQL語句
2024-11-04 10:30:35 [INFO] : 讀取檔案：C:\Users\User\Desktop\Trans\Target\sp\PMART.REMD_SCAL_PDEPT_FUNC.sql
2024-11-04 10:30:36 [WARN] : 出現無法辨識的SQL語句
2024-11-04 10:30:36 [INFO] : 讀取檔案：C:\Users\User\Desktop\Trans\Target\sp\PMART.REMD_SCAL_TOT_FUNC.sql
2024-11-04 10:30:36 [WARN] : 出現無法辨識的SQL語句
2024-11-04 10:30:36 [INFO] : 讀取檔案：C:\Users\User\Desktop\Trans\Target\sp\PMART.REMD_SC_COMPACT.sql
2024-11-04 10:30:36 [WARN] : 出現無法辨識的SQL語句
2024-11-04 10:30:36 [INFO] : 讀取檔案：C:\Users\User\Desktop\Trans\Target\sp\PMART.REMD_SER_CUSTNUM.sql
2024-11-04 10:30:36 [WARN] : 出現無法辨識的SQL語句
2024-11-04 10:30:36 [INFO] : 讀取檔案：C:\Users\User\Desktop\Trans\Target\sp\PMART.REMD_ST_TOT_FUNC.sql
2024-11-04 10:30:36 [WARN] : 出現無法辨識的SQL語句
2024-11-04 10:30:36 [INFO] : 產生檔案：C:\Users\User\Desktop\Trans\Assessment_Result\20241104_103035\sp\PMART.COMPACTMONTH.sql
2024-11-04 10:30:36 [INFO] : 產生檔案：C:\Users\User\Desktop\Trans\Assessment_Result\20241104_103035\sp\PMART.COMPACTMONTH_NCIG.sql
2024-11-04 10:30:36 [INFO] : 產生檔案：C:\Users\User\Desktop\Trans\Assessment_Result\20241104_103035\sp\PMART.FILLBLANK.sql
2024-11-04 10:30:36 [INFO] : 產生檔案：C:\Users\User\Desktop\Trans\Assessment_Result\20241104_103035\sp\PMART.FILLBLANK_NCIG.sql
2024-11-04 10:30:36 [INFO] : 產生檔案：C:\Users\User\Desktop\Trans\Assessment_Result\20241104_103035\sp\PMART.MSGSOUR_DEP_FUNC.sql
2024-11-04 10:30:36 [INFO] : 產生檔案：C:\Users\User\Desktop\Trans\Assessment_Result\20241104_103035\sp\PMART.NEWFILLBLANK.sql
2024-11-04 10:30:36 [INFO] : 產生檔案：C:\Users\User\Desktop\Trans\Assessment_Result\20241104_103035\sp\PMART.NEWFILLBLANK_NCIG.sql
2024-11-04 10:30:36 [INFO] : 產生檔案：C:\Users\User\Desktop\Trans\Assessment_Result\20241104_103035\sp\PMART.REMD_CIG_CUSTNUM.sql
2024-11-04 10:30:36 [INFO] : 產生檔案：C:\Users\User\Desktop\Trans\Assessment_Result\20241104_103035\sp\PMART.REMD_EX_TRANSFER.sql
2024-11-04 10:30:36 [INFO] : 產生檔案：C:\Users\User\Desktop\Trans\Assessment_Result\20241104_103035\sp\PMART.REMD_EX_TRANSFER_NCIG.sql
2024-11-04 10:30:36 [INFO] : 產生檔案：C:\Users\User\Desktop\Trans\Assessment_Result\20241104_103035\sp\PMART.REMD_R6_COMPACT.sql
2024-11-04 10:30:36 [INFO] : 產生檔案：C:\Users\User\Desktop\Trans\Assessment_Result\20241104_103035\sp\PMART.REMD_R6_COMPACT_NCIG.sql
2024-11-04 10:30:36 [INFO] : 產生檔案：C:\Users\User\Desktop\Trans\Assessment_Result\20241104_103035\sp\PMART.REMD_S1_TOT_FUNC.sql
2024-11-04 10:30:36 [INFO] : 產生檔案：C:\Users\User\Desktop\Trans\Assessment_Result\20241104_103035\sp\PMART.REMD_S2_TOT_FUNC.sql
2024-11-04 10:30:36 [INFO] : 產生檔案：C:\Users\User\Desktop\Trans\Assessment_Result\20241104_103035\sp\PMART.REMD_S3_TOT_FUNC.sql
2024-11-04 10:30:36 [INFO] : 產生檔案：C:\Users\User\Desktop\Trans\Assessment_Result\20241104_103035\sp\PMART.REMD_S4_TOT_FUNC.sql
2024-11-04 10:30:36 [INFO] : 產生檔案：C:\Users\User\Desktop\Trans\Assessment_Result\20241104_103035\sp\PMART.REMD_SCAL_PDEPT_FUNC.sql
2024-11-04 10:30:36 [INFO] : 產生檔案：C:\Users\User\Desktop\Trans\Assessment_Result\20241104_103035\sp\PMART.REMD_SCAL_TOT_FUNC.sql
2024-11-04 10:30:36 [INFO] : 產生檔案：C:\Users\User\Desktop\Trans\Assessment_Result\20241104_103035\sp\PMART.REMD_SC_COMPACT.sql
2024-11-04 10:30:36 [INFO] : 產生檔案：C:\Users\User\Desktop\Trans\Assessment_Result\20241104_103035\sp\PMART.REMD_SER_CUSTNUM.sql
2024-11-04 10:30:36 [INFO] : 產生檔案：C:\Users\User\Desktop\Trans\Assessment_Result\20241104_103035\sp\PMART.REMD_ST_TOT_FUNC.sql
2024-11-04 10:30:36 [INFO] : 轉換完成
2024-11-04 10:33:25 [INFO] : 執行項目：SF_SP
2024-11-04 10:33:32 [INFO] : 讀取檔案：sec.txt
2024-11-04 10:33:33 [INFO] : 讀取檔案：C:\Users\User\Desktop\Trans\Target\sp\PMART.COMPACTMONTH.sql
2024-11-04 10:33:33 [WARN] : 出現無法辨識的SQL語句
2024-11-04 10:33:33 [INFO] : 讀取檔案：C:\Users\User\Desktop\Trans\Target\sp\PMART.COMPACTMONTH_NCIG.sql
2024-11-04 10:33:33 [WARN] : 出現無法辨識的SQL語句
2024-11-04 10:33:33 [INFO] : 讀取檔案：C:\Users\User\Desktop\Trans\Target\sp\PMART.FILLBLANK.sql
2024-11-04 10:33:33 [WARN] : 出現無法辨識的SQL語句
2024-11-04 10:33:33 [INFO] : 讀取檔案：C:\Users\User\Desktop\Trans\Target\sp\PMART.FILLBLANK_NCIG.sql
2024-11-04 10:33:33 [WARN] : 出現無法辨識的SQL語句
2024-11-04 10:33:33 [INFO] : 讀取檔案：C:\Users\User\Desktop\Trans\Target\sp\PMART.MSGSOUR_DEP_FUNC.sql
2024-11-04 10:33:34 [WARN] : 出現無法辨識的SQL語句
2024-11-04 10:33:34 [INFO] : 讀取檔案：C:\Users\User\Desktop\Trans\Target\sp\PMART.NEWFILLBLANK.sql
2024-11-04 10:33:34 [WARN] : 出現無法辨識的SQL語句
2024-11-04 10:33:34 [INFO] : 讀取檔案：C:\Users\User\Desktop\Trans\Target\sp\PMART.NEWFILLBLANK_NCIG.sql
2024-11-04 10:33:34 [WARN] : 出現無法辨識的SQL語句
2024-11-04 10:33:34 [INFO] : 讀取檔案：C:\Users\User\Desktop\Trans\Target\sp\PMART.REMD_CIG_CUSTNUM.sql
2024-11-04 10:33:34 [WARN] : 出現無法辨識的SQL語句
2024-11-04 10:33:34 [INFO] : 讀取檔案：C:\Users\User\Desktop\Trans\Target\sp\PMART.REMD_EX_TRANSFER.sql
2024-11-04 10:33:34 [WARN] : 出現無法辨識的SQL語句
2024-11-04 10:33:34 [INFO] : 讀取檔案：C:\Users\User\Desktop\Trans\Target\sp\PMART.REMD_EX_TRANSFER_NCIG.sql
2024-11-04 10:33:34 [WARN] : 出現無法辨識的SQL語句
2024-11-04 10:33:34 [INFO] : 讀取檔案：C:\Users\User\Desktop\Trans\Target\sp\PMART.REMD_R6_COMPACT.sql
2024-11-04 10:33:34 [WARN] : 出現無法辨識的SQL語句
2024-11-04 10:33:34 [INFO] : 讀取檔案：C:\Users\User\Desktop\Trans\Target\sp\PMART.REMD_R6_COMPACT_NCIG.sql
2024-11-04 10:33:34 [WARN] : 出現無法辨識的SQL語句
2024-11-04 10:33:34 [INFO] : 讀取檔案：C:\Users\User\Desktop\Trans\Target\sp\PMART.REMD_S1_TOT_FUNC.sql
2024-11-04 10:33:34 [WARN] : 出現無法辨識的SQL語句
2024-11-04 10:33:34 [INFO] : 讀取檔案：C:\Users\User\Desktop\Trans\Target\sp\PMART.REMD_S2_TOT_FUNC.sql
2024-11-04 10:33:34 [WARN] : 出現無法辨識的SQL語句
2024-11-04 10:33:34 [INFO] : 讀取檔案：C:\Users\User\Desktop\Trans\Target\sp\PMART.REMD_S3_TOT_FUNC.sql
2024-11-04 10:33:34 [WARN] : 出現無法辨識的SQL語句
2024-11-04 10:33:34 [INFO] : 讀取檔案：C:\Users\User\Desktop\Trans\Target\sp\PMART.REMD_S4_TOT_FUNC.sql
2024-11-04 10:33:34 [WARN] : 出現無法辨識的SQL語句
2024-11-04 10:33:34 [INFO] : 讀取檔案：C:\Users\User\Desktop\Trans\Target\sp\PMART.REMD_SCAL_PDEPT_FUNC.sql
2024-11-04 10:33:34 [WARN] : 出現無法辨識的SQL語句
2024-11-04 10:33:34 [INFO] : 讀取檔案：C:\Users\User\Desktop\Trans\Target\sp\PMART.REMD_SCAL_TOT_FUNC.sql
2024-11-04 10:33:34 [WARN] : 出現無法辨識的SQL語句
2024-11-04 10:33:34 [INFO] : 讀取檔案：C:\Users\User\Desktop\Trans\Target\sp\PMART.REMD_SC_COMPACT.sql
2024-11-04 10:33:34 [WARN] : 出現無法辨識的SQL語句
2024-11-04 10:33:34 [INFO] : 讀取檔案：C:\Users\User\Desktop\Trans\Target\sp\PMART.REMD_SER_CUSTNUM.sql
2024-11-04 10:33:34 [WARN] : 出現無法辨識的SQL語句
2024-11-04 10:33:34 [INFO] : 讀取檔案：C:\Users\User\Desktop\Trans\Target\sp\PMART.REMD_ST_TOT_FUNC.sql
2024-11-04 10:33:34 [WARN] : 出現無法辨識的SQL語句
2024-11-04 10:33:34 [INFO] : 產生檔案：C:\Users\User\Desktop\Trans\Assessment_Result\20241104_103333\sp\PMART.COMPACTMONTH.sql
2024-11-04 10:33:34 [INFO] : 產生檔案：C:\Users\User\Desktop\Trans\Assessment_Result\20241104_103333\sp\PMART.COMPACTMONTH_NCIG.sql
2024-11-04 10:33:34 [INFO] : 產生檔案：C:\Users\User\Desktop\Trans\Assessment_Result\20241104_103333\sp\PMART.FILLBLANK.sql
2024-11-04 10:33:34 [INFO] : 產生檔案：C:\Users\User\Desktop\Trans\Assessment_Result\20241104_103333\sp\PMART.FILLBLANK_NCIG.sql
2024-11-04 10:33:34 [INFO] : 產生檔案：C:\Users\User\Desktop\Trans\Assessment_Result\20241104_103333\sp\PMART.MSGSOUR_DEP_FUNC.sql
2024-11-04 10:33:34 [INFO] : 產生檔案：C:\Users\User\Desktop\Trans\Assessment_Result\20241104_103333\sp\PMART.NEWFILLBLANK.sql
2024-11-04 10:33:34 [INFO] : 產生檔案：C:\Users\User\Desktop\Trans\Assessment_Result\20241104_103333\sp\PMART.NEWFILLBLANK_NCIG.sql
2024-11-04 10:33:34 [INFO] : 產生檔案：C:\Users\User\Desktop\Trans\Assessment_Result\20241104_103333\sp\PMART.REMD_CIG_CUSTNUM.sql
2024-11-04 10:33:34 [INFO] : 產生檔案：C:\Users\User\Desktop\Trans\Assessment_Result\20241104_103333\sp\PMART.REMD_EX_TRANSFER.sql
2024-11-04 10:33:35 [INFO] : 產生檔案：C:\Users\User\Desktop\Trans\Assessment_Result\20241104_103333\sp\PMART.REMD_EX_TRANSFER_NCIG.sql
2024-11-04 10:33:35 [INFO] : 產生檔案：C:\Users\User\Desktop\Trans\Assessment_Result\20241104_103333\sp\PMART.REMD_R6_COMPACT.sql
2024-11-04 10:33:35 [INFO] : 產生檔案：C:\Users\User\Desktop\Trans\Assessment_Result\20241104_103333\sp\PMART.REMD_R6_COMPACT_NCIG.sql
2024-11-04 10:33:35 [INFO] : 產生檔案：C:\Users\User\Desktop\Trans\Assessment_Result\20241104_103333\sp\PMART.REMD_S1_TOT_FUNC.sql
2024-11-04 10:33:35 [INFO] : 產生檔案：C:\Users\User\Desktop\Trans\Assessment_Result\20241104_103333\sp\PMART.REMD_S2_TOT_FUNC.sql
2024-11-04 10:33:35 [INFO] : 產生檔案：C:\Users\User\Desktop\Trans\Assessment_Result\20241104_103333\sp\PMART.REMD_S3_TOT_FUNC.sql
2024-11-04 10:33:35 [INFO] : 產生檔案：C:\Users\User\Desktop\Trans\Assessment_Result\20241104_103333\sp\PMART.REMD_S4_TOT_FUNC.sql
2024-11-04 10:33:35 [INFO] : 產生檔案：C:\Users\User\Desktop\Trans\Assessment_Result\20241104_103333\sp\PMART.REMD_SCAL_PDEPT_FUNC.sql
2024-11-04 10:33:35 [INFO] : 產生檔案：C:\Users\User\Desktop\Trans\Assessment_Result\20241104_103333\sp\PMART.REMD_SCAL_TOT_FUNC.sql
2024-11-04 10:33:35 [INFO] : 產生檔案：C:\Users\User\Desktop\Trans\Assessment_Result\20241104_103333\sp\PMART.REMD_SC_COMPACT.sql
2024-11-04 10:33:35 [INFO] : 產生檔案：C:\Users\User\Desktop\Trans\Assessment_Result\20241104_103333\sp\PMART.REMD_SER_CUSTNUM.sql
2024-11-04 10:33:35 [INFO] : 產生檔案：C:\Users\User\Desktop\Trans\Assessment_Result\20241104_103333\sp\PMART.REMD_ST_TOT_FUNC.sql
2024-11-04 10:33:35 [INFO] : 轉換完成
2024-11-04 10:39:37 [INFO] : 執行項目：SF_SP
2024-11-04 10:39:47 [INFO] : 讀取檔案：sec.txt
2024-11-04 10:39:48 [INFO] : 讀取檔案：C:\Users\User\Desktop\Trans\Target\sp\PMART.COMPACTMONTH.sql
2024-11-04 10:39:49 [WARN] : 出現無法辨識的SQL語句
2024-11-04 10:39:49 [INFO] : 讀取檔案：C:\Users\User\Desktop\Trans\Target\sp\PMART.COMPACTMONTH_NCIG.sql
2024-11-04 10:39:49 [WARN] : 出現無法辨識的SQL語句
2024-11-04 10:39:49 [INFO] : 讀取檔案：C:\Users\User\Desktop\Trans\Target\sp\PMART.FILLBLANK.sql
2024-11-04 10:39:49 [WARN] : 出現無法辨識的SQL語句
2024-11-04 10:39:49 [INFO] : 讀取檔案：C:\Users\User\Desktop\Trans\Target\sp\PMART.FILLBLANK_NCIG.sql
2024-11-04 10:39:49 [WARN] : 出現無法辨識的SQL語句
2024-11-04 10:39:49 [INFO] : 讀取檔案：C:\Users\User\Desktop\Trans\Target\sp\PMART.MSGSOUR_DEP_FUNC.sql
2024-11-04 10:39:49 [WARN] : 出現無法辨識的SQL語句
2024-11-04 10:39:49 [INFO] : 讀取檔案：C:\Users\User\Desktop\Trans\Target\sp\PMART.NEWFILLBLANK.sql
2024-11-04 10:39:49 [WARN] : 出現無法辨識的SQL語句
2024-11-04 10:39:49 [INFO] : 讀取檔案：C:\Users\User\Desktop\Trans\Target\sp\PMART.NEWFILLBLANK_NCIG.sql
2024-11-04 10:39:49 [WARN] : 出現無法辨識的SQL語句
2024-11-04 10:39:49 [INFO] : 讀取檔案：C:\Users\User\Desktop\Trans\Target\sp\PMART.REMD_CIG_CUSTNUM.sql
2024-11-04 10:39:49 [WARN] : 出現無法辨識的SQL語句
2024-11-04 10:39:49 [INFO] : 讀取檔案：C:\Users\User\Desktop\Trans\Target\sp\PMART.REMD_EX_TRANSFER.sql
2024-11-04 10:39:49 [WARN] : 出現無法辨識的SQL語句
2024-11-04 10:39:49 [INFO] : 讀取檔案：C:\Users\User\Desktop\Trans\Target\sp\PMART.REMD_EX_TRANSFER_NCIG.sql
2024-11-04 10:39:49 [WARN] : 出現無法辨識的SQL語句
2024-11-04 10:39:49 [INFO] : 讀取檔案：C:\Users\User\Desktop\Trans\Target\sp\PMART.REMD_R6_COMPACT.sql
2024-11-04 10:39:49 [WARN] : 出現無法辨識的SQL語句
2024-11-04 10:39:49 [INFO] : 讀取檔案：C:\Users\User\Desktop\Trans\Target\sp\PMART.REMD_R6_COMPACT_NCIG.sql
2024-11-04 10:39:49 [WARN] : 出現無法辨識的SQL語句
2024-11-04 10:39:49 [INFO] : 讀取檔案：C:\Users\User\Desktop\Trans\Target\sp\PMART.REMD_S1_TOT_FUNC.sql
2024-11-04 10:39:49 [WARN] : 出現無法辨識的SQL語句
2024-11-04 10:39:49 [INFO] : 讀取檔案：C:\Users\User\Desktop\Trans\Target\sp\PMART.REMD_S2_TOT_FUNC.sql
2024-11-04 10:39:49 [WARN] : 出現無法辨識的SQL語句
2024-11-04 10:39:49 [INFO] : 讀取檔案：C:\Users\User\Desktop\Trans\Target\sp\PMART.REMD_S3_TOT_FUNC.sql
2024-11-04 10:39:49 [WARN] : 出現無法辨識的SQL語句
2024-11-04 10:39:49 [INFO] : 讀取檔案：C:\Users\User\Desktop\Trans\Target\sp\PMART.REMD_S4_TOT_FUNC.sql
2024-11-04 10:39:49 [WARN] : 出現無法辨識的SQL語句
2024-11-04 10:39:49 [INFO] : 讀取檔案：C:\Users\User\Desktop\Trans\Target\sp\PMART.REMD_SCAL_PDEPT_FUNC.sql
2024-11-04 10:39:49 [WARN] : 出現無法辨識的SQL語句
2024-11-04 10:39:49 [INFO] : 讀取檔案：C:\Users\User\Desktop\Trans\Target\sp\PMART.REMD_SCAL_TOT_FUNC.sql
2024-11-04 10:39:50 [WARN] : 出現無法辨識的SQL語句
2024-11-04 10:39:50 [INFO] : 讀取檔案：C:\Users\User\Desktop\Trans\Target\sp\PMART.REMD_SC_COMPACT.sql
2024-11-04 10:39:50 [WARN] : 出現無法辨識的SQL語句
2024-11-04 10:39:50 [INFO] : 讀取檔案：C:\Users\User\Desktop\Trans\Target\sp\PMART.REMD_SER_CUSTNUM.sql
2024-11-04 10:39:50 [WARN] : 出現無法辨識的SQL語句
2024-11-04 10:39:50 [INFO] : 讀取檔案：C:\Users\User\Desktop\Trans\Target\sp\PMART.REMD_ST_TOT_FUNC.sql
2024-11-04 10:39:50 [WARN] : 出現無法辨識的SQL語句
2024-11-04 10:39:50 [INFO] : 產生檔案：C:\Users\User\Desktop\Trans\Assessment_Result\20241104_103948\sp\PMART.COMPACTMONTH.sql
2024-11-04 10:39:50 [INFO] : 產生檔案：C:\Users\User\Desktop\Trans\Assessment_Result\20241104_103948\sp\PMART.COMPACTMONTH_NCIG.sql
2024-11-04 10:39:50 [INFO] : 產生檔案：C:\Users\User\Desktop\Trans\Assessment_Result\20241104_103948\sp\PMART.FILLBLANK.sql
2024-11-04 10:39:50 [INFO] : 產生檔案：C:\Users\User\Desktop\Trans\Assessment_Result\20241104_103948\sp\PMART.FILLBLANK_NCIG.sql
2024-11-04 10:39:50 [INFO] : 產生檔案：C:\Users\User\Desktop\Trans\Assessment_Result\20241104_103948\sp\PMART.MSGSOUR_DEP_FUNC.sql
2024-11-04 10:39:50 [INFO] : 產生檔案：C:\Users\User\Desktop\Trans\Assessment_Result\20241104_103948\sp\PMART.NEWFILLBLANK.sql
2024-11-04 10:39:50 [INFO] : 產生檔案：C:\Users\User\Desktop\Trans\Assessment_Result\20241104_103948\sp\PMART.NEWFILLBLANK_NCIG.sql
2024-11-04 10:39:50 [INFO] : 產生檔案：C:\Users\User\Desktop\Trans\Assessment_Result\20241104_103948\sp\PMART.REMD_CIG_CUSTNUM.sql
2024-11-04 10:39:50 [INFO] : 產生檔案：C:\Users\User\Desktop\Trans\Assessment_Result\20241104_103948\sp\PMART.REMD_EX_TRANSFER.sql
2024-11-04 10:39:50 [INFO] : 產生檔案：C:\Users\User\Desktop\Trans\Assessment_Result\20241104_103948\sp\PMART.REMD_EX_TRANSFER_NCIG.sql
2024-11-04 10:39:50 [INFO] : 產生檔案：C:\Users\User\Desktop\Trans\Assessment_Result\20241104_103948\sp\PMART.REMD_R6_COMPACT.sql
2024-11-04 10:39:50 [INFO] : 產生檔案：C:\Users\User\Desktop\Trans\Assessment_Result\20241104_103948\sp\PMART.REMD_R6_COMPACT_NCIG.sql
2024-11-04 10:39:50 [INFO] : 產生檔案：C:\Users\User\Desktop\Trans\Assessment_Result\20241104_103948\sp\PMART.REMD_S1_TOT_FUNC.sql
2024-11-04 10:39:50 [INFO] : 產生檔案：C:\Users\User\Desktop\Trans\Assessment_Result\20241104_103948\sp\PMART.REMD_S2_TOT_FUNC.sql
2024-11-04 10:39:50 [INFO] : 產生檔案：C:\Users\User\Desktop\Trans\Assessment_Result\20241104_103948\sp\PMART.REMD_S3_TOT_FUNC.sql
2024-11-04 10:39:50 [INFO] : 產生檔案：C:\Users\User\Desktop\Trans\Assessment_Result\20241104_103948\sp\PMART.REMD_S4_TOT_FUNC.sql
2024-11-04 10:39:50 [INFO] : 產生檔案：C:\Users\User\Desktop\Trans\Assessment_Result\20241104_103948\sp\PMART.REMD_SCAL_PDEPT_FUNC.sql
2024-11-04 10:39:50 [INFO] : 產生檔案：C:\Users\User\Desktop\Trans\Assessment_Result\20241104_103948\sp\PMART.REMD_SCAL_TOT_FUNC.sql
2024-11-04 10:39:50 [INFO] : 產生檔案：C:\Users\User\Desktop\Trans\Assessment_Result\20241104_103948\sp\PMART.REMD_SC_COMPACT.sql
2024-11-04 10:39:50 [INFO] : 產生檔案：C:\Users\User\Desktop\Trans\Assessment_Result\20241104_103948\sp\PMART.REMD_SER_CUSTNUM.sql
2024-11-04 10:39:50 [INFO] : 產生檔案：C:\Users\User\Desktop\Trans\Assessment_Result\20241104_103948\sp\PMART.REMD_ST_TOT_FUNC.sql
2024-11-04 10:39:50 [INFO] : 轉換完成
2024-11-04 13:50:37 [INFO] : 執行項目：SF_SP
2024-11-04 13:50:44 [INFO] : 讀取檔案：sec.txt
2024-11-04 13:51:06 [INFO] : 執行項目：SF_SP
2024-11-04 13:51:07 [INFO] : 讀取檔案：C:\Users\User\Desktop\Trans\Target\sp\PMART.COMPACTMONTH.sql
2024-11-04 13:51:07 [WARN] : 出現無法辨識的SQL語句
2024-11-04 13:51:07 [INFO] : 讀取檔案：C:\Users\User\Desktop\Trans\Target\sp\PMART.COMPACTMONTH_NCIG.sql
2024-11-04 13:51:07 [WARN] : 出現無法辨識的SQL語句
2024-11-04 13:51:07 [INFO] : 讀取檔案：C:\Users\User\Desktop\Trans\Target\sp\PMART.FILLBLANK.sql
2024-11-04 13:51:07 [WARN] : 出現無法辨識的SQL語句
2024-11-04 13:51:07 [INFO] : 讀取檔案：C:\Users\User\Desktop\Trans\Target\sp\PMART.FILLBLANK_NCIG.sql
2024-11-04 13:51:07 [WARN] : 出現無法辨識的SQL語句
2024-11-04 13:51:07 [INFO] : 讀取檔案：C:\Users\User\Desktop\Trans\Target\sp\PMART.MSGSOUR_DEP_FUNC.sql
2024-11-04 13:51:08 [WARN] : 出現無法辨識的SQL語句
2024-11-04 13:51:08 [INFO] : 讀取檔案：C:\Users\User\Desktop\Trans\Target\sp\PMART.NEWFILLBLANK.sql
2024-11-04 13:51:08 [WARN] : 出現無法辨識的SQL語句
2024-11-04 13:51:08 [INFO] : 讀取檔案：C:\Users\User\Desktop\Trans\Target\sp\PMART.NEWFILLBLANK_NCIG.sql
2024-11-04 13:51:08 [WARN] : 出現無法辨識的SQL語句
2024-11-04 13:51:08 [INFO] : 讀取檔案：C:\Users\User\Desktop\Trans\Target\sp\PMART.REMD_CIG_CUSTNUM.sql
2024-11-04 13:51:08 [WARN] : 出現無法辨識的SQL語句
2024-11-04 13:51:08 [INFO] : 讀取檔案：C:\Users\User\Desktop\Trans\Target\sp\PMART.REMD_EX_TRANSFER.sql
2024-11-04 13:51:08 [WARN] : 出現無法辨識的SQL語句
2024-11-04 13:51:08 [INFO] : 讀取檔案：C:\Users\User\Desktop\Trans\Target\sp\PMART.REMD_EX_TRANSFER_NCIG.sql
2024-11-04 13:51:08 [WARN] : 出現無法辨識的SQL語句
2024-11-04 13:51:08 [INFO] : 讀取檔案：C:\Users\User\Desktop\Trans\Target\sp\PMART.REMD_R6_COMPACT.sql
2024-11-04 13:51:08 [WARN] : 出現無法辨識的SQL語句
2024-11-04 13:51:08 [INFO] : 讀取檔案：C:\Users\User\Desktop\Trans\Target\sp\PMART.REMD_R6_COMPACT_NCIG.sql
2024-11-04 13:51:08 [WARN] : 出現無法辨識的SQL語句
2024-11-04 13:51:08 [INFO] : 讀取檔案：C:\Users\User\Desktop\Trans\Target\sp\PMART.REMD_S1_TOT_FUNC.sql
2024-11-04 13:51:08 [WARN] : 出現無法辨識的SQL語句
2024-11-04 13:52:50 [DEBUG] : 	分類：DDL
2024-11-04 13:52:50 [DEBUG] : 		細分：CTAS
2024-11-04 13:52:50 [DEBUG] : transduceSelectSQL
2024-11-04 13:52:51 [DEBUG] : 	changeSample
2024-11-04 13:52:51 [DEBUG] : 	easyReplaceSelect
2024-11-04 13:52:51 [DEBUG] : 	changeIndex
2024-11-04 13:52:51 [DEBUG] : 	changeRollUp
2024-11-04 13:52:51 [DEBUG] : 轉換完成
2024-11-04 13:52:51 [INFO] : 讀取檔案：C:\Users\User\Desktop\Trans\Target\sp\PMART.REMD_S2_TOT_FUNC.sql
2024-11-04 13:52:51 [WARN] : 出現無法辨識的SQL語句
2024-11-04 13:52:51 [DEBUG] : 	分類：DDL
2024-11-04 13:52:51 [DEBUG] : 		細分：CTAS
2024-11-04 13:52:51 [DEBUG] : transduceSelectSQL
2024-11-04 13:52:51 [DEBUG] : 	changeSample
2024-11-04 13:52:51 [DEBUG] : 	easyReplaceSelect
2024-11-04 13:52:51 [DEBUG] : 	changeIndex
2024-11-04 13:52:51 [DEBUG] : 	changeRollUp
2024-11-04 13:52:51 [DEBUG] : 轉換完成
2024-11-04 13:52:51 [INFO] : 讀取檔案：C:\Users\User\Desktop\Trans\Target\sp\PMART.REMD_S3_TOT_FUNC.sql
2024-11-04 13:52:51 [WARN] : 出現無法辨識的SQL語句
2024-11-04 13:52:51 [DEBUG] : 	分類：DDL
2024-11-04 13:52:51 [DEBUG] : 		細分：CTAS
2024-11-04 13:52:51 [DEBUG] : transduceSelectSQL
2024-11-04 13:52:51 [DEBUG] : 	changeSample
2024-11-04 13:52:51 [DEBUG] : 	easyReplaceSelect
2024-11-04 13:52:51 [DEBUG] : 	changeIndex
2024-11-04 13:52:51 [DEBUG] : 	changeRollUp
2024-11-04 13:52:51 [DEBUG] : 	changeSample
2024-11-04 13:52:51 [DEBUG] : 	easyReplaceSelect
2024-11-04 13:52:51 [DEBUG] : 	changeIndex
2024-11-04 13:52:51 [DEBUG] : 	changeRollUp
2024-11-04 13:52:51 [DEBUG] : 轉換完成
2024-11-04 13:52:51 [INFO] : 讀取檔案：C:\Users\User\Desktop\Trans\Target\sp\PMART.REMD_S4_TOT_FUNC.sql
2024-11-04 13:52:51 [WARN] : 出現無法辨識的SQL語句
2024-11-04 13:52:51 [DEBUG] : 	分類：DDL
2024-11-04 13:52:51 [DEBUG] : 		細分：CTAS
2024-11-04 13:52:51 [DEBUG] : transduceSelectSQL
2024-11-04 13:52:51 [DEBUG] : 	changeSample
2024-11-04 13:52:51 [DEBUG] : 	easyReplaceSelect
2024-11-04 13:52:51 [DEBUG] : 	changeIndex
2024-11-04 13:52:51 [DEBUG] : 	changeRollUp
2024-11-04 13:52:51 [DEBUG] : 	changeSample
2024-11-04 13:52:51 [DEBUG] : 	easyReplaceSelect
2024-11-04 13:52:51 [DEBUG] : 	changeIndex
2024-11-04 13:52:51 [DEBUG] : 	changeRollUp
2024-11-04 13:52:51 [DEBUG] : 	changeSample
2024-11-04 13:52:51 [DEBUG] : 	easyReplaceSelect
2024-11-04 13:52:51 [DEBUG] : 	changeIndex
2024-11-04 13:52:51 [DEBUG] : 	changeRollUp
2024-11-04 13:52:51 [DEBUG] : 	changeSample
2024-11-04 13:52:51 [DEBUG] : 	easyReplaceSelect
2024-11-04 13:52:51 [DEBUG] : 	changeIndex
2024-11-04 13:52:51 [DEBUG] : 	changeRollUp
2024-11-04 13:52:51 [DEBUG] : 轉換完成
2024-11-04 13:52:51 [INFO] : 讀取檔案：C:\Users\User\Desktop\Trans\Target\sp\PMART.REMD_SCAL_PDEPT_FUNC.sql
2024-11-04 13:52:51 [WARN] : 出現無法辨識的SQL語句
2024-11-04 13:52:51 [DEBUG] : 	分類：DDL
2024-11-04 13:52:51 [DEBUG] : 		細分：CTAS
2024-11-04 13:52:51 [DEBUG] : transduceSelectSQL
2024-11-04 13:52:51 [DEBUG] : 	changeSample
2024-11-04 13:52:51 [DEBUG] : 	easyReplaceSelect
2024-11-04 13:52:51 [DEBUG] : 	changeIndex
2024-11-04 13:52:51 [DEBUG] : 	changeRollUp
2024-11-04 13:52:51 [DEBUG] : 	changeSample
2024-11-04 13:52:51 [DEBUG] : 	easyReplaceSelect
2024-11-04 13:52:51 [DEBUG] : 	changeIndex
2024-11-04 13:52:51 [DEBUG] : 	changeRollUp
2024-11-04 13:52:51 [DEBUG] : 	changeSample
2024-11-04 13:52:51 [DEBUG] : 	easyReplaceSelect
2024-11-04 13:52:51 [DEBUG] : 	changeIndex
2024-11-04 13:52:51 [DEBUG] : 	changeRollUp
2024-11-04 13:52:51 [DEBUG] : 轉換完成
2024-11-04 13:52:51 [INFO] : 讀取檔案：C:\Users\User\Desktop\Trans\Target\sp\PMART.REMD_SCAL_TOT_FUNC.sql
2024-11-04 13:52:52 [WARN] : 出現無法辨識的SQL語句
2024-11-04 13:52:52 [DEBUG] : 	分類：DDL
2024-11-04 13:52:52 [DEBUG] : 		細分：CTAS
2024-11-04 13:52:52 [DEBUG] : transduceSelectSQL
2024-11-04 13:52:52 [DEBUG] : 	changeSample
2024-11-04 13:52:52 [DEBUG] : 	easyReplaceSelect
2024-11-04 13:52:52 [DEBUG] : 	changeIndex
2024-11-04 13:52:52 [DEBUG] : 	changeRollUp
2024-11-04 13:52:52 [DEBUG] : 	changeSample
2024-11-04 13:52:52 [DEBUG] : 	easyReplaceSelect
2024-11-04 13:52:52 [DEBUG] : 	changeIndex
2024-11-04 13:52:52 [DEBUG] : 	changeRollUp
2024-11-04 13:52:52 [DEBUG] : 	changeSample
2024-11-04 13:52:52 [DEBUG] : 	easyReplaceSelect
2024-11-04 13:52:52 [DEBUG] : 	changeIndex
2024-11-04 13:52:52 [DEBUG] : 	changeRollUp
2024-11-04 13:52:52 [DEBUG] : 	changeSample
2024-11-04 13:52:52 [DEBUG] : 	easyReplaceSelect
2024-11-04 13:52:52 [DEBUG] : 	changeIndex
2024-11-04 13:52:52 [DEBUG] : 	changeRollUp
2024-11-04 13:52:52 [DEBUG] : 	changeSample
2024-11-04 13:52:52 [DEBUG] : 	easyReplaceSelect
2024-11-04 13:52:52 [DEBUG] : 	changeIndex
2024-11-04 13:52:52 [DEBUG] : 	changeRollUp
2024-11-04 13:52:52 [DEBUG] : 	changeSample
2024-11-04 13:52:52 [DEBUG] : 	easyReplaceSelect
2024-11-04 13:52:52 [DEBUG] : 	changeIndex
2024-11-04 13:52:52 [DEBUG] : 	changeRollUp
2024-11-04 13:52:52 [DEBUG] : 轉換完成
2024-11-04 13:52:52 [INFO] : 讀取檔案：C:\Users\User\Desktop\Trans\Target\sp\PMART.REMD_SC_COMPACT.sql
2024-11-04 13:52:52 [WARN] : 出現無法辨識的SQL語句
2024-11-04 13:52:52 [INFO] : 讀取檔案：C:\Users\User\Desktop\Trans\Target\sp\PMART.REMD_SER_CUSTNUM.sql
2024-11-04 13:52:52 [WARN] : 出現無法辨識的SQL語句
2024-11-04 13:52:52 [INFO] : 讀取檔案：C:\Users\User\Desktop\Trans\Target\sp\PMART.REMD_ST_TOT_FUNC.sql
2024-11-04 13:52:52 [WARN] : 出現無法辨識的SQL語句
2024-11-04 13:52:52 [DEBUG] : 	分類：DDL
2024-11-04 13:52:52 [DEBUG] : 		細分：CTAS
2024-11-04 13:52:52 [DEBUG] : transduceSelectSQL
2024-11-04 13:52:52 [DEBUG] : 	changeSample
2024-11-04 13:52:52 [DEBUG] : 	easyReplaceSelect
2024-11-04 13:52:52 [DEBUG] : 	changeIndex
2024-11-04 13:52:52 [DEBUG] : 	changeRollUp
2024-11-04 13:52:52 [DEBUG] : 轉換完成
2024-11-04 13:52:52 [INFO] : 產生檔案：C:\Users\User\Desktop\Trans\Assessment_Result\20241104_135107\sp\PMART.COMPACTMONTH.sql
2024-11-04 13:52:52 [INFO] : 產生檔案：C:\Users\User\Desktop\Trans\Assessment_Result\20241104_135107\sp\PMART.COMPACTMONTH_NCIG.sql
2024-11-04 13:52:52 [INFO] : 產生檔案：C:\Users\User\Desktop\Trans\Assessment_Result\20241104_135107\sp\PMART.FILLBLANK.sql
2024-11-04 13:52:52 [INFO] : 產生檔案：C:\Users\User\Desktop\Trans\Assessment_Result\20241104_135107\sp\PMART.FILLBLANK_NCIG.sql
2024-11-04 13:52:52 [INFO] : 產生檔案：C:\Users\User\Desktop\Trans\Assessment_Result\20241104_135107\sp\PMART.MSGSOUR_DEP_FUNC.sql
2024-11-04 13:52:52 [INFO] : 產生檔案：C:\Users\User\Desktop\Trans\Assessment_Result\20241104_135107\sp\PMART.NEWFILLBLANK.sql
2024-11-04 13:52:52 [INFO] : 產生檔案：C:\Users\User\Desktop\Trans\Assessment_Result\20241104_135107\sp\PMART.NEWFILLBLANK_NCIG.sql
2024-11-04 13:52:52 [INFO] : 產生檔案：C:\Users\User\Desktop\Trans\Assessment_Result\20241104_135107\sp\PMART.REMD_CIG_CUSTNUM.sql
2024-11-04 13:52:52 [INFO] : 產生檔案：C:\Users\User\Desktop\Trans\Assessment_Result\20241104_135107\sp\PMART.REMD_EX_TRANSFER.sql
2024-11-04 13:52:52 [INFO] : 產生檔案：C:\Users\User\Desktop\Trans\Assessment_Result\20241104_135107\sp\PMART.REMD_EX_TRANSFER_NCIG.sql
2024-11-04 13:52:52 [INFO] : 產生檔案：C:\Users\User\Desktop\Trans\Assessment_Result\20241104_135107\sp\PMART.REMD_R6_COMPACT.sql
2024-11-04 13:52:52 [INFO] : 產生檔案：C:\Users\User\Desktop\Trans\Assessment_Result\20241104_135107\sp\PMART.REMD_R6_COMPACT_NCIG.sql
2024-11-04 13:52:52 [INFO] : 產生檔案：C:\Users\User\Desktop\Trans\Assessment_Result\20241104_135107\sp\PMART.REMD_S1_TOT_FUNC.sql
2024-11-04 13:52:52 [INFO] : 產生檔案：C:\Users\User\Desktop\Trans\Assessment_Result\20241104_135107\sp\PMART.REMD_S2_TOT_FUNC.sql
2024-11-04 13:52:52 [INFO] : 產生檔案：C:\Users\User\Desktop\Trans\Assessment_Result\20241104_135107\sp\PMART.REMD_S3_TOT_FUNC.sql
2024-11-04 13:52:52 [INFO] : 產生檔案：C:\Users\User\Desktop\Trans\Assessment_Result\20241104_135107\sp\PMART.REMD_S4_TOT_FUNC.sql
2024-11-04 13:52:52 [INFO] : 產生檔案：C:\Users\User\Desktop\Trans\Assessment_Result\20241104_135107\sp\PMART.REMD_SCAL_PDEPT_FUNC.sql
2024-11-04 13:52:52 [INFO] : 產生檔案：C:\Users\User\Desktop\Trans\Assessment_Result\20241104_135107\sp\PMART.REMD_SCAL_TOT_FUNC.sql
2024-11-04 13:52:52 [INFO] : 產生檔案：C:\Users\User\Desktop\Trans\Assessment_Result\20241104_135107\sp\PMART.REMD_SC_COMPACT.sql
2024-11-04 13:52:52 [INFO] : 產生檔案：C:\Users\User\Desktop\Trans\Assessment_Result\20241104_135107\sp\PMART.REMD_SER_CUSTNUM.sql
2024-11-04 13:52:52 [INFO] : 產生檔案：C:\Users\User\Desktop\Trans\Assessment_Result\20241104_135107\sp\PMART.REMD_ST_TOT_FUNC.sql
2024-11-04 13:52:52 [INFO] : 轉換完成
2024-11-04 13:56:18 [INFO] : 執行項目：SF_SP
2024-11-04 13:56:19 [INFO] : 讀取檔案：C:\Users\User\Desktop\Trans\Target\sp\PMART.COMPACTMONTH.sql
2024-11-04 13:56:20 [WARN] : 出現無法辨識的SQL語句
2024-11-04 13:56:20 [INFO] : 讀取檔案：C:\Users\User\Desktop\Trans\Target\sp\PMART.COMPACTMONTH_NCIG.sql
2024-11-04 13:56:20 [WARN] : 出現無法辨識的SQL語句
2024-11-04 13:56:20 [INFO] : 讀取檔案：C:\Users\User\Desktop\Trans\Target\sp\PMART.FILLBLANK.sql
2024-11-04 13:56:20 [WARN] : 出現無法辨識的SQL語句
2024-11-04 13:56:20 [INFO] : 讀取檔案：C:\Users\User\Desktop\Trans\Target\sp\PMART.FILLBLANK_NCIG.sql
2024-11-04 13:56:20 [WARN] : 出現無法辨識的SQL語句
2024-11-04 13:56:20 [INFO] : 讀取檔案：C:\Users\User\Desktop\Trans\Target\sp\PMART.MSGSOUR_DEP_FUNC.sql
2024-11-04 13:56:20 [WARN] : 出現無法辨識的SQL語句
2024-11-04 13:56:20 [INFO] : 讀取檔案：C:\Users\User\Desktop\Trans\Target\sp\PMART.NEWFILLBLANK.sql
2024-11-04 13:56:20 [WARN] : 出現無法辨識的SQL語句
2024-11-04 13:56:20 [INFO] : 讀取檔案：C:\Users\User\Desktop\Trans\Target\sp\PMART.NEWFILLBLANK_NCIG.sql
2024-11-04 13:56:20 [WARN] : 出現無法辨識的SQL語句
2024-11-04 13:56:20 [INFO] : 讀取檔案：C:\Users\User\Desktop\Trans\Target\sp\PMART.REMD_CIG_CUSTNUM.sql
2024-11-04 13:56:20 [WARN] : 出現無法辨識的SQL語句
2024-11-04 13:56:20 [INFO] : 讀取檔案：C:\Users\User\Desktop\Trans\Target\sp\PMART.REMD_EX_TRANSFER.sql
2024-11-04 13:56:20 [WARN] : 出現無法辨識的SQL語句
2024-11-04 13:56:20 [INFO] : 讀取檔案：C:\Users\User\Desktop\Trans\Target\sp\PMART.REMD_EX_TRANSFER_NCIG.sql
2024-11-04 13:56:20 [WARN] : 出現無法辨識的SQL語句
2024-11-04 13:56:20 [INFO] : 讀取檔案：C:\Users\User\Desktop\Trans\Target\sp\PMART.REMD_R6_COMPACT.sql
2024-11-04 13:56:20 [WARN] : 出現無法辨識的SQL語句
2024-11-04 13:56:20 [INFO] : 讀取檔案：C:\Users\User\Desktop\Trans\Target\sp\PMART.REMD_R6_COMPACT_NCIG.sql
2024-11-04 13:56:20 [WARN] : 出現無法辨識的SQL語句
2024-11-04 13:56:20 [INFO] : 讀取檔案：C:\Users\User\Desktop\Trans\Target\sp\PMART.REMD_S1_TOT_FUNC.sql
2024-11-04 13:56:20 [WARN] : 出現無法辨識的SQL語句
2024-11-04 13:56:20 [DEBUG] : 	分類：DDL
2024-11-04 13:56:20 [DEBUG] : 		細分：CTAS
2024-11-04 13:56:20 [DEBUG] : transduceSelectSQL
2024-11-04 13:56:20 [DEBUG] : 	changeSample
2024-11-04 13:56:20 [DEBUG] : 	easyReplaceSelect
2024-11-04 13:56:20 [DEBUG] : 	changeIndex
2024-11-04 13:56:20 [DEBUG] : 	changeRollUp
2024-11-04 13:56:20 [DEBUG] : 轉換完成
2024-11-04 13:56:20 [INFO] : 讀取檔案：C:\Users\User\Desktop\Trans\Target\sp\PMART.REMD_S2_TOT_FUNC.sql
2024-11-04 13:56:20 [WARN] : 出現無法辨識的SQL語句
2024-11-04 13:56:20 [DEBUG] : 	分類：DDL
2024-11-04 13:56:20 [DEBUG] : 		細分：CTAS
2024-11-04 13:56:20 [DEBUG] : transduceSelectSQL
2024-11-04 13:56:20 [DEBUG] : 	changeSample
2024-11-04 13:56:20 [DEBUG] : 	easyReplaceSelect
2024-11-04 13:56:20 [DEBUG] : 	changeIndex
2024-11-04 13:56:20 [DEBUG] : 	changeRollUp
2024-11-04 13:56:20 [DEBUG] : 轉換完成
2024-11-04 13:56:20 [INFO] : 讀取檔案：C:\Users\User\Desktop\Trans\Target\sp\PMART.REMD_S3_TOT_FUNC.sql
2024-11-04 13:56:20 [WARN] : 出現無法辨識的SQL語句
2024-11-04 13:56:20 [DEBUG] : 	分類：DDL
2024-11-04 13:56:20 [DEBUG] : 		細分：CTAS
2024-11-04 13:56:20 [DEBUG] : transduceSelectSQL
2024-11-04 13:56:20 [DEBUG] : 	changeSample
2024-11-04 13:56:20 [DEBUG] : 	easyReplaceSelect
2024-11-04 13:56:20 [DEBUG] : 	changeIndex
2024-11-04 13:56:20 [DEBUG] : 	changeRollUp
2024-11-04 13:56:20 [DEBUG] : 	changeSample
2024-11-04 13:56:20 [DEBUG] : 	easyReplaceSelect
2024-11-04 13:56:20 [DEBUG] : 	changeIndex
2024-11-04 13:56:20 [DEBUG] : 	changeRollUp
2024-11-04 13:56:20 [DEBUG] : 轉換完成
2024-11-04 13:56:20 [INFO] : 讀取檔案：C:\Users\User\Desktop\Trans\Target\sp\PMART.REMD_S4_TOT_FUNC.sql
2024-11-04 13:56:20 [WARN] : 出現無法辨識的SQL語句
2024-11-04 13:56:20 [DEBUG] : 	分類：DDL
2024-11-04 13:56:20 [DEBUG] : 		細分：CTAS
2024-11-04 13:56:20 [DEBUG] : transduceSelectSQL
2024-11-04 13:56:20 [DEBUG] : 	changeSample
2024-11-04 13:56:20 [DEBUG] : 	easyReplaceSelect
2024-11-04 13:56:20 [DEBUG] : 	changeIndex
2024-11-04 13:56:20 [DEBUG] : 	changeRollUp
2024-11-04 13:56:20 [DEBUG] : 	changeSample
2024-11-04 13:56:20 [DEBUG] : 	easyReplaceSelect
2024-11-04 13:56:20 [DEBUG] : 	changeIndex
2024-11-04 13:56:20 [DEBUG] : 	changeRollUp
2024-11-04 13:56:20 [DEBUG] : 	changeSample
2024-11-04 13:56:20 [DEBUG] : 	easyReplaceSelect
2024-11-04 13:56:20 [DEBUG] : 	changeIndex
2024-11-04 13:56:20 [DEBUG] : 	changeRollUp
2024-11-04 13:56:20 [DEBUG] : 	changeSample
2024-11-04 13:56:20 [DEBUG] : 	easyReplaceSelect
2024-11-04 13:56:20 [DEBUG] : 	changeIndex
2024-11-04 13:56:20 [DEBUG] : 	changeRollUp
2024-11-04 13:56:20 [DEBUG] : 轉換完成
2024-11-04 13:56:20 [INFO] : 讀取檔案：C:\Users\User\Desktop\Trans\Target\sp\PMART.REMD_SCAL_PDEPT_FUNC.sql
2024-11-04 13:56:21 [WARN] : 出現無法辨識的SQL語句
2024-11-04 13:56:21 [DEBUG] : 	分類：DDL
2024-11-04 13:56:21 [DEBUG] : 		細分：CTAS
2024-11-04 13:56:21 [DEBUG] : transduceSelectSQL
2024-11-04 13:56:21 [DEBUG] : 	changeSample
2024-11-04 13:56:21 [DEBUG] : 	easyReplaceSelect
2024-11-04 13:56:21 [DEBUG] : 	changeIndex
2024-11-04 13:56:21 [DEBUG] : 	changeRollUp
2024-11-04 13:56:21 [DEBUG] : 	changeSample
2024-11-04 13:56:21 [DEBUG] : 	easyReplaceSelect
2024-11-04 13:56:21 [DEBUG] : 	changeIndex
2024-11-04 13:56:21 [DEBUG] : 	changeRollUp
2024-11-04 13:56:21 [DEBUG] : 	changeSample
2024-11-04 13:56:21 [DEBUG] : 	easyReplaceSelect
2024-11-04 13:56:21 [DEBUG] : 	changeIndex
2024-11-04 13:56:21 [DEBUG] : 	changeRollUp
2024-11-04 13:56:21 [DEBUG] : 轉換完成
2024-11-04 13:56:21 [INFO] : 讀取檔案：C:\Users\User\Desktop\Trans\Target\sp\PMART.REMD_SCAL_TOT_FUNC.sql
2024-11-04 13:56:21 [WARN] : 出現無法辨識的SQL語句
2024-11-04 13:56:21 [DEBUG] : 	分類：DDL
2024-11-04 13:56:21 [DEBUG] : 		細分：CTAS
2024-11-04 13:56:21 [DEBUG] : transduceSelectSQL
2024-11-04 13:56:21 [DEBUG] : 	changeSample
2024-11-04 13:56:21 [DEBUG] : 	easyReplaceSelect
2024-11-04 13:56:21 [DEBUG] : 	changeIndex
2024-11-04 13:56:21 [DEBUG] : 	changeRollUp
2024-11-04 13:56:21 [DEBUG] : 	changeSample
2024-11-04 13:56:21 [DEBUG] : 	easyReplaceSelect
2024-11-04 13:56:21 [DEBUG] : 	changeIndex
2024-11-04 13:56:21 [DEBUG] : 	changeRollUp
2024-11-04 13:56:21 [DEBUG] : 	changeSample
2024-11-04 13:56:21 [DEBUG] : 	easyReplaceSelect
2024-11-04 13:56:21 [DEBUG] : 	changeIndex
2024-11-04 13:56:21 [DEBUG] : 	changeRollUp
2024-11-04 13:56:21 [DEBUG] : 	changeSample
2024-11-04 13:56:21 [DEBUG] : 	easyReplaceSelect
2024-11-04 13:56:21 [DEBUG] : 	changeIndex
2024-11-04 13:56:21 [DEBUG] : 	changeRollUp
2024-11-04 13:56:21 [DEBUG] : 	changeSample
2024-11-04 13:56:21 [DEBUG] : 	easyReplaceSelect
2024-11-04 13:56:21 [DEBUG] : 	changeIndex
2024-11-04 13:56:21 [DEBUG] : 	changeRollUp
2024-11-04 13:56:21 [DEBUG] : 	changeSample
2024-11-04 13:56:21 [DEBUG] : 	easyReplaceSelect
2024-11-04 13:56:21 [DEBUG] : 	changeIndex
2024-11-04 13:56:21 [DEBUG] : 	changeRollUp
2024-11-04 13:56:21 [DEBUG] : 轉換完成
2024-11-04 13:56:21 [INFO] : 讀取檔案：C:\Users\User\Desktop\Trans\Target\sp\PMART.REMD_SC_COMPACT.sql
2024-11-04 13:56:21 [WARN] : 出現無法辨識的SQL語句
2024-11-04 13:56:21 [INFO] : 讀取檔案：C:\Users\User\Desktop\Trans\Target\sp\PMART.REMD_SER_CUSTNUM.sql
2024-11-04 13:56:21 [WARN] : 出現無法辨識的SQL語句
2024-11-04 13:56:21 [INFO] : 讀取檔案：C:\Users\User\Desktop\Trans\Target\sp\PMART.REMD_ST_TOT_FUNC.sql
2024-11-04 13:56:21 [WARN] : 出現無法辨識的SQL語句
2024-11-04 13:56:21 [DEBUG] : 	分類：DDL
2024-11-04 13:56:21 [DEBUG] : 		細分：CTAS
2024-11-04 13:56:21 [DEBUG] : transduceSelectSQL
2024-11-04 13:56:21 [DEBUG] : 	changeSample
2024-11-04 13:56:21 [DEBUG] : 	easyReplaceSelect
2024-11-04 13:56:21 [DEBUG] : 	changeIndex
2024-11-04 13:56:21 [DEBUG] : 	changeRollUp
2024-11-04 13:56:21 [DEBUG] : 轉換完成
2024-11-04 13:56:21 [INFO] : 產生檔案：C:\Users\User\Desktop\Trans\Assessment_Result\20241104_135619\sp\PMART.COMPACTMONTH.sql
2024-11-04 13:56:21 [INFO] : 產生檔案：C:\Users\User\Desktop\Trans\Assessment_Result\20241104_135619\sp\PMART.COMPACTMONTH_NCIG.sql
2024-11-04 13:56:21 [INFO] : 產生檔案：C:\Users\User\Desktop\Trans\Assessment_Result\20241104_135619\sp\PMART.FILLBLANK.sql
2024-11-04 13:56:21 [INFO] : 產生檔案：C:\Users\User\Desktop\Trans\Assessment_Result\20241104_135619\sp\PMART.FILLBLANK_NCIG.sql
2024-11-04 13:56:21 [INFO] : 產生檔案：C:\Users\User\Desktop\Trans\Assessment_Result\20241104_135619\sp\PMART.MSGSOUR_DEP_FUNC.sql
2024-11-04 13:56:21 [INFO] : 產生檔案：C:\Users\User\Desktop\Trans\Assessment_Result\20241104_135619\sp\PMART.NEWFILLBLANK.sql
2024-11-04 13:56:21 [INFO] : 產生檔案：C:\Users\User\Desktop\Trans\Assessment_Result\20241104_135619\sp\PMART.NEWFILLBLANK_NCIG.sql
2024-11-04 13:56:21 [INFO] : 產生檔案：C:\Users\User\Desktop\Trans\Assessment_Result\20241104_135619\sp\PMART.REMD_CIG_CUSTNUM.sql
2024-11-04 13:56:21 [INFO] : 產生檔案：C:\Users\User\Desktop\Trans\Assessment_Result\20241104_135619\sp\PMART.REMD_EX_TRANSFER.sql
2024-11-04 13:56:21 [INFO] : 產生檔案：C:\Users\User\Desktop\Trans\Assessment_Result\20241104_135619\sp\PMART.REMD_EX_TRANSFER_NCIG.sql
2024-11-04 13:56:21 [INFO] : 產生檔案：C:\Users\User\Desktop\Trans\Assessment_Result\20241104_135619\sp\PMART.REMD_R6_COMPACT.sql
2024-11-04 13:56:21 [INFO] : 產生檔案：C:\Users\User\Desktop\Trans\Assessment_Result\20241104_135619\sp\PMART.REMD_R6_COMPACT_NCIG.sql
2024-11-04 13:56:21 [INFO] : 產生檔案：C:\Users\User\Desktop\Trans\Assessment_Result\20241104_135619\sp\PMART.REMD_S1_TOT_FUNC.sql
2024-11-04 13:56:21 [INFO] : 產生檔案：C:\Users\User\Desktop\Trans\Assessment_Result\20241104_135619\sp\PMART.REMD_S2_TOT_FUNC.sql
2024-11-04 13:56:21 [INFO] : 產生檔案：C:\Users\User\Desktop\Trans\Assessment_Result\20241104_135619\sp\PMART.REMD_S3_TOT_FUNC.sql
2024-11-04 13:56:21 [INFO] : 產生檔案：C:\Users\User\Desktop\Trans\Assessment_Result\20241104_135619\sp\PMART.REMD_S4_TOT_FUNC.sql
2024-11-04 13:56:21 [INFO] : 產生檔案：C:\Users\User\Desktop\Trans\Assessment_Result\20241104_135619\sp\PMART.REMD_SCAL_PDEPT_FUNC.sql
2024-11-04 13:56:21 [INFO] : 產生檔案：C:\Users\User\Desktop\Trans\Assessment_Result\20241104_135619\sp\PMART.REMD_SCAL_TOT_FUNC.sql
2024-11-04 13:56:21 [INFO] : 產生檔案：C:\Users\User\Desktop\Trans\Assessment_Result\20241104_135619\sp\PMART.REMD_SC_COMPACT.sql
2024-11-04 13:56:21 [INFO] : 產生檔案：C:\Users\User\Desktop\Trans\Assessment_Result\20241104_135619\sp\PMART.REMD_SER_CUSTNUM.sql
2024-11-04 13:56:21 [INFO] : 產生檔案：C:\Users\User\Desktop\Trans\Assessment_Result\20241104_135619\sp\PMART.REMD_ST_TOT_FUNC.sql
2024-11-04 13:56:21 [INFO] : 轉換完成
2024-11-04 13:58:50 [INFO] : 執行項目：SF_SP
2024-11-04 13:58:51 [INFO] : 讀取檔案：C:\Users\User\Desktop\Trans\Target\sp\PMART.COMPACTMONTH.sql
2024-11-04 13:58:51 [WARN] : 出現無法辨識的SQL語句
2024-11-04 13:58:51 [INFO] : 讀取檔案：C:\Users\User\Desktop\Trans\Target\sp\PMART.COMPACTMONTH_NCIG.sql
2024-11-04 13:58:52 [WARN] : 出現無法辨識的SQL語句
2024-11-04 13:58:52 [INFO] : 讀取檔案：C:\Users\User\Desktop\Trans\Target\sp\PMART.FILLBLANK.sql
2024-11-04 13:58:52 [WARN] : 出現無法辨識的SQL語句
2024-11-04 13:58:52 [INFO] : 讀取檔案：C:\Users\User\Desktop\Trans\Target\sp\PMART.FILLBLANK_NCIG.sql
2024-11-04 13:58:52 [WARN] : 出現無法辨識的SQL語句
2024-11-04 13:58:52 [INFO] : 讀取檔案：C:\Users\User\Desktop\Trans\Target\sp\PMART.MSGSOUR_DEP_FUNC.sql
2024-11-04 13:58:52 [WARN] : 出現無法辨識的SQL語句
2024-11-04 13:58:52 [INFO] : 讀取檔案：C:\Users\User\Desktop\Trans\Target\sp\PMART.NEWFILLBLANK.sql
2024-11-04 13:58:52 [WARN] : 出現無法辨識的SQL語句
2024-11-04 13:58:52 [INFO] : 讀取檔案：C:\Users\User\Desktop\Trans\Target\sp\PMART.NEWFILLBLANK_NCIG.sql
2024-11-04 13:58:52 [WARN] : 出現無法辨識的SQL語句
2024-11-04 13:58:52 [INFO] : 讀取檔案：C:\Users\User\Desktop\Trans\Target\sp\PMART.REMD_CIG_CUSTNUM.sql
2024-11-04 13:58:52 [WARN] : 出現無法辨識的SQL語句
2024-11-04 13:58:52 [INFO] : 讀取檔案：C:\Users\User\Desktop\Trans\Target\sp\PMART.REMD_EX_TRANSFER.sql
2024-11-04 13:58:52 [WARN] : 出現無法辨識的SQL語句
2024-11-04 13:58:52 [INFO] : 讀取檔案：C:\Users\User\Desktop\Trans\Target\sp\PMART.REMD_EX_TRANSFER_NCIG.sql
2024-11-04 13:58:52 [WARN] : 出現無法辨識的SQL語句
2024-11-04 13:58:52 [INFO] : 讀取檔案：C:\Users\User\Desktop\Trans\Target\sp\PMART.REMD_R6_COMPACT.sql
2024-11-04 13:58:52 [WARN] : 出現無法辨識的SQL語句
2024-11-04 13:58:52 [INFO] : 讀取檔案：C:\Users\User\Desktop\Trans\Target\sp\PMART.REMD_R6_COMPACT_NCIG.sql
2024-11-04 13:58:52 [WARN] : 出現無法辨識的SQL語句
2024-11-04 13:58:52 [INFO] : 讀取檔案：C:\Users\User\Desktop\Trans\Target\sp\PMART.REMD_S1_TOT_FUNC.sql
2024-11-04 13:58:52 [WARN] : 出現無法辨識的SQL語句
2024-11-04 13:58:52 [DEBUG] : 	分類：DDL
2024-11-04 13:58:52 [DEBUG] : 		細分：CTAS
2024-11-04 13:58:52 [DEBUG] : transduceSelectSQL
2024-11-04 13:58:52 [DEBUG] : 	changeSample
2024-11-04 13:58:52 [DEBUG] : 	easyReplaceSelect
2024-11-04 13:58:52 [DEBUG] : 	changeIndex
2024-11-04 13:58:52 [DEBUG] : 	changeRollUp
2024-11-04 13:58:52 [DEBUG] : 轉換完成
2024-11-04 13:58:52 [INFO] : 讀取檔案：C:\Users\User\Desktop\Trans\Target\sp\PMART.REMD_S2_TOT_FUNC.sql
2024-11-04 13:58:52 [WARN] : 出現無法辨識的SQL語句
2024-11-04 13:58:52 [DEBUG] : 	分類：DDL
2024-11-04 13:58:52 [DEBUG] : 		細分：CTAS
2024-11-04 13:58:52 [DEBUG] : transduceSelectSQL
2024-11-04 13:58:52 [DEBUG] : 	changeSample
2024-11-04 13:58:52 [DEBUG] : 	easyReplaceSelect
2024-11-04 13:58:52 [DEBUG] : 	changeIndex
2024-11-04 13:58:52 [DEBUG] : 	changeRollUp
2024-11-04 13:58:52 [DEBUG] : 轉換完成
2024-11-04 13:58:52 [INFO] : 讀取檔案：C:\Users\User\Desktop\Trans\Target\sp\PMART.REMD_S3_TOT_FUNC.sql
2024-11-04 13:58:52 [WARN] : 出現無法辨識的SQL語句
2024-11-04 13:58:52 [DEBUG] : 	分類：DDL
2024-11-04 13:58:52 [DEBUG] : 		細分：CTAS
2024-11-04 13:58:52 [DEBUG] : transduceSelectSQL
2024-11-04 13:58:52 [DEBUG] : 	changeSample
2024-11-04 13:58:52 [DEBUG] : 	easyReplaceSelect
2024-11-04 13:58:52 [DEBUG] : 	changeIndex
2024-11-04 13:58:52 [DEBUG] : 	changeRollUp
2024-11-04 13:58:52 [DEBUG] : 	changeSample
2024-11-04 13:58:52 [DEBUG] : 	easyReplaceSelect
2024-11-04 13:58:52 [DEBUG] : 	changeIndex
2024-11-04 13:58:52 [DEBUG] : 	changeRollUp
2024-11-04 13:58:52 [DEBUG] : 轉換完成
2024-11-04 13:58:52 [INFO] : 讀取檔案：C:\Users\User\Desktop\Trans\Target\sp\PMART.REMD_S4_TOT_FUNC.sql
2024-11-04 13:58:52 [WARN] : 出現無法辨識的SQL語句
2024-11-04 13:58:52 [DEBUG] : 	分類：DDL
2024-11-04 13:58:52 [DEBUG] : 		細分：CTAS
2024-11-04 13:58:52 [DEBUG] : transduceSelectSQL
2024-11-04 13:58:52 [DEBUG] : 	changeSample
2024-11-04 13:58:52 [DEBUG] : 	easyReplaceSelect
2024-11-04 13:58:52 [DEBUG] : 	changeIndex
2024-11-04 13:58:52 [DEBUG] : 	changeRollUp
2024-11-04 13:58:52 [DEBUG] : 	changeSample
2024-11-04 13:58:52 [DEBUG] : 	easyReplaceSelect
2024-11-04 13:58:52 [DEBUG] : 	changeIndex
2024-11-04 13:58:52 [DEBUG] : 	changeRollUp
2024-11-04 13:58:52 [DEBUG] : 	changeSample
2024-11-04 13:58:52 [DEBUG] : 	easyReplaceSelect
2024-11-04 13:58:52 [DEBUG] : 	changeIndex
2024-11-04 13:58:52 [DEBUG] : 	changeRollUp
2024-11-04 13:58:52 [DEBUG] : 	changeSample
2024-11-04 13:58:52 [DEBUG] : 	easyReplaceSelect
2024-11-04 13:58:52 [DEBUG] : 	changeIndex
2024-11-04 13:58:52 [DEBUG] : 	changeRollUp
2024-11-04 13:58:52 [DEBUG] : 轉換完成
2024-11-04 13:58:52 [INFO] : 讀取檔案：C:\Users\User\Desktop\Trans\Target\sp\PMART.REMD_SCAL_PDEPT_FUNC.sql
2024-11-04 13:58:52 [WARN] : 出現無法辨識的SQL語句
2024-11-04 13:58:52 [DEBUG] : 	分類：DDL
2024-11-04 13:58:52 [DEBUG] : 		細分：CTAS
2024-11-04 13:58:52 [DEBUG] : transduceSelectSQL
2024-11-04 13:58:52 [DEBUG] : 	changeSample
2024-11-04 13:58:52 [DEBUG] : 	easyReplaceSelect
2024-11-04 13:58:52 [DEBUG] : 	changeIndex
2024-11-04 13:58:52 [DEBUG] : 	changeRollUp
2024-11-04 13:58:52 [DEBUG] : 	changeSample
2024-11-04 13:58:52 [DEBUG] : 	easyReplaceSelect
2024-11-04 13:58:52 [DEBUG] : 	changeIndex
2024-11-04 13:58:52 [DEBUG] : 	changeRollUp
2024-11-04 13:58:52 [DEBUG] : 	changeSample
2024-11-04 13:58:52 [DEBUG] : 	easyReplaceSelect
2024-11-04 13:58:52 [DEBUG] : 	changeIndex
2024-11-04 13:58:52 [DEBUG] : 	changeRollUp
2024-11-04 13:58:52 [DEBUG] : 轉換完成
2024-11-04 13:58:53 [INFO] : 讀取檔案：C:\Users\User\Desktop\Trans\Target\sp\PMART.REMD_SCAL_TOT_FUNC.sql
2024-11-04 13:58:53 [WARN] : 出現無法辨識的SQL語句
2024-11-04 13:58:53 [DEBUG] : 	分類：DDL
2024-11-04 13:58:53 [DEBUG] : 		細分：CTAS
2024-11-04 13:58:53 [DEBUG] : transduceSelectSQL
2024-11-04 13:58:53 [DEBUG] : 	changeSample
2024-11-04 13:58:53 [DEBUG] : 	easyReplaceSelect
2024-11-04 13:58:53 [DEBUG] : 	changeIndex
2024-11-04 13:58:53 [DEBUG] : 	changeRollUp
2024-11-04 13:58:53 [DEBUG] : 	changeSample
2024-11-04 13:58:53 [DEBUG] : 	easyReplaceSelect
2024-11-04 13:58:53 [DEBUG] : 	changeIndex
2024-11-04 13:58:53 [DEBUG] : 	changeRollUp
2024-11-04 13:58:53 [DEBUG] : 	changeSample
2024-11-04 13:58:53 [DEBUG] : 	easyReplaceSelect
2024-11-04 13:58:53 [DEBUG] : 	changeIndex
2024-11-04 13:58:53 [DEBUG] : 	changeRollUp
2024-11-04 13:58:53 [DEBUG] : 	changeSample
2024-11-04 13:58:53 [DEBUG] : 	easyReplaceSelect
2024-11-04 13:58:53 [DEBUG] : 	changeIndex
2024-11-04 13:58:53 [DEBUG] : 	changeRollUp
2024-11-04 13:58:53 [DEBUG] : 	changeSample
2024-11-04 13:58:53 [DEBUG] : 	easyReplaceSelect
2024-11-04 13:58:53 [DEBUG] : 	changeIndex
2024-11-04 13:58:53 [DEBUG] : 	changeRollUp
2024-11-04 13:58:53 [DEBUG] : 	changeSample
2024-11-04 13:58:53 [DEBUG] : 	easyReplaceSelect
2024-11-04 13:58:53 [DEBUG] : 	changeIndex
2024-11-04 13:58:53 [DEBUG] : 	changeRollUp
2024-11-04 13:58:53 [DEBUG] : 轉換完成
2024-11-04 13:58:53 [INFO] : 讀取檔案：C:\Users\User\Desktop\Trans\Target\sp\PMART.REMD_SC_COMPACT.sql
2024-11-04 13:58:53 [WARN] : 出現無法辨識的SQL語句
2024-11-04 13:58:53 [INFO] : 讀取檔案：C:\Users\User\Desktop\Trans\Target\sp\PMART.REMD_SER_CUSTNUM.sql
2024-11-04 13:58:53 [WARN] : 出現無法辨識的SQL語句
2024-11-04 13:58:53 [INFO] : 讀取檔案：C:\Users\User\Desktop\Trans\Target\sp\PMART.REMD_ST_TOT_FUNC.sql
2024-11-04 13:58:53 [WARN] : 出現無法辨識的SQL語句
2024-11-04 13:58:53 [DEBUG] : 	分類：DDL
2024-11-04 13:58:53 [DEBUG] : 		細分：CTAS
2024-11-04 13:58:53 [DEBUG] : transduceSelectSQL
2024-11-04 13:58:53 [DEBUG] : 	changeSample
2024-11-04 13:58:53 [DEBUG] : 	easyReplaceSelect
2024-11-04 13:58:53 [DEBUG] : 	changeIndex
2024-11-04 13:58:53 [DEBUG] : 	changeRollUp
2024-11-04 13:58:53 [DEBUG] : 轉換完成
2024-11-04 13:58:53 [INFO] : 產生檔案：C:\Users\User\Desktop\Trans\Assessment_Result\20241104_135851\sp\PMART.COMPACTMONTH.sql
2024-11-04 13:58:53 [INFO] : 產生檔案：C:\Users\User\Desktop\Trans\Assessment_Result\20241104_135851\sp\PMART.COMPACTMONTH_NCIG.sql
2024-11-04 13:58:53 [INFO] : 產生檔案：C:\Users\User\Desktop\Trans\Assessment_Result\20241104_135851\sp\PMART.FILLBLANK.sql
2024-11-04 13:58:53 [INFO] : 產生檔案：C:\Users\User\Desktop\Trans\Assessment_Result\20241104_135851\sp\PMART.FILLBLANK_NCIG.sql
2024-11-04 13:58:53 [INFO] : 產生檔案：C:\Users\User\Desktop\Trans\Assessment_Result\20241104_135851\sp\PMART.MSGSOUR_DEP_FUNC.sql
2024-11-04 13:58:53 [INFO] : 產生檔案：C:\Users\User\Desktop\Trans\Assessment_Result\20241104_135851\sp\PMART.NEWFILLBLANK.sql
2024-11-04 13:58:53 [INFO] : 產生檔案：C:\Users\User\Desktop\Trans\Assessment_Result\20241104_135851\sp\PMART.NEWFILLBLANK_NCIG.sql
2024-11-04 13:58:53 [INFO] : 產生檔案：C:\Users\User\Desktop\Trans\Assessment_Result\20241104_135851\sp\PMART.REMD_CIG_CUSTNUM.sql
2024-11-04 13:58:53 [INFO] : 產生檔案：C:\Users\User\Desktop\Trans\Assessment_Result\20241104_135851\sp\PMART.REMD_EX_TRANSFER.sql
2024-11-04 13:58:53 [INFO] : 產生檔案：C:\Users\User\Desktop\Trans\Assessment_Result\20241104_135851\sp\PMART.REMD_EX_TRANSFER_NCIG.sql
2024-11-04 13:58:53 [INFO] : 產生檔案：C:\Users\User\Desktop\Trans\Assessment_Result\20241104_135851\sp\PMART.REMD_R6_COMPACT.sql
2024-11-04 13:58:53 [INFO] : 產生檔案：C:\Users\User\Desktop\Trans\Assessment_Result\20241104_135851\sp\PMART.REMD_R6_COMPACT_NCIG.sql
2024-11-04 13:58:53 [INFO] : 產生檔案：C:\Users\User\Desktop\Trans\Assessment_Result\20241104_135851\sp\PMART.REMD_S1_TOT_FUNC.sql
2024-11-04 13:58:53 [INFO] : 產生檔案：C:\Users\User\Desktop\Trans\Assessment_Result\20241104_135851\sp\PMART.REMD_S2_TOT_FUNC.sql
2024-11-04 13:58:53 [INFO] : 產生檔案：C:\Users\User\Desktop\Trans\Assessment_Result\20241104_135851\sp\PMART.REMD_S3_TOT_FUNC.sql
2024-11-04 13:58:53 [INFO] : 產生檔案：C:\Users\User\Desktop\Trans\Assessment_Result\20241104_135851\sp\PMART.REMD_S4_TOT_FUNC.sql
2024-11-04 13:58:53 [INFO] : 產生檔案：C:\Users\User\Desktop\Trans\Assessment_Result\20241104_135851\sp\PMART.REMD_SCAL_PDEPT_FUNC.sql
2024-11-04 13:58:53 [INFO] : 產生檔案：C:\Users\User\Desktop\Trans\Assessment_Result\20241104_135851\sp\PMART.REMD_SCAL_TOT_FUNC.sql
2024-11-04 13:58:53 [INFO] : 產生檔案：C:\Users\User\Desktop\Trans\Assessment_Result\20241104_135851\sp\PMART.REMD_SC_COMPACT.sql
2024-11-04 13:58:53 [INFO] : 產生檔案：C:\Users\User\Desktop\Trans\Assessment_Result\20241104_135851\sp\PMART.REMD_SER_CUSTNUM.sql
2024-11-04 13:58:53 [INFO] : 產生檔案：C:\Users\User\Desktop\Trans\Assessment_Result\20241104_135851\sp\PMART.REMD_ST_TOT_FUNC.sql
2024-11-04 13:58:53 [INFO] : 轉換完成
2024-11-04 14:00:40 [INFO] : 執行項目：SF_SP
2024-11-04 14:00:42 [INFO] : 讀取檔案：C:\Users\User\Desktop\Trans\Target\sp\PMART.COMPACTMONTH.sql
2024-11-04 14:00:42 [WARN] : 出現無法辨識的SQL語句
2024-11-04 14:00:42 [INFO] : 讀取檔案：C:\Users\User\Desktop\Trans\Target\sp\PMART.COMPACTMONTH_NCIG.sql
2024-11-04 14:00:42 [WARN] : 出現無法辨識的SQL語句
2024-11-04 14:00:42 [INFO] : 讀取檔案：C:\Users\User\Desktop\Trans\Target\sp\PMART.FILLBLANK.sql
2024-11-04 14:00:42 [WARN] : 出現無法辨識的SQL語句
2024-11-04 14:00:42 [INFO] : 讀取檔案：C:\Users\User\Desktop\Trans\Target\sp\PMART.FILLBLANK_NCIG.sql
2024-11-04 14:00:42 [WARN] : 出現無法辨識的SQL語句
2024-11-04 14:00:42 [INFO] : 讀取檔案：C:\Users\User\Desktop\Trans\Target\sp\PMART.MSGSOUR_DEP_FUNC.sql
2024-11-04 14:00:42 [WARN] : 出現無法辨識的SQL語句
2024-11-04 14:00:42 [INFO] : 讀取檔案：C:\Users\User\Desktop\Trans\Target\sp\PMART.NEWFILLBLANK.sql
2024-11-04 14:00:42 [WARN] : 出現無法辨識的SQL語句
2024-11-04 14:00:42 [INFO] : 讀取檔案：C:\Users\User\Desktop\Trans\Target\sp\PMART.NEWFILLBLANK_NCIG.sql
2024-11-04 14:00:42 [WARN] : 出現無法辨識的SQL語句
2024-11-04 14:00:42 [INFO] : 讀取檔案：C:\Users\User\Desktop\Trans\Target\sp\PMART.REMD_CIG_CUSTNUM.sql
2024-11-04 14:00:42 [WARN] : 出現無法辨識的SQL語句
2024-11-04 14:00:42 [INFO] : 讀取檔案：C:\Users\User\Desktop\Trans\Target\sp\PMART.REMD_EX_TRANSFER.sql
2024-11-04 14:00:42 [WARN] : 出現無法辨識的SQL語句
2024-11-04 14:00:42 [INFO] : 讀取檔案：C:\Users\User\Desktop\Trans\Target\sp\PMART.REMD_EX_TRANSFER_NCIG.sql
2024-11-04 14:00:42 [WARN] : 出現無法辨識的SQL語句
2024-11-04 14:00:42 [INFO] : 讀取檔案：C:\Users\User\Desktop\Trans\Target\sp\PMART.REMD_R6_COMPACT.sql
2024-11-04 14:00:42 [WARN] : 出現無法辨識的SQL語句
2024-11-04 14:00:42 [INFO] : 讀取檔案：C:\Users\User\Desktop\Trans\Target\sp\PMART.REMD_R6_COMPACT_NCIG.sql
2024-11-04 14:00:42 [WARN] : 出現無法辨識的SQL語句
2024-11-04 14:00:42 [INFO] : 讀取檔案：C:\Users\User\Desktop\Trans\Target\sp\PMART.REMD_S1_TOT_FUNC.sql
2024-11-04 14:00:42 [WARN] : 出現無法辨識的SQL語句
2024-11-04 14:00:42 [DEBUG] : 	分類：DDL
2024-11-04 14:00:42 [DEBUG] : 		細分：CTAS
2024-11-04 14:00:42 [DEBUG] : transduceSelectSQL
2024-11-04 14:00:42 [DEBUG] : 	changeSample
2024-11-04 14:00:42 [DEBUG] : 	easyReplaceSelect
2024-11-04 14:00:42 [DEBUG] : 	changeIndex
2024-11-04 14:00:42 [DEBUG] : 	changeRollUp
2024-11-04 14:00:42 [DEBUG] : 轉換完成
2024-11-04 14:00:42 [INFO] : 讀取檔案：C:\Users\User\Desktop\Trans\Target\sp\PMART.REMD_S2_TOT_FUNC.sql
2024-11-04 14:00:42 [WARN] : 出現無法辨識的SQL語句
2024-11-04 14:00:42 [DEBUG] : 	分類：DDL
2024-11-04 14:00:42 [DEBUG] : 		細分：CTAS
2024-11-04 14:00:42 [DEBUG] : transduceSelectSQL
2024-11-04 14:00:42 [DEBUG] : 	changeSample
2024-11-04 14:00:42 [DEBUG] : 	easyReplaceSelect
2024-11-04 14:00:42 [DEBUG] : 	changeIndex
2024-11-04 14:00:42 [DEBUG] : 	changeRollUp
2024-11-04 14:00:42 [DEBUG] : 轉換完成
2024-11-04 14:00:42 [INFO] : 讀取檔案：C:\Users\User\Desktop\Trans\Target\sp\PMART.REMD_S3_TOT_FUNC.sql
2024-11-04 14:00:42 [WARN] : 出現無法辨識的SQL語句
2024-11-04 14:00:42 [DEBUG] : 	分類：DDL
2024-11-04 14:00:42 [DEBUG] : 		細分：CTAS
2024-11-04 14:00:42 [DEBUG] : transduceSelectSQL
2024-11-04 14:00:42 [DEBUG] : 	changeSample
2024-11-04 14:00:42 [DEBUG] : 	easyReplaceSelect
2024-11-04 14:00:42 [DEBUG] : 	changeIndex
2024-11-04 14:00:42 [DEBUG] : 	changeRollUp
2024-11-04 14:00:42 [DEBUG] : 	changeSample
2024-11-04 14:00:42 [DEBUG] : 	easyReplaceSelect
2024-11-04 14:00:42 [DEBUG] : 	changeIndex
2024-11-04 14:00:42 [DEBUG] : 	changeRollUp
2024-11-04 14:00:42 [DEBUG] : 轉換完成
2024-11-04 14:00:42 [INFO] : 讀取檔案：C:\Users\User\Desktop\Trans\Target\sp\PMART.REMD_S4_TOT_FUNC.sql
2024-11-04 14:00:42 [WARN] : 出現無法辨識的SQL語句
2024-11-04 14:00:42 [DEBUG] : 	分類：DDL
2024-11-04 14:00:42 [DEBUG] : 		細分：CTAS
2024-11-04 14:00:42 [DEBUG] : transduceSelectSQL
2024-11-04 14:00:42 [DEBUG] : 	changeSample
2024-11-04 14:00:42 [DEBUG] : 	easyReplaceSelect
2024-11-04 14:00:42 [DEBUG] : 	changeIndex
2024-11-04 14:00:42 [DEBUG] : 	changeRollUp
2024-11-04 14:00:42 [DEBUG] : 	changeSample
2024-11-04 14:00:42 [DEBUG] : 	easyReplaceSelect
2024-11-04 14:00:42 [DEBUG] : 	changeIndex
2024-11-04 14:00:42 [DEBUG] : 	changeRollUp
2024-11-04 14:00:42 [DEBUG] : 	changeSample
2024-11-04 14:00:42 [DEBUG] : 	easyReplaceSelect
2024-11-04 14:00:42 [DEBUG] : 	changeIndex
2024-11-04 14:00:42 [DEBUG] : 	changeRollUp
2024-11-04 14:00:42 [DEBUG] : 	changeSample
2024-11-04 14:00:42 [DEBUG] : 	easyReplaceSelect
2024-11-04 14:00:42 [DEBUG] : 	changeIndex
2024-11-04 14:00:42 [DEBUG] : 	changeRollUp
2024-11-04 14:00:42 [DEBUG] : 轉換完成
2024-11-04 14:00:42 [INFO] : 讀取檔案：C:\Users\User\Desktop\Trans\Target\sp\PMART.REMD_SCAL_PDEPT_FUNC.sql
2024-11-04 14:00:43 [WARN] : 出現無法辨識的SQL語句
2024-11-04 14:00:43 [DEBUG] : 	分類：DDL
2024-11-04 14:00:43 [DEBUG] : 		細分：CTAS
2024-11-04 14:00:43 [DEBUG] : transduceSelectSQL
2024-11-04 14:00:43 [DEBUG] : 	changeSample
2024-11-04 14:00:43 [DEBUG] : 	easyReplaceSelect
2024-11-04 14:00:43 [DEBUG] : 	changeIndex
2024-11-04 14:00:43 [DEBUG] : 	changeRollUp
2024-11-04 14:00:43 [DEBUG] : 	changeSample
2024-11-04 14:00:43 [DEBUG] : 	easyReplaceSelect
2024-11-04 14:00:43 [DEBUG] : 	changeIndex
2024-11-04 14:00:43 [DEBUG] : 	changeRollUp
2024-11-04 14:00:43 [DEBUG] : 	changeSample
2024-11-04 14:00:43 [DEBUG] : 	easyReplaceSelect
2024-11-04 14:00:43 [DEBUG] : 	changeIndex
2024-11-04 14:00:43 [DEBUG] : 	changeRollUp
2024-11-04 14:00:43 [DEBUG] : 轉換完成
2024-11-04 14:00:43 [INFO] : 讀取檔案：C:\Users\User\Desktop\Trans\Target\sp\PMART.REMD_SCAL_TOT_FUNC.sql
2024-11-04 14:00:43 [WARN] : 出現無法辨識的SQL語句
2024-11-04 14:00:43 [DEBUG] : 	分類：DDL
2024-11-04 14:00:43 [DEBUG] : 		細分：CTAS
2024-11-04 14:00:43 [DEBUG] : transduceSelectSQL
2024-11-04 14:00:43 [DEBUG] : 	changeSample
2024-11-04 14:00:43 [DEBUG] : 	easyReplaceSelect
2024-11-04 14:00:43 [DEBUG] : 	changeIndex
2024-11-04 14:00:43 [DEBUG] : 	changeRollUp
2024-11-04 14:00:43 [DEBUG] : 	changeSample
2024-11-04 14:00:43 [DEBUG] : 	easyReplaceSelect
2024-11-04 14:00:43 [DEBUG] : 	changeIndex
2024-11-04 14:00:43 [DEBUG] : 	changeRollUp
2024-11-04 14:00:43 [DEBUG] : 	changeSample
2024-11-04 14:00:43 [DEBUG] : 	easyReplaceSelect
2024-11-04 14:00:43 [DEBUG] : 	changeIndex
2024-11-04 14:00:43 [DEBUG] : 	changeRollUp
2024-11-04 14:00:43 [DEBUG] : 	changeSample
2024-11-04 14:00:43 [DEBUG] : 	easyReplaceSelect
2024-11-04 14:00:43 [DEBUG] : 	changeIndex
2024-11-04 14:00:43 [DEBUG] : 	changeRollUp
2024-11-04 14:00:43 [DEBUG] : 	changeSample
2024-11-04 14:00:43 [DEBUG] : 	easyReplaceSelect
2024-11-04 14:00:43 [DEBUG] : 	changeIndex
2024-11-04 14:00:43 [DEBUG] : 	changeRollUp
2024-11-04 14:00:43 [DEBUG] : 	changeSample
2024-11-04 14:00:43 [DEBUG] : 	easyReplaceSelect
2024-11-04 14:00:43 [DEBUG] : 	changeIndex
2024-11-04 14:00:43 [DEBUG] : 	changeRollUp
2024-11-04 14:00:43 [DEBUG] : 轉換完成
2024-11-04 14:00:43 [INFO] : 讀取檔案：C:\Users\User\Desktop\Trans\Target\sp\PMART.REMD_SC_COMPACT.sql
2024-11-04 14:00:43 [WARN] : 出現無法辨識的SQL語句
2024-11-04 14:00:43 [INFO] : 讀取檔案：C:\Users\User\Desktop\Trans\Target\sp\PMART.REMD_SER_CUSTNUM.sql
2024-11-04 14:00:43 [WARN] : 出現無法辨識的SQL語句
2024-11-04 14:00:43 [INFO] : 讀取檔案：C:\Users\User\Desktop\Trans\Target\sp\PMART.REMD_ST_TOT_FUNC.sql
2024-11-04 14:00:43 [WARN] : 出現無法辨識的SQL語句
2024-11-04 14:00:43 [DEBUG] : 	分類：DDL
2024-11-04 14:00:43 [DEBUG] : 		細分：CTAS
2024-11-04 14:00:43 [DEBUG] : transduceSelectSQL
2024-11-04 14:00:43 [DEBUG] : 	changeSample
2024-11-04 14:00:43 [DEBUG] : 	easyReplaceSelect
2024-11-04 14:00:43 [DEBUG] : 	changeIndex
2024-11-04 14:00:43 [DEBUG] : 	changeRollUp
2024-11-04 14:00:43 [DEBUG] : 轉換完成
2024-11-04 14:00:43 [INFO] : 產生檔案：C:\Users\User\Desktop\Trans\Assessment_Result\20241104_140042\sp\PMART.COMPACTMONTH.sql
2024-11-04 14:00:43 [INFO] : 產生檔案：C:\Users\User\Desktop\Trans\Assessment_Result\20241104_140042\sp\PMART.COMPACTMONTH_NCIG.sql
2024-11-04 14:00:43 [INFO] : 產生檔案：C:\Users\User\Desktop\Trans\Assessment_Result\20241104_140042\sp\PMART.FILLBLANK.sql
2024-11-04 14:00:43 [INFO] : 產生檔案：C:\Users\User\Desktop\Trans\Assessment_Result\20241104_140042\sp\PMART.FILLBLANK_NCIG.sql
2024-11-04 14:00:43 [INFO] : 產生檔案：C:\Users\User\Desktop\Trans\Assessment_Result\20241104_140042\sp\PMART.MSGSOUR_DEP_FUNC.sql
2024-11-04 14:00:43 [INFO] : 產生檔案：C:\Users\User\Desktop\Trans\Assessment_Result\20241104_140042\sp\PMART.NEWFILLBLANK.sql
2024-11-04 14:00:44 [INFO] : 產生檔案：C:\Users\User\Desktop\Trans\Assessment_Result\20241104_140042\sp\PMART.NEWFILLBLANK_NCIG.sql
2024-11-04 14:00:44 [INFO] : 產生檔案：C:\Users\User\Desktop\Trans\Assessment_Result\20241104_140042\sp\PMART.REMD_CIG_CUSTNUM.sql
2024-11-04 14:00:44 [INFO] : 產生檔案：C:\Users\User\Desktop\Trans\Assessment_Result\20241104_140042\sp\PMART.REMD_EX_TRANSFER.sql
2024-11-04 14:00:44 [INFO] : 產生檔案：C:\Users\User\Desktop\Trans\Assessment_Result\20241104_140042\sp\PMART.REMD_EX_TRANSFER_NCIG.sql
2024-11-04 14:00:44 [INFO] : 產生檔案：C:\Users\User\Desktop\Trans\Assessment_Result\20241104_140042\sp\PMART.REMD_R6_COMPACT.sql
2024-11-04 14:00:44 [INFO] : 產生檔案：C:\Users\User\Desktop\Trans\Assessment_Result\20241104_140042\sp\PMART.REMD_R6_COMPACT_NCIG.sql
2024-11-04 14:00:44 [INFO] : 產生檔案：C:\Users\User\Desktop\Trans\Assessment_Result\20241104_140042\sp\PMART.REMD_S1_TOT_FUNC.sql
2024-11-04 14:00:44 [INFO] : 產生檔案：C:\Users\User\Desktop\Trans\Assessment_Result\20241104_140042\sp\PMART.REMD_S2_TOT_FUNC.sql
2024-11-04 14:00:44 [INFO] : 產生檔案：C:\Users\User\Desktop\Trans\Assessment_Result\20241104_140042\sp\PMART.REMD_S3_TOT_FUNC.sql
2024-11-04 14:00:44 [INFO] : 產生檔案：C:\Users\User\Desktop\Trans\Assessment_Result\20241104_140042\sp\PMART.REMD_S4_TOT_FUNC.sql
2024-11-04 14:00:44 [INFO] : 產生檔案：C:\Users\User\Desktop\Trans\Assessment_Result\20241104_140042\sp\PMART.REMD_SCAL_PDEPT_FUNC.sql
2024-11-04 14:00:44 [INFO] : 產生檔案：C:\Users\User\Desktop\Trans\Assessment_Result\20241104_140042\sp\PMART.REMD_SCAL_TOT_FUNC.sql
2024-11-04 14:00:44 [INFO] : 產生檔案：C:\Users\User\Desktop\Trans\Assessment_Result\20241104_140042\sp\PMART.REMD_SC_COMPACT.sql
2024-11-04 14:00:44 [INFO] : 產生檔案：C:\Users\User\Desktop\Trans\Assessment_Result\20241104_140042\sp\PMART.REMD_SER_CUSTNUM.sql
2024-11-04 14:00:44 [INFO] : 產生檔案：C:\Users\User\Desktop\Trans\Assessment_Result\20241104_140042\sp\PMART.REMD_ST_TOT_FUNC.sql
2024-11-04 14:00:44 [INFO] : 轉換完成
2024-11-04 14:01:36 [INFO] : 執行項目：SF_SP
2024-11-04 14:01:37 [INFO] : 讀取檔案：C:\Users\User\Desktop\Trans\Target\sp\PMART.COMPACTMONTH.sql
2024-11-04 14:01:37 [WARN] : 出現無法辨識的SQL語句
2024-11-04 14:01:37 [INFO] : 讀取檔案：C:\Users\User\Desktop\Trans\Target\sp\PMART.COMPACTMONTH_NCIG.sql
2024-11-04 14:01:37 [WARN] : 出現無法辨識的SQL語句
2024-11-04 14:01:37 [INFO] : 讀取檔案：C:\Users\User\Desktop\Trans\Target\sp\PMART.FILLBLANK.sql
2024-11-04 14:01:37 [WARN] : 出現無法辨識的SQL語句
2024-11-04 14:01:37 [INFO] : 讀取檔案：C:\Users\User\Desktop\Trans\Target\sp\PMART.FILLBLANK_NCIG.sql
2024-11-04 14:01:37 [WARN] : 出現無法辨識的SQL語句
2024-11-04 14:01:37 [INFO] : 讀取檔案：C:\Users\User\Desktop\Trans\Target\sp\PMART.MSGSOUR_DEP_FUNC.sql
2024-11-04 14:01:37 [WARN] : 出現無法辨識的SQL語句
2024-11-04 14:01:37 [INFO] : 讀取檔案：C:\Users\User\Desktop\Trans\Target\sp\PMART.NEWFILLBLANK.sql
2024-11-04 14:01:37 [WARN] : 出現無法辨識的SQL語句
2024-11-04 14:01:37 [INFO] : 讀取檔案：C:\Users\User\Desktop\Trans\Target\sp\PMART.NEWFILLBLANK_NCIG.sql
2024-11-04 14:01:37 [WARN] : 出現無法辨識的SQL語句
2024-11-04 14:01:37 [INFO] : 讀取檔案：C:\Users\User\Desktop\Trans\Target\sp\PMART.REMD_CIG_CUSTNUM.sql
2024-11-04 14:01:37 [WARN] : 出現無法辨識的SQL語句
2024-11-04 14:01:37 [INFO] : 讀取檔案：C:\Users\User\Desktop\Trans\Target\sp\PMART.REMD_EX_TRANSFER.sql
2024-11-04 14:01:37 [WARN] : 出現無法辨識的SQL語句
2024-11-04 14:01:37 [INFO] : 讀取檔案：C:\Users\User\Desktop\Trans\Target\sp\PMART.REMD_EX_TRANSFER_NCIG.sql
2024-11-04 14:01:37 [WARN] : 出現無法辨識的SQL語句
2024-11-04 14:01:37 [INFO] : 讀取檔案：C:\Users\User\Desktop\Trans\Target\sp\PMART.REMD_R6_COMPACT.sql
2024-11-04 14:01:37 [WARN] : 出現無法辨識的SQL語句
2024-11-04 14:01:37 [INFO] : 讀取檔案：C:\Users\User\Desktop\Trans\Target\sp\PMART.REMD_R6_COMPACT_NCIG.sql
2024-11-04 14:01:37 [WARN] : 出現無法辨識的SQL語句
2024-11-04 14:01:37 [INFO] : 讀取檔案：C:\Users\User\Desktop\Trans\Target\sp\PMART.REMD_S1_TOT_FUNC.sql
2024-11-04 14:01:37 [WARN] : 出現無法辨識的SQL語句
2024-11-04 14:01:37 [DEBUG] : 	分類：DDL
2024-11-04 14:01:37 [DEBUG] : 		細分：CTAS
2024-11-04 14:01:37 [DEBUG] : transduceSelectSQL
2024-11-04 14:01:37 [DEBUG] : 	changeSample
2024-11-04 14:01:37 [DEBUG] : 	easyReplaceSelect
2024-11-04 14:01:37 [DEBUG] : 	changeIndex
2024-11-04 14:01:37 [DEBUG] : 	changeRollUp
2024-11-04 14:01:37 [DEBUG] : 轉換完成
2024-11-04 14:01:37 [INFO] : 讀取檔案：C:\Users\User\Desktop\Trans\Target\sp\PMART.REMD_S2_TOT_FUNC.sql
2024-11-04 14:01:37 [WARN] : 出現無法辨識的SQL語句
2024-11-04 14:01:37 [DEBUG] : 	分類：DDL
2024-11-04 14:01:37 [DEBUG] : 		細分：CTAS
2024-11-04 14:01:37 [DEBUG] : transduceSelectSQL
2024-11-04 14:01:37 [DEBUG] : 	changeSample
2024-11-04 14:01:37 [DEBUG] : 	easyReplaceSelect
2024-11-04 14:01:37 [DEBUG] : 	changeIndex
2024-11-04 14:01:37 [DEBUG] : 	changeRollUp
2024-11-04 14:01:37 [DEBUG] : 轉換完成
2024-11-04 14:01:37 [INFO] : 讀取檔案：C:\Users\User\Desktop\Trans\Target\sp\PMART.REMD_S3_TOT_FUNC.sql
2024-11-04 14:01:37 [WARN] : 出現無法辨識的SQL語句
2024-11-04 14:01:37 [DEBUG] : 	分類：DDL
2024-11-04 14:01:37 [DEBUG] : 		細分：CTAS
2024-11-04 14:01:37 [DEBUG] : transduceSelectSQL
2024-11-04 14:01:37 [DEBUG] : 	changeSample
2024-11-04 14:01:37 [DEBUG] : 	easyReplaceSelect
2024-11-04 14:01:37 [DEBUG] : 	changeIndex
2024-11-04 14:01:37 [DEBUG] : 	changeRollUp
2024-11-04 14:01:37 [DEBUG] : 	changeSample
2024-11-04 14:01:37 [DEBUG] : 	easyReplaceSelect
2024-11-04 14:01:37 [DEBUG] : 	changeIndex
2024-11-04 14:01:37 [DEBUG] : 	changeRollUp
2024-11-04 14:01:37 [DEBUG] : 轉換完成
2024-11-04 14:01:37 [INFO] : 讀取檔案：C:\Users\User\Desktop\Trans\Target\sp\PMART.REMD_S4_TOT_FUNC.sql
2024-11-04 14:01:37 [WARN] : 出現無法辨識的SQL語句
2024-11-04 14:01:37 [DEBUG] : 	分類：DDL
2024-11-04 14:01:37 [DEBUG] : 		細分：CTAS
2024-11-04 14:01:37 [DEBUG] : transduceSelectSQL
2024-11-04 14:01:37 [DEBUG] : 	changeSample
2024-11-04 14:01:37 [DEBUG] : 	easyReplaceSelect
2024-11-04 14:01:37 [DEBUG] : 	changeIndex
2024-11-04 14:01:37 [DEBUG] : 	changeRollUp
2024-11-04 14:01:37 [DEBUG] : 	changeSample
2024-11-04 14:01:38 [DEBUG] : 	easyReplaceSelect
2024-11-04 14:01:38 [DEBUG] : 	changeIndex
2024-11-04 14:01:38 [DEBUG] : 	changeRollUp
2024-11-04 14:01:38 [DEBUG] : 	changeSample
2024-11-04 14:01:38 [DEBUG] : 	easyReplaceSelect
2024-11-04 14:01:38 [DEBUG] : 	changeIndex
2024-11-04 14:01:38 [DEBUG] : 	changeRollUp
2024-11-04 14:01:38 [DEBUG] : 	changeSample
2024-11-04 14:01:38 [DEBUG] : 	easyReplaceSelect
2024-11-04 14:01:38 [DEBUG] : 	changeIndex
2024-11-04 14:01:38 [DEBUG] : 	changeRollUp
2024-11-04 14:01:38 [DEBUG] : 轉換完成
2024-11-04 14:01:38 [INFO] : 讀取檔案：C:\Users\User\Desktop\Trans\Target\sp\PMART.REMD_SCAL_PDEPT_FUNC.sql
2024-11-04 14:01:38 [WARN] : 出現無法辨識的SQL語句
2024-11-04 14:01:38 [DEBUG] : 	分類：DDL
2024-11-04 14:01:38 [DEBUG] : 		細分：CTAS
2024-11-04 14:01:38 [DEBUG] : transduceSelectSQL
2024-11-04 14:01:38 [DEBUG] : 	changeSample
2024-11-04 14:01:38 [DEBUG] : 	easyReplaceSelect
2024-11-04 14:01:38 [DEBUG] : 	changeIndex
2024-11-04 14:01:38 [DEBUG] : 	changeRollUp
2024-11-04 14:01:38 [DEBUG] : 	changeSample
2024-11-04 14:01:38 [DEBUG] : 	easyReplaceSelect
2024-11-04 14:01:38 [DEBUG] : 	changeIndex
2024-11-04 14:01:38 [DEBUG] : 	changeRollUp
2024-11-04 14:01:38 [DEBUG] : 	changeSample
2024-11-04 14:01:38 [DEBUG] : 	easyReplaceSelect
2024-11-04 14:01:38 [DEBUG] : 	changeIndex
2024-11-04 14:01:38 [DEBUG] : 	changeRollUp
2024-11-04 14:01:38 [DEBUG] : 轉換完成
2024-11-04 14:01:38 [INFO] : 讀取檔案：C:\Users\User\Desktop\Trans\Target\sp\PMART.REMD_SCAL_TOT_FUNC.sql
2024-11-04 14:01:38 [WARN] : 出現無法辨識的SQL語句
2024-11-04 14:01:38 [DEBUG] : 	分類：DDL
2024-11-04 14:01:38 [DEBUG] : 		細分：CTAS
2024-11-04 14:01:38 [DEBUG] : transduceSelectSQL
2024-11-04 14:01:38 [DEBUG] : 	changeSample
2024-11-04 14:01:38 [DEBUG] : 	easyReplaceSelect
2024-11-04 14:01:38 [DEBUG] : 	changeIndex
2024-11-04 14:01:38 [DEBUG] : 	changeRollUp
2024-11-04 14:01:38 [DEBUG] : 	changeSample
2024-11-04 14:01:38 [DEBUG] : 	easyReplaceSelect
2024-11-04 14:01:38 [DEBUG] : 	changeIndex
2024-11-04 14:01:38 [DEBUG] : 	changeRollUp
2024-11-04 14:01:38 [DEBUG] : 	changeSample
2024-11-04 14:01:38 [DEBUG] : 	easyReplaceSelect
2024-11-04 14:01:38 [DEBUG] : 	changeIndex
2024-11-04 14:01:38 [DEBUG] : 	changeRollUp
2024-11-04 14:01:38 [DEBUG] : 	changeSample
2024-11-04 14:01:38 [DEBUG] : 	easyReplaceSelect
2024-11-04 14:01:38 [DEBUG] : 	changeIndex
2024-11-04 14:01:38 [DEBUG] : 	changeRollUp
2024-11-04 14:01:38 [DEBUG] : 	changeSample
2024-11-04 14:01:38 [DEBUG] : 	easyReplaceSelect
2024-11-04 14:01:38 [DEBUG] : 	changeIndex
2024-11-04 14:01:38 [DEBUG] : 	changeRollUp
2024-11-04 14:01:38 [DEBUG] : 	changeSample
2024-11-04 14:01:38 [DEBUG] : 	easyReplaceSelect
2024-11-04 14:01:38 [DEBUG] : 	changeIndex
2024-11-04 14:01:38 [DEBUG] : 	changeRollUp
2024-11-04 14:01:38 [DEBUG] : 轉換完成
2024-11-04 14:01:38 [INFO] : 讀取檔案：C:\Users\User\Desktop\Trans\Target\sp\PMART.REMD_SC_COMPACT.sql
2024-11-04 14:01:38 [WARN] : 出現無法辨識的SQL語句
2024-11-04 14:01:38 [INFO] : 讀取檔案：C:\Users\User\Desktop\Trans\Target\sp\PMART.REMD_SER_CUSTNUM.sql
2024-11-04 14:01:38 [WARN] : 出現無法辨識的SQL語句
2024-11-04 14:01:38 [INFO] : 讀取檔案：C:\Users\User\Desktop\Trans\Target\sp\PMART.REMD_ST_TOT_FUNC.sql
2024-11-04 14:01:38 [WARN] : 出現無法辨識的SQL語句
2024-11-04 14:01:38 [DEBUG] : 	分類：DDL
2024-11-04 14:01:38 [DEBUG] : 		細分：CTAS
2024-11-04 14:01:38 [DEBUG] : transduceSelectSQL
2024-11-04 14:01:38 [DEBUG] : 	changeSample
2024-11-04 14:01:38 [DEBUG] : 	easyReplaceSelect
2024-11-04 14:01:38 [DEBUG] : 	changeIndex
2024-11-04 14:01:38 [DEBUG] : 	changeRollUp
2024-11-04 14:01:38 [DEBUG] : 轉換完成
2024-11-04 14:01:38 [INFO] : 產生檔案：C:\Users\User\Desktop\Trans\Assessment_Result\20241104_140137\sp\PMART.COMPACTMONTH.sql
2024-11-04 14:01:38 [INFO] : 產生檔案：C:\Users\User\Desktop\Trans\Assessment_Result\20241104_140137\sp\PMART.COMPACTMONTH_NCIG.sql
2024-11-04 14:01:38 [INFO] : 產生檔案：C:\Users\User\Desktop\Trans\Assessment_Result\20241104_140137\sp\PMART.FILLBLANK.sql
2024-11-04 14:01:39 [INFO] : 產生檔案：C:\Users\User\Desktop\Trans\Assessment_Result\20241104_140137\sp\PMART.FILLBLANK_NCIG.sql
2024-11-04 14:01:39 [INFO] : 產生檔案：C:\Users\User\Desktop\Trans\Assessment_Result\20241104_140137\sp\PMART.MSGSOUR_DEP_FUNC.sql
2024-11-04 14:01:39 [INFO] : 產生檔案：C:\Users\User\Desktop\Trans\Assessment_Result\20241104_140137\sp\PMART.NEWFILLBLANK.sql
2024-11-04 14:01:39 [INFO] : 產生檔案：C:\Users\User\Desktop\Trans\Assessment_Result\20241104_140137\sp\PMART.NEWFILLBLANK_NCIG.sql
2024-11-04 14:01:39 [INFO] : 產生檔案：C:\Users\User\Desktop\Trans\Assessment_Result\20241104_140137\sp\PMART.REMD_CIG_CUSTNUM.sql
2024-11-04 14:01:39 [INFO] : 產生檔案：C:\Users\User\Desktop\Trans\Assessment_Result\20241104_140137\sp\PMART.REMD_EX_TRANSFER.sql
2024-11-04 14:01:39 [INFO] : 產生檔案：C:\Users\User\Desktop\Trans\Assessment_Result\20241104_140137\sp\PMART.REMD_EX_TRANSFER_NCIG.sql
2024-11-04 14:01:39 [INFO] : 產生檔案：C:\Users\User\Desktop\Trans\Assessment_Result\20241104_140137\sp\PMART.REMD_R6_COMPACT.sql
2024-11-04 14:01:39 [INFO] : 產生檔案：C:\Users\User\Desktop\Trans\Assessment_Result\20241104_140137\sp\PMART.REMD_R6_COMPACT_NCIG.sql
2024-11-04 14:01:39 [INFO] : 產生檔案：C:\Users\User\Desktop\Trans\Assessment_Result\20241104_140137\sp\PMART.REMD_S1_TOT_FUNC.sql
2024-11-04 14:01:39 [INFO] : 產生檔案：C:\Users\User\Desktop\Trans\Assessment_Result\20241104_140137\sp\PMART.REMD_S2_TOT_FUNC.sql
2024-11-04 14:01:39 [INFO] : 產生檔案：C:\Users\User\Desktop\Trans\Assessment_Result\20241104_140137\sp\PMART.REMD_S3_TOT_FUNC.sql
2024-11-04 14:01:39 [INFO] : 產生檔案：C:\Users\User\Desktop\Trans\Assessment_Result\20241104_140137\sp\PMART.REMD_S4_TOT_FUNC.sql
2024-11-04 14:01:39 [INFO] : 產生檔案：C:\Users\User\Desktop\Trans\Assessment_Result\20241104_140137\sp\PMART.REMD_SCAL_PDEPT_FUNC.sql
2024-11-04 14:01:39 [INFO] : 產生檔案：C:\Users\User\Desktop\Trans\Assessment_Result\20241104_140137\sp\PMART.REMD_SCAL_TOT_FUNC.sql
2024-11-04 14:01:39 [INFO] : 產生檔案：C:\Users\User\Desktop\Trans\Assessment_Result\20241104_140137\sp\PMART.REMD_SC_COMPACT.sql
2024-11-04 14:01:39 [INFO] : 產生檔案：C:\Users\User\Desktop\Trans\Assessment_Result\20241104_140137\sp\PMART.REMD_SER_CUSTNUM.sql
2024-11-04 14:01:39 [INFO] : 產生檔案：C:\Users\User\Desktop\Trans\Assessment_Result\20241104_140137\sp\PMART.REMD_ST_TOT_FUNC.sql
2024-11-04 14:01:39 [INFO] : 轉換完成
2024-11-04 14:02:01 [INFO] : 執行項目：SF_SP
2024-11-04 14:02:02 [INFO] : 讀取檔案：C:\Users\User\Desktop\Trans\Target\sp\PMART.COMPACTMONTH.sql
2024-11-04 14:02:02 [WARN] : 出現無法辨識的SQL語句
2024-11-04 14:02:02 [INFO] : 讀取檔案：C:\Users\User\Desktop\Trans\Target\sp\PMART.COMPACTMONTH_NCIG.sql
2024-11-04 14:02:02 [WARN] : 出現無法辨識的SQL語句
2024-11-04 14:02:02 [INFO] : 讀取檔案：C:\Users\User\Desktop\Trans\Target\sp\PMART.FILLBLANK.sql
2024-11-04 14:02:02 [WARN] : 出現無法辨識的SQL語句
2024-11-04 14:02:03 [INFO] : 讀取檔案：C:\Users\User\Desktop\Trans\Target\sp\PMART.FILLBLANK_NCIG.sql
2024-11-04 14:02:03 [WARN] : 出現無法辨識的SQL語句
2024-11-04 14:02:03 [INFO] : 讀取檔案：C:\Users\User\Desktop\Trans\Target\sp\PMART.MSGSOUR_DEP_FUNC.sql
2024-11-04 14:02:03 [WARN] : 出現無法辨識的SQL語句
2024-11-04 14:02:03 [INFO] : 讀取檔案：C:\Users\User\Desktop\Trans\Target\sp\PMART.NEWFILLBLANK.sql
2024-11-04 14:02:03 [WARN] : 出現無法辨識的SQL語句
2024-11-04 14:02:03 [INFO] : 讀取檔案：C:\Users\User\Desktop\Trans\Target\sp\PMART.NEWFILLBLANK_NCIG.sql
2024-11-04 14:02:03 [WARN] : 出現無法辨識的SQL語句
2024-11-04 14:02:03 [INFO] : 讀取檔案：C:\Users\User\Desktop\Trans\Target\sp\PMART.REMD_CIG_CUSTNUM.sql
2024-11-04 14:02:03 [WARN] : 出現無法辨識的SQL語句
2024-11-04 14:02:03 [INFO] : 讀取檔案：C:\Users\User\Desktop\Trans\Target\sp\PMART.REMD_EX_TRANSFER.sql
2024-11-04 14:02:03 [WARN] : 出現無法辨識的SQL語句
2024-11-04 14:02:03 [INFO] : 讀取檔案：C:\Users\User\Desktop\Trans\Target\sp\PMART.REMD_EX_TRANSFER_NCIG.sql
2024-11-04 14:02:03 [WARN] : 出現無法辨識的SQL語句
2024-11-04 14:02:03 [INFO] : 讀取檔案：C:\Users\User\Desktop\Trans\Target\sp\PMART.REMD_R6_COMPACT.sql
2024-11-04 14:02:03 [WARN] : 出現無法辨識的SQL語句
2024-11-04 14:02:03 [INFO] : 讀取檔案：C:\Users\User\Desktop\Trans\Target\sp\PMART.REMD_R6_COMPACT_NCIG.sql
2024-11-04 14:02:03 [WARN] : 出現無法辨識的SQL語句
2024-11-04 14:02:03 [INFO] : 讀取檔案：C:\Users\User\Desktop\Trans\Target\sp\PMART.REMD_S1_TOT_FUNC.sql
2024-11-04 14:02:03 [WARN] : 出現無法辨識的SQL語句
2024-11-04 14:02:03 [DEBUG] : 	分類：DDL
2024-11-04 14:02:03 [DEBUG] : 		細分：CTAS
2024-11-04 14:02:03 [DEBUG] : transduceSelectSQL
2024-11-04 14:02:03 [DEBUG] : 	changeSample
2024-11-04 14:02:03 [DEBUG] : 	easyReplaceSelect
2024-11-04 14:02:03 [DEBUG] : 	changeIndex
2024-11-04 14:02:03 [DEBUG] : 	changeRollUp
2024-11-04 14:02:03 [DEBUG] : 轉換完成
2024-11-04 14:02:03 [INFO] : 讀取檔案：C:\Users\User\Desktop\Trans\Target\sp\PMART.REMD_S2_TOT_FUNC.sql
2024-11-04 14:02:03 [WARN] : 出現無法辨識的SQL語句
2024-11-04 14:02:03 [DEBUG] : 	分類：DDL
2024-11-04 14:02:03 [DEBUG] : 		細分：CTAS
2024-11-04 14:02:03 [DEBUG] : transduceSelectSQL
2024-11-04 14:02:03 [DEBUG] : 	changeSample
2024-11-04 14:02:03 [DEBUG] : 	easyReplaceSelect
2024-11-04 14:02:03 [DEBUG] : 	changeIndex
2024-11-04 14:02:03 [DEBUG] : 	changeRollUp
2024-11-04 14:02:03 [DEBUG] : 轉換完成
2024-11-04 14:02:03 [INFO] : 讀取檔案：C:\Users\User\Desktop\Trans\Target\sp\PMART.REMD_S3_TOT_FUNC.sql
2024-11-04 14:02:03 [WARN] : 出現無法辨識的SQL語句
2024-11-04 14:02:03 [DEBUG] : 	分類：DDL
2024-11-04 14:02:03 [DEBUG] : 		細分：CTAS
2024-11-04 14:02:03 [DEBUG] : transduceSelectSQL
2024-11-04 14:02:03 [DEBUG] : 	changeSample
2024-11-04 14:02:03 [DEBUG] : 	easyReplaceSelect
2024-11-04 14:02:03 [DEBUG] : 	changeIndex
2024-11-04 14:02:03 [DEBUG] : 	changeRollUp
2024-11-04 14:02:03 [DEBUG] : 	changeSample
2024-11-04 14:02:03 [DEBUG] : 	easyReplaceSelect
2024-11-04 14:02:03 [DEBUG] : 	changeIndex
2024-11-04 14:02:03 [DEBUG] : 	changeRollUp
2024-11-04 14:02:03 [DEBUG] : 轉換完成
2024-11-04 14:02:03 [INFO] : 讀取檔案：C:\Users\User\Desktop\Trans\Target\sp\PMART.REMD_S4_TOT_FUNC.sql
2024-11-04 14:02:03 [WARN] : 出現無法辨識的SQL語句
2024-11-04 14:02:03 [DEBUG] : 	分類：DDL
2024-11-04 14:02:03 [DEBUG] : 		細分：CTAS
2024-11-04 14:02:03 [DEBUG] : transduceSelectSQL
2024-11-04 14:02:03 [DEBUG] : 	changeSample
2024-11-04 14:02:03 [DEBUG] : 	easyReplaceSelect
2024-11-04 14:02:03 [DEBUG] : 	changeIndex
2024-11-04 14:02:03 [DEBUG] : 	changeRollUp
2024-11-04 14:02:03 [DEBUG] : 	changeSample
2024-11-04 14:02:03 [DEBUG] : 	easyReplaceSelect
2024-11-04 14:02:03 [DEBUG] : 	changeIndex
2024-11-04 14:02:03 [DEBUG] : 	changeRollUp
2024-11-04 14:02:03 [DEBUG] : 	changeSample
2024-11-04 14:02:03 [DEBUG] : 	easyReplaceSelect
2024-11-04 14:02:03 [DEBUG] : 	changeIndex
2024-11-04 14:02:03 [DEBUG] : 	changeRollUp
2024-11-04 14:02:03 [DEBUG] : 	changeSample
2024-11-04 14:02:03 [DEBUG] : 	easyReplaceSelect
2024-11-04 14:02:03 [DEBUG] : 	changeIndex
2024-11-04 14:02:03 [DEBUG] : 	changeRollUp
2024-11-04 14:02:03 [DEBUG] : 轉換完成
2024-11-04 14:02:03 [INFO] : 讀取檔案：C:\Users\User\Desktop\Trans\Target\sp\PMART.REMD_SCAL_PDEPT_FUNC.sql
2024-11-04 14:02:03 [WARN] : 出現無法辨識的SQL語句
2024-11-04 14:02:03 [DEBUG] : 	分類：DDL
2024-11-04 14:02:03 [DEBUG] : 		細分：CTAS
2024-11-04 14:02:03 [DEBUG] : transduceSelectSQL
2024-11-04 14:02:03 [DEBUG] : 	changeSample
2024-11-04 14:02:03 [DEBUG] : 	easyReplaceSelect
2024-11-04 14:02:03 [DEBUG] : 	changeIndex
2024-11-04 14:02:03 [DEBUG] : 	changeRollUp
2024-11-04 14:02:03 [DEBUG] : 	changeSample
2024-11-04 14:02:03 [DEBUG] : 	easyReplaceSelect
2024-11-04 14:02:03 [DEBUG] : 	changeIndex
2024-11-04 14:02:03 [DEBUG] : 	changeRollUp
2024-11-04 14:02:03 [DEBUG] : 	changeSample
2024-11-04 14:02:03 [DEBUG] : 	easyReplaceSelect
2024-11-04 14:02:03 [DEBUG] : 	changeIndex
2024-11-04 14:02:03 [DEBUG] : 	changeRollUp
2024-11-04 14:02:03 [DEBUG] : 轉換完成
2024-11-04 14:02:03 [INFO] : 讀取檔案：C:\Users\User\Desktop\Trans\Target\sp\PMART.REMD_SCAL_TOT_FUNC.sql
2024-11-04 14:02:04 [WARN] : 出現無法辨識的SQL語句
2024-11-04 14:02:04 [DEBUG] : 	分類：DDL
2024-11-04 14:02:04 [DEBUG] : 		細分：CTAS
2024-11-04 14:02:04 [DEBUG] : transduceSelectSQL
2024-11-04 14:02:04 [DEBUG] : 	changeSample
2024-11-04 14:02:04 [DEBUG] : 	easyReplaceSelect
2024-11-04 14:02:04 [DEBUG] : 	changeIndex
2024-11-04 14:02:04 [DEBUG] : 	changeRollUp
2024-11-04 14:02:04 [DEBUG] : 	changeSample
2024-11-04 14:02:04 [DEBUG] : 	easyReplaceSelect
2024-11-04 14:02:04 [DEBUG] : 	changeIndex
2024-11-04 14:02:04 [DEBUG] : 	changeRollUp
2024-11-04 14:02:04 [DEBUG] : 	changeSample
2024-11-04 14:02:04 [DEBUG] : 	easyReplaceSelect
2024-11-04 14:02:04 [DEBUG] : 	changeIndex
2024-11-04 14:02:04 [DEBUG] : 	changeRollUp
2024-11-04 14:02:04 [DEBUG] : 	changeSample
2024-11-04 14:02:04 [DEBUG] : 	easyReplaceSelect
2024-11-04 14:02:04 [DEBUG] : 	changeIndex
2024-11-04 14:02:04 [DEBUG] : 	changeRollUp
2024-11-04 14:02:04 [DEBUG] : 	changeSample
2024-11-04 14:02:04 [DEBUG] : 	easyReplaceSelect
2024-11-04 14:02:04 [DEBUG] : 	changeIndex
2024-11-04 14:02:04 [DEBUG] : 	changeRollUp
2024-11-04 14:02:04 [DEBUG] : 	changeSample
2024-11-04 14:02:04 [DEBUG] : 	easyReplaceSelect
2024-11-04 14:02:04 [DEBUG] : 	changeIndex
2024-11-04 14:02:04 [DEBUG] : 	changeRollUp
2024-11-04 14:02:04 [DEBUG] : 轉換完成
2024-11-04 14:02:04 [INFO] : 讀取檔案：C:\Users\User\Desktop\Trans\Target\sp\PMART.REMD_SC_COMPACT.sql
2024-11-04 14:02:04 [WARN] : 出現無法辨識的SQL語句
2024-11-04 14:02:04 [INFO] : 讀取檔案：C:\Users\User\Desktop\Trans\Target\sp\PMART.REMD_SER_CUSTNUM.sql
2024-11-04 14:02:04 [WARN] : 出現無法辨識的SQL語句
2024-11-04 14:02:04 [INFO] : 讀取檔案：C:\Users\User\Desktop\Trans\Target\sp\PMART.REMD_ST_TOT_FUNC.sql
2024-11-04 14:02:04 [WARN] : 出現無法辨識的SQL語句
2024-11-04 14:02:04 [DEBUG] : 	分類：DDL
2024-11-04 14:02:04 [DEBUG] : 		細分：CTAS
2024-11-04 14:02:04 [DEBUG] : transduceSelectSQL
2024-11-04 14:02:04 [DEBUG] : 	changeSample
2024-11-04 14:02:04 [DEBUG] : 	easyReplaceSelect
2024-11-04 14:02:04 [DEBUG] : 	changeIndex
2024-11-04 14:02:04 [DEBUG] : 	changeRollUp
2024-11-04 14:02:04 [DEBUG] : 轉換完成
2024-11-04 14:02:04 [INFO] : 產生檔案：C:\Users\User\Desktop\Trans\Assessment_Result\20241104_140202\sp\PMART.COMPACTMONTH.sql
2024-11-04 14:02:04 [INFO] : 產生檔案：C:\Users\User\Desktop\Trans\Assessment_Result\20241104_140202\sp\PMART.COMPACTMONTH_NCIG.sql
2024-11-04 14:02:04 [INFO] : 產生檔案：C:\Users\User\Desktop\Trans\Assessment_Result\20241104_140202\sp\PMART.FILLBLANK.sql
2024-11-04 14:02:04 [INFO] : 產生檔案：C:\Users\User\Desktop\Trans\Assessment_Result\20241104_140202\sp\PMART.FILLBLANK_NCIG.sql
2024-11-04 14:02:04 [INFO] : 產生檔案：C:\Users\User\Desktop\Trans\Assessment_Result\20241104_140202\sp\PMART.MSGSOUR_DEP_FUNC.sql
2024-11-04 14:02:04 [INFO] : 產生檔案：C:\Users\User\Desktop\Trans\Assessment_Result\20241104_140202\sp\PMART.NEWFILLBLANK.sql
2024-11-04 14:02:04 [INFO] : 產生檔案：C:\Users\User\Desktop\Trans\Assessment_Result\20241104_140202\sp\PMART.NEWFILLBLANK_NCIG.sql
2024-11-04 14:02:04 [INFO] : 產生檔案：C:\Users\User\Desktop\Trans\Assessment_Result\20241104_140202\sp\PMART.REMD_CIG_CUSTNUM.sql
2024-11-04 14:02:04 [INFO] : 產生檔案：C:\Users\User\Desktop\Trans\Assessment_Result\20241104_140202\sp\PMART.REMD_EX_TRANSFER.sql
2024-11-04 14:02:04 [INFO] : 產生檔案：C:\Users\User\Desktop\Trans\Assessment_Result\20241104_140202\sp\PMART.REMD_EX_TRANSFER_NCIG.sql
2024-11-04 14:02:04 [INFO] : 產生檔案：C:\Users\User\Desktop\Trans\Assessment_Result\20241104_140202\sp\PMART.REMD_R6_COMPACT.sql
2024-11-04 14:02:04 [INFO] : 產生檔案：C:\Users\User\Desktop\Trans\Assessment_Result\20241104_140202\sp\PMART.REMD_R6_COMPACT_NCIG.sql
2024-11-04 14:02:04 [INFO] : 產生檔案：C:\Users\User\Desktop\Trans\Assessment_Result\20241104_140202\sp\PMART.REMD_S1_TOT_FUNC.sql
2024-11-04 14:02:04 [INFO] : 產生檔案：C:\Users\User\Desktop\Trans\Assessment_Result\20241104_140202\sp\PMART.REMD_S2_TOT_FUNC.sql
2024-11-04 14:02:04 [INFO] : 產生檔案：C:\Users\User\Desktop\Trans\Assessment_Result\20241104_140202\sp\PMART.REMD_S3_TOT_FUNC.sql
2024-11-04 14:02:04 [INFO] : 產生檔案：C:\Users\User\Desktop\Trans\Assessment_Result\20241104_140202\sp\PMART.REMD_S4_TOT_FUNC.sql
2024-11-04 14:02:04 [INFO] : 產生檔案：C:\Users\User\Desktop\Trans\Assessment_Result\20241104_140202\sp\PMART.REMD_SCAL_PDEPT_FUNC.sql
2024-11-04 14:02:04 [INFO] : 產生檔案：C:\Users\User\Desktop\Trans\Assessment_Result\20241104_140202\sp\PMART.REMD_SCAL_TOT_FUNC.sql
2024-11-04 14:02:04 [INFO] : 產生檔案：C:\Users\User\Desktop\Trans\Assessment_Result\20241104_140202\sp\PMART.REMD_SC_COMPACT.sql
2024-11-04 14:02:04 [INFO] : 產生檔案：C:\Users\User\Desktop\Trans\Assessment_Result\20241104_140202\sp\PMART.REMD_SER_CUSTNUM.sql
2024-11-04 14:02:04 [INFO] : 產生檔案：C:\Users\User\Desktop\Trans\Assessment_Result\20241104_140202\sp\PMART.REMD_ST_TOT_FUNC.sql
2024-11-04 14:02:04 [INFO] : 轉換完成
