2024-12-03 17:43:44 [INFO] : 讀取檔案：C:\Users\User\Desktop\Trans\Target\show_procedure_2.txt
2024-12-03 17:44:10 [INFO] : 讀取檔案：C:\Users\User\Desktop\Trans\Target\PMART.SV_2_12_FUNC.txt
2024-12-03 17:44:30 [INFO] : 讀取檔案：C:\Users\User\Desktop\Trans\Target\PMART.SV_2_12_FUNC.sql
2024-12-03 17:44:30 [DEBUG] : 開始轉換語法：REPLACE
2024-12-03 17:44:30 [DEBUG] : 	分類：DDL
2024-12-03 17:44:30 [DEBUG] : 轉換完成
2024-12-03 17:44:30 [DEBUG] : 開始轉換語法：CALL
2024-12-03 17:44:30 [DEBUG] : 	分類：OTHER
2024-12-03 17:44:30 [DEBUG] : 轉換完成
2024-12-03 17:44:30 [DEBUG] : 開始轉換語法：SELECT
2024-12-03 17:44:30 [DEBUG] : 	分類：DQL
2024-12-03 17:44:30 [DEBUG] : 正規化
2024-12-03 17:44:30 [DEBUG] : 第一階段轉換
2024-12-03 17:44:30 [DEBUG] : 第二階段轉換：日期及數字轉換
2024-12-03 17:44:30 [DEBUG] : 	轉換日期 1：日期加減
2024-12-03 17:44:30 [DEBUG] : 	轉換日期 2：格式轉換
2024-12-03 17:44:30 [DEBUG] : 	轉換日期 3：型態轉換
2024-12-03 17:44:30 [DEBUG] : 	轉換日期 4：下週轉換
2024-12-03 17:44:30 [DEBUG] : 	轉換數字 1：格式轉換
2024-12-03 17:44:30 [DEBUG] : 第二階段轉換：日期及數字轉換
2024-12-03 17:44:30 [DEBUG] : 	轉換日期 1：日期加減
2024-12-03 17:44:30 [DEBUG] : 	轉換日期 2：格式轉換
2024-12-03 17:44:30 [DEBUG] : 	轉換日期 3：型態轉換
2024-12-03 17:44:30 [DEBUG] : 	轉換日期 4：下週轉換
2024-12-03 17:44:30 [DEBUG] : 	轉換數字 1：格式轉換
2024-12-03 17:44:30 [DEBUG] : 第二階段轉換：日期及數字轉換
2024-12-03 17:44:30 [DEBUG] : 	轉換日期 1：日期加減
2024-12-03 17:44:30 [DEBUG] : 	轉換日期 2：格式轉換
2024-12-03 17:44:30 [DEBUG] : 	轉換日期 3：型態轉換
2024-12-03 17:44:30 [DEBUG] : 	轉換日期 4：下週轉換
2024-12-03 17:44:30 [DEBUG] : 	轉換數字 1：格式轉換
2024-12-03 17:44:30 [DEBUG] : 第三階段轉換
2024-12-03 17:44:30 [DEBUG] : 第四階段轉換
2024-12-03 17:44:30 [DEBUG] : 轉換完成
2024-12-03 17:44:30 [DEBUG] : 開始轉換語法：SELECT
2024-12-03 17:44:30 [DEBUG] : 	分類：DQL
2024-12-03 17:44:30 [DEBUG] : 正規化
2024-12-03 17:44:30 [DEBUG] : 第一階段轉換
2024-12-03 17:44:30 [DEBUG] : 第二階段轉換：日期及數字轉換
2024-12-03 17:44:30 [DEBUG] : 	轉換日期 1：日期加減
2024-12-03 17:44:30 [DEBUG] : 	轉換日期 2：格式轉換
2024-12-03 17:44:30 [DEBUG] : 	轉換日期 3：型態轉換
2024-12-03 17:44:30 [DEBUG] : 	轉換日期 4：下週轉換
2024-12-03 17:44:30 [DEBUG] : 	轉換數字 1：格式轉換
2024-12-03 17:44:30 [DEBUG] : 第二階段轉換：日期及數字轉換
2024-12-03 17:44:30 [DEBUG] : 	轉換日期 1：日期加減
2024-12-03 17:44:30 [DEBUG] : 	轉換日期 2：格式轉換
2024-12-03 17:44:30 [DEBUG] : 	轉換日期 3：型態轉換
2024-12-03 17:44:30 [DEBUG] : 	轉換日期 4：下週轉換
2024-12-03 17:44:30 [DEBUG] : 	轉換數字 1：格式轉換
2024-12-03 17:44:31 [DEBUG] : 第三階段轉換
2024-12-03 17:44:31 [DEBUG] : 第四階段轉換
2024-12-03 17:44:31 [DEBUG] : 轉換完成
2024-12-03 17:44:31 [DEBUG] : 開始轉換語法：SELECT
2024-12-03 17:44:31 [DEBUG] : 	分類：DQL
2024-12-03 17:44:31 [DEBUG] : 正規化
2024-12-03 17:44:31 [DEBUG] : 第一階段轉換
2024-12-03 17:44:31 [DEBUG] : 第二階段轉換：日期及數字轉換
2024-12-03 17:44:31 [DEBUG] : 	轉換日期 1：日期加減
2024-12-03 17:44:31 [DEBUG] : 	轉換日期 2：格式轉換
2024-12-03 17:44:31 [DEBUG] : 	轉換日期 3：型態轉換
2024-12-03 17:44:31 [DEBUG] : 	轉換日期 4：下週轉換
2024-12-03 17:44:31 [DEBUG] : 	轉換數字 1：格式轉換
2024-12-03 17:44:31 [DEBUG] : 第二階段轉換：日期及數字轉換
2024-12-03 17:44:31 [DEBUG] : 	轉換日期 1：日期加減
2024-12-03 17:44:31 [DEBUG] : 	轉換日期 2：格式轉換
2024-12-03 17:44:31 [DEBUG] : 	轉換日期 3：型態轉換
2024-12-03 17:44:31 [DEBUG] : 	轉換日期 4：下週轉換
2024-12-03 17:44:31 [DEBUG] : 	轉換數字 1：格式轉換
2024-12-03 17:44:31 [DEBUG] : 第三階段轉換
2024-12-03 17:44:31 [DEBUG] : 第四階段轉換
2024-12-03 17:44:31 [DEBUG] : 轉換完成
2024-12-03 17:44:31 [DEBUG] : 開始轉換語法：SELECT
2024-12-03 17:44:31 [DEBUG] : 	分類：DQL
2024-12-03 17:44:31 [DEBUG] : 正規化
2024-12-03 17:44:31 [DEBUG] : 第一階段轉換
2024-12-03 17:44:31 [DEBUG] : 第二階段轉換：日期及數字轉換
2024-12-03 17:44:31 [DEBUG] : 	轉換日期 1：日期加減
2024-12-03 17:44:31 [DEBUG] : 	轉換日期 2：格式轉換
2024-12-03 17:44:31 [DEBUG] : 	轉換日期 3：型態轉換
2024-12-03 17:44:31 [DEBUG] : 	轉換日期 4：下週轉換
2024-12-03 17:44:31 [DEBUG] : 	轉換數字 1：格式轉換
2024-12-03 17:44:31 [DEBUG] : 第二階段轉換：日期及數字轉換
2024-12-03 17:44:31 [DEBUG] : 	轉換日期 1：日期加減
2024-12-03 17:44:31 [DEBUG] : 	轉換日期 2：格式轉換
2024-12-03 17:44:31 [DEBUG] : 	轉換日期 3：型態轉換
2024-12-03 17:44:31 [DEBUG] : 	轉換日期 4：下週轉換
2024-12-03 17:44:31 [DEBUG] : 	轉換數字 1：格式轉換
2024-12-03 17:44:31 [DEBUG] : 第二階段轉換：日期及數字轉換
2024-12-03 17:44:31 [DEBUG] : 	轉換日期 1：日期加減
2024-12-03 17:44:31 [DEBUG] : 	轉換日期 2：格式轉換
2024-12-03 17:44:31 [DEBUG] : 	轉換日期 3：型態轉換
2024-12-03 17:44:31 [DEBUG] : 	轉換日期 4：下週轉換
2024-12-03 17:44:31 [DEBUG] : 	轉換數字 1：格式轉換
2024-12-03 17:44:31 [DEBUG] : 第二階段轉換：日期及數字轉換
2024-12-03 17:44:31 [DEBUG] : 	轉換日期 1：日期加減
2024-12-03 17:44:31 [DEBUG] : 	轉換日期 2：格式轉換
2024-12-03 17:44:31 [DEBUG] : 	轉換日期 3：型態轉換
2024-12-03 17:44:31 [DEBUG] : 	轉換日期 4：下週轉換
2024-12-03 17:44:31 [DEBUG] : 	轉換數字 1：格式轉換
2024-12-03 17:44:31 [DEBUG] : 第三階段轉換
2024-12-03 17:44:31 [DEBUG] : 第四階段轉換
2024-12-03 17:44:31 [DEBUG] : 轉換完成
2024-12-03 17:44:31 [DEBUG] : 開始轉換語法：SELECT
2024-12-03 17:44:31 [DEBUG] : 	分類：DQL
2024-12-03 17:44:31 [DEBUG] : 正規化
2024-12-03 17:44:31 [DEBUG] : 第一階段轉換
2024-12-03 17:44:31 [DEBUG] : 第二階段轉換：日期及數字轉換
2024-12-03 17:44:31 [DEBUG] : 	轉換日期 1：日期加減
2024-12-03 17:44:31 [DEBUG] : 	轉換日期 2：格式轉換
2024-12-03 17:44:31 [DEBUG] : 	轉換日期 3：型態轉換
2024-12-03 17:44:31 [DEBUG] : 	轉換日期 4：下週轉換
2024-12-03 17:44:31 [DEBUG] : 	轉換數字 1：格式轉換
2024-12-03 17:44:31 [DEBUG] : 第二階段轉換：日期及數字轉換
2024-12-03 17:44:31 [DEBUG] : 	轉換日期 1：日期加減
2024-12-03 17:44:31 [DEBUG] : 	轉換日期 2：格式轉換
2024-12-03 17:44:31 [DEBUG] : 	轉換日期 3：型態轉換
2024-12-03 17:44:31 [DEBUG] : 	轉換日期 4：下週轉換
2024-12-03 17:44:31 [DEBUG] : 	轉換數字 1：格式轉換
2024-12-03 17:44:31 [DEBUG] : 第二階段轉換：日期及數字轉換
2024-12-03 17:44:31 [DEBUG] : 	轉換日期 1：日期加減
2024-12-03 17:44:31 [DEBUG] : 	轉換日期 2：格式轉換
2024-12-03 17:44:31 [DEBUG] : 	轉換日期 3：型態轉換
2024-12-03 17:44:31 [DEBUG] : 	轉換日期 4：下週轉換
2024-12-03 17:44:31 [DEBUG] : 	轉換數字 1：格式轉換
2024-12-03 17:44:31 [DEBUG] : 第三階段轉換
2024-12-03 17:44:31 [DEBUG] : 第四階段轉換
2024-12-03 17:44:31 [DEBUG] : 轉換完成
2024-12-03 17:44:31 [DEBUG] : 開始轉換語法：SELECT
2024-12-03 17:44:31 [DEBUG] : 	分類：DQL
2024-12-03 17:44:31 [DEBUG] : 正規化
2024-12-03 17:44:31 [DEBUG] : 第一階段轉換
2024-12-03 17:44:31 [DEBUG] : 第二階段轉換：日期及數字轉換
2024-12-03 17:44:31 [DEBUG] : 	轉換日期 1：日期加減
2024-12-03 17:44:31 [DEBUG] : 	轉換日期 2：格式轉換
2024-12-03 17:44:31 [DEBUG] : 	轉換日期 3：型態轉換
2024-12-03 17:44:31 [DEBUG] : 	轉換日期 4：下週轉換
2024-12-03 17:44:31 [DEBUG] : 	轉換數字 1：格式轉換
2024-12-03 17:44:31 [DEBUG] : 第二階段轉換：日期及數字轉換
2024-12-03 17:44:31 [DEBUG] : 	轉換日期 1：日期加減
2024-12-03 17:44:31 [DEBUG] : 	轉換日期 2：格式轉換
2024-12-03 17:44:31 [DEBUG] : 	轉換日期 3：型態轉換
2024-12-03 17:44:31 [DEBUG] : 	轉換日期 4：下週轉換
2024-12-03 17:44:31 [DEBUG] : 	轉換數字 1：格式轉換
2024-12-03 17:44:31 [DEBUG] : 第三階段轉換
2024-12-03 17:44:31 [DEBUG] : 第四階段轉換
2024-12-03 17:44:31 [DEBUG] : 轉換完成
2024-12-03 17:44:31 [DEBUG] : 開始轉換語法：SELECT
2024-12-03 17:44:31 [DEBUG] : 	分類：DQL
2024-12-03 17:44:31 [DEBUG] : 正規化
2024-12-03 17:44:31 [DEBUG] : 第一階段轉換
2024-12-03 17:44:31 [DEBUG] : 第二階段轉換：日期及數字轉換
2024-12-03 17:44:31 [DEBUG] : 	轉換日期 1：日期加減
2024-12-03 17:44:31 [DEBUG] : 	轉換日期 2：格式轉換
2024-12-03 17:44:31 [DEBUG] : 	轉換日期 3：型態轉換
2024-12-03 17:44:31 [DEBUG] : 	轉換日期 4：下週轉換
2024-12-03 17:44:31 [DEBUG] : 	轉換數字 1：格式轉換
2024-12-03 17:44:31 [DEBUG] : 第二階段轉換：日期及數字轉換
2024-12-03 17:44:31 [DEBUG] : 	轉換日期 1：日期加減
2024-12-03 17:44:31 [DEBUG] : 	轉換日期 2：格式轉換
2024-12-03 17:44:31 [DEBUG] : 	轉換日期 3：型態轉換
2024-12-03 17:44:31 [DEBUG] : 	轉換日期 4：下週轉換
2024-12-03 17:44:31 [DEBUG] : 	轉換數字 1：格式轉換
2024-12-03 17:44:31 [DEBUG] : 第三階段轉換
2024-12-03 17:44:31 [DEBUG] : 第四階段轉換
2024-12-03 17:44:31 [DEBUG] : 轉換完成
2024-12-03 17:44:31 [DEBUG] : 開始轉換語法：SELECT
2024-12-03 17:44:31 [DEBUG] : 	分類：DQL
2024-12-03 17:44:31 [DEBUG] : 正規化
2024-12-03 17:44:31 [DEBUG] : 第一階段轉換
2024-12-03 17:44:31 [DEBUG] : 第二階段轉換：日期及數字轉換
2024-12-03 17:44:31 [DEBUG] : 	轉換日期 1：日期加減
2024-12-03 17:44:31 [DEBUG] : 	轉換日期 2：格式轉換
2024-12-03 17:44:31 [DEBUG] : 	轉換日期 3：型態轉換
2024-12-03 17:44:31 [DEBUG] : 	轉換日期 4：下週轉換
2024-12-03 17:44:31 [DEBUG] : 	轉換數字 1：格式轉換
2024-12-03 17:44:31 [DEBUG] : 第二階段轉換：日期及數字轉換
2024-12-03 17:44:31 [DEBUG] : 	轉換日期 1：日期加減
2024-12-03 17:44:31 [DEBUG] : 	轉換日期 2：格式轉換
2024-12-03 17:44:31 [DEBUG] : 	轉換日期 3：型態轉換
2024-12-03 17:44:31 [DEBUG] : 	轉換日期 4：下週轉換
2024-12-03 17:44:31 [DEBUG] : 	轉換數字 1：格式轉換
2024-12-03 17:44:31 [DEBUG] : 第二階段轉換：日期及數字轉換
2024-12-03 17:44:31 [DEBUG] : 	轉換日期 1：日期加減
2024-12-03 17:44:31 [DEBUG] : 	轉換日期 2：格式轉換
2024-12-03 17:44:31 [DEBUG] : 	轉換日期 3：型態轉換
2024-12-03 17:44:31 [DEBUG] : 	轉換日期 4：下週轉換
2024-12-03 17:44:31 [DEBUG] : 	轉換數字 1：格式轉換
2024-12-03 17:44:31 [DEBUG] : 第二階段轉換：日期及數字轉換
2024-12-03 17:44:31 [DEBUG] : 	轉換日期 1：日期加減
2024-12-03 17:44:31 [DEBUG] : 	轉換日期 2：格式轉換
2024-12-03 17:44:31 [DEBUG] : 	轉換日期 3：型態轉換
2024-12-03 17:44:31 [DEBUG] : 	轉換日期 4：下週轉換
2024-12-03 17:44:31 [DEBUG] : 	轉換數字 1：格式轉換
2024-12-03 17:44:31 [DEBUG] : 第二階段轉換：日期及數字轉換
2024-12-03 17:44:31 [DEBUG] : 	轉換日期 1：日期加減
2024-12-03 17:44:31 [DEBUG] : 	轉換日期 2：格式轉換
2024-12-03 17:44:31 [DEBUG] : 	轉換日期 3：型態轉換
2024-12-03 17:44:31 [DEBUG] : 	轉換日期 4：下週轉換
2024-12-03 17:44:31 [DEBUG] : 	轉換數字 1：格式轉換
2024-12-03 17:44:31 [DEBUG] : 第二階段轉換：日期及數字轉換
2024-12-03 17:44:31 [DEBUG] : 	轉換日期 1：日期加減
2024-12-03 17:44:31 [DEBUG] : 	轉換日期 2：格式轉換
2024-12-03 17:44:31 [DEBUG] : 	轉換日期 3：型態轉換
2024-12-03 17:44:31 [DEBUG] : 	轉換日期 4：下週轉換
2024-12-03 17:44:31 [DEBUG] : 	轉換數字 1：格式轉換
2024-12-03 17:44:31 [DEBUG] : 第二階段轉換：日期及數字轉換
2024-12-03 17:44:31 [DEBUG] : 	轉換日期 1：日期加減
2024-12-03 17:44:31 [DEBUG] : 	轉換日期 2：格式轉換
2024-12-03 17:44:31 [DEBUG] : 	轉換日期 3：型態轉換
2024-12-03 17:44:31 [DEBUG] : 	轉換日期 4：下週轉換
2024-12-03 17:44:31 [DEBUG] : 	轉換數字 1：格式轉換
2024-12-03 17:44:31 [DEBUG] : 第三階段轉換
2024-12-03 17:44:31 [DEBUG] : 第四階段轉換
2024-12-03 17:44:31 [DEBUG] : 轉換完成
2024-12-03 17:44:31 [DEBUG] : 開始轉換語法：SELECT
2024-12-03 17:44:31 [DEBUG] : 	分類：DQL
2024-12-03 17:44:31 [DEBUG] : 正規化
2024-12-03 17:44:31 [DEBUG] : 第一階段轉換
2024-12-03 17:44:31 [DEBUG] : 第二階段轉換：日期及數字轉換
2024-12-03 17:44:31 [DEBUG] : 	轉換日期 1：日期加減
2024-12-03 17:44:31 [DEBUG] : 	轉換日期 2：格式轉換
2024-12-03 17:44:31 [DEBUG] : 	轉換日期 3：型態轉換
2024-12-03 17:44:31 [DEBUG] : 	轉換日期 4：下週轉換
2024-12-03 17:44:31 [DEBUG] : 	轉換數字 1：格式轉換
2024-12-03 17:44:31 [DEBUG] : 第二階段轉換：日期及數字轉換
2024-12-03 17:44:31 [DEBUG] : 	轉換日期 1：日期加減
2024-12-03 17:44:31 [DEBUG] : 	轉換日期 2：格式轉換
2024-12-03 17:44:31 [DEBUG] : 	轉換日期 3：型態轉換
2024-12-03 17:44:31 [DEBUG] : 	轉換日期 4：下週轉換
2024-12-03 17:44:31 [DEBUG] : 	轉換數字 1：格式轉換
2024-12-03 17:44:31 [DEBUG] : 第二階段轉換：日期及數字轉換
2024-12-03 17:44:31 [DEBUG] : 	轉換日期 1：日期加減
2024-12-03 17:44:31 [DEBUG] : 	轉換日期 2：格式轉換
2024-12-03 17:44:31 [DEBUG] : 	轉換日期 3：型態轉換
2024-12-03 17:44:31 [DEBUG] : 	轉換日期 4：下週轉換
2024-12-03 17:44:31 [DEBUG] : 	轉換數字 1：格式轉換
2024-12-03 17:44:31 [DEBUG] : 第二階段轉換：日期及數字轉換
2024-12-03 17:44:31 [DEBUG] : 	轉換日期 1：日期加減
2024-12-03 17:44:31 [DEBUG] : 	轉換日期 2：格式轉換
2024-12-03 17:44:31 [DEBUG] : 	轉換日期 3：型態轉換
2024-12-03 17:44:31 [DEBUG] : 	轉換日期 4：下週轉換
2024-12-03 17:44:31 [DEBUG] : 	轉換數字 1：格式轉換
2024-12-03 17:44:31 [DEBUG] : 第二階段轉換：日期及數字轉換
2024-12-03 17:44:31 [DEBUG] : 	轉換日期 1：日期加減
2024-12-03 17:44:31 [DEBUG] : 	轉換日期 2：格式轉換
2024-12-03 17:44:31 [DEBUG] : 	轉換日期 3：型態轉換
2024-12-03 17:44:31 [DEBUG] : 	轉換日期 4：下週轉換
2024-12-03 17:44:31 [DEBUG] : 	轉換數字 1：格式轉換
2024-12-03 17:44:31 [DEBUG] : 第二階段轉換：日期及數字轉換
2024-12-03 17:44:31 [DEBUG] : 	轉換日期 1：日期加減
2024-12-03 17:44:31 [DEBUG] : 	轉換日期 2：格式轉換
2024-12-03 17:44:31 [DEBUG] : 	轉換日期 3：型態轉換
2024-12-03 17:44:31 [DEBUG] : 	轉換日期 4：下週轉換
2024-12-03 17:44:31 [DEBUG] : 	轉換數字 1：格式轉換
2024-12-03 17:44:31 [DEBUG] : 第二階段轉換：日期及數字轉換
2024-12-03 17:44:31 [DEBUG] : 	轉換日期 1：日期加減
2024-12-03 17:44:31 [DEBUG] : 	轉換日期 2：格式轉換
2024-12-03 17:44:31 [DEBUG] : 	轉換日期 3：型態轉換
2024-12-03 17:44:31 [DEBUG] : 	轉換日期 4：下週轉換
2024-12-03 17:44:31 [DEBUG] : 	轉換數字 1：格式轉換
2024-12-03 17:44:31 [DEBUG] : 第三階段轉換
2024-12-03 17:44:31 [DEBUG] : 第四階段轉換
2024-12-03 17:44:31 [DEBUG] : 轉換完成
2024-12-03 17:44:31 [DEBUG] : 開始轉換語法：CREATE
2024-12-03 17:44:31 [DEBUG] : 	分類：DDL
2024-12-03 17:44:31 [DEBUG] : 轉換完成
2024-12-03 17:44:31 [DEBUG] : 正規化
2024-12-03 17:44:31 [DEBUG] : 第一階段轉換
2024-12-03 17:44:31 [DEBUG] : 第二階段轉換：日期及數字轉換
2024-12-03 17:44:31 [DEBUG] : 	轉換日期 1：日期加減
2024-12-03 17:44:31 [DEBUG] : 	轉換日期 2：格式轉換
2024-12-03 17:44:31 [DEBUG] : 	轉換日期 3：型態轉換
2024-12-03 17:44:31 [DEBUG] : 	轉換日期 4：下週轉換
2024-12-03 17:44:31 [DEBUG] : 	轉換數字 1：格式轉換
2024-12-03 17:44:31 [DEBUG] : 第二階段轉換：日期及數字轉換
2024-12-03 17:44:31 [DEBUG] : 	轉換日期 1：日期加減
2024-12-03 17:44:31 [DEBUG] : 	轉換日期 2：格式轉換
2024-12-03 17:44:31 [DEBUG] : 	轉換日期 3：型態轉換
2024-12-03 17:44:31 [DEBUG] : 	轉換日期 4：下週轉換
2024-12-03 17:44:31 [DEBUG] : 	轉換數字 1：格式轉換
2024-12-03 17:44:31 [DEBUG] : 第二階段轉換：日期及數字轉換
2024-12-03 17:44:31 [DEBUG] : 	轉換日期 1：日期加減
2024-12-03 17:44:31 [DEBUG] : 	轉換日期 2：格式轉換
2024-12-03 17:44:31 [DEBUG] : 	轉換日期 3：型態轉換
2024-12-03 17:44:31 [DEBUG] : 	轉換日期 4：下週轉換
2024-12-03 17:44:31 [DEBUG] : 	轉換數字 1：格式轉換
2024-12-03 17:44:31 [DEBUG] : 第二階段轉換：日期及數字轉換
2024-12-03 17:44:31 [DEBUG] : 	轉換日期 1：日期加減
2024-12-03 17:44:31 [DEBUG] : 	轉換日期 2：格式轉換
2024-12-03 17:44:31 [DEBUG] : 	轉換日期 3：型態轉換
2024-12-03 17:44:31 [DEBUG] : 	轉換日期 4：下週轉換
2024-12-03 17:44:31 [DEBUG] : 	轉換數字 1：格式轉換
2024-12-03 17:44:31 [DEBUG] : 第三階段轉換
2024-12-03 17:44:31 [DEBUG] : 第四階段轉換
2024-12-03 17:44:31 [INFO] : 產生檔案：C:\Users\user\Desktop\Trans\Assessment_Result\test2\new\PMART.SV_2_12_FUNC.sql
2024-12-03 17:44:31 [INFO] : 產生檔案：C:\Users\user\Desktop\Trans\Assessment_Result\test2\old\PMART.SV_2_12_FUNC.sql
