2024-11-01 11:05:04 [INFO] : 執行項目：FM
2024-11-01 11:06:00 [INFO] : 讀取檔案：sec.txt
2024-11-01 11:06:15 [INFO] : 讀取檔案：sec.txt
2024-11-01 11:06:19 [INFO] : 新增資料到檔案：sec.txt
2024-11-01 11:06:23 [INFO] : 執行項目：FM
2024-11-01 11:06:30 [INFO] : 讀取檔案：sec.txt
2024-11-01 14:35:18 [INFO] : 執行項目：FM
2024-11-01 14:38:40 [INFO] : 執行項目：FM
2024-11-01 14:38:48 [INFO] : 讀取檔案：sec.txt
2024-11-01 14:38:53 [INFO] : 新增資料到檔案：sec.txt
2024-11-01 14:38:55 [INFO] : 新增資料到檔案：sec.txt
2024-11-01 14:38:58 [INFO] : 執行項目：FM
2024-11-01 14:39:07 [INFO] : 讀取檔案：sec.txt
2024-11-01 14:39:08 [INFO] : 開始轉換
2024-11-01 14:39:08 [INFO] : 取得資料目錄 : C:\Users\User\Desktop\Trans\Target\
2024-11-01 14:39:08 [INFO] : 取得產檔目錄 : C:\Users\User\Desktop\Trans\Assessment_Result\\20241101_143908\src\
2024-11-01 14:39:08 [INFO] : 取得檔案清單
2024-11-01 14:39:08 [INFO] : 讀取檔案：C:\Users\User\Desktop\Trans\Target\PDATA.DCM_WEAT_INFO.sql
2024-11-01 14:39:08 [DEBUG] : 清理註解
2024-11-01 14:39:08 [DEBUG] : 開始捕獲語法
2024-11-01 14:39:08 [DEBUG] : 	分類：DDL
2024-11-01 14:39:08 [DEBUG] : 轉換完成
2024-11-01 14:39:08 [INFO] : 產生檔案：C:\Users\User\Desktop\Trans\Assessment_Result\\20241101_143908\src\PDATA.DCM_WEAT_INFO.sql
2024-11-01 14:39:08 [INFO] : 寫入檔案：C:\Users\User\Desktop\Trans\Assessment_Result\\20241101_143908\src\PDATA.DCM_WEAT_INFO.sql
2024-11-01 14:39:08 [INFO] : 讀取檔案：C:\Users\User\Desktop\Trans\Target\PDATA.DEPAMT_WEAT_AREA.sql
2024-11-01 14:39:08 [DEBUG] : 清理註解
2024-11-01 14:39:08 [DEBUG] : 開始捕獲語法
2024-11-01 14:39:08 [DEBUG] : 	分類：DDL
2024-11-01 14:39:08 [DEBUG] : 轉換完成
2024-11-01 14:39:08 [INFO] : 產生檔案：C:\Users\User\Desktop\Trans\Assessment_Result\\20241101_143908\src\PDATA.DEPAMT_WEAT_AREA.sql
2024-11-01 14:39:08 [INFO] : 寫入檔案：C:\Users\User\Desktop\Trans\Assessment_Result\\20241101_143908\src\PDATA.DEPAMT_WEAT_AREA.sql
2024-11-01 14:39:08 [INFO] : 讀取檔案：C:\Users\User\Desktop\Trans\Target\PDATA.OSTORE_WEAT.sql
2024-11-01 14:39:08 [DEBUG] : 清理註解
2024-11-01 14:39:08 [DEBUG] : 開始捕獲語法
2024-11-01 14:39:08 [DEBUG] : 	分類：DDL
2024-11-01 14:39:08 [DEBUG] : 轉換完成
2024-11-01 14:39:08 [INFO] : 產生檔案：C:\Users\User\Desktop\Trans\Assessment_Result\\20241101_143908\src\PDATA.OSTORE_WEAT.sql
2024-11-01 14:39:08 [INFO] : 寫入檔案：C:\Users\User\Desktop\Trans\Assessment_Result\\20241101_143908\src\PDATA.OSTORE_WEAT.sql
2024-11-01 14:39:08 [INFO] : 讀取檔案：C:\Users\User\Desktop\Trans\Target\PMART.BASIC_OST_FACT.sql
2024-11-01 14:39:08 [DEBUG] : 清理註解
2024-11-01 14:39:08 [DEBUG] : 開始捕獲語法
2024-11-01 14:39:08 [DEBUG] : 	分類：DDL
2024-11-01 14:39:08 [DEBUG] : 轉換完成
2024-11-01 14:39:08 [INFO] : 產生檔案：C:\Users\User\Desktop\Trans\Assessment_Result\\20241101_143908\src\PMART.BASIC_OST_FACT.sql
2024-11-01 14:39:08 [INFO] : 寫入檔案：C:\Users\User\Desktop\Trans\Assessment_Result\\20241101_143908\src\PMART.BASIC_OST_FACT.sql
2024-11-01 14:39:08 [INFO] : 讀取檔案：C:\Users\User\Desktop\Trans\Target\PMART.BASIC_SFACT.sql
2024-11-01 14:39:08 [DEBUG] : 清理註解
2024-11-01 14:39:08 [DEBUG] : 開始捕獲語法
2024-11-01 14:39:08 [DEBUG] : 	分類：DDL
2024-11-01 14:39:08 [DEBUG] : 轉換完成
2024-11-01 14:39:08 [INFO] : 產生檔案：C:\Users\User\Desktop\Trans\Assessment_Result\\20241101_143908\src\PMART.BASIC_SFACT.sql
2024-11-01 14:39:08 [INFO] : 寫入檔案：C:\Users\User\Desktop\Trans\Assessment_Result\\20241101_143908\src\PMART.BASIC_SFACT.sql
2024-11-01 14:39:08 [INFO] : 讀取檔案：C:\Users\User\Desktop\Trans\Target\PMART.MGA_1_5_REMD_DEPT.sql
2024-11-01 14:39:08 [DEBUG] : 清理註解
2024-11-01 14:39:08 [DEBUG] : 開始捕獲語法
2024-11-01 14:39:08 [DEBUG] : 	分類：DDL
2024-11-01 14:39:08 [DEBUG] : 轉換完成
2024-11-01 14:39:08 [INFO] : 產生檔案：C:\Users\User\Desktop\Trans\Assessment_Result\\20241101_143908\src\PMART.MGA_1_5_REMD_DEPT.sql
2024-11-01 14:39:08 [INFO] : 寫入檔案：C:\Users\User\Desktop\Trans\Assessment_Result\\20241101_143908\src\PMART.MGA_1_5_REMD_DEPT.sql
2024-11-01 14:39:08 [INFO] : 讀取檔案：C:\Users\User\Desktop\Trans\Target\PMART.OST_DETAIL.sql
2024-11-01 14:39:08 [DEBUG] : 清理註解
2024-11-01 14:39:08 [DEBUG] : 開始捕獲語法
2024-11-01 14:39:08 [DEBUG] : 	分類：DDL
2024-11-01 14:39:08 [DEBUG] : 轉換完成
2024-11-01 14:39:08 [INFO] : 產生檔案：C:\Users\User\Desktop\Trans\Assessment_Result\\20241101_143908\src\PMART.OST_DETAIL.sql
2024-11-01 14:39:08 [INFO] : 寫入檔案：C:\Users\User\Desktop\Trans\Assessment_Result\\20241101_143908\src\PMART.OST_DETAIL.sql
2024-11-01 14:39:08 [INFO] : 讀取檔案：C:\Users\User\Desktop\Trans\Target\PMART.REMD_CHK.sql
2024-11-01 14:39:08 [DEBUG] : 清理註解
2024-11-01 14:39:08 [DEBUG] : 開始捕獲語法
2024-11-01 14:39:08 [DEBUG] : 	分類：DDL
2024-11-01 14:39:08 [DEBUG] : 轉換完成
2024-11-01 14:39:08 [INFO] : 產生檔案：C:\Users\User\Desktop\Trans\Assessment_Result\\20241101_143908\src\PMART.REMD_CHK.sql
2024-11-01 14:39:08 [INFO] : 寫入檔案：C:\Users\User\Desktop\Trans\Assessment_Result\\20241101_143908\src\PMART.REMD_CHK.sql
2024-11-01 14:39:08 [INFO] : 讀取檔案：C:\Users\User\Desktop\Trans\Target\PMART.REMD_FACT.sql
2024-11-01 14:39:08 [DEBUG] : 清理註解
2024-11-01 14:39:08 [DEBUG] : 開始捕獲語法
2024-11-01 14:39:08 [DEBUG] : 	分類：DDL
2024-11-01 14:39:08 [DEBUG] : 轉換完成
2024-11-01 14:39:08 [INFO] : 產生檔案：C:\Users\User\Desktop\Trans\Assessment_Result\\20241101_143908\src\PMART.REMD_FACT.sql
2024-11-01 14:39:08 [INFO] : 寫入檔案：C:\Users\User\Desktop\Trans\Assessment_Result\\20241101_143908\src\PMART.REMD_FACT.sql
2024-11-01 14:39:08 [INFO] : 讀取檔案：C:\Users\User\Desktop\Trans\Target\PMART.REMD_FACT_DEPAMT.sql
2024-11-01 14:39:08 [DEBUG] : 清理註解
2024-11-01 14:39:08 [DEBUG] : 開始捕獲語法
2024-11-01 14:39:08 [DEBUG] : 	分類：DDL
2024-11-01 14:39:08 [DEBUG] : 轉換完成
2024-11-01 14:39:08 [INFO] : 產生檔案：C:\Users\User\Desktop\Trans\Assessment_Result\\20241101_143908\src\PMART.REMD_FACT_DEPAMT.sql
2024-11-01 14:39:08 [INFO] : 寫入檔案：C:\Users\User\Desktop\Trans\Assessment_Result\\20241101_143908\src\PMART.REMD_FACT_DEPAMT.sql
2024-11-01 14:39:08 [INFO] : 讀取檔案：C:\Users\User\Desktop\Trans\Target\PMART.REMD_FACT_DEPAMT_SUM.sql
2024-11-01 14:39:08 [DEBUG] : 清理註解
2024-11-01 14:39:08 [DEBUG] : 開始捕獲語法
2024-11-01 14:39:08 [DEBUG] : 	分類：DDL
2024-11-01 14:39:08 [DEBUG] : 轉換完成
2024-11-01 14:39:08 [INFO] : 產生檔案：C:\Users\User\Desktop\Trans\Assessment_Result\\20241101_143908\src\PMART.REMD_FACT_DEPAMT_SUM.sql
2024-11-01 14:39:08 [INFO] : 寫入檔案：C:\Users\User\Desktop\Trans\Assessment_Result\\20241101_143908\src\PMART.REMD_FACT_DEPAMT_SUM.sql
2024-11-01 14:39:08 [INFO] : 讀取檔案：C:\Users\User\Desktop\Trans\Target\PMART.REMD_FACT_GRP_SUM.sql
2024-11-01 14:39:08 [DEBUG] : 清理註解
2024-11-01 14:39:08 [DEBUG] : 開始捕獲語法
2024-11-01 14:39:08 [DEBUG] : 	分類：DDL
2024-11-01 14:39:09 [DEBUG] : 轉換完成
2024-11-01 14:39:09 [INFO] : 產生檔案：C:\Users\User\Desktop\Trans\Assessment_Result\\20241101_143908\src\PMART.REMD_FACT_GRP_SUM.sql
2024-11-01 14:39:09 [INFO] : 寫入檔案：C:\Users\User\Desktop\Trans\Assessment_Result\\20241101_143908\src\PMART.REMD_FACT_GRP_SUM.sql
2024-11-01 14:39:09 [INFO] : 讀取檔案：C:\Users\User\Desktop\Trans\Target\PMART.REMD_FACT_MONTH.sql
2024-11-01 14:39:09 [DEBUG] : 清理註解
2024-11-01 14:39:09 [DEBUG] : 開始捕獲語法
2024-11-01 14:39:09 [DEBUG] : 	分類：DDL
2024-11-01 14:39:09 [DEBUG] : 轉換完成
2024-11-01 14:39:09 [INFO] : 產生檔案：C:\Users\User\Desktop\Trans\Assessment_Result\\20241101_143908\src\PMART.REMD_FACT_MONTH.sql
2024-11-01 14:39:09 [INFO] : 寫入檔案：C:\Users\User\Desktop\Trans\Assessment_Result\\20241101_143908\src\PMART.REMD_FACT_MONTH.sql
2024-11-01 14:39:09 [INFO] : 讀取檔案：C:\Users\User\Desktop\Trans\Target\PMART.REMD_FACT_MONTH_SUM.sql
2024-11-01 14:39:09 [DEBUG] : 清理註解
2024-11-01 14:39:09 [DEBUG] : 開始捕獲語法
2024-11-01 14:39:09 [DEBUG] : 	分類：DDL
2024-11-01 14:39:09 [DEBUG] : 轉換完成
2024-11-01 14:39:09 [INFO] : 產生檔案：C:\Users\User\Desktop\Trans\Assessment_Result\\20241101_143908\src\PMART.REMD_FACT_MONTH_SUM.sql
2024-11-01 14:39:09 [INFO] : 寫入檔案：C:\Users\User\Desktop\Trans\Assessment_Result\\20241101_143908\src\PMART.REMD_FACT_MONTH_SUM.sql
2024-11-01 14:39:09 [INFO] : 讀取檔案：C:\Users\User\Desktop\Trans\Target\PMART.REMD_FACT_NCIG.sql
2024-11-01 14:39:09 [DEBUG] : 清理註解
2024-11-01 14:39:09 [DEBUG] : 開始捕獲語法
2024-11-01 14:39:09 [DEBUG] : 	分類：DDL
2024-11-01 14:39:09 [DEBUG] : 轉換完成
2024-11-01 14:39:09 [INFO] : 產生檔案：C:\Users\User\Desktop\Trans\Assessment_Result\\20241101_143908\src\PMART.REMD_FACT_NCIG.sql
2024-11-01 14:39:09 [INFO] : 寫入檔案：C:\Users\User\Desktop\Trans\Assessment_Result\\20241101_143908\src\PMART.REMD_FACT_NCIG.sql
2024-11-01 14:39:09 [INFO] : 讀取檔案：C:\Users\User\Desktop\Trans\Target\PMART.REMD_FACT_STYPE_SUM.sql
2024-11-01 14:39:09 [DEBUG] : 清理註解
2024-11-01 14:39:09 [DEBUG] : 開始捕獲語法
2024-11-01 14:39:09 [DEBUG] : 	分類：DDL
2024-11-01 14:39:09 [DEBUG] : 轉換完成
2024-11-01 14:39:09 [INFO] : 產生檔案：C:\Users\User\Desktop\Trans\Assessment_Result\\20241101_143908\src\PMART.REMD_FACT_STYPE_SUM.sql
2024-11-01 14:39:09 [INFO] : 寫入檔案：C:\Users\User\Desktop\Trans\Assessment_Result\\20241101_143908\src\PMART.REMD_FACT_STYPE_SUM.sql
2024-11-01 14:39:09 [INFO] : 讀取檔案：C:\Users\User\Desktop\Trans\Target\PMART.REMD_FACT_SUM_NCIG.sql
2024-11-01 14:39:09 [DEBUG] : 清理註解
2024-11-01 14:39:09 [DEBUG] : 開始捕獲語法
2024-11-01 14:39:09 [DEBUG] : 	分類：DDL
2024-11-01 14:39:09 [DEBUG] : 轉換完成
2024-11-01 14:39:09 [INFO] : 產生檔案：C:\Users\User\Desktop\Trans\Assessment_Result\\20241101_143908\src\PMART.REMD_FACT_SUM_NCIG.sql
2024-11-01 14:39:09 [INFO] : 寫入檔案：C:\Users\User\Desktop\Trans\Assessment_Result\\20241101_143908\src\PMART.REMD_FACT_SUM_NCIG.sql
2024-11-01 14:39:09 [INFO] : 讀取檔案：C:\Users\User\Desktop\Trans\Target\PMART.REMD_GRP_D.sql
2024-11-01 14:39:09 [DEBUG] : 清理註解
2024-11-01 14:39:09 [DEBUG] : 開始捕獲語法
2024-11-01 14:39:09 [DEBUG] : 	分類：DDL
2024-11-01 14:39:09 [DEBUG] : 轉換完成
2024-11-01 14:39:09 [INFO] : 產生檔案：C:\Users\User\Desktop\Trans\Assessment_Result\\20241101_143908\src\PMART.REMD_GRP_D.sql
2024-11-01 14:39:09 [INFO] : 寫入檔案：C:\Users\User\Desktop\Trans\Assessment_Result\\20241101_143908\src\PMART.REMD_GRP_D.sql
2024-11-01 14:39:09 [INFO] : 讀取檔案：C:\Users\User\Desktop\Trans\Target\PMART.REMD_GRP_M.sql
2024-11-01 14:39:09 [DEBUG] : 清理註解
2024-11-01 14:39:09 [DEBUG] : 開始捕獲語法
2024-11-01 14:39:09 [DEBUG] : 	分類：DDL
2024-11-01 14:39:09 [DEBUG] : 轉換完成
2024-11-01 14:39:09 [INFO] : 產生檔案：C:\Users\User\Desktop\Trans\Assessment_Result\\20241101_143908\src\PMART.REMD_GRP_M.sql
2024-11-01 14:39:09 [INFO] : 寫入檔案：C:\Users\User\Desktop\Trans\Assessment_Result\\20241101_143908\src\PMART.REMD_GRP_M.sql
2024-11-01 14:39:09 [INFO] : 讀取檔案：C:\Users\User\Desktop\Trans\Target\PMART.TSC_REMD_FACT_30D.sql
2024-11-01 14:39:09 [DEBUG] : 清理註解
2024-11-01 14:39:09 [DEBUG] : 開始捕獲語法
2024-11-01 14:39:09 [DEBUG] : 	分類：DDL
2024-11-01 14:39:09 [DEBUG] : 轉換完成
2024-11-01 14:39:09 [INFO] : 產生檔案：C:\Users\User\Desktop\Trans\Assessment_Result\\20241101_143908\src\PMART.TSC_REMD_FACT_30D.sql
2024-11-01 14:39:09 [INFO] : 寫入檔案：C:\Users\User\Desktop\Trans\Assessment_Result\\20241101_143908\src\PMART.TSC_REMD_FACT_30D.sql
2024-11-01 14:39:09 [INFO] : 讀取檔案：C:\Users\User\Desktop\Trans\Target\PSTAGE.DS_REMD0300_R6_CHKERR.sql
2024-11-01 14:39:09 [DEBUG] : 清理註解
2024-11-01 14:39:09 [DEBUG] : 開始捕獲語法
2024-11-01 14:39:09 [DEBUG] : 	分類：DDL
2024-11-01 14:39:09 [DEBUG] : 轉換完成
2024-11-01 14:39:09 [INFO] : 產生檔案：C:\Users\User\Desktop\Trans\Assessment_Result\\20241101_143908\src\PSTAGE.DS_REMD0300_R6_CHKERR.sql
2024-11-01 14:39:09 [INFO] : 寫入檔案：C:\Users\User\Desktop\Trans\Assessment_Result\\20241101_143908\src\PSTAGE.DS_REMD0300_R6_CHKERR.sql
2024-11-01 14:39:09 [INFO] : 讀取檔案：C:\Users\User\Desktop\Trans\Target\PSTAGE.DS_REMD0300_R6_ERR.sql
2024-11-01 14:39:09 [DEBUG] : 清理註解
2024-11-01 14:39:09 [DEBUG] : 開始捕獲語法
2024-11-01 14:39:09 [DEBUG] : 	分類：DDL
2024-11-01 14:39:09 [DEBUG] : 轉換完成
2024-11-01 14:39:09 [INFO] : 產生檔案：C:\Users\User\Desktop\Trans\Assessment_Result\\20241101_143908\src\PSTAGE.DS_REMD0300_R6_ERR.sql
2024-11-01 14:39:09 [INFO] : 寫入檔案：C:\Users\User\Desktop\Trans\Assessment_Result\\20241101_143908\src\PSTAGE.DS_REMD0300_R6_ERR.sql
2024-11-01 14:39:09 [INFO] : 讀取檔案：C:\Users\User\Desktop\Trans\Target\PSTAGE.DS_REMD0300_R6_I1.sql
2024-11-01 14:39:09 [DEBUG] : 清理註解
2024-11-01 14:39:09 [DEBUG] : 開始捕獲語法
2024-11-01 14:39:09 [DEBUG] : 	分類：DDL
2024-11-01 14:39:09 [DEBUG] : 轉換完成
2024-11-01 14:39:09 [INFO] : 產生檔案：C:\Users\User\Desktop\Trans\Assessment_Result\\20241101_143908\src\PSTAGE.DS_REMD0300_R6_I1.sql
2024-11-01 14:39:09 [INFO] : 寫入檔案：C:\Users\User\Desktop\Trans\Assessment_Result\\20241101_143908\src\PSTAGE.DS_REMD0300_R6_I1.sql
2024-11-01 14:39:09 [INFO] : 讀取檔案：C:\Users\User\Desktop\Trans\Target\PSTAGE.DS_REMD0300_R6_I1CHK.sql
2024-11-01 14:39:09 [DEBUG] : 清理註解
2024-11-01 14:39:09 [DEBUG] : 開始捕獲語法
2024-11-01 14:39:09 [DEBUG] : 	分類：DDL
2024-11-01 14:39:09 [DEBUG] : 轉換完成
2024-11-01 14:39:09 [INFO] : 產生檔案：C:\Users\User\Desktop\Trans\Assessment_Result\\20241101_143908\src\PSTAGE.DS_REMD0300_R6_I1CHK.sql
2024-11-01 14:39:09 [INFO] : 寫入檔案：C:\Users\User\Desktop\Trans\Assessment_Result\\20241101_143908\src\PSTAGE.DS_REMD0300_R6_I1CHK.sql
2024-11-01 14:39:09 [INFO] : 讀取檔案：C:\Users\User\Desktop\Trans\Target\PSTAGE.ST_2096.sql
2024-11-01 14:39:09 [DEBUG] : 清理註解
2024-11-01 14:39:09 [DEBUG] : 開始捕獲語法
2024-11-01 14:39:09 [DEBUG] : 	分類：DDL
2024-11-01 14:39:09 [DEBUG] : 轉換完成
2024-11-01 14:39:09 [INFO] : 產生檔案：C:\Users\User\Desktop\Trans\Assessment_Result\\20241101_143908\src\PSTAGE.ST_2096.sql
2024-11-01 14:39:09 [INFO] : 寫入檔案：C:\Users\User\Desktop\Trans\Assessment_Result\\20241101_143908\src\PSTAGE.ST_2096.sql
2024-11-01 14:39:09 [INFO] : 轉換成功
2024-11-01 14:39:58 [INFO] : 開始轉換
2024-11-01 14:39:58 [INFO] : 取得資料目錄 : C:\Users\User\Desktop\Trans\Target\
2024-11-01 14:39:58 [INFO] : 取得產檔目錄 : C:\Users\User\Desktop\Trans\Assessment_Result\\20241101_143958\src\
2024-11-01 14:39:58 [INFO] : 取得檔案清單
2024-11-01 14:39:58 [INFO] : 讀取檔案：C:\Users\User\Desktop\Trans\Target\PDATA.DCM_WEAT_INFO.sql
2024-11-01 14:39:58 [DEBUG] : 清理註解
2024-11-01 14:39:58 [DEBUG] : 開始捕獲語法
2024-11-01 14:39:58 [DEBUG] : 	分類：DDL
2024-11-01 14:39:58 [DEBUG] : 轉換完成
2024-11-01 14:39:58 [INFO] : 產生檔案：C:\Users\User\Desktop\Trans\Assessment_Result\\20241101_143958\src\PDATA.DCM_WEAT_INFO.sql
2024-11-01 14:39:58 [INFO] : 寫入檔案：C:\Users\User\Desktop\Trans\Assessment_Result\\20241101_143958\src\PDATA.DCM_WEAT_INFO.sql
2024-11-01 14:39:58 [INFO] : 讀取檔案：C:\Users\User\Desktop\Trans\Target\PDATA.DEPAMT_WEAT_AREA.sql
2024-11-01 14:39:58 [DEBUG] : 清理註解
2024-11-01 14:39:58 [DEBUG] : 開始捕獲語法
2024-11-01 14:39:58 [DEBUG] : 	分類：DDL
2024-11-01 14:39:58 [DEBUG] : 轉換完成
2024-11-01 14:39:58 [INFO] : 產生檔案：C:\Users\User\Desktop\Trans\Assessment_Result\\20241101_143958\src\PDATA.DEPAMT_WEAT_AREA.sql
2024-11-01 14:39:58 [INFO] : 寫入檔案：C:\Users\User\Desktop\Trans\Assessment_Result\\20241101_143958\src\PDATA.DEPAMT_WEAT_AREA.sql
2024-11-01 14:39:58 [INFO] : 讀取檔案：C:\Users\User\Desktop\Trans\Target\PDATA.OSTORE_WEAT.sql
2024-11-01 14:39:58 [DEBUG] : 清理註解
2024-11-01 14:39:58 [DEBUG] : 開始捕獲語法
2024-11-01 14:39:58 [DEBUG] : 	分類：DDL
2024-11-01 14:39:58 [DEBUG] : 轉換完成
2024-11-01 14:39:58 [INFO] : 產生檔案：C:\Users\User\Desktop\Trans\Assessment_Result\\20241101_143958\src\PDATA.OSTORE_WEAT.sql
2024-11-01 14:39:58 [INFO] : 寫入檔案：C:\Users\User\Desktop\Trans\Assessment_Result\\20241101_143958\src\PDATA.OSTORE_WEAT.sql
2024-11-01 14:39:58 [INFO] : 讀取檔案：C:\Users\User\Desktop\Trans\Target\PMART.BASIC_OST_FACT.sql
2024-11-01 14:39:58 [DEBUG] : 清理註解
2024-11-01 14:39:58 [DEBUG] : 開始捕獲語法
2024-11-01 14:39:58 [DEBUG] : 	分類：DDL
2024-11-01 14:39:58 [DEBUG] : 轉換完成
2024-11-01 14:39:58 [INFO] : 產生檔案：C:\Users\User\Desktop\Trans\Assessment_Result\\20241101_143958\src\PMART.BASIC_OST_FACT.sql
2024-11-01 14:39:58 [INFO] : 寫入檔案：C:\Users\User\Desktop\Trans\Assessment_Result\\20241101_143958\src\PMART.BASIC_OST_FACT.sql
2024-11-01 14:39:58 [INFO] : 讀取檔案：C:\Users\User\Desktop\Trans\Target\PMART.BASIC_SFACT.sql
2024-11-01 14:39:58 [DEBUG] : 清理註解
2024-11-01 14:39:58 [DEBUG] : 開始捕獲語法
2024-11-01 14:39:58 [DEBUG] : 	分類：DDL
2024-11-01 14:39:58 [DEBUG] : 轉換完成
2024-11-01 14:39:58 [INFO] : 產生檔案：C:\Users\User\Desktop\Trans\Assessment_Result\\20241101_143958\src\PMART.BASIC_SFACT.sql
2024-11-01 14:39:58 [INFO] : 寫入檔案：C:\Users\User\Desktop\Trans\Assessment_Result\\20241101_143958\src\PMART.BASIC_SFACT.sql
2024-11-01 14:39:58 [INFO] : 讀取檔案：C:\Users\User\Desktop\Trans\Target\PMART.MGA_1_5_REMD_DEPT.sql
2024-11-01 14:39:58 [DEBUG] : 清理註解
2024-11-01 14:39:58 [DEBUG] : 開始捕獲語法
2024-11-01 14:39:58 [DEBUG] : 	分類：DDL
2024-11-01 14:39:58 [DEBUG] : 轉換完成
2024-11-01 14:39:58 [INFO] : 產生檔案：C:\Users\User\Desktop\Trans\Assessment_Result\\20241101_143958\src\PMART.MGA_1_5_REMD_DEPT.sql
2024-11-01 14:39:58 [INFO] : 寫入檔案：C:\Users\User\Desktop\Trans\Assessment_Result\\20241101_143958\src\PMART.MGA_1_5_REMD_DEPT.sql
2024-11-01 14:39:58 [INFO] : 讀取檔案：C:\Users\User\Desktop\Trans\Target\PMART.OST_DETAIL.sql
2024-11-01 14:39:58 [DEBUG] : 清理註解
2024-11-01 14:39:58 [DEBUG] : 開始捕獲語法
2024-11-01 14:39:58 [DEBUG] : 	分類：DDL
2024-11-01 14:39:58 [DEBUG] : 轉換完成
2024-11-01 14:39:58 [INFO] : 產生檔案：C:\Users\User\Desktop\Trans\Assessment_Result\\20241101_143958\src\PMART.OST_DETAIL.sql
2024-11-01 14:39:58 [INFO] : 寫入檔案：C:\Users\User\Desktop\Trans\Assessment_Result\\20241101_143958\src\PMART.OST_DETAIL.sql
2024-11-01 14:39:58 [INFO] : 讀取檔案：C:\Users\User\Desktop\Trans\Target\PMART.REMD_CHK.sql
2024-11-01 14:39:58 [DEBUG] : 清理註解
2024-11-01 14:39:58 [DEBUG] : 開始捕獲語法
2024-11-01 14:39:58 [DEBUG] : 	分類：DDL
2024-11-01 14:39:58 [DEBUG] : 轉換完成
2024-11-01 14:39:58 [INFO] : 產生檔案：C:\Users\User\Desktop\Trans\Assessment_Result\\20241101_143958\src\PMART.REMD_CHK.sql
2024-11-01 14:39:58 [INFO] : 寫入檔案：C:\Users\User\Desktop\Trans\Assessment_Result\\20241101_143958\src\PMART.REMD_CHK.sql
2024-11-01 14:39:58 [INFO] : 讀取檔案：C:\Users\User\Desktop\Trans\Target\PMART.REMD_FACT.sql
2024-11-01 14:39:58 [DEBUG] : 清理註解
2024-11-01 14:39:58 [DEBUG] : 開始捕獲語法
2024-11-01 14:39:58 [DEBUG] : 	分類：DDL
2024-11-01 14:39:58 [DEBUG] : 轉換完成
2024-11-01 14:39:58 [INFO] : 產生檔案：C:\Users\User\Desktop\Trans\Assessment_Result\\20241101_143958\src\PMART.REMD_FACT.sql
2024-11-01 14:39:58 [INFO] : 寫入檔案：C:\Users\User\Desktop\Trans\Assessment_Result\\20241101_143958\src\PMART.REMD_FACT.sql
2024-11-01 14:39:58 [INFO] : 讀取檔案：C:\Users\User\Desktop\Trans\Target\PMART.REMD_FACT_DEPAMT.sql
2024-11-01 14:39:58 [DEBUG] : 清理註解
2024-11-01 14:39:58 [DEBUG] : 開始捕獲語法
2024-11-01 14:39:58 [DEBUG] : 	分類：DDL
2024-11-01 14:39:58 [DEBUG] : 轉換完成
2024-11-01 14:39:58 [INFO] : 產生檔案：C:\Users\User\Desktop\Trans\Assessment_Result\\20241101_143958\src\PMART.REMD_FACT_DEPAMT.sql
2024-11-01 14:39:58 [INFO] : 寫入檔案：C:\Users\User\Desktop\Trans\Assessment_Result\\20241101_143958\src\PMART.REMD_FACT_DEPAMT.sql
2024-11-01 14:39:58 [INFO] : 讀取檔案：C:\Users\User\Desktop\Trans\Target\PMART.REMD_FACT_DEPAMT_SUM.sql
2024-11-01 14:39:58 [DEBUG] : 清理註解
2024-11-01 14:39:58 [DEBUG] : 開始捕獲語法
2024-11-01 14:39:58 [DEBUG] : 	分類：DDL
2024-11-01 14:39:58 [DEBUG] : 轉換完成
2024-11-01 14:39:58 [INFO] : 產生檔案：C:\Users\User\Desktop\Trans\Assessment_Result\\20241101_143958\src\PMART.REMD_FACT_DEPAMT_SUM.sql
2024-11-01 14:39:58 [INFO] : 寫入檔案：C:\Users\User\Desktop\Trans\Assessment_Result\\20241101_143958\src\PMART.REMD_FACT_DEPAMT_SUM.sql
2024-11-01 14:39:58 [INFO] : 讀取檔案：C:\Users\User\Desktop\Trans\Target\PMART.REMD_FACT_GRP_SUM.sql
2024-11-01 14:39:58 [DEBUG] : 清理註解
2024-11-01 14:39:58 [DEBUG] : 開始捕獲語法
2024-11-01 14:39:58 [DEBUG] : 	分類：DDL
2024-11-01 14:39:58 [DEBUG] : 轉換完成
2024-11-01 14:39:58 [INFO] : 產生檔案：C:\Users\User\Desktop\Trans\Assessment_Result\\20241101_143958\src\PMART.REMD_FACT_GRP_SUM.sql
2024-11-01 14:39:58 [INFO] : 寫入檔案：C:\Users\User\Desktop\Trans\Assessment_Result\\20241101_143958\src\PMART.REMD_FACT_GRP_SUM.sql
2024-11-01 14:39:58 [INFO] : 讀取檔案：C:\Users\User\Desktop\Trans\Target\PMART.REMD_FACT_MONTH.sql
2024-11-01 14:39:58 [DEBUG] : 清理註解
2024-11-01 14:39:58 [DEBUG] : 開始捕獲語法
2024-11-01 14:39:58 [DEBUG] : 	分類：DDL
2024-11-01 14:39:58 [DEBUG] : 轉換完成
2024-11-01 14:39:58 [INFO] : 產生檔案：C:\Users\User\Desktop\Trans\Assessment_Result\\20241101_143958\src\PMART.REMD_FACT_MONTH.sql
2024-11-01 14:39:58 [INFO] : 寫入檔案：C:\Users\User\Desktop\Trans\Assessment_Result\\20241101_143958\src\PMART.REMD_FACT_MONTH.sql
2024-11-01 14:39:58 [INFO] : 讀取檔案：C:\Users\User\Desktop\Trans\Target\PMART.REMD_FACT_MONTH_SUM.sql
2024-11-01 14:39:58 [DEBUG] : 清理註解
2024-11-01 14:39:58 [DEBUG] : 開始捕獲語法
2024-11-01 14:39:58 [DEBUG] : 	分類：DDL
2024-11-01 14:39:58 [DEBUG] : 轉換完成
2024-11-01 14:39:58 [INFO] : 產生檔案：C:\Users\User\Desktop\Trans\Assessment_Result\\20241101_143958\src\PMART.REMD_FACT_MONTH_SUM.sql
2024-11-01 14:39:58 [INFO] : 寫入檔案：C:\Users\User\Desktop\Trans\Assessment_Result\\20241101_143958\src\PMART.REMD_FACT_MONTH_SUM.sql
2024-11-01 14:39:58 [INFO] : 讀取檔案：C:\Users\User\Desktop\Trans\Target\PMART.REMD_FACT_NCIG.sql
2024-11-01 14:39:58 [DEBUG] : 清理註解
2024-11-01 14:39:58 [DEBUG] : 開始捕獲語法
2024-11-01 14:39:58 [DEBUG] : 	分類：DDL
2024-11-01 14:39:58 [DEBUG] : 轉換完成
2024-11-01 14:39:58 [INFO] : 產生檔案：C:\Users\User\Desktop\Trans\Assessment_Result\\20241101_143958\src\PMART.REMD_FACT_NCIG.sql
2024-11-01 14:39:58 [INFO] : 寫入檔案：C:\Users\User\Desktop\Trans\Assessment_Result\\20241101_143958\src\PMART.REMD_FACT_NCIG.sql
2024-11-01 14:39:58 [INFO] : 讀取檔案：C:\Users\User\Desktop\Trans\Target\PMART.REMD_FACT_STYPE_SUM.sql
2024-11-01 14:39:58 [DEBUG] : 清理註解
2024-11-01 14:39:58 [DEBUG] : 開始捕獲語法
2024-11-01 14:39:58 [DEBUG] : 	分類：DDL
2024-11-01 14:39:58 [DEBUG] : 轉換完成
2024-11-01 14:39:58 [INFO] : 產生檔案：C:\Users\User\Desktop\Trans\Assessment_Result\\20241101_143958\src\PMART.REMD_FACT_STYPE_SUM.sql
2024-11-01 14:39:58 [INFO] : 寫入檔案：C:\Users\User\Desktop\Trans\Assessment_Result\\20241101_143958\src\PMART.REMD_FACT_STYPE_SUM.sql
2024-11-01 14:39:58 [INFO] : 讀取檔案：C:\Users\User\Desktop\Trans\Target\PMART.REMD_FACT_SUM_NCIG.sql
2024-11-01 14:39:58 [DEBUG] : 清理註解
2024-11-01 14:39:58 [DEBUG] : 開始捕獲語法
2024-11-01 14:39:58 [DEBUG] : 	分類：DDL
2024-11-01 14:39:58 [DEBUG] : 轉換完成
2024-11-01 14:39:58 [INFO] : 產生檔案：C:\Users\User\Desktop\Trans\Assessment_Result\\20241101_143958\src\PMART.REMD_FACT_SUM_NCIG.sql
2024-11-01 14:39:58 [INFO] : 寫入檔案：C:\Users\User\Desktop\Trans\Assessment_Result\\20241101_143958\src\PMART.REMD_FACT_SUM_NCIG.sql
2024-11-01 14:39:58 [INFO] : 讀取檔案：C:\Users\User\Desktop\Trans\Target\PMART.REMD_GRP_D.sql
2024-11-01 14:39:58 [DEBUG] : 清理註解
2024-11-01 14:39:58 [DEBUG] : 開始捕獲語法
2024-11-01 14:39:58 [DEBUG] : 	分類：DDL
2024-11-01 14:39:58 [DEBUG] : 轉換完成
2024-11-01 14:39:58 [INFO] : 產生檔案：C:\Users\User\Desktop\Trans\Assessment_Result\\20241101_143958\src\PMART.REMD_GRP_D.sql
2024-11-01 14:39:58 [INFO] : 寫入檔案：C:\Users\User\Desktop\Trans\Assessment_Result\\20241101_143958\src\PMART.REMD_GRP_D.sql
2024-11-01 14:39:58 [INFO] : 讀取檔案：C:\Users\User\Desktop\Trans\Target\PMART.REMD_GRP_M.sql
2024-11-01 14:39:58 [DEBUG] : 清理註解
2024-11-01 14:39:58 [DEBUG] : 開始捕獲語法
2024-11-01 14:39:58 [DEBUG] : 	分類：DDL
2024-11-01 14:39:58 [DEBUG] : 轉換完成
2024-11-01 14:39:58 [INFO] : 產生檔案：C:\Users\User\Desktop\Trans\Assessment_Result\\20241101_143958\src\PMART.REMD_GRP_M.sql
2024-11-01 14:39:58 [INFO] : 寫入檔案：C:\Users\User\Desktop\Trans\Assessment_Result\\20241101_143958\src\PMART.REMD_GRP_M.sql
2024-11-01 14:39:58 [INFO] : 讀取檔案：C:\Users\User\Desktop\Trans\Target\PMART.TSC_REMD_FACT_30D.sql
2024-11-01 14:39:58 [DEBUG] : 清理註解
2024-11-01 14:39:58 [DEBUG] : 開始捕獲語法
2024-11-01 14:39:58 [DEBUG] : 	分類：DDL
2024-11-01 14:39:58 [DEBUG] : 轉換完成
2024-11-01 14:39:58 [INFO] : 產生檔案：C:\Users\User\Desktop\Trans\Assessment_Result\\20241101_143958\src\PMART.TSC_REMD_FACT_30D.sql
2024-11-01 14:39:58 [INFO] : 寫入檔案：C:\Users\User\Desktop\Trans\Assessment_Result\\20241101_143958\src\PMART.TSC_REMD_FACT_30D.sql
2024-11-01 14:39:58 [INFO] : 讀取檔案：C:\Users\User\Desktop\Trans\Target\PSTAGE.DS_REMD0300_R6_CHKERR.sql
2024-11-01 14:39:58 [DEBUG] : 清理註解
2024-11-01 14:39:58 [DEBUG] : 開始捕獲語法
2024-11-01 14:39:58 [DEBUG] : 	分類：DDL
2024-11-01 14:39:58 [DEBUG] : 轉換完成
2024-11-01 14:39:58 [INFO] : 產生檔案：C:\Users\User\Desktop\Trans\Assessment_Result\\20241101_143958\src\PSTAGE.DS_REMD0300_R6_CHKERR.sql
2024-11-01 14:39:58 [INFO] : 寫入檔案：C:\Users\User\Desktop\Trans\Assessment_Result\\20241101_143958\src\PSTAGE.DS_REMD0300_R6_CHKERR.sql
2024-11-01 14:39:58 [INFO] : 讀取檔案：C:\Users\User\Desktop\Trans\Target\PSTAGE.DS_REMD0300_R6_ERR.sql
2024-11-01 14:39:58 [DEBUG] : 清理註解
2024-11-01 14:39:58 [DEBUG] : 開始捕獲語法
2024-11-01 14:39:58 [DEBUG] : 	分類：DDL
2024-11-01 14:39:58 [DEBUG] : 轉換完成
2024-11-01 14:39:58 [INFO] : 產生檔案：C:\Users\User\Desktop\Trans\Assessment_Result\\20241101_143958\src\PSTAGE.DS_REMD0300_R6_ERR.sql
2024-11-01 14:39:58 [INFO] : 寫入檔案：C:\Users\User\Desktop\Trans\Assessment_Result\\20241101_143958\src\PSTAGE.DS_REMD0300_R6_ERR.sql
2024-11-01 14:39:58 [INFO] : 讀取檔案：C:\Users\User\Desktop\Trans\Target\PSTAGE.DS_REMD0300_R6_I1.sql
2024-11-01 14:39:58 [DEBUG] : 清理註解
2024-11-01 14:39:58 [DEBUG] : 開始捕獲語法
2024-11-01 14:39:58 [DEBUG] : 	分類：DDL
2024-11-01 14:39:58 [DEBUG] : 轉換完成
2024-11-01 14:39:58 [INFO] : 產生檔案：C:\Users\User\Desktop\Trans\Assessment_Result\\20241101_143958\src\PSTAGE.DS_REMD0300_R6_I1.sql
2024-11-01 14:39:58 [INFO] : 寫入檔案：C:\Users\User\Desktop\Trans\Assessment_Result\\20241101_143958\src\PSTAGE.DS_REMD0300_R6_I1.sql
2024-11-01 14:39:58 [INFO] : 讀取檔案：C:\Users\User\Desktop\Trans\Target\PSTAGE.DS_REMD0300_R6_I1CHK.sql
2024-11-01 14:39:58 [DEBUG] : 清理註解
2024-11-01 14:39:58 [DEBUG] : 開始捕獲語法
2024-11-01 14:39:58 [DEBUG] : 	分類：DDL
2024-11-01 14:39:58 [DEBUG] : 轉換完成
2024-11-01 14:39:58 [INFO] : 產生檔案：C:\Users\User\Desktop\Trans\Assessment_Result\\20241101_143958\src\PSTAGE.DS_REMD0300_R6_I1CHK.sql
2024-11-01 14:39:58 [INFO] : 寫入檔案：C:\Users\User\Desktop\Trans\Assessment_Result\\20241101_143958\src\PSTAGE.DS_REMD0300_R6_I1CHK.sql
2024-11-01 14:39:58 [INFO] : 讀取檔案：C:\Users\User\Desktop\Trans\Target\PSTAGE.ST_2096.sql
2024-11-01 14:39:58 [DEBUG] : 清理註解
2024-11-01 14:39:58 [DEBUG] : 開始捕獲語法
2024-11-01 14:39:58 [DEBUG] : 	分類：DDL
2024-11-01 14:39:58 [DEBUG] : 轉換完成
2024-11-01 14:39:58 [INFO] : 產生檔案：C:\Users\User\Desktop\Trans\Assessment_Result\\20241101_143958\src\PSTAGE.ST_2096.sql
2024-11-01 14:39:58 [INFO] : 寫入檔案：C:\Users\User\Desktop\Trans\Assessment_Result\\20241101_143958\src\PSTAGE.ST_2096.sql
2024-11-01 14:39:58 [INFO] : 轉換成功
2024-11-01 16:07:06 [INFO] : 執行項目：FM
2024-11-01 16:18:45 [INFO] : 執行項目：FM
2024-11-01 16:18:56 [INFO] : 讀取檔案：sec.txt
2024-11-01 16:19:04 [INFO] : 開始轉換
2024-11-01 16:19:04 [INFO] : 取得資料目錄 : C:\Users\User\Desktop\Trans\Target\
2024-11-01 16:19:04 [INFO] : 取得產檔目錄 : C:\Users\User\Desktop\Trans\Assessment_Result\\20241101_161904\src\
2024-11-01 16:19:04 [INFO] : 取得檔案清單
2024-11-01 16:19:04 [INFO] : 讀取檔案：C:\Users\User\Desktop\Trans\Target\PDATA.DCM_WEAT_INFO.sql
2024-11-01 16:19:17 [DEBUG] : 清理註解
2024-11-01 16:19:17 [DEBUG] : 開始捕獲語法
2024-11-01 16:19:17 [DEBUG] : 	分類：DDL
2024-11-01 16:19:17 [DEBUG] : 轉換完成
2024-11-01 16:19:17 [INFO] : 產生檔案：C:\Users\User\Desktop\Trans\Assessment_Result\\20241101_161904\src\PDATA.DCM_WEAT_INFO.sql
2024-11-01 16:19:17 [INFO] : 寫入檔案：C:\Users\User\Desktop\Trans\Assessment_Result\\20241101_161904\src\PDATA.DCM_WEAT_INFO.sql
2024-11-01 16:19:17 [INFO] : 讀取檔案：C:\Users\User\Desktop\Trans\Target\PDATA.DEPAMT_WEAT_AREA.sql
2024-11-01 16:19:41 [DEBUG] : 清理註解
2024-11-01 16:19:41 [DEBUG] : 開始捕獲語法
2024-11-01 16:19:41 [DEBUG] : 	分類：DDL
2024-11-01 17:54:16 [INFO] : 讀取檔案：.\config\Temp\fm\exp.tmp
2024-11-01 17:54:29 [INFO] : 開始產檔
2024-11-01 17:54:29 [INFO] : 取得資料目錄 : C:\Users\user\Desktop\Trans\T0\FastExportDDL 1.xlsx
2024-11-01 17:54:29 [INFO] : 取得產檔目錄 : C:\Users\User\Desktop\Trans\Assessment_Result\\20241101_175429\src\
2024-11-01 17:54:30 [INFO] : 正在開啟檔案，請稍後...
2024-11-01 17:54:31 [INFO] : 開始解析資料表設定
2024-11-01 17:54:31 [INFO] : 解析Table參數
2024-11-01 17:54:31 [INFO] : 解析完成，共 5 筆資料
2024-11-01 17:54:31 [INFO] : 解析Column參數
2024-11-01 17:54:31 [INFO] : 解析完成，共 93 筆資料
2024-11-01 17:54:31 [INFO] : 開始產檔
2024-11-01 17:54:31 [INFO] : 產生檔案：C:\Users\User\Desktop\Trans\Assessment_Result\\20241101_175429\src\orddetail_TXDATE1.btq
2024-11-01 17:54:31 [INFO] : 產生檔案：C:\Users\User\Desktop\Trans\Assessment_Result\\20241101_175429\src\orddetail_TXDATE1.btq
2024-11-01 17:54:31 [INFO] : 產生檔案：C:\Users\User\Desktop\Trans\Assessment_Result\\20241101_175429\src\inprddetail_TXDATE1.btq
2024-11-01 17:54:31 [INFO] : 產生檔案：C:\Users\User\Desktop\Trans\Assessment_Result\\20241101_175429\src\inprddetail_TXDATE1.btq
2024-11-01 17:54:31 [INFO] : 產生檔案：C:\Users\User\Desktop\Trans\Assessment_Result\\20241101_175429\src\salesdetail_TXDATE1.btq
2024-11-01 17:54:31 [INFO] : 產生檔案：C:\Users\User\Desktop\Trans\Assessment_Result\\20241101_175429\src\salesdetail_TXDATE1.btq
2024-11-01 17:54:31 [INFO] : 產生檔案：C:\Users\User\Desktop\Trans\Assessment_Result\\20241101_175429\src\transprddetail_TXDATE1.btq
2024-11-01 17:54:31 [INFO] : 產生檔案：C:\Users\User\Desktop\Trans\Assessment_Result\\20241101_175429\src\transprddetail_TXDATE1.btq
2024-11-01 17:54:31 [INFO] : 產生檔案：C:\Users\User\Desktop\Trans\Assessment_Result\\20241101_175429\src\retprddetail_TXDATE1.btq
2024-11-01 17:54:31 [INFO] : 產生檔案：C:\Users\User\Desktop\Trans\Assessment_Result\\20241101_175429\src\retprddetail_TXDATE1.btq
2024-11-01 17:54:31 [INFO] : 產檔成功，共 5 筆資料
2024-11-01 17:55:49 [INFO] : 讀取檔案：.\config\Temp\fm\exp.tmp
2024-11-01 17:55:51 [INFO] : 開始產檔
2024-11-01 17:55:51 [INFO] : 取得資料目錄 : C:\Users\user\Desktop\Trans\T0\FastExportDDL 1.xlsx
2024-11-01 17:55:51 [INFO] : 取得產檔目錄 : C:\Users\User\Desktop\Trans\Assessment_Result\\20241101_175551\src\
2024-11-01 17:55:51 [INFO] : 正在開啟檔案，請稍後...
2024-11-01 17:55:52 [INFO] : 開始解析資料表設定
2024-11-01 17:55:52 [INFO] : 解析Table參數
2024-11-01 17:55:52 [INFO] : 解析完成，共 5 筆資料
2024-11-01 17:55:52 [INFO] : 解析Column參數
2024-11-01 17:55:52 [INFO] : 解析完成，共 93 筆資料
2024-11-01 17:55:52 [INFO] : 開始產檔
2024-11-01 17:55:52 [INFO] : 產生檔案：C:\Users\User\Desktop\Trans\Assessment_Result\\20241101_175551\src\orddetail_TXDATE1.btq
2024-11-01 17:55:52 [INFO] : 產生檔案：C:\Users\User\Desktop\Trans\Assessment_Result\\20241101_175551\src\orddetail_TXDATE1.btq
2024-11-01 17:55:52 [INFO] : 產生檔案：C:\Users\User\Desktop\Trans\Assessment_Result\\20241101_175551\src\inprddetail_TXDATE1.btq
2024-11-01 17:55:52 [INFO] : 產生檔案：C:\Users\User\Desktop\Trans\Assessment_Result\\20241101_175551\src\inprddetail_TXDATE1.btq
2024-11-01 17:55:52 [INFO] : 產生檔案：C:\Users\User\Desktop\Trans\Assessment_Result\\20241101_175551\src\salesdetail_TXDATE1.btq
2024-11-01 17:55:52 [INFO] : 產生檔案：C:\Users\User\Desktop\Trans\Assessment_Result\\20241101_175551\src\salesdetail_TXDATE1.btq
2024-11-01 17:55:52 [INFO] : 產生檔案：C:\Users\User\Desktop\Trans\Assessment_Result\\20241101_175551\src\transprddetail_TXDATE1.btq
2024-11-01 17:55:52 [INFO] : 產生檔案：C:\Users\User\Desktop\Trans\Assessment_Result\\20241101_175551\src\transprddetail_TXDATE1.btq
2024-11-01 17:55:52 [INFO] : 產生檔案：C:\Users\User\Desktop\Trans\Assessment_Result\\20241101_175551\src\retprddetail_TXDATE1.btq
2024-11-01 17:55:52 [INFO] : 產生檔案：C:\Users\User\Desktop\Trans\Assessment_Result\\20241101_175551\src\retprddetail_TXDATE1.btq
2024-11-01 17:55:52 [INFO] : 產檔成功，共 5 筆資料
2024-11-01 17:56:41 [INFO] : 讀取檔案：.\config\Temp\fm\exp.tmp
2024-11-01 17:56:41 [INFO] : 開始產檔
2024-11-01 17:56:41 [INFO] : 取得資料目錄 : C:\Users\user\Desktop\Trans\T0\FastExportDDL 1.xlsx
2024-11-01 17:56:41 [INFO] : 取得產檔目錄 : C:\Users\User\Desktop\Trans\Assessment_Result\\20241101_175641\src\
2024-11-01 17:56:41 [INFO] : 正在開啟檔案，請稍後...
2024-11-01 17:56:43 [INFO] : 開始解析資料表設定
2024-11-01 17:56:43 [INFO] : 解析Table參數
2024-11-01 17:56:43 [INFO] : 解析完成，共 5 筆資料
2024-11-01 17:56:43 [INFO] : 解析Column參數
2024-11-01 17:56:43 [INFO] : 解析完成，共 93 筆資料
2024-11-01 17:56:43 [INFO] : 開始產檔
2024-11-01 17:56:43 [INFO] : 產生檔案：C:\Users\User\Desktop\Trans\Assessment_Result\\20241101_175641\src\orddetail_TXDATE1.btq
2024-11-01 17:56:43 [INFO] : 產生檔案：C:\Users\User\Desktop\Trans\Assessment_Result\\20241101_175641\src\orddetail_TXDATE1.btq
2024-11-01 17:56:43 [INFO] : 產生檔案：C:\Users\User\Desktop\Trans\Assessment_Result\\20241101_175641\src\inprddetail_TXDATE1.btq
2024-11-01 17:56:43 [INFO] : 產生檔案：C:\Users\User\Desktop\Trans\Assessment_Result\\20241101_175641\src\inprddetail_TXDATE1.btq
2024-11-01 17:56:43 [INFO] : 產生檔案：C:\Users\User\Desktop\Trans\Assessment_Result\\20241101_175641\src\salesdetail_TXDATE1.btq
2024-11-01 17:56:43 [INFO] : 產生檔案：C:\Users\User\Desktop\Trans\Assessment_Result\\20241101_175641\src\salesdetail_TXDATE1.btq
2024-11-01 17:56:43 [INFO] : 產生檔案：C:\Users\User\Desktop\Trans\Assessment_Result\\20241101_175641\src\transprddetail_TXDATE1.btq
2024-11-01 17:56:43 [INFO] : 產生檔案：C:\Users\User\Desktop\Trans\Assessment_Result\\20241101_175641\src\transprddetail_TXDATE1.btq
2024-11-01 17:56:43 [INFO] : 產生檔案：C:\Users\User\Desktop\Trans\Assessment_Result\\20241101_175641\src\retprddetail_TXDATE1.btq
2024-11-01 17:56:43 [INFO] : 產生檔案：C:\Users\User\Desktop\Trans\Assessment_Result\\20241101_175641\src\retprddetail_TXDATE1.btq
2024-11-01 17:56:43 [INFO] : 產檔成功，共 5 筆資料
2024-11-01 17:57:56 [INFO] : 開始產檔
2024-11-01 17:57:56 [INFO] : 取得資料目錄 : C:\Users\user\Desktop\Trans\T0\FastExportDDL 1.xlsx
2024-11-01 17:57:56 [INFO] : 取得產檔目錄 : C:\Users\User\Desktop\Trans\Assessment_Result\\20241101_175756\src\
2024-11-01 17:57:56 [INFO] : 正在開啟檔案，請稍後...
2024-11-01 17:57:56 [INFO] : 開始解析資料表設定
2024-11-01 17:57:56 [INFO] : 解析Table參數
2024-11-01 17:57:56 [INFO] : 解析完成，共 5 筆資料
2024-11-01 17:57:56 [INFO] : 解析Column參數
2024-11-01 17:57:56 [INFO] : 解析完成，共 93 筆資料
2024-11-01 17:57:56 [INFO] : 開始產檔
2024-11-01 17:57:56 [INFO] : 產生檔案：C:\Users\User\Desktop\Trans\Assessment_Result\\20241101_175756\src\orddetail_TXDATE1.btq
2024-11-01 17:57:56 [INFO] : 產生檔案：C:\Users\User\Desktop\Trans\Assessment_Result\\20241101_175756\src\orddetail_TXDATE1.btq
2024-11-01 17:57:56 [INFO] : 產生檔案：C:\Users\User\Desktop\Trans\Assessment_Result\\20241101_175756\src\inprddetail_TXDATE1.btq
2024-11-01 17:57:56 [INFO] : 產生檔案：C:\Users\User\Desktop\Trans\Assessment_Result\\20241101_175756\src\inprddetail_TXDATE1.btq
2024-11-01 17:57:56 [INFO] : 產生檔案：C:\Users\User\Desktop\Trans\Assessment_Result\\20241101_175756\src\salesdetail_TXDATE1.btq
2024-11-01 17:57:56 [INFO] : 產生檔案：C:\Users\User\Desktop\Trans\Assessment_Result\\20241101_175756\src\salesdetail_TXDATE1.btq
2024-11-01 17:57:56 [INFO] : 產生檔案：C:\Users\User\Desktop\Trans\Assessment_Result\\20241101_175756\src\transprddetail_TXDATE1.btq
2024-11-01 17:57:56 [INFO] : 產生檔案：C:\Users\User\Desktop\Trans\Assessment_Result\\20241101_175756\src\transprddetail_TXDATE1.btq
2024-11-01 17:57:56 [INFO] : 產生檔案：C:\Users\User\Desktop\Trans\Assessment_Result\\20241101_175756\src\retprddetail_TXDATE1.btq
2024-11-01 17:57:56 [INFO] : 產生檔案：C:\Users\User\Desktop\Trans\Assessment_Result\\20241101_175756\src\retprddetail_TXDATE1.btq
2024-11-01 17:57:56 [INFO] : 產檔成功，共 5 筆資料
