2024-10-29 09:42:56 [INFO] : 讀取檔案：.\config\Temp\fm\exp.tmp
2024-10-29 09:43:00 [INFO] : 開始產檔
2024-10-29 09:43:00 [INFO] : 取得資料目錄 : C:\Users\user\Desktop\Trans\Target\FastExportDDL 4.xlsx
2024-10-29 09:43:00 [INFO] : 取得產檔目錄 : C:\Users\User\Desktop\Trans\Assessment_Result\\20241029_094300\src\
2024-10-29 09:43:00 [INFO] : 正在開啟檔案，請稍後...
2024-10-29 09:43:02 [INFO] : 開始解析資料表設定
2024-10-29 09:43:02 [INFO] : 解析Table參數
2024-10-29 09:43:02 [INFO] : 解析完成，共 5 筆資料
2024-10-29 09:43:02 [INFO] : 解析Column參數
2024-10-29 09:43:02 [INFO] : 解析完成，共 93 筆資料
2024-10-29 09:43:02 [INFO] : 開始產檔
2024-10-29 09:43:02 [INFO] : 產生檔案：C:\Users\User\Desktop\Trans\Assessment_Result\\20241029_094300\src\orddetail_4YM.btq
2024-10-29 09:43:02 [INFO] : 產生檔案：C:\Users\User\Desktop\Trans\Assessment_Result\\20241029_094300\src\orddetail_4YM.btq
2024-10-29 09:43:02 [INFO] : 產生檔案：C:\Users\User\Desktop\Trans\Assessment_Result\\20241029_094300\src\inprddetail_4YM.btq
2024-10-29 09:43:02 [INFO] : 產生檔案：C:\Users\User\Desktop\Trans\Assessment_Result\\20241029_094300\src\inprddetail_4YM.btq
2024-10-29 09:43:02 [INFO] : 產生檔案：C:\Users\User\Desktop\Trans\Assessment_Result\\20241029_094300\src\salesdetail_4YM.btq
2024-10-29 09:43:02 [INFO] : 產生檔案：C:\Users\User\Desktop\Trans\Assessment_Result\\20241029_094300\src\salesdetail_4YM.btq
2024-10-29 09:43:02 [INFO] : 產生檔案：C:\Users\User\Desktop\Trans\Assessment_Result\\20241029_094300\src\transprddetail_4YM.btq
2024-10-29 09:43:02 [INFO] : 產生檔案：C:\Users\User\Desktop\Trans\Assessment_Result\\20241029_094300\src\transprddetail_4YM.btq
2024-10-29 09:43:02 [INFO] : 產生檔案：C:\Users\User\Desktop\Trans\Assessment_Result\\20241029_094300\src\retprddetail_4YM.btq
2024-10-29 09:43:02 [INFO] : 產生檔案：C:\Users\User\Desktop\Trans\Assessment_Result\\20241029_094300\src\retprddetail_4YM.btq
2024-10-29 09:43:02 [INFO] : 產檔成功，共 5 筆資料
2024-10-29 09:44:55 [INFO] : 讀取檔案：.\config\Temp\fm\exp.tmp
2024-10-29 09:44:57 [INFO] : 開始產檔
2024-10-29 09:44:57 [INFO] : 取得資料目錄 : C:\Users\user\Desktop\Trans\Target\FastExportDDL 4.xlsx
2024-10-29 09:44:57 [INFO] : 取得產檔目錄 : C:\Users\User\Desktop\Trans\Assessment_Result\\20241029_094457\src\
2024-10-29 09:44:57 [INFO] : 正在開啟檔案，請稍後...
2024-10-29 09:44:58 [INFO] : 開始解析資料表設定
2024-10-29 09:44:58 [INFO] : 解析Table參數
2024-10-29 09:44:58 [INFO] : 解析完成，共 5 筆資料
2024-10-29 09:44:58 [INFO] : 解析Column參數
2024-10-29 09:44:58 [INFO] : 解析完成，共 93 筆資料
2024-10-29 09:44:58 [INFO] : 開始產檔
2024-10-29 09:44:58 [INFO] : 產生檔案：C:\Users\User\Desktop\Trans\Assessment_Result\\20241029_094457\src\orddetail_4YM.btq
2024-10-29 09:44:58 [INFO] : 產生檔案：C:\Users\User\Desktop\Trans\Assessment_Result\\20241029_094457\src\orddetail_4YM.btq
2024-10-29 09:44:58 [INFO] : 產生檔案：C:\Users\User\Desktop\Trans\Assessment_Result\\20241029_094457\src\inprddetail_4YM.btq
2024-10-29 09:44:58 [INFO] : 產生檔案：C:\Users\User\Desktop\Trans\Assessment_Result\\20241029_094457\src\inprddetail_4YM.btq
2024-10-29 09:44:58 [INFO] : 產生檔案：C:\Users\User\Desktop\Trans\Assessment_Result\\20241029_094457\src\salesdetail_4YM.btq
2024-10-29 09:44:58 [INFO] : 產生檔案：C:\Users\User\Desktop\Trans\Assessment_Result\\20241029_094457\src\salesdetail_4YM.btq
2024-10-29 09:44:58 [INFO] : 產生檔案：C:\Users\User\Desktop\Trans\Assessment_Result\\20241029_094457\src\transprddetail_4YM.btq
2024-10-29 09:44:58 [INFO] : 產生檔案：C:\Users\User\Desktop\Trans\Assessment_Result\\20241029_094457\src\transprddetail_4YM.btq
2024-10-29 09:44:58 [INFO] : 產生檔案：C:\Users\User\Desktop\Trans\Assessment_Result\\20241029_094457\src\retprddetail_4YM.btq
2024-10-29 09:44:58 [INFO] : 產生檔案：C:\Users\User\Desktop\Trans\Assessment_Result\\20241029_094457\src\retprddetail_4YM.btq
2024-10-29 09:44:58 [INFO] : 產檔成功，共 5 筆資料
2024-10-29 09:46:01 [INFO] : 讀取檔案：.\config\Temp\fm\exp.tmp
2024-10-29 09:46:02 [INFO] : 開始產檔
2024-10-29 09:46:02 [INFO] : 取得資料目錄 : C:\Users\user\Desktop\Trans\Target\FastExportDDL 4.xlsx
2024-10-29 09:46:02 [INFO] : 取得產檔目錄 : C:\Users\User\Desktop\Trans\Assessment_Result\\20241029_094602\src\
2024-10-29 09:46:02 [INFO] : 正在開啟檔案，請稍後...
2024-10-29 09:46:03 [INFO] : 開始解析資料表設定
2024-10-29 09:46:03 [INFO] : 解析Table參數
2024-10-29 09:46:03 [INFO] : 解析完成，共 5 筆資料
2024-10-29 09:46:03 [INFO] : 解析Column參數
2024-10-29 09:46:03 [INFO] : 解析完成，共 93 筆資料
2024-10-29 09:46:03 [INFO] : 開始產檔
2024-10-29 09:46:41 [INFO] : 開始產檔
2024-10-29 09:46:41 [INFO] : 取得資料目錄 : C:\Users\user\Desktop\Trans\Target\FastExportDDL 4.xlsx
2024-10-29 09:46:41 [INFO] : 取得產檔目錄 : C:\Users\User\Desktop\Trans\Assessment_Result\\20241029_094641\src\
2024-10-29 09:46:41 [INFO] : 正在開啟檔案，請稍後...
2024-10-29 09:46:42 [INFO] : 開始解析資料表設定
2024-10-29 09:46:42 [INFO] : 解析Table參數
2024-10-29 09:46:42 [INFO] : 解析完成，共 5 筆資料
2024-10-29 09:46:42 [INFO] : 解析Column參數
2024-10-29 09:46:42 [INFO] : 解析完成，共 93 筆資料
2024-10-29 09:46:42 [INFO] : 開始產檔
2024-10-29 09:47:00 [INFO] : 產生檔案：C:\Users\User\Desktop\Trans\Assessment_Result\\20241029_094641\src\orddetail_4YM.btq
2024-10-29 09:47:00 [INFO] : 產生檔案：C:\Users\User\Desktop\Trans\Assessment_Result\\20241029_094641\src\orddetail_4YM.btq
2024-10-29 09:47:04 [INFO] : 產生檔案：C:\Users\User\Desktop\Trans\Assessment_Result\\20241029_094641\src\inprddetail_4YM.btq
2024-10-29 09:47:04 [INFO] : 產生檔案：C:\Users\User\Desktop\Trans\Assessment_Result\\20241029_094641\src\inprddetail_4YM.btq
2024-10-29 09:47:04 [INFO] : 產生檔案：C:\Users\User\Desktop\Trans\Assessment_Result\\20241029_094641\src\salesdetail_4YM.btq
2024-10-29 09:47:04 [INFO] : 產生檔案：C:\Users\User\Desktop\Trans\Assessment_Result\\20241029_094641\src\salesdetail_4YM.btq
2024-10-29 09:47:04 [INFO] : 產生檔案：C:\Users\User\Desktop\Trans\Assessment_Result\\20241029_094641\src\transprddetail_4YM.btq
2024-10-29 09:47:04 [INFO] : 產生檔案：C:\Users\User\Desktop\Trans\Assessment_Result\\20241029_094641\src\transprddetail_4YM.btq
2024-10-29 09:47:04 [INFO] : 產生檔案：C:\Users\User\Desktop\Trans\Assessment_Result\\20241029_094641\src\retprddetail_4YM.btq
2024-10-29 09:47:04 [INFO] : 產生檔案：C:\Users\User\Desktop\Trans\Assessment_Result\\20241029_094641\src\retprddetail_4YM.btq
2024-10-29 09:47:04 [INFO] : 產檔成功，共 5 筆資料
2024-10-29 09:47:39 [INFO] : 讀取檔案：.\config\Temp\fm\exp.tmp
2024-10-29 09:47:40 [INFO] : 開始產檔
2024-10-29 09:47:40 [INFO] : 取得資料目錄 : C:\Users\user\Desktop\Trans\Target\FastExportDDL 4.xlsx
2024-10-29 09:47:40 [INFO] : 取得產檔目錄 : C:\Users\User\Desktop\Trans\Assessment_Result\\20241029_094740\src\
2024-10-29 09:47:40 [INFO] : 正在開啟檔案，請稍後...
2024-10-29 09:47:41 [INFO] : 開始解析資料表設定
2024-10-29 09:47:41 [INFO] : 解析Table參數
2024-10-29 09:47:41 [INFO] : 解析完成，共 5 筆資料
2024-10-29 09:47:41 [INFO] : 解析Column參數
2024-10-29 09:47:41 [INFO] : 解析完成，共 93 筆資料
2024-10-29 09:47:41 [INFO] : 開始產檔
2024-10-29 09:47:41 [INFO] : 產生檔案：C:\Users\User\Desktop\Trans\Assessment_Result\\20241029_094740\src\orddetail_4YM.btq
2024-10-29 09:47:41 [INFO] : 產生檔案：C:\Users\User\Desktop\Trans\Assessment_Result\\20241029_094740\src\orddetail_4YM.btq
2024-10-29 09:47:41 [INFO] : 產生檔案：C:\Users\User\Desktop\Trans\Assessment_Result\\20241029_094740\src\inprddetail_4YM.btq
2024-10-29 09:47:41 [INFO] : 產生檔案：C:\Users\User\Desktop\Trans\Assessment_Result\\20241029_094740\src\inprddetail_4YM.btq
2024-10-29 09:47:41 [INFO] : 產生檔案：C:\Users\User\Desktop\Trans\Assessment_Result\\20241029_094740\src\salesdetail_4YM.btq
2024-10-29 09:47:41 [INFO] : 產生檔案：C:\Users\User\Desktop\Trans\Assessment_Result\\20241029_094740\src\salesdetail_4YM.btq
2024-10-29 09:47:41 [INFO] : 產生檔案：C:\Users\User\Desktop\Trans\Assessment_Result\\20241029_094740\src\transprddetail_4YM.btq
2024-10-29 09:47:41 [INFO] : 產生檔案：C:\Users\User\Desktop\Trans\Assessment_Result\\20241029_094740\src\transprddetail_4YM.btq
2024-10-29 09:47:41 [INFO] : 產生檔案：C:\Users\User\Desktop\Trans\Assessment_Result\\20241029_094740\src\retprddetail_4YM.btq
2024-10-29 09:47:41 [INFO] : 產生檔案：C:\Users\User\Desktop\Trans\Assessment_Result\\20241029_094740\src\retprddetail_4YM.btq
2024-10-29 09:47:41 [INFO] : 產檔成功，共 5 筆資料
