2024-11-05 09:58:37 [INFO] : 執行項目：SF_SP
2024-11-05 09:58:39 [INFO] : 讀取檔案：C:\Users\User\Desktop\Trans\Target\sp\PMART.COMPACTMONTH.sql
2024-11-05 09:58:39 [WARN] : 出現無法辨識的SQL語句
2024-11-05 09:58:39 [INFO] : 讀取檔案：C:\Users\User\Desktop\Trans\Target\sp\PMART.COMPACTMONTH_NCIG.sql
2024-11-05 09:58:39 [WARN] : 出現無法辨識的SQL語句
2024-11-05 09:58:39 [INFO] : 讀取檔案：C:\Users\User\Desktop\Trans\Target\sp\PMART.FILLBLANK.sql
2024-11-05 09:58:39 [WARN] : 出現無法辨識的SQL語句
2024-11-05 09:58:39 [INFO] : 讀取檔案：C:\Users\User\Desktop\Trans\Target\sp\PMART.FILLBLANK_NCIG.sql
2024-11-05 09:58:39 [WARN] : 出現無法辨識的SQL語句
2024-11-05 09:58:39 [INFO] : 讀取檔案：C:\Users\User\Desktop\Trans\Target\sp\PMART.MSGSOUR_DEP_FUNC.sql
2024-11-05 09:58:39 [WARN] : 出現無法辨識的SQL語句
2024-11-05 09:58:39 [INFO] : 讀取檔案：C:\Users\User\Desktop\Trans\Target\sp\PMART.NEWFILLBLANK.sql
2024-11-05 09:58:39 [WARN] : 出現無法辨識的SQL語句
2024-11-05 09:58:39 [INFO] : 讀取檔案：C:\Users\User\Desktop\Trans\Target\sp\PMART.NEWFILLBLANK_NCIG.sql
2024-11-05 09:58:39 [WARN] : 出現無法辨識的SQL語句
2024-11-05 09:58:39 [INFO] : 讀取檔案：C:\Users\User\Desktop\Trans\Target\sp\PMART.REMD_CIG_CUSTNUM.sql
2024-11-05 09:58:39 [WARN] : 出現無法辨識的SQL語句
2024-11-05 09:58:39 [INFO] : 讀取檔案：C:\Users\User\Desktop\Trans\Target\sp\PMART.REMD_EX_TRANSFER.sql
2024-11-05 09:58:39 [WARN] : 出現無法辨識的SQL語句
2024-11-05 09:58:39 [INFO] : 讀取檔案：C:\Users\User\Desktop\Trans\Target\sp\PMART.REMD_EX_TRANSFER_NCIG.sql
2024-11-05 09:58:39 [WARN] : 出現無法辨識的SQL語句
2024-11-05 09:58:39 [INFO] : 讀取檔案：C:\Users\User\Desktop\Trans\Target\sp\PMART.REMD_R6_COMPACT.sql
2024-11-05 09:58:39 [WARN] : 出現無法辨識的SQL語句
2024-11-05 09:58:39 [INFO] : 讀取檔案：C:\Users\User\Desktop\Trans\Target\sp\PMART.REMD_R6_COMPACT_NCIG.sql
2024-11-05 09:58:39 [WARN] : 出現無法辨識的SQL語句
2024-11-05 09:58:39 [INFO] : 讀取檔案：C:\Users\User\Desktop\Trans\Target\sp\PMART.REMD_S1_TOT_FUNC.sql
2024-11-05 09:58:39 [WARN] : 出現無法辨識的SQL語句
2024-11-05 09:58:39 [DEBUG] : 	分類：DDL
2024-11-05 09:58:39 [DEBUG] : 		細分：CTAS
2024-11-05 09:58:39 [DEBUG] : transduceSelectSQL
2024-11-05 09:58:39 [DEBUG] : 	changeSample
2024-11-05 09:58:39 [DEBUG] : 	easyReplaceSelect
2024-11-05 09:58:39 [DEBUG] : 	changeIndex
2024-11-05 09:58:39 [DEBUG] : 	changeRollUp
2024-11-05 09:58:39 [DEBUG] : 轉換完成
2024-11-05 09:58:39 [INFO] : 讀取檔案：C:\Users\User\Desktop\Trans\Target\sp\PMART.REMD_S2_TOT_FUNC.sql
2024-11-05 09:58:39 [WARN] : 出現無法辨識的SQL語句
2024-11-05 09:58:39 [DEBUG] : 	分類：DDL
2024-11-05 09:58:39 [DEBUG] : 		細分：CTAS
2024-11-05 09:58:39 [DEBUG] : transduceSelectSQL
2024-11-05 09:58:39 [DEBUG] : 	changeSample
2024-11-05 09:58:39 [DEBUG] : 	easyReplaceSelect
2024-11-05 09:58:39 [DEBUG] : 	changeIndex
2024-11-05 09:58:39 [DEBUG] : 	changeRollUp
2024-11-05 09:58:39 [DEBUG] : 轉換完成
2024-11-05 09:58:39 [INFO] : 讀取檔案：C:\Users\User\Desktop\Trans\Target\sp\PMART.REMD_S3_TOT_FUNC.sql
2024-11-05 09:58:39 [WARN] : 出現無法辨識的SQL語句
2024-11-05 09:58:39 [DEBUG] : 	分類：DDL
2024-11-05 09:58:39 [DEBUG] : 		細分：CTAS
2024-11-05 09:58:39 [DEBUG] : transduceSelectSQL
2024-11-05 09:58:39 [DEBUG] : 	changeSample
2024-11-05 09:58:39 [DEBUG] : 	easyReplaceSelect
2024-11-05 09:58:39 [DEBUG] : 	changeIndex
2024-11-05 09:58:39 [DEBUG] : 	changeRollUp
2024-11-05 09:58:39 [DEBUG] : 	changeSample
2024-11-05 09:58:39 [DEBUG] : 	easyReplaceSelect
2024-11-05 09:58:39 [DEBUG] : 	changeIndex
2024-11-05 09:58:39 [DEBUG] : 	changeRollUp
2024-11-05 09:58:39 [DEBUG] : 轉換完成
2024-11-05 09:58:39 [INFO] : 讀取檔案：C:\Users\User\Desktop\Trans\Target\sp\PMART.REMD_S4_TOT_FUNC.sql
2024-11-05 09:58:39 [WARN] : 出現無法辨識的SQL語句
2024-11-05 09:58:39 [DEBUG] : 	分類：DDL
2024-11-05 09:58:39 [DEBUG] : 		細分：CTAS
2024-11-05 09:58:39 [DEBUG] : transduceSelectSQL
2024-11-05 09:58:39 [DEBUG] : 	changeSample
2024-11-05 09:58:39 [DEBUG] : 	easyReplaceSelect
2024-11-05 09:58:39 [DEBUG] : 	changeIndex
2024-11-05 09:58:39 [DEBUG] : 	changeRollUp
2024-11-05 09:58:39 [DEBUG] : 	changeSample
2024-11-05 09:58:39 [DEBUG] : 	easyReplaceSelect
2024-11-05 09:58:39 [DEBUG] : 	changeIndex
2024-11-05 09:58:39 [DEBUG] : 	changeRollUp
2024-11-05 09:58:39 [DEBUG] : 	changeSample
2024-11-05 09:58:39 [DEBUG] : 	easyReplaceSelect
2024-11-05 09:58:39 [DEBUG] : 	changeIndex
2024-11-05 09:58:39 [DEBUG] : 	changeRollUp
2024-11-05 09:58:39 [DEBUG] : 	changeSample
2024-11-05 09:58:39 [DEBUG] : 	easyReplaceSelect
2024-11-05 09:58:39 [DEBUG] : 	changeIndex
2024-11-05 09:58:39 [DEBUG] : 	changeRollUp
2024-11-05 09:58:39 [DEBUG] : 轉換完成
2024-11-05 09:58:39 [INFO] : 讀取檔案：C:\Users\User\Desktop\Trans\Target\sp\PMART.REMD_SCAL_PDEPT_FUNC.sql
2024-11-05 09:58:40 [WARN] : 出現無法辨識的SQL語句
2024-11-05 09:58:40 [DEBUG] : 	分類：DDL
2024-11-05 09:58:40 [DEBUG] : 		細分：CTAS
2024-11-05 09:58:40 [DEBUG] : transduceSelectSQL
2024-11-05 09:58:40 [DEBUG] : 	changeSample
2024-11-05 09:58:40 [DEBUG] : 	easyReplaceSelect
2024-11-05 09:58:40 [DEBUG] : 	changeIndex
2024-11-05 09:58:40 [DEBUG] : 	changeRollUp
2024-11-05 09:58:40 [DEBUG] : 	changeSample
2024-11-05 09:58:40 [DEBUG] : 	easyReplaceSelect
2024-11-05 09:58:40 [DEBUG] : 	changeIndex
2024-11-05 09:58:40 [DEBUG] : 	changeRollUp
2024-11-05 09:58:40 [DEBUG] : 	changeSample
2024-11-05 09:58:40 [DEBUG] : 	easyReplaceSelect
2024-11-05 09:58:40 [DEBUG] : 	changeIndex
2024-11-05 09:58:40 [DEBUG] : 	changeRollUp
2024-11-05 09:58:40 [DEBUG] : 轉換完成
2024-11-05 09:58:40 [INFO] : 讀取檔案：C:\Users\User\Desktop\Trans\Target\sp\PMART.REMD_SCAL_TOT_FUNC.sql
2024-11-05 09:58:40 [WARN] : 出現無法辨識的SQL語句
2024-11-05 09:58:40 [DEBUG] : 	分類：DDL
2024-11-05 09:58:40 [DEBUG] : 		細分：CTAS
2024-11-05 09:58:40 [DEBUG] : transduceSelectSQL
2024-11-05 09:58:40 [DEBUG] : 	changeSample
2024-11-05 09:58:40 [DEBUG] : 	easyReplaceSelect
2024-11-05 09:58:40 [DEBUG] : 	changeIndex
2024-11-05 09:58:40 [DEBUG] : 	changeRollUp
2024-11-05 09:58:40 [DEBUG] : 	changeSample
2024-11-05 09:58:40 [DEBUG] : 	easyReplaceSelect
2024-11-05 09:58:40 [DEBUG] : 	changeIndex
2024-11-05 09:58:40 [DEBUG] : 	changeRollUp
2024-11-05 09:58:40 [DEBUG] : 	changeSample
2024-11-05 09:58:40 [DEBUG] : 	easyReplaceSelect
2024-11-05 09:58:40 [DEBUG] : 	changeIndex
2024-11-05 09:58:40 [DEBUG] : 	changeRollUp
2024-11-05 09:58:40 [DEBUG] : 	changeSample
2024-11-05 09:58:40 [DEBUG] : 	easyReplaceSelect
2024-11-05 09:58:40 [DEBUG] : 	changeIndex
2024-11-05 09:58:40 [DEBUG] : 	changeRollUp
2024-11-05 09:58:40 [DEBUG] : 	changeSample
2024-11-05 09:58:40 [DEBUG] : 	easyReplaceSelect
2024-11-05 09:58:40 [DEBUG] : 	changeIndex
2024-11-05 09:58:40 [DEBUG] : 	changeRollUp
2024-11-05 09:58:40 [DEBUG] : 	changeSample
2024-11-05 09:58:40 [DEBUG] : 	easyReplaceSelect
2024-11-05 09:58:40 [DEBUG] : 	changeIndex
2024-11-05 09:58:40 [DEBUG] : 	changeRollUp
2024-11-05 09:58:40 [DEBUG] : 轉換完成
2024-11-05 09:58:40 [INFO] : 讀取檔案：C:\Users\User\Desktop\Trans\Target\sp\PMART.REMD_SC_COMPACT.sql
2024-11-05 09:58:40 [WARN] : 出現無法辨識的SQL語句
2024-11-05 09:58:40 [INFO] : 讀取檔案：C:\Users\User\Desktop\Trans\Target\sp\PMART.REMD_SER_CUSTNUM.sql
2024-11-05 09:58:40 [WARN] : 出現無法辨識的SQL語句
2024-11-05 09:58:40 [INFO] : 讀取檔案：C:\Users\User\Desktop\Trans\Target\sp\PMART.REMD_ST_TOT_FUNC.sql
2024-11-05 09:58:40 [WARN] : 出現無法辨識的SQL語句
2024-11-05 09:58:40 [DEBUG] : 	分類：DDL
2024-11-05 09:58:40 [DEBUG] : 		細分：CTAS
2024-11-05 09:58:40 [DEBUG] : transduceSelectSQL
2024-11-05 09:58:40 [DEBUG] : 	changeSample
2024-11-05 09:58:40 [DEBUG] : 	easyReplaceSelect
2024-11-05 09:58:40 [DEBUG] : 	changeIndex
2024-11-05 09:58:40 [DEBUG] : 	changeRollUp
2024-11-05 09:58:40 [DEBUG] : 轉換完成
2024-11-05 09:58:40 [INFO] : 產生檔案：C:\Users\User\Desktop\Trans\Assessment_Result\20241105_095839\sp\PMART.COMPACTMONTH.sql
2024-11-05 09:58:40 [INFO] : 產生檔案：C:\Users\User\Desktop\Trans\Assessment_Result\20241105_095839\sp\PMART.COMPACTMONTH_NCIG.sql
2024-11-05 09:58:40 [INFO] : 產生檔案：C:\Users\User\Desktop\Trans\Assessment_Result\20241105_095839\sp\PMART.FILLBLANK.sql
2024-11-05 09:58:40 [INFO] : 產生檔案：C:\Users\User\Desktop\Trans\Assessment_Result\20241105_095839\sp\PMART.FILLBLANK_NCIG.sql
2024-11-05 09:58:40 [INFO] : 產生檔案：C:\Users\User\Desktop\Trans\Assessment_Result\20241105_095839\sp\PMART.MSGSOUR_DEP_FUNC.sql
2024-11-05 09:58:40 [INFO] : 產生檔案：C:\Users\User\Desktop\Trans\Assessment_Result\20241105_095839\sp\PMART.NEWFILLBLANK.sql
2024-11-05 09:58:41 [INFO] : 產生檔案：C:\Users\User\Desktop\Trans\Assessment_Result\20241105_095839\sp\PMART.NEWFILLBLANK_NCIG.sql
2024-11-05 09:58:41 [INFO] : 產生檔案：C:\Users\User\Desktop\Trans\Assessment_Result\20241105_095839\sp\PMART.REMD_CIG_CUSTNUM.sql
2024-11-05 09:58:41 [INFO] : 產生檔案：C:\Users\User\Desktop\Trans\Assessment_Result\20241105_095839\sp\PMART.REMD_EX_TRANSFER.sql
2024-11-05 09:58:41 [INFO] : 產生檔案：C:\Users\User\Desktop\Trans\Assessment_Result\20241105_095839\sp\PMART.REMD_EX_TRANSFER_NCIG.sql
2024-11-05 09:58:41 [INFO] : 產生檔案：C:\Users\User\Desktop\Trans\Assessment_Result\20241105_095839\sp\PMART.REMD_R6_COMPACT.sql
2024-11-05 09:58:41 [INFO] : 產生檔案：C:\Users\User\Desktop\Trans\Assessment_Result\20241105_095839\sp\PMART.REMD_R6_COMPACT_NCIG.sql
2024-11-05 09:58:41 [INFO] : 產生檔案：C:\Users\User\Desktop\Trans\Assessment_Result\20241105_095839\sp\PMART.REMD_S1_TOT_FUNC.sql
2024-11-05 09:58:41 [INFO] : 產生檔案：C:\Users\User\Desktop\Trans\Assessment_Result\20241105_095839\sp\PMART.REMD_S2_TOT_FUNC.sql
2024-11-05 09:58:41 [INFO] : 產生檔案：C:\Users\User\Desktop\Trans\Assessment_Result\20241105_095839\sp\PMART.REMD_S3_TOT_FUNC.sql
2024-11-05 09:58:41 [INFO] : 產生檔案：C:\Users\User\Desktop\Trans\Assessment_Result\20241105_095839\sp\PMART.REMD_S4_TOT_FUNC.sql
2024-11-05 09:58:41 [INFO] : 產生檔案：C:\Users\User\Desktop\Trans\Assessment_Result\20241105_095839\sp\PMART.REMD_SCAL_PDEPT_FUNC.sql
2024-11-05 09:58:41 [INFO] : 產生檔案：C:\Users\User\Desktop\Trans\Assessment_Result\20241105_095839\sp\PMART.REMD_SCAL_TOT_FUNC.sql
2024-11-05 09:58:41 [INFO] : 產生檔案：C:\Users\User\Desktop\Trans\Assessment_Result\20241105_095839\sp\PMART.REMD_SC_COMPACT.sql
2024-11-05 09:58:41 [INFO] : 產生檔案：C:\Users\User\Desktop\Trans\Assessment_Result\20241105_095839\sp\PMART.REMD_SER_CUSTNUM.sql
2024-11-05 09:58:41 [INFO] : 產生檔案：C:\Users\User\Desktop\Trans\Assessment_Result\20241105_095839\sp\PMART.REMD_ST_TOT_FUNC.sql
2024-11-05 09:58:41 [INFO] : 轉換完成
2024-11-05 10:27:39 [INFO] : 執行項目：SF_SP
2024-11-05 10:27:40 [INFO] : 讀取檔案：C:\Users\User\Desktop\Trans\Target\sp\PMART.COMPACTMONTH.sql
2024-11-05 10:27:40 [WARN] : 出現無法辨識的SQL語句
2024-11-05 10:27:40 [INFO] : 讀取檔案：C:\Users\User\Desktop\Trans\Target\sp\PMART.COMPACTMONTH_NCIG.sql
2024-11-05 10:27:40 [WARN] : 出現無法辨識的SQL語句
2024-11-05 10:27:40 [INFO] : 讀取檔案：C:\Users\User\Desktop\Trans\Target\sp\PMART.FILLBLANK.sql
2024-11-05 10:27:40 [WARN] : 出現無法辨識的SQL語句
2024-11-05 10:27:40 [INFO] : 讀取檔案：C:\Users\User\Desktop\Trans\Target\sp\PMART.FILLBLANK_NCIG.sql
2024-11-05 10:27:40 [WARN] : 出現無法辨識的SQL語句
2024-11-05 10:27:40 [INFO] : 讀取檔案：C:\Users\User\Desktop\Trans\Target\sp\PMART.MSGSOUR_DEP_FUNC.sql
2024-11-05 10:27:40 [WARN] : 出現無法辨識的SQL語句
2024-11-05 10:27:40 [INFO] : 讀取檔案：C:\Users\User\Desktop\Trans\Target\sp\PMART.NEWFILLBLANK.sql
2024-11-05 10:27:40 [WARN] : 出現無法辨識的SQL語句
2024-11-05 10:27:40 [INFO] : 讀取檔案：C:\Users\User\Desktop\Trans\Target\sp\PMART.NEWFILLBLANK_NCIG.sql
2024-11-05 10:27:40 [WARN] : 出現無法辨識的SQL語句
2024-11-05 10:27:41 [INFO] : 讀取檔案：C:\Users\User\Desktop\Trans\Target\sp\PMART.REMD_CIG_CUSTNUM.sql
2024-11-05 10:27:41 [WARN] : 出現無法辨識的SQL語句
2024-11-05 10:27:41 [INFO] : 讀取檔案：C:\Users\User\Desktop\Trans\Target\sp\PMART.REMD_EX_TRANSFER.sql
2024-11-05 10:27:41 [WARN] : 出現無法辨識的SQL語句
2024-11-05 10:27:41 [INFO] : 讀取檔案：C:\Users\User\Desktop\Trans\Target\sp\PMART.REMD_EX_TRANSFER_NCIG.sql
2024-11-05 10:27:41 [WARN] : 出現無法辨識的SQL語句
2024-11-05 10:27:41 [INFO] : 讀取檔案：C:\Users\User\Desktop\Trans\Target\sp\PMART.REMD_R6_COMPACT.sql
2024-11-05 10:27:41 [WARN] : 出現無法辨識的SQL語句
2024-11-05 10:27:41 [INFO] : 讀取檔案：C:\Users\User\Desktop\Trans\Target\sp\PMART.REMD_R6_COMPACT_NCIG.sql
2024-11-05 10:27:41 [WARN] : 出現無法辨識的SQL語句
2024-11-05 10:27:41 [INFO] : 讀取檔案：C:\Users\User\Desktop\Trans\Target\sp\PMART.REMD_S1_TOT_FUNC.sql
2024-11-05 10:27:41 [WARN] : 出現無法辨識的SQL語句
2024-11-05 10:27:41 [DEBUG] : 	分類：DDL
2024-11-05 10:27:41 [DEBUG] : 		細分：CTAS
2024-11-05 10:27:41 [DEBUG] : transduceSelectSQL
2024-11-05 10:27:41 [DEBUG] : 	changeSample
2024-11-05 10:27:41 [DEBUG] : 	easyReplaceSelect
2024-11-05 10:27:41 [DEBUG] : 	changeIndex
2024-11-05 10:27:41 [DEBUG] : 	changeRollUp
2024-11-05 10:27:41 [DEBUG] : 轉換完成
2024-11-05 10:27:41 [INFO] : 讀取檔案：C:\Users\User\Desktop\Trans\Target\sp\PMART.REMD_S2_TOT_FUNC.sql
2024-11-05 10:27:41 [WARN] : 出現無法辨識的SQL語句
2024-11-05 10:27:41 [DEBUG] : 	分類：DDL
2024-11-05 10:27:41 [DEBUG] : 		細分：CTAS
2024-11-05 10:27:41 [DEBUG] : transduceSelectSQL
2024-11-05 10:27:41 [DEBUG] : 	changeSample
2024-11-05 10:27:41 [DEBUG] : 	easyReplaceSelect
2024-11-05 10:27:41 [DEBUG] : 	changeIndex
2024-11-05 10:27:41 [DEBUG] : 	changeRollUp
2024-11-05 10:27:41 [DEBUG] : 轉換完成
2024-11-05 10:27:41 [INFO] : 讀取檔案：C:\Users\User\Desktop\Trans\Target\sp\PMART.REMD_S3_TOT_FUNC.sql
2024-11-05 10:27:41 [WARN] : 出現無法辨識的SQL語句
2024-11-05 10:27:41 [DEBUG] : 	分類：DDL
2024-11-05 10:27:41 [DEBUG] : 		細分：CTAS
2024-11-05 10:27:41 [DEBUG] : transduceSelectSQL
2024-11-05 10:27:41 [DEBUG] : 	changeSample
2024-11-05 10:27:41 [DEBUG] : 	easyReplaceSelect
2024-11-05 10:27:41 [DEBUG] : 	changeIndex
2024-11-05 10:27:41 [DEBUG] : 	changeRollUp
2024-11-05 10:27:41 [DEBUG] : 	changeSample
2024-11-05 10:27:41 [DEBUG] : 	easyReplaceSelect
2024-11-05 10:27:41 [DEBUG] : 	changeIndex
2024-11-05 10:27:41 [DEBUG] : 	changeRollUp
2024-11-05 10:27:41 [DEBUG] : 轉換完成
2024-11-05 10:27:41 [INFO] : 讀取檔案：C:\Users\User\Desktop\Trans\Target\sp\PMART.REMD_S4_TOT_FUNC.sql
2024-11-05 10:27:41 [WARN] : 出現無法辨識的SQL語句
2024-11-05 10:27:41 [DEBUG] : 	分類：DDL
2024-11-05 10:27:41 [DEBUG] : 		細分：CTAS
2024-11-05 10:27:41 [DEBUG] : transduceSelectSQL
2024-11-05 10:27:41 [DEBUG] : 	changeSample
2024-11-05 10:27:41 [DEBUG] : 	easyReplaceSelect
2024-11-05 10:27:41 [DEBUG] : 	changeIndex
2024-11-05 10:27:41 [DEBUG] : 	changeRollUp
2024-11-05 10:27:41 [DEBUG] : 	changeSample
2024-11-05 10:27:41 [DEBUG] : 	easyReplaceSelect
2024-11-05 10:27:41 [DEBUG] : 	changeIndex
2024-11-05 10:27:41 [DEBUG] : 	changeRollUp
2024-11-05 10:27:41 [DEBUG] : 	changeSample
2024-11-05 10:27:41 [DEBUG] : 	easyReplaceSelect
2024-11-05 10:27:41 [DEBUG] : 	changeIndex
2024-11-05 10:27:41 [DEBUG] : 	changeRollUp
2024-11-05 10:27:41 [DEBUG] : 	changeSample
2024-11-05 10:27:41 [DEBUG] : 	easyReplaceSelect
2024-11-05 10:27:41 [DEBUG] : 	changeIndex
2024-11-05 10:27:41 [DEBUG] : 	changeRollUp
2024-11-05 10:27:41 [DEBUG] : 轉換完成
2024-11-05 10:27:41 [INFO] : 讀取檔案：C:\Users\User\Desktop\Trans\Target\sp\PMART.REMD_SCAL_PDEPT_FUNC.sql
2024-11-05 10:27:41 [WARN] : 出現無法辨識的SQL語句
2024-11-05 10:27:41 [DEBUG] : 	分類：DDL
2024-11-05 10:27:41 [DEBUG] : 		細分：CTAS
2024-11-05 10:27:41 [DEBUG] : transduceSelectSQL
2024-11-05 10:27:41 [DEBUG] : 	changeSample
2024-11-05 10:27:41 [DEBUG] : 	easyReplaceSelect
2024-11-05 10:27:41 [DEBUG] : 	changeIndex
2024-11-05 10:27:41 [DEBUG] : 	changeRollUp
2024-11-05 10:27:41 [DEBUG] : 	changeSample
2024-11-05 10:27:41 [DEBUG] : 	easyReplaceSelect
2024-11-05 10:27:41 [DEBUG] : 	changeIndex
2024-11-05 10:27:41 [DEBUG] : 	changeRollUp
2024-11-05 10:27:41 [DEBUG] : 	changeSample
2024-11-05 10:27:41 [DEBUG] : 	easyReplaceSelect
2024-11-05 10:27:41 [DEBUG] : 	changeIndex
2024-11-05 10:27:41 [DEBUG] : 	changeRollUp
2024-11-05 10:27:41 [DEBUG] : 轉換完成
2024-11-05 10:27:41 [INFO] : 讀取檔案：C:\Users\User\Desktop\Trans\Target\sp\PMART.REMD_SCAL_TOT_FUNC.sql
2024-11-05 10:27:42 [WARN] : 出現無法辨識的SQL語句
2024-11-05 10:27:42 [DEBUG] : 	分類：DDL
2024-11-05 10:27:42 [DEBUG] : 		細分：CTAS
2024-11-05 10:27:42 [DEBUG] : transduceSelectSQL
2024-11-05 10:27:42 [DEBUG] : 	changeSample
2024-11-05 10:27:42 [DEBUG] : 	easyReplaceSelect
2024-11-05 10:27:42 [DEBUG] : 	changeIndex
2024-11-05 10:27:42 [DEBUG] : 	changeRollUp
2024-11-05 10:27:42 [DEBUG] : 	changeSample
2024-11-05 10:27:42 [DEBUG] : 	easyReplaceSelect
2024-11-05 10:27:42 [DEBUG] : 	changeIndex
2024-11-05 10:27:42 [DEBUG] : 	changeRollUp
2024-11-05 10:27:42 [DEBUG] : 	changeSample
2024-11-05 10:27:42 [DEBUG] : 	easyReplaceSelect
2024-11-05 10:27:42 [DEBUG] : 	changeIndex
2024-11-05 10:27:42 [DEBUG] : 	changeRollUp
2024-11-05 10:27:42 [DEBUG] : 	changeSample
2024-11-05 10:27:42 [DEBUG] : 	easyReplaceSelect
2024-11-05 10:27:42 [DEBUG] : 	changeIndex
2024-11-05 10:27:42 [DEBUG] : 	changeRollUp
2024-11-05 10:27:42 [DEBUG] : 	changeSample
2024-11-05 10:27:42 [DEBUG] : 	easyReplaceSelect
2024-11-05 10:27:42 [DEBUG] : 	changeIndex
2024-11-05 10:27:42 [DEBUG] : 	changeRollUp
2024-11-05 10:27:42 [DEBUG] : 	changeSample
2024-11-05 10:27:42 [DEBUG] : 	easyReplaceSelect
2024-11-05 10:27:42 [DEBUG] : 	changeIndex
2024-11-05 10:27:42 [DEBUG] : 	changeRollUp
2024-11-05 10:27:42 [DEBUG] : 轉換完成
2024-11-05 10:27:42 [INFO] : 讀取檔案：C:\Users\User\Desktop\Trans\Target\sp\PMART.REMD_SC_COMPACT.sql
2024-11-05 10:27:42 [WARN] : 出現無法辨識的SQL語句
2024-11-05 10:27:42 [INFO] : 讀取檔案：C:\Users\User\Desktop\Trans\Target\sp\PMART.REMD_SER_CUSTNUM.sql
2024-11-05 10:27:42 [WARN] : 出現無法辨識的SQL語句
2024-11-05 10:27:42 [INFO] : 讀取檔案：C:\Users\User\Desktop\Trans\Target\sp\PMART.REMD_ST_TOT_FUNC.sql
2024-11-05 10:27:42 [WARN] : 出現無法辨識的SQL語句
2024-11-05 10:27:42 [DEBUG] : 	分類：DDL
2024-11-05 10:27:42 [DEBUG] : 		細分：CTAS
2024-11-05 10:27:42 [DEBUG] : transduceSelectSQL
2024-11-05 10:27:42 [DEBUG] : 	changeSample
2024-11-05 10:27:42 [DEBUG] : 	easyReplaceSelect
2024-11-05 10:27:42 [DEBUG] : 	changeIndex
2024-11-05 10:27:42 [DEBUG] : 	changeRollUp
2024-11-05 10:27:42 [DEBUG] : 轉換完成
2024-11-05 10:27:42 [INFO] : 產生檔案：C:\Users\User\Desktop\Trans\Assessment_Result\20241105_102740\sp\PMART.COMPACTMONTH.sql
2024-11-05 10:27:42 [INFO] : 產生檔案：C:\Users\User\Desktop\Trans\Assessment_Result\20241105_102740\sp\PMART.COMPACTMONTH_NCIG.sql
2024-11-05 10:27:42 [INFO] : 產生檔案：C:\Users\User\Desktop\Trans\Assessment_Result\20241105_102740\sp\PMART.FILLBLANK.sql
2024-11-05 10:27:42 [INFO] : 產生檔案：C:\Users\User\Desktop\Trans\Assessment_Result\20241105_102740\sp\PMART.FILLBLANK_NCIG.sql
2024-11-05 10:27:42 [INFO] : 產生檔案：C:\Users\User\Desktop\Trans\Assessment_Result\20241105_102740\sp\PMART.MSGSOUR_DEP_FUNC.sql
2024-11-05 10:27:42 [INFO] : 產生檔案：C:\Users\User\Desktop\Trans\Assessment_Result\20241105_102740\sp\PMART.NEWFILLBLANK.sql
2024-11-05 10:27:42 [INFO] : 產生檔案：C:\Users\User\Desktop\Trans\Assessment_Result\20241105_102740\sp\PMART.NEWFILLBLANK_NCIG.sql
2024-11-05 10:27:42 [INFO] : 產生檔案：C:\Users\User\Desktop\Trans\Assessment_Result\20241105_102740\sp\PMART.REMD_CIG_CUSTNUM.sql
2024-11-05 10:27:42 [INFO] : 產生檔案：C:\Users\User\Desktop\Trans\Assessment_Result\20241105_102740\sp\PMART.REMD_EX_TRANSFER.sql
2024-11-05 10:27:42 [INFO] : 產生檔案：C:\Users\User\Desktop\Trans\Assessment_Result\20241105_102740\sp\PMART.REMD_EX_TRANSFER_NCIG.sql
2024-11-05 10:27:42 [INFO] : 產生檔案：C:\Users\User\Desktop\Trans\Assessment_Result\20241105_102740\sp\PMART.REMD_R6_COMPACT.sql
2024-11-05 10:27:42 [INFO] : 產生檔案：C:\Users\User\Desktop\Trans\Assessment_Result\20241105_102740\sp\PMART.REMD_R6_COMPACT_NCIG.sql
2024-11-05 10:27:42 [INFO] : 產生檔案：C:\Users\User\Desktop\Trans\Assessment_Result\20241105_102740\sp\PMART.REMD_S1_TOT_FUNC.sql
2024-11-05 10:27:42 [INFO] : 產生檔案：C:\Users\User\Desktop\Trans\Assessment_Result\20241105_102740\sp\PMART.REMD_S2_TOT_FUNC.sql
2024-11-05 10:27:42 [INFO] : 產生檔案：C:\Users\User\Desktop\Trans\Assessment_Result\20241105_102740\sp\PMART.REMD_S3_TOT_FUNC.sql
2024-11-05 10:27:42 [INFO] : 產生檔案：C:\Users\User\Desktop\Trans\Assessment_Result\20241105_102740\sp\PMART.REMD_S4_TOT_FUNC.sql
2024-11-05 10:27:42 [INFO] : 產生檔案：C:\Users\User\Desktop\Trans\Assessment_Result\20241105_102740\sp\PMART.REMD_SCAL_PDEPT_FUNC.sql
2024-11-05 10:27:42 [INFO] : 產生檔案：C:\Users\User\Desktop\Trans\Assessment_Result\20241105_102740\sp\PMART.REMD_SCAL_TOT_FUNC.sql
2024-11-05 10:27:42 [INFO] : 產生檔案：C:\Users\User\Desktop\Trans\Assessment_Result\20241105_102740\sp\PMART.REMD_SC_COMPACT.sql
2024-11-05 10:27:42 [INFO] : 產生檔案：C:\Users\User\Desktop\Trans\Assessment_Result\20241105_102740\sp\PMART.REMD_SER_CUSTNUM.sql
2024-11-05 10:27:42 [INFO] : 產生檔案：C:\Users\User\Desktop\Trans\Assessment_Result\20241105_102740\sp\PMART.REMD_ST_TOT_FUNC.sql
2024-11-05 10:27:42 [INFO] : 轉換完成
2024-11-05 10:29:00 [INFO] : 執行項目：SF_SP
2024-11-05 10:29:01 [INFO] : 讀取檔案：C:\Users\User\Desktop\Trans\Target\sp\PMART.COMPACTMONTH.sql
2024-11-05 10:29:01 [WARN] : 出現無法辨識的SQL語句
2024-11-05 10:29:01 [INFO] : 讀取檔案：C:\Users\User\Desktop\Trans\Target\sp\PMART.COMPACTMONTH_NCIG.sql
2024-11-05 10:29:01 [WARN] : 出現無法辨識的SQL語句
2024-11-05 10:29:01 [INFO] : 讀取檔案：C:\Users\User\Desktop\Trans\Target\sp\PMART.FILLBLANK.sql
2024-11-05 10:29:01 [WARN] : 出現無法辨識的SQL語句
2024-11-05 10:29:01 [INFO] : 讀取檔案：C:\Users\User\Desktop\Trans\Target\sp\PMART.FILLBLANK_NCIG.sql
2024-11-05 10:29:01 [WARN] : 出現無法辨識的SQL語句
2024-11-05 10:29:01 [INFO] : 讀取檔案：C:\Users\User\Desktop\Trans\Target\sp\PMART.MSGSOUR_DEP_FUNC.sql
2024-11-05 10:29:02 [WARN] : 出現無法辨識的SQL語句
2024-11-05 10:29:02 [INFO] : 讀取檔案：C:\Users\User\Desktop\Trans\Target\sp\PMART.NEWFILLBLANK.sql
2024-11-05 10:29:02 [WARN] : 出現無法辨識的SQL語句
2024-11-05 10:29:02 [INFO] : 讀取檔案：C:\Users\User\Desktop\Trans\Target\sp\PMART.NEWFILLBLANK_NCIG.sql
2024-11-05 10:29:02 [WARN] : 出現無法辨識的SQL語句
2024-11-05 10:29:02 [INFO] : 讀取檔案：C:\Users\User\Desktop\Trans\Target\sp\PMART.REMD_CIG_CUSTNUM.sql
2024-11-05 10:29:02 [WARN] : 出現無法辨識的SQL語句
2024-11-05 10:29:02 [INFO] : 讀取檔案：C:\Users\User\Desktop\Trans\Target\sp\PMART.REMD_EX_TRANSFER.sql
2024-11-05 10:29:02 [WARN] : 出現無法辨識的SQL語句
2024-11-05 10:29:02 [INFO] : 讀取檔案：C:\Users\User\Desktop\Trans\Target\sp\PMART.REMD_EX_TRANSFER_NCIG.sql
2024-11-05 10:29:02 [WARN] : 出現無法辨識的SQL語句
2024-11-05 10:29:02 [INFO] : 讀取檔案：C:\Users\User\Desktop\Trans\Target\sp\PMART.REMD_R6_COMPACT.sql
2024-11-05 10:29:02 [WARN] : 出現無法辨識的SQL語句
2024-11-05 10:29:02 [INFO] : 讀取檔案：C:\Users\User\Desktop\Trans\Target\sp\PMART.REMD_R6_COMPACT_NCIG.sql
2024-11-05 10:29:02 [WARN] : 出現無法辨識的SQL語句
2024-11-05 10:29:02 [INFO] : 讀取檔案：C:\Users\User\Desktop\Trans\Target\sp\PMART.REMD_S1_TOT_FUNC.sql
2024-11-05 10:29:02 [WARN] : 出現無法辨識的SQL語句
2024-11-05 10:29:02 [DEBUG] : 	分類：DDL
2024-11-05 10:29:02 [DEBUG] : 		細分：CTAS
2024-11-05 10:29:02 [DEBUG] : transduceSelectSQL
2024-11-05 10:29:02 [DEBUG] : 	changeSample
2024-11-05 10:29:02 [DEBUG] : 	easyReplaceSelect
2024-11-05 10:29:02 [DEBUG] : 	changeIndex
2024-11-05 10:29:02 [DEBUG] : 	changeRollUp
2024-11-05 10:29:02 [DEBUG] : 轉換完成
2024-11-05 10:29:02 [INFO] : 讀取檔案：C:\Users\User\Desktop\Trans\Target\sp\PMART.REMD_S2_TOT_FUNC.sql
2024-11-05 10:29:02 [WARN] : 出現無法辨識的SQL語句
2024-11-05 10:29:02 [DEBUG] : 	分類：DDL
2024-11-05 10:29:02 [DEBUG] : 		細分：CTAS
2024-11-05 10:29:02 [DEBUG] : transduceSelectSQL
2024-11-05 10:29:02 [DEBUG] : 	changeSample
2024-11-05 10:29:02 [DEBUG] : 	easyReplaceSelect
2024-11-05 10:29:02 [DEBUG] : 	changeIndex
2024-11-05 10:29:02 [DEBUG] : 	changeRollUp
2024-11-05 10:29:02 [DEBUG] : 轉換完成
2024-11-05 10:29:02 [INFO] : 讀取檔案：C:\Users\User\Desktop\Trans\Target\sp\PMART.REMD_S3_TOT_FUNC.sql
2024-11-05 10:29:02 [WARN] : 出現無法辨識的SQL語句
2024-11-05 10:29:02 [DEBUG] : 	分類：DDL
2024-11-05 10:29:02 [DEBUG] : 		細分：CTAS
2024-11-05 10:29:02 [DEBUG] : transduceSelectSQL
2024-11-05 10:29:02 [DEBUG] : 	changeSample
2024-11-05 10:29:02 [DEBUG] : 	easyReplaceSelect
2024-11-05 10:29:02 [DEBUG] : 	changeIndex
2024-11-05 10:29:02 [DEBUG] : 	changeRollUp
2024-11-05 10:29:02 [DEBUG] : 	changeSample
2024-11-05 10:29:02 [DEBUG] : 	easyReplaceSelect
2024-11-05 10:29:02 [DEBUG] : 	changeIndex
2024-11-05 10:29:02 [DEBUG] : 	changeRollUp
2024-11-05 10:29:02 [DEBUG] : 轉換完成
2024-11-05 10:29:02 [INFO] : 讀取檔案：C:\Users\User\Desktop\Trans\Target\sp\PMART.REMD_S4_TOT_FUNC.sql
2024-11-05 10:29:02 [WARN] : 出現無法辨識的SQL語句
2024-11-05 10:29:02 [DEBUG] : 	分類：DDL
2024-11-05 10:29:02 [DEBUG] : 		細分：CTAS
2024-11-05 10:29:02 [DEBUG] : transduceSelectSQL
2024-11-05 10:29:02 [DEBUG] : 	changeSample
2024-11-05 10:29:02 [DEBUG] : 	easyReplaceSelect
2024-11-05 10:29:02 [DEBUG] : 	changeIndex
2024-11-05 10:29:02 [DEBUG] : 	changeRollUp
2024-11-05 10:29:02 [DEBUG] : 	changeSample
2024-11-05 10:29:02 [DEBUG] : 	easyReplaceSelect
2024-11-05 10:29:02 [DEBUG] : 	changeIndex
2024-11-05 10:29:02 [DEBUG] : 	changeRollUp
2024-11-05 10:29:02 [DEBUG] : 	changeSample
2024-11-05 10:29:02 [DEBUG] : 	easyReplaceSelect
2024-11-05 10:29:02 [DEBUG] : 	changeIndex
2024-11-05 10:29:02 [DEBUG] : 	changeRollUp
2024-11-05 10:29:02 [DEBUG] : 	changeSample
2024-11-05 10:29:02 [DEBUG] : 	easyReplaceSelect
2024-11-05 10:29:02 [DEBUG] : 	changeIndex
2024-11-05 10:29:02 [DEBUG] : 	changeRollUp
2024-11-05 10:29:02 [DEBUG] : 轉換完成
2024-11-05 10:29:02 [INFO] : 讀取檔案：C:\Users\User\Desktop\Trans\Target\sp\PMART.REMD_SCAL_PDEPT_FUNC.sql
2024-11-05 10:29:02 [WARN] : 出現無法辨識的SQL語句
2024-11-05 10:29:02 [DEBUG] : 	分類：DDL
2024-11-05 10:29:02 [DEBUG] : 		細分：CTAS
2024-11-05 10:29:02 [DEBUG] : transduceSelectSQL
2024-11-05 10:29:02 [DEBUG] : 	changeSample
2024-11-05 10:29:02 [DEBUG] : 	easyReplaceSelect
2024-11-05 10:29:02 [DEBUG] : 	changeIndex
2024-11-05 10:29:02 [DEBUG] : 	changeRollUp
2024-11-05 10:29:02 [DEBUG] : 	changeSample
2024-11-05 10:29:02 [DEBUG] : 	easyReplaceSelect
2024-11-05 10:29:02 [DEBUG] : 	changeIndex
2024-11-05 10:29:02 [DEBUG] : 	changeRollUp
2024-11-05 10:29:02 [DEBUG] : 	changeSample
2024-11-05 10:29:02 [DEBUG] : 	easyReplaceSelect
2024-11-05 10:29:02 [DEBUG] : 	changeIndex
2024-11-05 10:29:02 [DEBUG] : 	changeRollUp
2024-11-05 10:29:02 [DEBUG] : 轉換完成
2024-11-05 10:29:02 [INFO] : 讀取檔案：C:\Users\User\Desktop\Trans\Target\sp\PMART.REMD_SCAL_TOT_FUNC.sql
2024-11-05 10:29:03 [WARN] : 出現無法辨識的SQL語句
2024-11-05 10:29:03 [DEBUG] : 	分類：DDL
2024-11-05 10:29:03 [DEBUG] : 		細分：CTAS
2024-11-05 10:29:03 [DEBUG] : transduceSelectSQL
2024-11-05 10:29:03 [DEBUG] : 	changeSample
2024-11-05 10:29:03 [DEBUG] : 	easyReplaceSelect
2024-11-05 10:29:03 [DEBUG] : 	changeIndex
2024-11-05 10:29:03 [DEBUG] : 	changeRollUp
2024-11-05 10:29:03 [DEBUG] : 	changeSample
2024-11-05 10:29:03 [DEBUG] : 	easyReplaceSelect
2024-11-05 10:29:03 [DEBUG] : 	changeIndex
2024-11-05 10:29:03 [DEBUG] : 	changeRollUp
2024-11-05 10:29:03 [DEBUG] : 	changeSample
2024-11-05 10:29:03 [DEBUG] : 	easyReplaceSelect
2024-11-05 10:29:03 [DEBUG] : 	changeIndex
2024-11-05 10:29:03 [DEBUG] : 	changeRollUp
2024-11-05 10:29:03 [DEBUG] : 	changeSample
2024-11-05 10:29:03 [DEBUG] : 	easyReplaceSelect
2024-11-05 10:29:03 [DEBUG] : 	changeIndex
2024-11-05 10:29:03 [DEBUG] : 	changeRollUp
2024-11-05 10:29:03 [DEBUG] : 	changeSample
2024-11-05 10:29:03 [DEBUG] : 	easyReplaceSelect
2024-11-05 10:29:03 [DEBUG] : 	changeIndex
2024-11-05 10:29:03 [DEBUG] : 	changeRollUp
2024-11-05 10:29:03 [DEBUG] : 	changeSample
2024-11-05 10:29:03 [DEBUG] : 	easyReplaceSelect
2024-11-05 10:29:03 [DEBUG] : 	changeIndex
2024-11-05 10:29:03 [DEBUG] : 	changeRollUp
2024-11-05 10:29:03 [DEBUG] : 轉換完成
2024-11-05 10:29:03 [INFO] : 讀取檔案：C:\Users\User\Desktop\Trans\Target\sp\PMART.REMD_SC_COMPACT.sql
2024-11-05 10:29:03 [WARN] : 出現無法辨識的SQL語句
2024-11-05 10:29:03 [INFO] : 讀取檔案：C:\Users\User\Desktop\Trans\Target\sp\PMART.REMD_SER_CUSTNUM.sql
2024-11-05 10:29:03 [WARN] : 出現無法辨識的SQL語句
2024-11-05 10:29:03 [INFO] : 讀取檔案：C:\Users\User\Desktop\Trans\Target\sp\PMART.REMD_ST_TOT_FUNC.sql
2024-11-05 10:29:03 [WARN] : 出現無法辨識的SQL語句
2024-11-05 10:29:03 [DEBUG] : 	分類：DDL
2024-11-05 10:29:03 [DEBUG] : 		細分：CTAS
2024-11-05 10:29:03 [DEBUG] : transduceSelectSQL
2024-11-05 10:29:03 [DEBUG] : 	changeSample
2024-11-05 10:29:03 [DEBUG] : 	easyReplaceSelect
2024-11-05 10:29:03 [DEBUG] : 	changeIndex
2024-11-05 10:29:03 [DEBUG] : 	changeRollUp
2024-11-05 10:29:03 [DEBUG] : 轉換完成
2024-11-05 10:29:03 [INFO] : 產生檔案：C:\Users\User\Desktop\Trans\Assessment_Result\20241105_102901\sp\PMART.COMPACTMONTH.sql
2024-11-05 10:29:03 [INFO] : 產生檔案：C:\Users\User\Desktop\Trans\Assessment_Result\20241105_102901\sp\PMART.COMPACTMONTH_NCIG.sql
2024-11-05 10:29:03 [INFO] : 產生檔案：C:\Users\User\Desktop\Trans\Assessment_Result\20241105_102901\sp\PMART.FILLBLANK.sql
2024-11-05 10:29:03 [INFO] : 產生檔案：C:\Users\User\Desktop\Trans\Assessment_Result\20241105_102901\sp\PMART.FILLBLANK_NCIG.sql
2024-11-05 10:29:03 [INFO] : 產生檔案：C:\Users\User\Desktop\Trans\Assessment_Result\20241105_102901\sp\PMART.MSGSOUR_DEP_FUNC.sql
2024-11-05 10:29:03 [INFO] : 產生檔案：C:\Users\User\Desktop\Trans\Assessment_Result\20241105_102901\sp\PMART.NEWFILLBLANK.sql
2024-11-05 10:29:03 [INFO] : 產生檔案：C:\Users\User\Desktop\Trans\Assessment_Result\20241105_102901\sp\PMART.NEWFILLBLANK_NCIG.sql
2024-11-05 10:29:03 [INFO] : 產生檔案：C:\Users\User\Desktop\Trans\Assessment_Result\20241105_102901\sp\PMART.REMD_CIG_CUSTNUM.sql
2024-11-05 10:29:03 [INFO] : 產生檔案：C:\Users\User\Desktop\Trans\Assessment_Result\20241105_102901\sp\PMART.REMD_EX_TRANSFER.sql
2024-11-05 10:29:03 [INFO] : 產生檔案：C:\Users\User\Desktop\Trans\Assessment_Result\20241105_102901\sp\PMART.REMD_EX_TRANSFER_NCIG.sql
2024-11-05 10:29:03 [INFO] : 產生檔案：C:\Users\User\Desktop\Trans\Assessment_Result\20241105_102901\sp\PMART.REMD_R6_COMPACT.sql
2024-11-05 10:29:03 [INFO] : 產生檔案：C:\Users\User\Desktop\Trans\Assessment_Result\20241105_102901\sp\PMART.REMD_R6_COMPACT_NCIG.sql
2024-11-05 10:29:03 [INFO] : 產生檔案：C:\Users\User\Desktop\Trans\Assessment_Result\20241105_102901\sp\PMART.REMD_S1_TOT_FUNC.sql
2024-11-05 10:29:03 [INFO] : 產生檔案：C:\Users\User\Desktop\Trans\Assessment_Result\20241105_102901\sp\PMART.REMD_S2_TOT_FUNC.sql
2024-11-05 10:29:03 [INFO] : 產生檔案：C:\Users\User\Desktop\Trans\Assessment_Result\20241105_102901\sp\PMART.REMD_S3_TOT_FUNC.sql
2024-11-05 10:29:03 [INFO] : 產生檔案：C:\Users\User\Desktop\Trans\Assessment_Result\20241105_102901\sp\PMART.REMD_S4_TOT_FUNC.sql
2024-11-05 10:29:03 [INFO] : 產生檔案：C:\Users\User\Desktop\Trans\Assessment_Result\20241105_102901\sp\PMART.REMD_SCAL_PDEPT_FUNC.sql
2024-11-05 10:29:03 [INFO] : 產生檔案：C:\Users\User\Desktop\Trans\Assessment_Result\20241105_102901\sp\PMART.REMD_SCAL_TOT_FUNC.sql
2024-11-05 10:29:03 [INFO] : 產生檔案：C:\Users\User\Desktop\Trans\Assessment_Result\20241105_102901\sp\PMART.REMD_SC_COMPACT.sql
2024-11-05 10:29:03 [INFO] : 產生檔案：C:\Users\User\Desktop\Trans\Assessment_Result\20241105_102901\sp\PMART.REMD_SER_CUSTNUM.sql
2024-11-05 10:29:03 [INFO] : 產生檔案：C:\Users\User\Desktop\Trans\Assessment_Result\20241105_102901\sp\PMART.REMD_ST_TOT_FUNC.sql
2024-11-05 10:29:03 [INFO] : 轉換完成
2024-11-05 10:30:07 [INFO] : 執行項目：SF_SP
2024-11-05 10:30:09 [INFO] : 讀取檔案：C:\Users\User\Desktop\Trans\Target\sp\PMART.COMPACTMONTH.sql
2024-11-05 10:30:09 [WARN] : 出現無法辨識的SQL語句
2024-11-05 10:30:09 [INFO] : 讀取檔案：C:\Users\User\Desktop\Trans\Target\sp\PMART.COMPACTMONTH_NCIG.sql
2024-11-05 10:30:09 [WARN] : 出現無法辨識的SQL語句
2024-11-05 10:30:09 [INFO] : 讀取檔案：C:\Users\User\Desktop\Trans\Target\sp\PMART.FILLBLANK.sql
2024-11-05 10:30:09 [WARN] : 出現無法辨識的SQL語句
2024-11-05 10:30:09 [INFO] : 讀取檔案：C:\Users\User\Desktop\Trans\Target\sp\PMART.FILLBLANK_NCIG.sql
2024-11-05 10:30:09 [WARN] : 出現無法辨識的SQL語句
2024-11-05 10:30:09 [INFO] : 讀取檔案：C:\Users\User\Desktop\Trans\Target\sp\PMART.MSGSOUR_DEP_FUNC.sql
2024-11-05 10:30:09 [WARN] : 出現無法辨識的SQL語句
2024-11-05 10:30:09 [INFO] : 讀取檔案：C:\Users\User\Desktop\Trans\Target\sp\PMART.NEWFILLBLANK.sql
2024-11-05 10:30:09 [WARN] : 出現無法辨識的SQL語句
2024-11-05 10:30:09 [INFO] : 讀取檔案：C:\Users\User\Desktop\Trans\Target\sp\PMART.NEWFILLBLANK_NCIG.sql
2024-11-05 10:30:09 [WARN] : 出現無法辨識的SQL語句
2024-11-05 10:30:09 [INFO] : 讀取檔案：C:\Users\User\Desktop\Trans\Target\sp\PMART.REMD_CIG_CUSTNUM.sql
2024-11-05 10:30:09 [WARN] : 出現無法辨識的SQL語句
2024-11-05 10:30:09 [INFO] : 讀取檔案：C:\Users\User\Desktop\Trans\Target\sp\PMART.REMD_EX_TRANSFER.sql
2024-11-05 10:30:09 [WARN] : 出現無法辨識的SQL語句
2024-11-05 10:30:09 [INFO] : 讀取檔案：C:\Users\User\Desktop\Trans\Target\sp\PMART.REMD_EX_TRANSFER_NCIG.sql
2024-11-05 10:30:09 [WARN] : 出現無法辨識的SQL語句
2024-11-05 10:30:09 [INFO] : 讀取檔案：C:\Users\User\Desktop\Trans\Target\sp\PMART.REMD_R6_COMPACT.sql
2024-11-05 10:30:09 [WARN] : 出現無法辨識的SQL語句
2024-11-05 10:30:09 [INFO] : 讀取檔案：C:\Users\User\Desktop\Trans\Target\sp\PMART.REMD_R6_COMPACT_NCIG.sql
2024-11-05 10:30:09 [WARN] : 出現無法辨識的SQL語句
2024-11-05 10:30:09 [INFO] : 讀取檔案：C:\Users\User\Desktop\Trans\Target\sp\PMART.REMD_S1_TOT_FUNC.sql
2024-11-05 10:30:09 [WARN] : 出現無法辨識的SQL語句
2024-11-05 10:30:09 [DEBUG] : 	分類：DDL
2024-11-05 10:30:09 [DEBUG] : 		細分：CTAS
2024-11-05 10:30:09 [DEBUG] : transduceSelectSQL
2024-11-05 10:30:09 [DEBUG] : 	changeSample
2024-11-05 10:30:09 [DEBUG] : 	easyReplaceSelect
2024-11-05 10:30:09 [DEBUG] : 	changeIndex
2024-11-05 10:30:09 [DEBUG] : 	changeRollUp
2024-11-05 10:30:09 [DEBUG] : 轉換完成
2024-11-05 10:30:09 [INFO] : 讀取檔案：C:\Users\User\Desktop\Trans\Target\sp\PMART.REMD_S2_TOT_FUNC.sql
2024-11-05 10:30:09 [WARN] : 出現無法辨識的SQL語句
2024-11-05 10:30:09 [DEBUG] : 	分類：DDL
2024-11-05 10:30:09 [DEBUG] : 		細分：CTAS
2024-11-05 10:30:09 [DEBUG] : transduceSelectSQL
2024-11-05 10:30:09 [DEBUG] : 	changeSample
2024-11-05 10:30:09 [DEBUG] : 	easyReplaceSelect
2024-11-05 10:30:09 [DEBUG] : 	changeIndex
2024-11-05 10:30:09 [DEBUG] : 	changeRollUp
2024-11-05 10:30:09 [DEBUG] : 轉換完成
2024-11-05 10:30:09 [INFO] : 讀取檔案：C:\Users\User\Desktop\Trans\Target\sp\PMART.REMD_S3_TOT_FUNC.sql
2024-11-05 10:30:09 [WARN] : 出現無法辨識的SQL語句
2024-11-05 10:30:09 [DEBUG] : 	分類：DDL
2024-11-05 10:30:09 [DEBUG] : 		細分：CTAS
2024-11-05 10:30:09 [DEBUG] : transduceSelectSQL
2024-11-05 10:30:09 [DEBUG] : 	changeSample
2024-11-05 10:30:09 [DEBUG] : 	easyReplaceSelect
2024-11-05 10:30:09 [DEBUG] : 	changeIndex
2024-11-05 10:30:09 [DEBUG] : 	changeRollUp
2024-11-05 10:30:09 [DEBUG] : 	changeSample
2024-11-05 10:30:09 [DEBUG] : 	easyReplaceSelect
2024-11-05 10:30:09 [DEBUG] : 	changeIndex
2024-11-05 10:30:09 [DEBUG] : 	changeRollUp
2024-11-05 10:30:09 [DEBUG] : 轉換完成
2024-11-05 10:30:09 [INFO] : 讀取檔案：C:\Users\User\Desktop\Trans\Target\sp\PMART.REMD_S4_TOT_FUNC.sql
2024-11-05 10:30:09 [WARN] : 出現無法辨識的SQL語句
2024-11-05 10:30:09 [DEBUG] : 	分類：DDL
2024-11-05 10:30:09 [DEBUG] : 		細分：CTAS
2024-11-05 10:30:09 [DEBUG] : transduceSelectSQL
2024-11-05 10:30:09 [DEBUG] : 	changeSample
2024-11-05 10:30:09 [DEBUG] : 	easyReplaceSelect
2024-11-05 10:30:09 [DEBUG] : 	changeIndex
2024-11-05 10:30:09 [DEBUG] : 	changeRollUp
2024-11-05 10:30:09 [DEBUG] : 	changeSample
2024-11-05 10:30:09 [DEBUG] : 	easyReplaceSelect
2024-11-05 10:30:09 [DEBUG] : 	changeIndex
2024-11-05 10:30:09 [DEBUG] : 	changeRollUp
2024-11-05 10:30:09 [DEBUG] : 	changeSample
2024-11-05 10:30:09 [DEBUG] : 	easyReplaceSelect
2024-11-05 10:30:09 [DEBUG] : 	changeIndex
2024-11-05 10:30:09 [DEBUG] : 	changeRollUp
2024-11-05 10:30:09 [DEBUG] : 	changeSample
2024-11-05 10:30:09 [DEBUG] : 	easyReplaceSelect
2024-11-05 10:30:09 [DEBUG] : 	changeIndex
2024-11-05 10:30:09 [DEBUG] : 	changeRollUp
2024-11-05 10:30:09 [DEBUG] : 轉換完成
2024-11-05 10:30:09 [INFO] : 讀取檔案：C:\Users\User\Desktop\Trans\Target\sp\PMART.REMD_SCAL_PDEPT_FUNC.sql
2024-11-05 10:30:10 [WARN] : 出現無法辨識的SQL語句
2024-11-05 10:30:10 [DEBUG] : 	分類：DDL
2024-11-05 10:30:10 [DEBUG] : 		細分：CTAS
2024-11-05 10:30:10 [DEBUG] : transduceSelectSQL
2024-11-05 10:30:10 [DEBUG] : 	changeSample
2024-11-05 10:30:10 [DEBUG] : 	easyReplaceSelect
2024-11-05 10:30:10 [DEBUG] : 	changeIndex
2024-11-05 10:30:10 [DEBUG] : 	changeRollUp
2024-11-05 10:30:10 [DEBUG] : 	changeSample
2024-11-05 10:30:10 [DEBUG] : 	easyReplaceSelect
2024-11-05 10:30:10 [DEBUG] : 	changeIndex
2024-11-05 10:30:10 [DEBUG] : 	changeRollUp
2024-11-05 10:30:10 [DEBUG] : 	changeSample
2024-11-05 10:30:10 [DEBUG] : 	easyReplaceSelect
2024-11-05 10:30:10 [DEBUG] : 	changeIndex
2024-11-05 10:30:10 [DEBUG] : 	changeRollUp
2024-11-05 10:30:10 [DEBUG] : 轉換完成
2024-11-05 10:30:10 [INFO] : 讀取檔案：C:\Users\User\Desktop\Trans\Target\sp\PMART.REMD_SCAL_TOT_FUNC.sql
2024-11-05 10:30:10 [WARN] : 出現無法辨識的SQL語句
2024-11-05 10:30:10 [DEBUG] : 	分類：DDL
2024-11-05 10:30:10 [DEBUG] : 		細分：CTAS
2024-11-05 10:30:10 [DEBUG] : transduceSelectSQL
2024-11-05 10:30:10 [DEBUG] : 	changeSample
2024-11-05 10:30:10 [DEBUG] : 	easyReplaceSelect
2024-11-05 10:30:10 [DEBUG] : 	changeIndex
2024-11-05 10:30:10 [DEBUG] : 	changeRollUp
2024-11-05 10:30:10 [DEBUG] : 	changeSample
2024-11-05 10:30:10 [DEBUG] : 	easyReplaceSelect
2024-11-05 10:30:10 [DEBUG] : 	changeIndex
2024-11-05 10:30:10 [DEBUG] : 	changeRollUp
2024-11-05 10:30:10 [DEBUG] : 	changeSample
2024-11-05 10:30:10 [DEBUG] : 	easyReplaceSelect
2024-11-05 10:30:10 [DEBUG] : 	changeIndex
2024-11-05 10:30:10 [DEBUG] : 	changeRollUp
2024-11-05 10:30:10 [DEBUG] : 	changeSample
2024-11-05 10:30:10 [DEBUG] : 	easyReplaceSelect
2024-11-05 10:30:10 [DEBUG] : 	changeIndex
2024-11-05 10:30:10 [DEBUG] : 	changeRollUp
2024-11-05 10:30:10 [DEBUG] : 	changeSample
2024-11-05 10:30:10 [DEBUG] : 	easyReplaceSelect
2024-11-05 10:30:10 [DEBUG] : 	changeIndex
2024-11-05 10:30:10 [DEBUG] : 	changeRollUp
2024-11-05 10:30:10 [DEBUG] : 	changeSample
2024-11-05 10:30:10 [DEBUG] : 	easyReplaceSelect
2024-11-05 10:30:10 [DEBUG] : 	changeIndex
2024-11-05 10:30:10 [DEBUG] : 	changeRollUp
2024-11-05 10:30:10 [DEBUG] : 轉換完成
2024-11-05 10:30:10 [INFO] : 讀取檔案：C:\Users\User\Desktop\Trans\Target\sp\PMART.REMD_SC_COMPACT.sql
2024-11-05 10:30:10 [WARN] : 出現無法辨識的SQL語句
2024-11-05 10:30:10 [INFO] : 讀取檔案：C:\Users\User\Desktop\Trans\Target\sp\PMART.REMD_SER_CUSTNUM.sql
2024-11-05 10:30:10 [WARN] : 出現無法辨識的SQL語句
2024-11-05 10:30:10 [INFO] : 讀取檔案：C:\Users\User\Desktop\Trans\Target\sp\PMART.REMD_ST_TOT_FUNC.sql
2024-11-05 10:30:10 [WARN] : 出現無法辨識的SQL語句
2024-11-05 10:30:10 [DEBUG] : 	分類：DDL
2024-11-05 10:30:10 [DEBUG] : 		細分：CTAS
2024-11-05 10:30:10 [DEBUG] : transduceSelectSQL
2024-11-05 10:30:10 [DEBUG] : 	changeSample
2024-11-05 10:30:10 [DEBUG] : 	easyReplaceSelect
2024-11-05 10:30:10 [DEBUG] : 	changeIndex
2024-11-05 10:30:10 [DEBUG] : 	changeRollUp
2024-11-05 10:30:10 [DEBUG] : 轉換完成
2024-11-05 10:30:10 [INFO] : 產生檔案：C:\Users\User\Desktop\Trans\Assessment_Result\20241105_103008\sp\PMART.COMPACTMONTH.sql
2024-11-05 10:30:10 [INFO] : 產生檔案：C:\Users\User\Desktop\Trans\Assessment_Result\20241105_103008\sp\PMART.COMPACTMONTH_NCIG.sql
2024-11-05 10:30:11 [INFO] : 產生檔案：C:\Users\User\Desktop\Trans\Assessment_Result\20241105_103008\sp\PMART.FILLBLANK.sql
2024-11-05 10:30:11 [INFO] : 產生檔案：C:\Users\User\Desktop\Trans\Assessment_Result\20241105_103008\sp\PMART.FILLBLANK_NCIG.sql
2024-11-05 10:30:11 [INFO] : 產生檔案：C:\Users\User\Desktop\Trans\Assessment_Result\20241105_103008\sp\PMART.MSGSOUR_DEP_FUNC.sql
2024-11-05 10:30:11 [INFO] : 產生檔案：C:\Users\User\Desktop\Trans\Assessment_Result\20241105_103008\sp\PMART.NEWFILLBLANK.sql
2024-11-05 10:30:11 [INFO] : 產生檔案：C:\Users\User\Desktop\Trans\Assessment_Result\20241105_103008\sp\PMART.NEWFILLBLANK_NCIG.sql
2024-11-05 10:30:11 [INFO] : 產生檔案：C:\Users\User\Desktop\Trans\Assessment_Result\20241105_103008\sp\PMART.REMD_CIG_CUSTNUM.sql
2024-11-05 10:30:11 [INFO] : 產生檔案：C:\Users\User\Desktop\Trans\Assessment_Result\20241105_103008\sp\PMART.REMD_EX_TRANSFER.sql
2024-11-05 10:30:11 [INFO] : 產生檔案：C:\Users\User\Desktop\Trans\Assessment_Result\20241105_103008\sp\PMART.REMD_EX_TRANSFER_NCIG.sql
2024-11-05 10:30:11 [INFO] : 產生檔案：C:\Users\User\Desktop\Trans\Assessment_Result\20241105_103008\sp\PMART.REMD_R6_COMPACT.sql
2024-11-05 10:30:11 [INFO] : 產生檔案：C:\Users\User\Desktop\Trans\Assessment_Result\20241105_103008\sp\PMART.REMD_R6_COMPACT_NCIG.sql
2024-11-05 10:30:11 [INFO] : 產生檔案：C:\Users\User\Desktop\Trans\Assessment_Result\20241105_103008\sp\PMART.REMD_S1_TOT_FUNC.sql
2024-11-05 10:30:11 [INFO] : 產生檔案：C:\Users\User\Desktop\Trans\Assessment_Result\20241105_103008\sp\PMART.REMD_S2_TOT_FUNC.sql
2024-11-05 10:30:11 [INFO] : 產生檔案：C:\Users\User\Desktop\Trans\Assessment_Result\20241105_103008\sp\PMART.REMD_S3_TOT_FUNC.sql
2024-11-05 10:30:11 [INFO] : 產生檔案：C:\Users\User\Desktop\Trans\Assessment_Result\20241105_103008\sp\PMART.REMD_S4_TOT_FUNC.sql
2024-11-05 10:30:11 [INFO] : 產生檔案：C:\Users\User\Desktop\Trans\Assessment_Result\20241105_103008\sp\PMART.REMD_SCAL_PDEPT_FUNC.sql
2024-11-05 10:30:11 [INFO] : 產生檔案：C:\Users\User\Desktop\Trans\Assessment_Result\20241105_103008\sp\PMART.REMD_SCAL_TOT_FUNC.sql
2024-11-05 10:30:11 [INFO] : 產生檔案：C:\Users\User\Desktop\Trans\Assessment_Result\20241105_103008\sp\PMART.REMD_SC_COMPACT.sql
2024-11-05 10:30:11 [INFO] : 產生檔案：C:\Users\User\Desktop\Trans\Assessment_Result\20241105_103008\sp\PMART.REMD_SER_CUSTNUM.sql
2024-11-05 10:30:11 [INFO] : 產生檔案：C:\Users\User\Desktop\Trans\Assessment_Result\20241105_103008\sp\PMART.REMD_ST_TOT_FUNC.sql
2024-11-05 10:30:11 [INFO] : 轉換完成
2024-11-05 10:33:17 [INFO] : 執行項目：SF_SP
2024-11-05 10:33:18 [INFO] : 讀取檔案：C:\Users\User\Desktop\Trans\Target\sp\PMART.COMPACTMONTH.sql
2024-11-05 10:33:18 [WARN] : 出現無法辨識的SQL語句
2024-11-05 10:33:18 [INFO] : 讀取檔案：C:\Users\User\Desktop\Trans\Target\sp\PMART.COMPACTMONTH_NCIG.sql
2024-11-05 10:33:18 [WARN] : 出現無法辨識的SQL語句
2024-11-05 10:33:18 [INFO] : 讀取檔案：C:\Users\User\Desktop\Trans\Target\sp\PMART.FILLBLANK.sql
2024-11-05 10:33:19 [WARN] : 出現無法辨識的SQL語句
2024-11-05 10:33:19 [INFO] : 讀取檔案：C:\Users\User\Desktop\Trans\Target\sp\PMART.FILLBLANK_NCIG.sql
2024-11-05 10:33:19 [WARN] : 出現無法辨識的SQL語句
2024-11-05 10:33:19 [INFO] : 讀取檔案：C:\Users\User\Desktop\Trans\Target\sp\PMART.MSGSOUR_DEP_FUNC.sql
2024-11-05 10:33:19 [WARN] : 出現無法辨識的SQL語句
2024-11-05 10:33:19 [INFO] : 讀取檔案：C:\Users\User\Desktop\Trans\Target\sp\PMART.NEWFILLBLANK.sql
2024-11-05 10:33:19 [WARN] : 出現無法辨識的SQL語句
2024-11-05 10:33:19 [INFO] : 讀取檔案：C:\Users\User\Desktop\Trans\Target\sp\PMART.NEWFILLBLANK_NCIG.sql
2024-11-05 10:33:19 [WARN] : 出現無法辨識的SQL語句
2024-11-05 10:33:19 [INFO] : 讀取檔案：C:\Users\User\Desktop\Trans\Target\sp\PMART.REMD_CIG_CUSTNUM.sql
2024-11-05 10:33:19 [WARN] : 出現無法辨識的SQL語句
2024-11-05 10:33:19 [INFO] : 讀取檔案：C:\Users\User\Desktop\Trans\Target\sp\PMART.REMD_EX_TRANSFER.sql
2024-11-05 10:33:19 [WARN] : 出現無法辨識的SQL語句
2024-11-05 10:33:19 [INFO] : 讀取檔案：C:\Users\User\Desktop\Trans\Target\sp\PMART.REMD_EX_TRANSFER_NCIG.sql
2024-11-05 10:33:19 [WARN] : 出現無法辨識的SQL語句
2024-11-05 10:33:19 [INFO] : 讀取檔案：C:\Users\User\Desktop\Trans\Target\sp\PMART.REMD_R6_COMPACT.sql
2024-11-05 10:33:19 [WARN] : 出現無法辨識的SQL語句
2024-11-05 10:33:19 [INFO] : 讀取檔案：C:\Users\User\Desktop\Trans\Target\sp\PMART.REMD_R6_COMPACT_NCIG.sql
2024-11-05 10:33:19 [WARN] : 出現無法辨識的SQL語句
2024-11-05 10:33:19 [INFO] : 讀取檔案：C:\Users\User\Desktop\Trans\Target\sp\PMART.REMD_S1_TOT_FUNC.sql
2024-11-05 10:33:19 [WARN] : 出現無法辨識的SQL語句
2024-11-05 10:33:19 [DEBUG] : 	分類：DDL
2024-11-05 10:33:19 [DEBUG] : 		細分：CTAS
2024-11-05 10:33:19 [DEBUG] : transduceSelectSQL
2024-11-05 10:33:19 [DEBUG] : 	changeSample
2024-11-05 10:33:19 [DEBUG] : 	easyReplaceSelect
2024-11-05 10:33:19 [DEBUG] : 	changeIndex
2024-11-05 10:33:19 [DEBUG] : 	changeRollUp
2024-11-05 10:33:19 [DEBUG] : 轉換完成
2024-11-05 10:33:19 [INFO] : 讀取檔案：C:\Users\User\Desktop\Trans\Target\sp\PMART.REMD_S2_TOT_FUNC.sql
2024-11-05 10:33:19 [WARN] : 出現無法辨識的SQL語句
2024-11-05 10:33:19 [DEBUG] : 	分類：DDL
2024-11-05 10:33:19 [DEBUG] : 		細分：CTAS
2024-11-05 10:33:19 [DEBUG] : transduceSelectSQL
2024-11-05 10:33:19 [DEBUG] : 	changeSample
2024-11-05 10:33:19 [DEBUG] : 	easyReplaceSelect
2024-11-05 10:33:19 [DEBUG] : 	changeIndex
2024-11-05 10:33:19 [DEBUG] : 	changeRollUp
2024-11-05 10:33:19 [DEBUG] : 轉換完成
2024-11-05 10:33:19 [INFO] : 讀取檔案：C:\Users\User\Desktop\Trans\Target\sp\PMART.REMD_S3_TOT_FUNC.sql
2024-11-05 10:33:19 [WARN] : 出現無法辨識的SQL語句
2024-11-05 10:33:19 [DEBUG] : 	分類：DDL
2024-11-05 10:33:19 [DEBUG] : 		細分：CTAS
2024-11-05 10:33:19 [DEBUG] : transduceSelectSQL
2024-11-05 10:33:19 [DEBUG] : 	changeSample
2024-11-05 10:33:19 [DEBUG] : 	easyReplaceSelect
2024-11-05 10:33:19 [DEBUG] : 	changeIndex
2024-11-05 10:33:19 [DEBUG] : 	changeRollUp
2024-11-05 10:33:19 [DEBUG] : 	changeSample
2024-11-05 10:33:19 [DEBUG] : 	easyReplaceSelect
2024-11-05 10:33:19 [DEBUG] : 	changeIndex
2024-11-05 10:33:19 [DEBUG] : 	changeRollUp
2024-11-05 10:33:19 [DEBUG] : 轉換完成
2024-11-05 10:33:19 [INFO] : 讀取檔案：C:\Users\User\Desktop\Trans\Target\sp\PMART.REMD_S4_TOT_FUNC.sql
2024-11-05 10:33:19 [WARN] : 出現無法辨識的SQL語句
2024-11-05 10:33:19 [DEBUG] : 	分類：DDL
2024-11-05 10:33:19 [DEBUG] : 		細分：CTAS
2024-11-05 10:33:19 [DEBUG] : transduceSelectSQL
2024-11-05 10:33:19 [DEBUG] : 	changeSample
2024-11-05 10:33:19 [DEBUG] : 	easyReplaceSelect
2024-11-05 10:33:19 [DEBUG] : 	changeIndex
2024-11-05 10:33:19 [DEBUG] : 	changeRollUp
2024-11-05 10:33:19 [DEBUG] : 	changeSample
2024-11-05 10:33:19 [DEBUG] : 	easyReplaceSelect
2024-11-05 10:33:19 [DEBUG] : 	changeIndex
2024-11-05 10:33:19 [DEBUG] : 	changeRollUp
2024-11-05 10:33:19 [DEBUG] : 	changeSample
2024-11-05 10:33:19 [DEBUG] : 	easyReplaceSelect
2024-11-05 10:33:19 [DEBUG] : 	changeIndex
2024-11-05 10:33:19 [DEBUG] : 	changeRollUp
2024-11-05 10:33:19 [DEBUG] : 	changeSample
2024-11-05 10:33:19 [DEBUG] : 	easyReplaceSelect
2024-11-05 10:33:19 [DEBUG] : 	changeIndex
2024-11-05 10:33:19 [DEBUG] : 	changeRollUp
2024-11-05 10:33:19 [DEBUG] : 轉換完成
2024-11-05 10:33:19 [INFO] : 讀取檔案：C:\Users\User\Desktop\Trans\Target\sp\PMART.REMD_SCAL_PDEPT_FUNC.sql
2024-11-05 10:33:19 [WARN] : 出現無法辨識的SQL語句
2024-11-05 10:33:19 [DEBUG] : 	分類：DDL
2024-11-05 10:33:19 [DEBUG] : 		細分：CTAS
2024-11-05 10:33:19 [DEBUG] : transduceSelectSQL
2024-11-05 10:33:20 [DEBUG] : 	changeSample
2024-11-05 10:33:20 [DEBUG] : 	easyReplaceSelect
2024-11-05 10:33:20 [DEBUG] : 	changeIndex
2024-11-05 10:33:20 [DEBUG] : 	changeRollUp
2024-11-05 10:33:20 [DEBUG] : 	changeSample
2024-11-05 10:33:20 [DEBUG] : 	easyReplaceSelect
2024-11-05 10:33:20 [DEBUG] : 	changeIndex
2024-11-05 10:33:20 [DEBUG] : 	changeRollUp
2024-11-05 10:33:20 [DEBUG] : 	changeSample
2024-11-05 10:33:20 [DEBUG] : 	easyReplaceSelect
2024-11-05 10:33:20 [DEBUG] : 	changeIndex
2024-11-05 10:33:20 [DEBUG] : 	changeRollUp
2024-11-05 10:33:20 [DEBUG] : 轉換完成
2024-11-05 10:33:20 [INFO] : 讀取檔案：C:\Users\User\Desktop\Trans\Target\sp\PMART.REMD_SCAL_TOT_FUNC.sql
2024-11-05 10:33:20 [WARN] : 出現無法辨識的SQL語句
2024-11-05 10:33:20 [DEBUG] : 	分類：DDL
2024-11-05 10:33:20 [DEBUG] : 		細分：CTAS
2024-11-05 10:33:20 [DEBUG] : transduceSelectSQL
2024-11-05 10:33:20 [DEBUG] : 	changeSample
2024-11-05 10:33:20 [DEBUG] : 	easyReplaceSelect
2024-11-05 10:33:20 [DEBUG] : 	changeIndex
2024-11-05 10:33:20 [DEBUG] : 	changeRollUp
2024-11-05 10:33:20 [DEBUG] : 	changeSample
2024-11-05 10:33:20 [DEBUG] : 	easyReplaceSelect
2024-11-05 10:33:20 [DEBUG] : 	changeIndex
2024-11-05 10:33:20 [DEBUG] : 	changeRollUp
2024-11-05 10:33:20 [DEBUG] : 	changeSample
2024-11-05 10:33:20 [DEBUG] : 	easyReplaceSelect
2024-11-05 10:33:20 [DEBUG] : 	changeIndex
2024-11-05 10:33:20 [DEBUG] : 	changeRollUp
2024-11-05 10:33:20 [DEBUG] : 	changeSample
2024-11-05 10:33:20 [DEBUG] : 	easyReplaceSelect
2024-11-05 10:33:20 [DEBUG] : 	changeIndex
2024-11-05 10:33:20 [DEBUG] : 	changeRollUp
2024-11-05 10:33:20 [DEBUG] : 	changeSample
2024-11-05 10:33:20 [DEBUG] : 	easyReplaceSelect
2024-11-05 10:33:20 [DEBUG] : 	changeIndex
2024-11-05 10:33:20 [DEBUG] : 	changeRollUp
2024-11-05 10:33:20 [DEBUG] : 	changeSample
2024-11-05 10:33:20 [DEBUG] : 	easyReplaceSelect
2024-11-05 10:33:20 [DEBUG] : 	changeIndex
2024-11-05 10:33:20 [DEBUG] : 	changeRollUp
2024-11-05 10:33:20 [DEBUG] : 轉換完成
2024-11-05 10:33:20 [INFO] : 讀取檔案：C:\Users\User\Desktop\Trans\Target\sp\PMART.REMD_SC_COMPACT.sql
2024-11-05 10:33:20 [WARN] : 出現無法辨識的SQL語句
2024-11-05 10:33:20 [INFO] : 讀取檔案：C:\Users\User\Desktop\Trans\Target\sp\PMART.REMD_SER_CUSTNUM.sql
2024-11-05 10:33:20 [WARN] : 出現無法辨識的SQL語句
2024-11-05 10:33:20 [INFO] : 讀取檔案：C:\Users\User\Desktop\Trans\Target\sp\PMART.REMD_ST_TOT_FUNC.sql
2024-11-05 10:33:20 [WARN] : 出現無法辨識的SQL語句
2024-11-05 10:33:20 [DEBUG] : 	分類：DDL
2024-11-05 10:33:20 [DEBUG] : 		細分：CTAS
2024-11-05 10:33:20 [DEBUG] : transduceSelectSQL
2024-11-05 10:33:20 [DEBUG] : 	changeSample
2024-11-05 10:33:20 [DEBUG] : 	easyReplaceSelect
2024-11-05 10:33:20 [DEBUG] : 	changeIndex
2024-11-05 10:33:20 [DEBUG] : 	changeRollUp
2024-11-05 10:33:20 [DEBUG] : 轉換完成
2024-11-05 10:33:20 [INFO] : 產生檔案：C:\Users\User\Desktop\Trans\Assessment_Result\20241105_103318\sp\PMART.COMPACTMONTH.sql
2024-11-05 10:33:20 [INFO] : 產生檔案：C:\Users\User\Desktop\Trans\Assessment_Result\20241105_103318\sp\PMART.COMPACTMONTH_NCIG.sql
2024-11-05 10:33:20 [INFO] : 產生檔案：C:\Users\User\Desktop\Trans\Assessment_Result\20241105_103318\sp\PMART.FILLBLANK.sql
2024-11-05 10:33:20 [INFO] : 產生檔案：C:\Users\User\Desktop\Trans\Assessment_Result\20241105_103318\sp\PMART.FILLBLANK_NCIG.sql
2024-11-05 10:33:20 [INFO] : 產生檔案：C:\Users\User\Desktop\Trans\Assessment_Result\20241105_103318\sp\PMART.MSGSOUR_DEP_FUNC.sql
2024-11-05 10:33:20 [INFO] : 產生檔案：C:\Users\User\Desktop\Trans\Assessment_Result\20241105_103318\sp\PMART.NEWFILLBLANK.sql
2024-11-05 10:33:20 [INFO] : 產生檔案：C:\Users\User\Desktop\Trans\Assessment_Result\20241105_103318\sp\PMART.NEWFILLBLANK_NCIG.sql
2024-11-05 10:33:20 [INFO] : 產生檔案：C:\Users\User\Desktop\Trans\Assessment_Result\20241105_103318\sp\PMART.REMD_CIG_CUSTNUM.sql
2024-11-05 10:33:20 [INFO] : 產生檔案：C:\Users\User\Desktop\Trans\Assessment_Result\20241105_103318\sp\PMART.REMD_EX_TRANSFER.sql
2024-11-05 10:33:20 [INFO] : 產生檔案：C:\Users\User\Desktop\Trans\Assessment_Result\20241105_103318\sp\PMART.REMD_EX_TRANSFER_NCIG.sql
2024-11-05 10:33:20 [INFO] : 產生檔案：C:\Users\User\Desktop\Trans\Assessment_Result\20241105_103318\sp\PMART.REMD_R6_COMPACT.sql
2024-11-05 10:33:20 [INFO] : 產生檔案：C:\Users\User\Desktop\Trans\Assessment_Result\20241105_103318\sp\PMART.REMD_R6_COMPACT_NCIG.sql
2024-11-05 10:33:20 [INFO] : 產生檔案：C:\Users\User\Desktop\Trans\Assessment_Result\20241105_103318\sp\PMART.REMD_S1_TOT_FUNC.sql
2024-11-05 10:33:20 [INFO] : 產生檔案：C:\Users\User\Desktop\Trans\Assessment_Result\20241105_103318\sp\PMART.REMD_S2_TOT_FUNC.sql
2024-11-05 10:33:20 [INFO] : 產生檔案：C:\Users\User\Desktop\Trans\Assessment_Result\20241105_103318\sp\PMART.REMD_S3_TOT_FUNC.sql
2024-11-05 10:33:20 [INFO] : 產生檔案：C:\Users\User\Desktop\Trans\Assessment_Result\20241105_103318\sp\PMART.REMD_S4_TOT_FUNC.sql
2024-11-05 10:33:20 [INFO] : 產生檔案：C:\Users\User\Desktop\Trans\Assessment_Result\20241105_103318\sp\PMART.REMD_SCAL_PDEPT_FUNC.sql
2024-11-05 10:33:20 [INFO] : 產生檔案：C:\Users\User\Desktop\Trans\Assessment_Result\20241105_103318\sp\PMART.REMD_SCAL_TOT_FUNC.sql
2024-11-05 10:33:20 [INFO] : 產生檔案：C:\Users\User\Desktop\Trans\Assessment_Result\20241105_103318\sp\PMART.REMD_SC_COMPACT.sql
2024-11-05 10:33:20 [INFO] : 產生檔案：C:\Users\User\Desktop\Trans\Assessment_Result\20241105_103318\sp\PMART.REMD_SER_CUSTNUM.sql
2024-11-05 10:33:20 [INFO] : 產生檔案：C:\Users\User\Desktop\Trans\Assessment_Result\20241105_103318\sp\PMART.REMD_ST_TOT_FUNC.sql
2024-11-05 10:33:20 [INFO] : 轉換完成
2024-11-05 10:34:18 [INFO] : 執行項目：SF_SP
2024-11-05 10:34:20 [INFO] : 讀取檔案：C:\Users\User\Desktop\Trans\Target\sp\PMART.COMPACTMONTH.sql
2024-11-05 10:34:20 [WARN] : 出現無法辨識的SQL語句
2024-11-05 10:34:20 [INFO] : 讀取檔案：C:\Users\User\Desktop\Trans\Target\sp\PMART.COMPACTMONTH_NCIG.sql
2024-11-05 10:34:20 [WARN] : 出現無法辨識的SQL語句
2024-11-05 10:34:20 [INFO] : 讀取檔案：C:\Users\User\Desktop\Trans\Target\sp\PMART.FILLBLANK.sql
2024-11-05 10:34:20 [WARN] : 出現無法辨識的SQL語句
2024-11-05 10:34:20 [INFO] : 讀取檔案：C:\Users\User\Desktop\Trans\Target\sp\PMART.FILLBLANK_NCIG.sql
2024-11-05 10:34:20 [WARN] : 出現無法辨識的SQL語句
2024-11-05 10:34:20 [INFO] : 讀取檔案：C:\Users\User\Desktop\Trans\Target\sp\PMART.MSGSOUR_DEP_FUNC.sql
2024-11-05 10:34:20 [WARN] : 出現無法辨識的SQL語句
2024-11-05 10:34:20 [INFO] : 讀取檔案：C:\Users\User\Desktop\Trans\Target\sp\PMART.NEWFILLBLANK.sql
2024-11-05 10:34:20 [WARN] : 出現無法辨識的SQL語句
2024-11-05 10:34:20 [INFO] : 讀取檔案：C:\Users\User\Desktop\Trans\Target\sp\PMART.NEWFILLBLANK_NCIG.sql
2024-11-05 10:34:20 [WARN] : 出現無法辨識的SQL語句
2024-11-05 10:34:20 [INFO] : 讀取檔案：C:\Users\User\Desktop\Trans\Target\sp\PMART.REMD_CIG_CUSTNUM.sql
2024-11-05 10:34:20 [WARN] : 出現無法辨識的SQL語句
2024-11-05 10:34:20 [INFO] : 讀取檔案：C:\Users\User\Desktop\Trans\Target\sp\PMART.REMD_EX_TRANSFER.sql
2024-11-05 10:34:20 [WARN] : 出現無法辨識的SQL語句
2024-11-05 10:34:20 [INFO] : 讀取檔案：C:\Users\User\Desktop\Trans\Target\sp\PMART.REMD_EX_TRANSFER_NCIG.sql
2024-11-05 10:34:20 [WARN] : 出現無法辨識的SQL語句
2024-11-05 10:34:20 [INFO] : 讀取檔案：C:\Users\User\Desktop\Trans\Target\sp\PMART.REMD_R6_COMPACT.sql
2024-11-05 10:34:20 [WARN] : 出現無法辨識的SQL語句
2024-11-05 10:34:20 [INFO] : 讀取檔案：C:\Users\User\Desktop\Trans\Target\sp\PMART.REMD_R6_COMPACT_NCIG.sql
2024-11-05 10:34:20 [WARN] : 出現無法辨識的SQL語句
2024-11-05 10:34:20 [INFO] : 讀取檔案：C:\Users\User\Desktop\Trans\Target\sp\PMART.REMD_S1_TOT_FUNC.sql
2024-11-05 10:34:20 [WARN] : 出現無法辨識的SQL語句
2024-11-05 10:34:20 [DEBUG] : 	分類：DDL
2024-11-05 10:34:20 [DEBUG] : 		細分：CTAS
2024-11-05 10:34:20 [DEBUG] : transduceSelectSQL
2024-11-05 10:34:20 [DEBUG] : 	changeSample
2024-11-05 10:34:20 [DEBUG] : 	easyReplaceSelect
2024-11-05 10:34:20 [DEBUG] : 	changeIndex
2024-11-05 10:34:20 [DEBUG] : 	changeRollUp
2024-11-05 10:34:20 [DEBUG] : 轉換完成
2024-11-05 10:34:20 [INFO] : 讀取檔案：C:\Users\User\Desktop\Trans\Target\sp\PMART.REMD_S2_TOT_FUNC.sql
2024-11-05 10:34:20 [WARN] : 出現無法辨識的SQL語句
2024-11-05 10:34:20 [DEBUG] : 	分類：DDL
2024-11-05 10:34:20 [DEBUG] : 		細分：CTAS
2024-11-05 10:34:20 [DEBUG] : transduceSelectSQL
2024-11-05 10:34:20 [DEBUG] : 	changeSample
2024-11-05 10:34:20 [DEBUG] : 	easyReplaceSelect
2024-11-05 10:34:20 [DEBUG] : 	changeIndex
2024-11-05 10:34:20 [DEBUG] : 	changeRollUp
2024-11-05 10:34:20 [DEBUG] : 轉換完成
2024-11-05 10:34:20 [INFO] : 讀取檔案：C:\Users\User\Desktop\Trans\Target\sp\PMART.REMD_S3_TOT_FUNC.sql
2024-11-05 10:34:20 [WARN] : 出現無法辨識的SQL語句
2024-11-05 10:34:20 [DEBUG] : 	分類：DDL
2024-11-05 10:34:20 [DEBUG] : 		細分：CTAS
2024-11-05 10:34:20 [DEBUG] : transduceSelectSQL
2024-11-05 10:34:20 [DEBUG] : 	changeSample
2024-11-05 10:34:20 [DEBUG] : 	easyReplaceSelect
2024-11-05 10:34:20 [DEBUG] : 	changeIndex
2024-11-05 10:34:20 [DEBUG] : 	changeRollUp
2024-11-05 10:34:20 [DEBUG] : 	changeSample
2024-11-05 10:34:20 [DEBUG] : 	easyReplaceSelect
2024-11-05 10:34:20 [DEBUG] : 	changeIndex
2024-11-05 10:34:20 [DEBUG] : 	changeRollUp
2024-11-05 10:34:20 [DEBUG] : 轉換完成
2024-11-05 10:34:20 [INFO] : 讀取檔案：C:\Users\User\Desktop\Trans\Target\sp\PMART.REMD_S4_TOT_FUNC.sql
2024-11-05 10:34:20 [WARN] : 出現無法辨識的SQL語句
2024-11-05 10:34:20 [DEBUG] : 	分類：DDL
2024-11-05 10:34:20 [DEBUG] : 		細分：CTAS
2024-11-05 10:34:20 [DEBUG] : transduceSelectSQL
2024-11-05 10:34:20 [DEBUG] : 	changeSample
2024-11-05 10:34:20 [DEBUG] : 	easyReplaceSelect
2024-11-05 10:34:20 [DEBUG] : 	changeIndex
2024-11-05 10:34:20 [DEBUG] : 	changeRollUp
2024-11-05 10:34:20 [DEBUG] : 	changeSample
2024-11-05 10:34:20 [DEBUG] : 	easyReplaceSelect
2024-11-05 10:34:20 [DEBUG] : 	changeIndex
2024-11-05 10:34:20 [DEBUG] : 	changeRollUp
2024-11-05 10:34:20 [DEBUG] : 	changeSample
2024-11-05 10:34:20 [DEBUG] : 	easyReplaceSelect
2024-11-05 10:34:20 [DEBUG] : 	changeIndex
2024-11-05 10:34:20 [DEBUG] : 	changeRollUp
2024-11-05 10:34:20 [DEBUG] : 	changeSample
2024-11-05 10:34:20 [DEBUG] : 	easyReplaceSelect
2024-11-05 10:34:20 [DEBUG] : 	changeIndex
2024-11-05 10:34:20 [DEBUG] : 	changeRollUp
2024-11-05 10:34:20 [DEBUG] : 轉換完成
2024-11-05 10:34:20 [INFO] : 讀取檔案：C:\Users\User\Desktop\Trans\Target\sp\PMART.REMD_SCAL_PDEPT_FUNC.sql
2024-11-05 10:34:21 [WARN] : 出現無法辨識的SQL語句
2024-11-05 10:34:21 [DEBUG] : 	分類：DDL
2024-11-05 10:34:21 [DEBUG] : 		細分：CTAS
2024-11-05 10:34:21 [DEBUG] : transduceSelectSQL
2024-11-05 10:34:21 [DEBUG] : 	changeSample
2024-11-05 10:34:21 [DEBUG] : 	easyReplaceSelect
2024-11-05 10:34:21 [DEBUG] : 	changeIndex
2024-11-05 10:34:21 [DEBUG] : 	changeRollUp
2024-11-05 10:34:21 [DEBUG] : 	changeSample
2024-11-05 10:34:21 [DEBUG] : 	easyReplaceSelect
2024-11-05 10:34:21 [DEBUG] : 	changeIndex
2024-11-05 10:34:21 [DEBUG] : 	changeRollUp
2024-11-05 10:34:21 [DEBUG] : 	changeSample
2024-11-05 10:34:21 [DEBUG] : 	easyReplaceSelect
2024-11-05 10:34:21 [DEBUG] : 	changeIndex
2024-11-05 10:34:21 [DEBUG] : 	changeRollUp
2024-11-05 10:34:21 [DEBUG] : 轉換完成
2024-11-05 10:34:21 [INFO] : 讀取檔案：C:\Users\User\Desktop\Trans\Target\sp\PMART.REMD_SCAL_TOT_FUNC.sql
2024-11-05 10:34:21 [WARN] : 出現無法辨識的SQL語句
2024-11-05 10:34:21 [DEBUG] : 	分類：DDL
2024-11-05 10:34:21 [DEBUG] : 		細分：CTAS
2024-11-05 10:34:21 [DEBUG] : transduceSelectSQL
2024-11-05 10:34:21 [DEBUG] : 	changeSample
2024-11-05 10:34:21 [DEBUG] : 	easyReplaceSelect
2024-11-05 10:34:21 [DEBUG] : 	changeIndex
2024-11-05 10:34:21 [DEBUG] : 	changeRollUp
2024-11-05 10:34:21 [DEBUG] : 	changeSample
2024-11-05 10:34:21 [DEBUG] : 	easyReplaceSelect
2024-11-05 10:34:21 [DEBUG] : 	changeIndex
2024-11-05 10:34:21 [DEBUG] : 	changeRollUp
2024-11-05 10:34:21 [DEBUG] : 	changeSample
2024-11-05 10:34:21 [DEBUG] : 	easyReplaceSelect
2024-11-05 10:34:21 [DEBUG] : 	changeIndex
2024-11-05 10:34:21 [DEBUG] : 	changeRollUp
2024-11-05 10:34:21 [DEBUG] : 	changeSample
2024-11-05 10:34:21 [DEBUG] : 	easyReplaceSelect
2024-11-05 10:34:21 [DEBUG] : 	changeIndex
2024-11-05 10:34:21 [DEBUG] : 	changeRollUp
2024-11-05 10:34:21 [DEBUG] : 	changeSample
2024-11-05 10:34:21 [DEBUG] : 	easyReplaceSelect
2024-11-05 10:34:21 [DEBUG] : 	changeIndex
2024-11-05 10:34:21 [DEBUG] : 	changeRollUp
2024-11-05 10:34:21 [DEBUG] : 	changeSample
2024-11-05 10:34:21 [DEBUG] : 	easyReplaceSelect
2024-11-05 10:34:21 [DEBUG] : 	changeIndex
2024-11-05 10:34:21 [DEBUG] : 	changeRollUp
2024-11-05 10:34:21 [DEBUG] : 轉換完成
2024-11-05 10:34:21 [INFO] : 讀取檔案：C:\Users\User\Desktop\Trans\Target\sp\PMART.REMD_SC_COMPACT.sql
2024-11-05 10:34:21 [WARN] : 出現無法辨識的SQL語句
2024-11-05 10:34:21 [INFO] : 讀取檔案：C:\Users\User\Desktop\Trans\Target\sp\PMART.REMD_SER_CUSTNUM.sql
2024-11-05 10:34:21 [WARN] : 出現無法辨識的SQL語句
2024-11-05 10:34:21 [INFO] : 讀取檔案：C:\Users\User\Desktop\Trans\Target\sp\PMART.REMD_ST_TOT_FUNC.sql
2024-11-05 10:34:22 [WARN] : 出現無法辨識的SQL語句
2024-11-05 10:34:22 [DEBUG] : 	分類：DDL
2024-11-05 10:34:22 [DEBUG] : 		細分：CTAS
2024-11-05 10:34:22 [DEBUG] : transduceSelectSQL
2024-11-05 10:34:22 [DEBUG] : 	changeSample
2024-11-05 10:34:22 [DEBUG] : 	easyReplaceSelect
2024-11-05 10:34:22 [DEBUG] : 	changeIndex
2024-11-05 10:34:22 [DEBUG] : 	changeRollUp
2024-11-05 10:34:22 [DEBUG] : 轉換完成
2024-11-05 10:34:22 [INFO] : 產生檔案：C:\Users\User\Desktop\Trans\Assessment_Result\20241105_103419\sp\PMART.COMPACTMONTH.sql
2024-11-05 10:34:22 [INFO] : 產生檔案：C:\Users\User\Desktop\Trans\Assessment_Result\20241105_103419\sp\PMART.COMPACTMONTH_NCIG.sql
2024-11-05 10:34:22 [INFO] : 產生檔案：C:\Users\User\Desktop\Trans\Assessment_Result\20241105_103419\sp\PMART.FILLBLANK.sql
2024-11-05 10:34:22 [INFO] : 產生檔案：C:\Users\User\Desktop\Trans\Assessment_Result\20241105_103419\sp\PMART.FILLBLANK_NCIG.sql
2024-11-05 10:34:22 [INFO] : 產生檔案：C:\Users\User\Desktop\Trans\Assessment_Result\20241105_103419\sp\PMART.MSGSOUR_DEP_FUNC.sql
2024-11-05 10:34:22 [INFO] : 產生檔案：C:\Users\User\Desktop\Trans\Assessment_Result\20241105_103419\sp\PMART.NEWFILLBLANK.sql
2024-11-05 10:34:22 [INFO] : 產生檔案：C:\Users\User\Desktop\Trans\Assessment_Result\20241105_103419\sp\PMART.NEWFILLBLANK_NCIG.sql
2024-11-05 10:34:22 [INFO] : 產生檔案：C:\Users\User\Desktop\Trans\Assessment_Result\20241105_103419\sp\PMART.REMD_CIG_CUSTNUM.sql
2024-11-05 10:34:22 [INFO] : 產生檔案：C:\Users\User\Desktop\Trans\Assessment_Result\20241105_103419\sp\PMART.REMD_EX_TRANSFER.sql
2024-11-05 10:34:22 [INFO] : 產生檔案：C:\Users\User\Desktop\Trans\Assessment_Result\20241105_103419\sp\PMART.REMD_EX_TRANSFER_NCIG.sql
2024-11-05 10:34:22 [INFO] : 產生檔案：C:\Users\User\Desktop\Trans\Assessment_Result\20241105_103419\sp\PMART.REMD_R6_COMPACT.sql
2024-11-05 10:34:22 [INFO] : 產生檔案：C:\Users\User\Desktop\Trans\Assessment_Result\20241105_103419\sp\PMART.REMD_R6_COMPACT_NCIG.sql
2024-11-05 10:34:22 [INFO] : 產生檔案：C:\Users\User\Desktop\Trans\Assessment_Result\20241105_103419\sp\PMART.REMD_S1_TOT_FUNC.sql
2024-11-05 10:34:22 [INFO] : 產生檔案：C:\Users\User\Desktop\Trans\Assessment_Result\20241105_103419\sp\PMART.REMD_S2_TOT_FUNC.sql
2024-11-05 10:34:22 [INFO] : 產生檔案：C:\Users\User\Desktop\Trans\Assessment_Result\20241105_103419\sp\PMART.REMD_S3_TOT_FUNC.sql
2024-11-05 10:34:22 [INFO] : 產生檔案：C:\Users\User\Desktop\Trans\Assessment_Result\20241105_103419\sp\PMART.REMD_S4_TOT_FUNC.sql
2024-11-05 10:34:22 [INFO] : 產生檔案：C:\Users\User\Desktop\Trans\Assessment_Result\20241105_103419\sp\PMART.REMD_SCAL_PDEPT_FUNC.sql
2024-11-05 10:34:22 [INFO] : 產生檔案：C:\Users\User\Desktop\Trans\Assessment_Result\20241105_103419\sp\PMART.REMD_SCAL_TOT_FUNC.sql
2024-11-05 10:34:22 [INFO] : 產生檔案：C:\Users\User\Desktop\Trans\Assessment_Result\20241105_103419\sp\PMART.REMD_SC_COMPACT.sql
2024-11-05 10:34:22 [INFO] : 產生檔案：C:\Users\User\Desktop\Trans\Assessment_Result\20241105_103419\sp\PMART.REMD_SER_CUSTNUM.sql
2024-11-05 10:34:22 [INFO] : 產生檔案：C:\Users\User\Desktop\Trans\Assessment_Result\20241105_103419\sp\PMART.REMD_ST_TOT_FUNC.sql
2024-11-05 10:34:22 [INFO] : 轉換完成
2024-11-05 10:37:37 [INFO] : 執行項目：SF_SP
2024-11-05 10:37:38 [INFO] : 讀取檔案：C:\Users\User\Desktop\Trans\Target\sp\PMART.COMPACTMONTH.sql
2024-11-05 10:37:38 [WARN] : 出現無法辨識的SQL語句
2024-11-05 10:37:38 [INFO] : 讀取檔案：C:\Users\User\Desktop\Trans\Target\sp\PMART.COMPACTMONTH_NCIG.sql
2024-11-05 10:37:38 [WARN] : 出現無法辨識的SQL語句
2024-11-05 10:37:38 [INFO] : 讀取檔案：C:\Users\User\Desktop\Trans\Target\sp\PMART.FILLBLANK.sql
2024-11-05 10:37:38 [WARN] : 出現無法辨識的SQL語句
2024-11-05 10:37:38 [INFO] : 讀取檔案：C:\Users\User\Desktop\Trans\Target\sp\PMART.FILLBLANK_NCIG.sql
2024-11-05 10:37:38 [WARN] : 出現無法辨識的SQL語句
2024-11-05 10:37:38 [INFO] : 讀取檔案：C:\Users\User\Desktop\Trans\Target\sp\PMART.MSGSOUR_DEP_FUNC.sql
2024-11-05 10:37:38 [WARN] : 出現無法辨識的SQL語句
2024-11-05 10:37:38 [INFO] : 讀取檔案：C:\Users\User\Desktop\Trans\Target\sp\PMART.NEWFILLBLANK.sql
2024-11-05 10:37:38 [WARN] : 出現無法辨識的SQL語句
2024-11-05 10:37:38 [INFO] : 讀取檔案：C:\Users\User\Desktop\Trans\Target\sp\PMART.NEWFILLBLANK_NCIG.sql
2024-11-05 10:37:38 [WARN] : 出現無法辨識的SQL語句
2024-11-05 10:37:38 [INFO] : 讀取檔案：C:\Users\User\Desktop\Trans\Target\sp\PMART.REMD_CIG_CUSTNUM.sql
2024-11-05 10:37:38 [WARN] : 出現無法辨識的SQL語句
2024-11-05 10:37:39 [INFO] : 讀取檔案：C:\Users\User\Desktop\Trans\Target\sp\PMART.REMD_EX_TRANSFER.sql
2024-11-05 10:37:39 [WARN] : 出現無法辨識的SQL語句
2024-11-05 10:37:39 [INFO] : 讀取檔案：C:\Users\User\Desktop\Trans\Target\sp\PMART.REMD_EX_TRANSFER_NCIG.sql
2024-11-05 10:37:39 [WARN] : 出現無法辨識的SQL語句
2024-11-05 10:37:39 [INFO] : 讀取檔案：C:\Users\User\Desktop\Trans\Target\sp\PMART.REMD_R6_COMPACT.sql
2024-11-05 10:37:39 [WARN] : 出現無法辨識的SQL語句
2024-11-05 10:37:39 [INFO] : 讀取檔案：C:\Users\User\Desktop\Trans\Target\sp\PMART.REMD_R6_COMPACT_NCIG.sql
2024-11-05 10:37:39 [WARN] : 出現無法辨識的SQL語句
2024-11-05 10:37:39 [INFO] : 讀取檔案：C:\Users\User\Desktop\Trans\Target\sp\PMART.REMD_S1_TOT_FUNC.sql
2024-11-05 10:37:39 [WARN] : 出現無法辨識的SQL語句
2024-11-05 10:37:39 [DEBUG] : 	分類：DDL
2024-11-05 10:37:39 [DEBUG] : 		細分：CTAS
2024-11-05 10:37:39 [DEBUG] : transduceSelectSQL
2024-11-05 10:37:39 [DEBUG] : 	changeSample
2024-11-05 10:37:39 [DEBUG] : 	easyReplaceSelect
2024-11-05 10:37:39 [DEBUG] : 	changeIndex
2024-11-05 10:37:39 [DEBUG] : 	changeRollUp
2024-11-05 10:37:39 [DEBUG] : 轉換完成
2024-11-05 10:37:39 [INFO] : 讀取檔案：C:\Users\User\Desktop\Trans\Target\sp\PMART.REMD_S2_TOT_FUNC.sql
2024-11-05 10:37:39 [WARN] : 出現無法辨識的SQL語句
2024-11-05 10:37:39 [DEBUG] : 	分類：DDL
2024-11-05 10:37:39 [DEBUG] : 		細分：CTAS
2024-11-05 10:37:39 [DEBUG] : transduceSelectSQL
2024-11-05 10:37:39 [DEBUG] : 	changeSample
2024-11-05 10:37:39 [DEBUG] : 	easyReplaceSelect
2024-11-05 10:37:39 [DEBUG] : 	changeIndex
2024-11-05 10:37:39 [DEBUG] : 	changeRollUp
2024-11-05 10:37:39 [DEBUG] : 轉換完成
2024-11-05 10:37:39 [INFO] : 讀取檔案：C:\Users\User\Desktop\Trans\Target\sp\PMART.REMD_S3_TOT_FUNC.sql
2024-11-05 10:37:39 [WARN] : 出現無法辨識的SQL語句
2024-11-05 10:37:39 [DEBUG] : 	分類：DDL
2024-11-05 10:37:39 [DEBUG] : 		細分：CTAS
2024-11-05 10:37:39 [DEBUG] : transduceSelectSQL
2024-11-05 10:37:39 [DEBUG] : 	changeSample
2024-11-05 10:37:39 [DEBUG] : 	easyReplaceSelect
2024-11-05 10:37:39 [DEBUG] : 	changeIndex
2024-11-05 10:37:39 [DEBUG] : 	changeRollUp
2024-11-05 10:37:39 [DEBUG] : 	changeSample
2024-11-05 10:37:39 [DEBUG] : 	easyReplaceSelect
2024-11-05 10:37:39 [DEBUG] : 	changeIndex
2024-11-05 10:37:39 [DEBUG] : 	changeRollUp
2024-11-05 10:37:39 [DEBUG] : 轉換完成
2024-11-05 10:37:39 [INFO] : 讀取檔案：C:\Users\User\Desktop\Trans\Target\sp\PMART.REMD_S4_TOT_FUNC.sql
2024-11-05 10:37:39 [WARN] : 出現無法辨識的SQL語句
2024-11-05 10:37:39 [DEBUG] : 	分類：DDL
2024-11-05 10:37:39 [DEBUG] : 		細分：CTAS
2024-11-05 10:37:39 [DEBUG] : transduceSelectSQL
2024-11-05 10:37:39 [DEBUG] : 	changeSample
2024-11-05 10:37:39 [DEBUG] : 	easyReplaceSelect
2024-11-05 10:37:39 [DEBUG] : 	changeIndex
2024-11-05 10:37:39 [DEBUG] : 	changeRollUp
2024-11-05 10:37:39 [DEBUG] : 	changeSample
2024-11-05 10:37:39 [DEBUG] : 	easyReplaceSelect
2024-11-05 10:37:39 [DEBUG] : 	changeIndex
2024-11-05 10:37:39 [DEBUG] : 	changeRollUp
2024-11-05 10:37:39 [DEBUG] : 	changeSample
2024-11-05 10:37:39 [DEBUG] : 	easyReplaceSelect
2024-11-05 10:37:39 [DEBUG] : 	changeIndex
2024-11-05 10:37:39 [DEBUG] : 	changeRollUp
2024-11-05 10:37:39 [DEBUG] : 	changeSample
2024-11-05 10:37:39 [DEBUG] : 	easyReplaceSelect
2024-11-05 10:37:39 [DEBUG] : 	changeIndex
2024-11-05 10:37:39 [DEBUG] : 	changeRollUp
2024-11-05 10:37:39 [DEBUG] : 轉換完成
2024-11-05 10:37:39 [INFO] : 讀取檔案：C:\Users\User\Desktop\Trans\Target\sp\PMART.REMD_SCAL_PDEPT_FUNC.sql
2024-11-05 10:37:39 [WARN] : 出現無法辨識的SQL語句
2024-11-05 10:37:39 [DEBUG] : 	分類：DDL
2024-11-05 10:37:39 [DEBUG] : 		細分：CTAS
2024-11-05 10:37:39 [DEBUG] : transduceSelectSQL
2024-11-05 10:37:39 [DEBUG] : 	changeSample
2024-11-05 10:37:39 [DEBUG] : 	easyReplaceSelect
2024-11-05 10:37:39 [DEBUG] : 	changeIndex
2024-11-05 10:37:39 [DEBUG] : 	changeRollUp
2024-11-05 10:37:39 [DEBUG] : 	changeSample
2024-11-05 10:37:39 [DEBUG] : 	easyReplaceSelect
2024-11-05 10:37:39 [DEBUG] : 	changeIndex
2024-11-05 10:37:39 [DEBUG] : 	changeRollUp
2024-11-05 10:37:39 [DEBUG] : 	changeSample
2024-11-05 10:37:39 [DEBUG] : 	easyReplaceSelect
2024-11-05 10:37:39 [DEBUG] : 	changeIndex
2024-11-05 10:37:39 [DEBUG] : 	changeRollUp
2024-11-05 10:37:39 [DEBUG] : 轉換完成
2024-11-05 10:37:39 [INFO] : 讀取檔案：C:\Users\User\Desktop\Trans\Target\sp\PMART.REMD_SCAL_TOT_FUNC.sql
2024-11-05 10:37:40 [WARN] : 出現無法辨識的SQL語句
2024-11-05 10:37:40 [DEBUG] : 	分類：DDL
2024-11-05 10:37:40 [DEBUG] : 		細分：CTAS
2024-11-05 10:37:40 [DEBUG] : transduceSelectSQL
2024-11-05 10:37:40 [DEBUG] : 	changeSample
2024-11-05 10:37:40 [DEBUG] : 	easyReplaceSelect
2024-11-05 10:37:40 [DEBUG] : 	changeIndex
2024-11-05 10:37:40 [DEBUG] : 	changeRollUp
2024-11-05 10:37:40 [DEBUG] : 	changeSample
2024-11-05 10:37:40 [DEBUG] : 	easyReplaceSelect
2024-11-05 10:37:40 [DEBUG] : 	changeIndex
2024-11-05 10:37:40 [DEBUG] : 	changeRollUp
2024-11-05 10:37:40 [DEBUG] : 	changeSample
2024-11-05 10:37:40 [DEBUG] : 	easyReplaceSelect
2024-11-05 10:37:40 [DEBUG] : 	changeIndex
2024-11-05 10:37:40 [DEBUG] : 	changeRollUp
2024-11-05 10:37:40 [DEBUG] : 	changeSample
2024-11-05 10:37:40 [DEBUG] : 	easyReplaceSelect
2024-11-05 10:37:40 [DEBUG] : 	changeIndex
2024-11-05 10:37:40 [DEBUG] : 	changeRollUp
2024-11-05 10:37:40 [DEBUG] : 	changeSample
2024-11-05 10:37:40 [DEBUG] : 	easyReplaceSelect
2024-11-05 10:37:40 [DEBUG] : 	changeIndex
2024-11-05 10:37:40 [DEBUG] : 	changeRollUp
2024-11-05 10:37:40 [DEBUG] : 	changeSample
2024-11-05 10:37:40 [DEBUG] : 	easyReplaceSelect
2024-11-05 10:37:40 [DEBUG] : 	changeIndex
2024-11-05 10:37:40 [DEBUG] : 	changeRollUp
2024-11-05 10:37:40 [DEBUG] : 轉換完成
2024-11-05 10:37:40 [INFO] : 讀取檔案：C:\Users\User\Desktop\Trans\Target\sp\PMART.REMD_SC_COMPACT.sql
2024-11-05 10:37:40 [WARN] : 出現無法辨識的SQL語句
2024-11-05 10:37:40 [INFO] : 讀取檔案：C:\Users\User\Desktop\Trans\Target\sp\PMART.REMD_SER_CUSTNUM.sql
2024-11-05 10:37:40 [WARN] : 出現無法辨識的SQL語句
2024-11-05 10:37:40 [INFO] : 讀取檔案：C:\Users\User\Desktop\Trans\Target\sp\PMART.REMD_ST_TOT_FUNC.sql
2024-11-05 10:37:40 [WARN] : 出現無法辨識的SQL語句
2024-11-05 10:37:40 [DEBUG] : 	分類：DDL
2024-11-05 10:37:40 [DEBUG] : 		細分：CTAS
2024-11-05 10:37:40 [DEBUG] : transduceSelectSQL
2024-11-05 10:37:40 [DEBUG] : 	changeSample
2024-11-05 10:37:40 [DEBUG] : 	easyReplaceSelect
2024-11-05 10:37:40 [DEBUG] : 	changeIndex
2024-11-05 10:37:40 [DEBUG] : 	changeRollUp
2024-11-05 10:37:40 [DEBUG] : 轉換完成
2024-11-05 10:37:40 [INFO] : 產生檔案：C:\Users\User\Desktop\Trans\Assessment_Result\20241105_103738\sp\PMART.COMPACTMONTH.sql
2024-11-05 10:37:40 [INFO] : 產生檔案：C:\Users\User\Desktop\Trans\Assessment_Result\20241105_103738\sp\PMART.COMPACTMONTH_NCIG.sql
2024-11-05 10:37:40 [INFO] : 產生檔案：C:\Users\User\Desktop\Trans\Assessment_Result\20241105_103738\sp\PMART.FILLBLANK.sql
2024-11-05 10:37:40 [INFO] : 產生檔案：C:\Users\User\Desktop\Trans\Assessment_Result\20241105_103738\sp\PMART.FILLBLANK_NCIG.sql
2024-11-05 10:37:40 [INFO] : 產生檔案：C:\Users\User\Desktop\Trans\Assessment_Result\20241105_103738\sp\PMART.MSGSOUR_DEP_FUNC.sql
2024-11-05 10:37:40 [INFO] : 產生檔案：C:\Users\User\Desktop\Trans\Assessment_Result\20241105_103738\sp\PMART.NEWFILLBLANK.sql
2024-11-05 10:37:40 [INFO] : 產生檔案：C:\Users\User\Desktop\Trans\Assessment_Result\20241105_103738\sp\PMART.NEWFILLBLANK_NCIG.sql
2024-11-05 10:37:40 [INFO] : 產生檔案：C:\Users\User\Desktop\Trans\Assessment_Result\20241105_103738\sp\PMART.REMD_CIG_CUSTNUM.sql
2024-11-05 10:37:40 [INFO] : 產生檔案：C:\Users\User\Desktop\Trans\Assessment_Result\20241105_103738\sp\PMART.REMD_EX_TRANSFER.sql
2024-11-05 10:37:40 [INFO] : 產生檔案：C:\Users\User\Desktop\Trans\Assessment_Result\20241105_103738\sp\PMART.REMD_EX_TRANSFER_NCIG.sql
2024-11-05 10:37:40 [INFO] : 產生檔案：C:\Users\User\Desktop\Trans\Assessment_Result\20241105_103738\sp\PMART.REMD_R6_COMPACT.sql
2024-11-05 10:37:40 [INFO] : 產生檔案：C:\Users\User\Desktop\Trans\Assessment_Result\20241105_103738\sp\PMART.REMD_R6_COMPACT_NCIG.sql
2024-11-05 10:37:40 [INFO] : 產生檔案：C:\Users\User\Desktop\Trans\Assessment_Result\20241105_103738\sp\PMART.REMD_S1_TOT_FUNC.sql
2024-11-05 10:37:40 [INFO] : 產生檔案：C:\Users\User\Desktop\Trans\Assessment_Result\20241105_103738\sp\PMART.REMD_S2_TOT_FUNC.sql
2024-11-05 10:37:40 [INFO] : 產生檔案：C:\Users\User\Desktop\Trans\Assessment_Result\20241105_103738\sp\PMART.REMD_S3_TOT_FUNC.sql
2024-11-05 10:37:40 [INFO] : 產生檔案：C:\Users\User\Desktop\Trans\Assessment_Result\20241105_103738\sp\PMART.REMD_S4_TOT_FUNC.sql
2024-11-05 10:37:40 [INFO] : 產生檔案：C:\Users\User\Desktop\Trans\Assessment_Result\20241105_103738\sp\PMART.REMD_SCAL_PDEPT_FUNC.sql
2024-11-05 10:37:40 [INFO] : 產生檔案：C:\Users\User\Desktop\Trans\Assessment_Result\20241105_103738\sp\PMART.REMD_SCAL_TOT_FUNC.sql
2024-11-05 10:37:40 [INFO] : 產生檔案：C:\Users\User\Desktop\Trans\Assessment_Result\20241105_103738\sp\PMART.REMD_SC_COMPACT.sql
2024-11-05 10:37:40 [INFO] : 產生檔案：C:\Users\User\Desktop\Trans\Assessment_Result\20241105_103738\sp\PMART.REMD_SER_CUSTNUM.sql
2024-11-05 10:37:40 [INFO] : 產生檔案：C:\Users\User\Desktop\Trans\Assessment_Result\20241105_103738\sp\PMART.REMD_ST_TOT_FUNC.sql
2024-11-05 10:37:40 [INFO] : 轉換完成
2024-11-05 10:38:54 [INFO] : 執行項目：SF_SP
2024-11-05 10:38:55 [INFO] : 讀取檔案：C:\Users\User\Desktop\Trans\Target\sp\PMART.COMPACTMONTH.sql
2024-11-05 10:38:55 [WARN] : 出現無法辨識的SQL語句
2024-11-05 10:38:55 [INFO] : 讀取檔案：C:\Users\User\Desktop\Trans\Target\sp\PMART.COMPACTMONTH_NCIG.sql
2024-11-05 10:38:55 [WARN] : 出現無法辨識的SQL語句
2024-11-05 10:38:55 [INFO] : 讀取檔案：C:\Users\User\Desktop\Trans\Target\sp\PMART.FILLBLANK.sql
2024-11-05 10:38:55 [WARN] : 出現無法辨識的SQL語句
2024-11-05 10:38:55 [INFO] : 讀取檔案：C:\Users\User\Desktop\Trans\Target\sp\PMART.FILLBLANK_NCIG.sql
2024-11-05 10:38:55 [WARN] : 出現無法辨識的SQL語句
2024-11-05 10:38:55 [INFO] : 讀取檔案：C:\Users\User\Desktop\Trans\Target\sp\PMART.MSGSOUR_DEP_FUNC.sql
2024-11-05 10:38:55 [WARN] : 出現無法辨識的SQL語句
2024-11-05 10:38:55 [INFO] : 讀取檔案：C:\Users\User\Desktop\Trans\Target\sp\PMART.NEWFILLBLANK.sql
2024-11-05 10:38:56 [WARN] : 出現無法辨識的SQL語句
2024-11-05 10:38:56 [INFO] : 讀取檔案：C:\Users\User\Desktop\Trans\Target\sp\PMART.NEWFILLBLANK_NCIG.sql
2024-11-05 10:38:56 [WARN] : 出現無法辨識的SQL語句
2024-11-05 10:38:56 [INFO] : 讀取檔案：C:\Users\User\Desktop\Trans\Target\sp\PMART.REMD_CIG_CUSTNUM.sql
2024-11-05 10:38:56 [WARN] : 出現無法辨識的SQL語句
2024-11-05 10:38:56 [INFO] : 讀取檔案：C:\Users\User\Desktop\Trans\Target\sp\PMART.REMD_EX_TRANSFER.sql
2024-11-05 10:38:56 [WARN] : 出現無法辨識的SQL語句
2024-11-05 10:38:56 [INFO] : 讀取檔案：C:\Users\User\Desktop\Trans\Target\sp\PMART.REMD_EX_TRANSFER_NCIG.sql
2024-11-05 10:38:56 [WARN] : 出現無法辨識的SQL語句
2024-11-05 10:38:56 [INFO] : 讀取檔案：C:\Users\User\Desktop\Trans\Target\sp\PMART.REMD_R6_COMPACT.sql
2024-11-05 10:38:56 [WARN] : 出現無法辨識的SQL語句
2024-11-05 10:38:56 [INFO] : 讀取檔案：C:\Users\User\Desktop\Trans\Target\sp\PMART.REMD_R6_COMPACT_NCIG.sql
2024-11-05 10:38:56 [WARN] : 出現無法辨識的SQL語句
2024-11-05 10:38:56 [INFO] : 讀取檔案：C:\Users\User\Desktop\Trans\Target\sp\PMART.REMD_S1_TOT_FUNC.sql
2024-11-05 10:38:56 [WARN] : 出現無法辨識的SQL語句
2024-11-05 10:38:56 [DEBUG] : 	分類：DDL
2024-11-05 10:38:56 [DEBUG] : 		細分：CTAS
2024-11-05 10:38:56 [DEBUG] : transduceSelectSQL
2024-11-05 10:38:56 [DEBUG] : 	changeSample
2024-11-05 10:38:56 [DEBUG] : 	easyReplaceSelect
2024-11-05 10:38:56 [DEBUG] : 	changeIndex
2024-11-05 10:38:56 [DEBUG] : 	changeRollUp
2024-11-05 10:38:56 [DEBUG] : 轉換完成
2024-11-05 10:38:56 [INFO] : 讀取檔案：C:\Users\User\Desktop\Trans\Target\sp\PMART.REMD_S2_TOT_FUNC.sql
2024-11-05 10:38:56 [WARN] : 出現無法辨識的SQL語句
2024-11-05 10:38:56 [DEBUG] : 	分類：DDL
2024-11-05 10:38:56 [DEBUG] : 		細分：CTAS
2024-11-05 10:38:56 [DEBUG] : transduceSelectSQL
2024-11-05 10:38:56 [DEBUG] : 	changeSample
2024-11-05 10:38:56 [DEBUG] : 	easyReplaceSelect
2024-11-05 10:38:56 [DEBUG] : 	changeIndex
2024-11-05 10:38:56 [DEBUG] : 	changeRollUp
2024-11-05 10:38:56 [DEBUG] : 轉換完成
2024-11-05 10:38:56 [INFO] : 讀取檔案：C:\Users\User\Desktop\Trans\Target\sp\PMART.REMD_S3_TOT_FUNC.sql
2024-11-05 10:38:56 [WARN] : 出現無法辨識的SQL語句
2024-11-05 10:38:56 [DEBUG] : 	分類：DDL
2024-11-05 10:38:56 [DEBUG] : 		細分：CTAS
2024-11-05 10:38:56 [DEBUG] : transduceSelectSQL
2024-11-05 10:38:56 [DEBUG] : 	changeSample
2024-11-05 10:38:56 [DEBUG] : 	easyReplaceSelect
2024-11-05 10:38:56 [DEBUG] : 	changeIndex
2024-11-05 10:38:56 [DEBUG] : 	changeRollUp
2024-11-05 10:38:56 [DEBUG] : 	changeSample
2024-11-05 10:38:56 [DEBUG] : 	easyReplaceSelect
2024-11-05 10:38:56 [DEBUG] : 	changeIndex
2024-11-05 10:38:56 [DEBUG] : 	changeRollUp
2024-11-05 10:38:56 [DEBUG] : 轉換完成
2024-11-05 10:38:56 [INFO] : 讀取檔案：C:\Users\User\Desktop\Trans\Target\sp\PMART.REMD_S4_TOT_FUNC.sql
2024-11-05 10:38:56 [WARN] : 出現無法辨識的SQL語句
2024-11-05 10:38:56 [DEBUG] : 	分類：DDL
2024-11-05 10:38:56 [DEBUG] : 		細分：CTAS
2024-11-05 10:38:56 [DEBUG] : transduceSelectSQL
2024-11-05 10:38:56 [DEBUG] : 	changeSample
2024-11-05 10:38:56 [DEBUG] : 	easyReplaceSelect
2024-11-05 10:38:56 [DEBUG] : 	changeIndex
2024-11-05 10:38:56 [DEBUG] : 	changeRollUp
2024-11-05 10:38:56 [DEBUG] : 	changeSample
2024-11-05 10:38:56 [DEBUG] : 	easyReplaceSelect
2024-11-05 10:38:56 [DEBUG] : 	changeIndex
2024-11-05 10:38:56 [DEBUG] : 	changeRollUp
2024-11-05 10:38:56 [DEBUG] : 	changeSample
2024-11-05 10:38:56 [DEBUG] : 	easyReplaceSelect
2024-11-05 10:38:56 [DEBUG] : 	changeIndex
2024-11-05 10:38:56 [DEBUG] : 	changeRollUp
2024-11-05 10:38:56 [DEBUG] : 	changeSample
2024-11-05 10:38:56 [DEBUG] : 	easyReplaceSelect
2024-11-05 10:38:56 [DEBUG] : 	changeIndex
2024-11-05 10:38:56 [DEBUG] : 	changeRollUp
2024-11-05 10:38:56 [DEBUG] : 轉換完成
2024-11-05 10:38:56 [INFO] : 讀取檔案：C:\Users\User\Desktop\Trans\Target\sp\PMART.REMD_SCAL_PDEPT_FUNC.sql
2024-11-05 10:38:56 [WARN] : 出現無法辨識的SQL語句
2024-11-05 10:38:56 [DEBUG] : 	分類：DDL
2024-11-05 10:38:56 [DEBUG] : 		細分：CTAS
2024-11-05 10:38:56 [DEBUG] : transduceSelectSQL
2024-11-05 10:38:56 [DEBUG] : 	changeSample
2024-11-05 10:38:56 [DEBUG] : 	easyReplaceSelect
2024-11-05 10:38:56 [DEBUG] : 	changeIndex
2024-11-05 10:38:56 [DEBUG] : 	changeRollUp
2024-11-05 10:38:56 [DEBUG] : 	changeSample
2024-11-05 10:38:56 [DEBUG] : 	easyReplaceSelect
2024-11-05 10:38:56 [DEBUG] : 	changeIndex
2024-11-05 10:38:56 [DEBUG] : 	changeRollUp
2024-11-05 10:38:56 [DEBUG] : 	changeSample
2024-11-05 10:38:56 [DEBUG] : 	easyReplaceSelect
2024-11-05 10:38:56 [DEBUG] : 	changeIndex
2024-11-05 10:38:56 [DEBUG] : 	changeRollUp
2024-11-05 10:38:56 [DEBUG] : 轉換完成
2024-11-05 10:38:56 [INFO] : 讀取檔案：C:\Users\User\Desktop\Trans\Target\sp\PMART.REMD_SCAL_TOT_FUNC.sql
2024-11-05 10:38:57 [WARN] : 出現無法辨識的SQL語句
2024-11-05 10:38:57 [DEBUG] : 	分類：DDL
2024-11-05 10:38:57 [DEBUG] : 		細分：CTAS
2024-11-05 10:38:57 [DEBUG] : transduceSelectSQL
2024-11-05 10:38:57 [DEBUG] : 	changeSample
2024-11-05 10:38:57 [DEBUG] : 	easyReplaceSelect
2024-11-05 10:38:57 [DEBUG] : 	changeIndex
2024-11-05 10:38:57 [DEBUG] : 	changeRollUp
2024-11-05 10:38:57 [DEBUG] : 	changeSample
2024-11-05 10:38:57 [DEBUG] : 	easyReplaceSelect
2024-11-05 10:38:57 [DEBUG] : 	changeIndex
2024-11-05 10:38:57 [DEBUG] : 	changeRollUp
2024-11-05 10:38:57 [DEBUG] : 	changeSample
2024-11-05 10:38:57 [DEBUG] : 	easyReplaceSelect
2024-11-05 10:38:57 [DEBUG] : 	changeIndex
2024-11-05 10:38:57 [DEBUG] : 	changeRollUp
2024-11-05 10:38:57 [DEBUG] : 	changeSample
2024-11-05 10:38:57 [DEBUG] : 	easyReplaceSelect
2024-11-05 10:38:57 [DEBUG] : 	changeIndex
2024-11-05 10:38:57 [DEBUG] : 	changeRollUp
2024-11-05 10:38:57 [DEBUG] : 	changeSample
2024-11-05 10:38:57 [DEBUG] : 	easyReplaceSelect
2024-11-05 10:38:57 [DEBUG] : 	changeIndex
2024-11-05 10:38:57 [DEBUG] : 	changeRollUp
2024-11-05 10:38:57 [DEBUG] : 	changeSample
2024-11-05 10:38:57 [DEBUG] : 	easyReplaceSelect
2024-11-05 10:38:57 [DEBUG] : 	changeIndex
2024-11-05 10:38:57 [DEBUG] : 	changeRollUp
2024-11-05 10:38:57 [DEBUG] : 轉換完成
2024-11-05 10:38:57 [INFO] : 讀取檔案：C:\Users\User\Desktop\Trans\Target\sp\PMART.REMD_SC_COMPACT.sql
2024-11-05 10:38:57 [WARN] : 出現無法辨識的SQL語句
2024-11-05 10:38:57 [INFO] : 讀取檔案：C:\Users\User\Desktop\Trans\Target\sp\PMART.REMD_SER_CUSTNUM.sql
2024-11-05 10:38:57 [WARN] : 出現無法辨識的SQL語句
2024-11-05 10:38:57 [INFO] : 讀取檔案：C:\Users\User\Desktop\Trans\Target\sp\PMART.REMD_ST_TOT_FUNC.sql
2024-11-05 10:38:57 [WARN] : 出現無法辨識的SQL語句
2024-11-05 10:38:57 [DEBUG] : 	分類：DDL
2024-11-05 10:38:57 [DEBUG] : 		細分：CTAS
2024-11-05 10:38:57 [DEBUG] : transduceSelectSQL
2024-11-05 10:38:57 [DEBUG] : 	changeSample
2024-11-05 10:38:57 [DEBUG] : 	easyReplaceSelect
2024-11-05 10:38:57 [DEBUG] : 	changeIndex
2024-11-05 10:38:57 [DEBUG] : 	changeRollUp
2024-11-05 10:38:57 [DEBUG] : 轉換完成
2024-11-05 10:38:57 [INFO] : 產生檔案：C:\Users\User\Desktop\Trans\Assessment_Result\20241105_103855\sp\PMART.COMPACTMONTH.sql
2024-11-05 10:38:57 [INFO] : 產生檔案：C:\Users\User\Desktop\Trans\Assessment_Result\20241105_103855\sp\PMART.COMPACTMONTH_NCIG.sql
2024-11-05 10:38:57 [INFO] : 產生檔案：C:\Users\User\Desktop\Trans\Assessment_Result\20241105_103855\sp\PMART.FILLBLANK.sql
2024-11-05 10:38:57 [INFO] : 產生檔案：C:\Users\User\Desktop\Trans\Assessment_Result\20241105_103855\sp\PMART.FILLBLANK_NCIG.sql
2024-11-05 10:38:57 [INFO] : 產生檔案：C:\Users\User\Desktop\Trans\Assessment_Result\20241105_103855\sp\PMART.MSGSOUR_DEP_FUNC.sql
2024-11-05 10:38:57 [INFO] : 產生檔案：C:\Users\User\Desktop\Trans\Assessment_Result\20241105_103855\sp\PMART.NEWFILLBLANK.sql
2024-11-05 10:38:57 [INFO] : 產生檔案：C:\Users\User\Desktop\Trans\Assessment_Result\20241105_103855\sp\PMART.NEWFILLBLANK_NCIG.sql
2024-11-05 10:38:57 [INFO] : 產生檔案：C:\Users\User\Desktop\Trans\Assessment_Result\20241105_103855\sp\PMART.REMD_CIG_CUSTNUM.sql
2024-11-05 10:38:57 [INFO] : 產生檔案：C:\Users\User\Desktop\Trans\Assessment_Result\20241105_103855\sp\PMART.REMD_EX_TRANSFER.sql
2024-11-05 10:38:57 [INFO] : 產生檔案：C:\Users\User\Desktop\Trans\Assessment_Result\20241105_103855\sp\PMART.REMD_EX_TRANSFER_NCIG.sql
2024-11-05 10:38:57 [INFO] : 產生檔案：C:\Users\User\Desktop\Trans\Assessment_Result\20241105_103855\sp\PMART.REMD_R6_COMPACT.sql
2024-11-05 10:38:57 [INFO] : 產生檔案：C:\Users\User\Desktop\Trans\Assessment_Result\20241105_103855\sp\PMART.REMD_R6_COMPACT_NCIG.sql
2024-11-05 10:38:57 [INFO] : 產生檔案：C:\Users\User\Desktop\Trans\Assessment_Result\20241105_103855\sp\PMART.REMD_S1_TOT_FUNC.sql
2024-11-05 10:38:57 [INFO] : 產生檔案：C:\Users\User\Desktop\Trans\Assessment_Result\20241105_103855\sp\PMART.REMD_S2_TOT_FUNC.sql
2024-11-05 10:38:57 [INFO] : 產生檔案：C:\Users\User\Desktop\Trans\Assessment_Result\20241105_103855\sp\PMART.REMD_S3_TOT_FUNC.sql
2024-11-05 10:38:57 [INFO] : 產生檔案：C:\Users\User\Desktop\Trans\Assessment_Result\20241105_103855\sp\PMART.REMD_S4_TOT_FUNC.sql
2024-11-05 10:38:57 [INFO] : 產生檔案：C:\Users\User\Desktop\Trans\Assessment_Result\20241105_103855\sp\PMART.REMD_SCAL_PDEPT_FUNC.sql
2024-11-05 10:38:57 [INFO] : 產生檔案：C:\Users\User\Desktop\Trans\Assessment_Result\20241105_103855\sp\PMART.REMD_SCAL_TOT_FUNC.sql
2024-11-05 10:38:57 [INFO] : 產生檔案：C:\Users\User\Desktop\Trans\Assessment_Result\20241105_103855\sp\PMART.REMD_SC_COMPACT.sql
2024-11-05 10:38:57 [INFO] : 產生檔案：C:\Users\User\Desktop\Trans\Assessment_Result\20241105_103855\sp\PMART.REMD_SER_CUSTNUM.sql
2024-11-05 10:38:57 [INFO] : 產生檔案：C:\Users\User\Desktop\Trans\Assessment_Result\20241105_103855\sp\PMART.REMD_ST_TOT_FUNC.sql
2024-11-05 10:38:57 [INFO] : 轉換完成
2024-11-05 10:39:44 [INFO] : 執行項目：SF_SP
2024-11-05 10:39:45 [INFO] : 讀取檔案：C:\Users\User\Desktop\Trans\Target\sp\PMART.COMPACTMONTH.sql
2024-11-05 10:39:46 [WARN] : 出現無法辨識的SQL語句
2024-11-05 10:39:46 [INFO] : 讀取檔案：C:\Users\User\Desktop\Trans\Target\sp\PMART.COMPACTMONTH_NCIG.sql
2024-11-05 10:39:46 [WARN] : 出現無法辨識的SQL語句
2024-11-05 10:39:46 [INFO] : 讀取檔案：C:\Users\User\Desktop\Trans\Target\sp\PMART.FILLBLANK.sql
2024-11-05 10:39:46 [WARN] : 出現無法辨識的SQL語句
2024-11-05 10:39:46 [INFO] : 讀取檔案：C:\Users\User\Desktop\Trans\Target\sp\PMART.FILLBLANK_NCIG.sql
2024-11-05 10:39:46 [WARN] : 出現無法辨識的SQL語句
2024-11-05 10:39:46 [INFO] : 讀取檔案：C:\Users\User\Desktop\Trans\Target\sp\PMART.MSGSOUR_DEP_FUNC.sql
2024-11-05 10:39:46 [WARN] : 出現無法辨識的SQL語句
2024-11-05 10:39:46 [INFO] : 讀取檔案：C:\Users\User\Desktop\Trans\Target\sp\PMART.NEWFILLBLANK.sql
2024-11-05 10:39:46 [WARN] : 出現無法辨識的SQL語句
2024-11-05 10:39:46 [INFO] : 讀取檔案：C:\Users\User\Desktop\Trans\Target\sp\PMART.NEWFILLBLANK_NCIG.sql
2024-11-05 10:39:46 [WARN] : 出現無法辨識的SQL語句
2024-11-05 10:39:46 [INFO] : 讀取檔案：C:\Users\User\Desktop\Trans\Target\sp\PMART.REMD_CIG_CUSTNUM.sql
2024-11-05 10:39:46 [WARN] : 出現無法辨識的SQL語句
2024-11-05 10:39:46 [INFO] : 讀取檔案：C:\Users\User\Desktop\Trans\Target\sp\PMART.REMD_EX_TRANSFER.sql
2024-11-05 10:39:46 [WARN] : 出現無法辨識的SQL語句
2024-11-05 10:39:46 [INFO] : 讀取檔案：C:\Users\User\Desktop\Trans\Target\sp\PMART.REMD_EX_TRANSFER_NCIG.sql
2024-11-05 10:39:46 [WARN] : 出現無法辨識的SQL語句
2024-11-05 10:39:46 [INFO] : 讀取檔案：C:\Users\User\Desktop\Trans\Target\sp\PMART.REMD_R6_COMPACT.sql
2024-11-05 10:39:46 [WARN] : 出現無法辨識的SQL語句
2024-11-05 10:39:46 [INFO] : 讀取檔案：C:\Users\User\Desktop\Trans\Target\sp\PMART.REMD_R6_COMPACT_NCIG.sql
2024-11-05 10:39:46 [WARN] : 出現無法辨識的SQL語句
2024-11-05 10:39:46 [INFO] : 讀取檔案：C:\Users\User\Desktop\Trans\Target\sp\PMART.REMD_S1_TOT_FUNC.sql
2024-11-05 10:39:46 [WARN] : 出現無法辨識的SQL語句
2024-11-05 10:39:46 [DEBUG] : 	分類：DDL
2024-11-05 10:39:46 [DEBUG] : 		細分：CTAS
2024-11-05 10:39:46 [DEBUG] : transduceSelectSQL
2024-11-05 10:39:46 [DEBUG] : 	changeSample
2024-11-05 10:39:46 [DEBUG] : 	easyReplaceSelect
2024-11-05 10:39:46 [DEBUG] : 	changeIndex
2024-11-05 10:39:46 [DEBUG] : 	changeRollUp
2024-11-05 10:39:46 [DEBUG] : 轉換完成
2024-11-05 10:39:46 [INFO] : 讀取檔案：C:\Users\User\Desktop\Trans\Target\sp\PMART.REMD_S2_TOT_FUNC.sql
2024-11-05 10:39:46 [WARN] : 出現無法辨識的SQL語句
2024-11-05 10:39:46 [DEBUG] : 	分類：DDL
2024-11-05 10:39:46 [DEBUG] : 		細分：CTAS
2024-11-05 10:39:46 [DEBUG] : transduceSelectSQL
2024-11-05 10:39:46 [DEBUG] : 	changeSample
2024-11-05 10:39:46 [DEBUG] : 	easyReplaceSelect
2024-11-05 10:39:46 [DEBUG] : 	changeIndex
2024-11-05 10:39:46 [DEBUG] : 	changeRollUp
2024-11-05 10:39:46 [DEBUG] : 轉換完成
2024-11-05 10:39:46 [INFO] : 讀取檔案：C:\Users\User\Desktop\Trans\Target\sp\PMART.REMD_S3_TOT_FUNC.sql
2024-11-05 10:39:46 [WARN] : 出現無法辨識的SQL語句
2024-11-05 10:39:46 [DEBUG] : 	分類：DDL
2024-11-05 10:39:46 [DEBUG] : 		細分：CTAS
2024-11-05 10:39:46 [DEBUG] : transduceSelectSQL
2024-11-05 10:39:46 [DEBUG] : 	changeSample
2024-11-05 10:39:46 [DEBUG] : 	easyReplaceSelect
2024-11-05 10:39:46 [DEBUG] : 	changeIndex
2024-11-05 10:39:46 [DEBUG] : 	changeRollUp
2024-11-05 10:39:46 [DEBUG] : 	changeSample
2024-11-05 10:39:46 [DEBUG] : 	easyReplaceSelect
2024-11-05 10:39:46 [DEBUG] : 	changeIndex
2024-11-05 10:39:46 [DEBUG] : 	changeRollUp
2024-11-05 10:39:46 [DEBUG] : 轉換完成
2024-11-05 10:39:46 [INFO] : 讀取檔案：C:\Users\User\Desktop\Trans\Target\sp\PMART.REMD_S4_TOT_FUNC.sql
2024-11-05 10:39:46 [WARN] : 出現無法辨識的SQL語句
2024-11-05 10:39:46 [DEBUG] : 	分類：DDL
2024-11-05 10:39:46 [DEBUG] : 		細分：CTAS
2024-11-05 10:39:46 [DEBUG] : transduceSelectSQL
2024-11-05 10:39:46 [DEBUG] : 	changeSample
2024-11-05 10:39:46 [DEBUG] : 	easyReplaceSelect
2024-11-05 10:39:46 [DEBUG] : 	changeIndex
2024-11-05 10:39:46 [DEBUG] : 	changeRollUp
2024-11-05 10:39:46 [DEBUG] : 	changeSample
2024-11-05 10:39:46 [DEBUG] : 	easyReplaceSelect
2024-11-05 10:39:46 [DEBUG] : 	changeIndex
2024-11-05 10:39:46 [DEBUG] : 	changeRollUp
2024-11-05 10:39:46 [DEBUG] : 	changeSample
2024-11-05 10:39:46 [DEBUG] : 	easyReplaceSelect
2024-11-05 10:39:46 [DEBUG] : 	changeIndex
2024-11-05 10:39:46 [DEBUG] : 	changeRollUp
2024-11-05 10:39:46 [DEBUG] : 	changeSample
2024-11-05 10:39:46 [DEBUG] : 	easyReplaceSelect
2024-11-05 10:39:46 [DEBUG] : 	changeIndex
2024-11-05 10:39:46 [DEBUG] : 	changeRollUp
2024-11-05 10:39:46 [DEBUG] : 轉換完成
2024-11-05 10:39:47 [INFO] : 讀取檔案：C:\Users\User\Desktop\Trans\Target\sp\PMART.REMD_SCAL_PDEPT_FUNC.sql
2024-11-05 10:39:47 [WARN] : 出現無法辨識的SQL語句
2024-11-05 10:39:47 [DEBUG] : 	分類：DDL
2024-11-05 10:39:47 [DEBUG] : 		細分：CTAS
2024-11-05 10:39:47 [DEBUG] : transduceSelectSQL
2024-11-05 10:39:47 [DEBUG] : 	changeSample
2024-11-05 10:39:47 [DEBUG] : 	easyReplaceSelect
2024-11-05 10:39:47 [DEBUG] : 	changeIndex
2024-11-05 10:39:47 [DEBUG] : 	changeRollUp
2024-11-05 10:39:47 [DEBUG] : 	changeSample
2024-11-05 10:39:47 [DEBUG] : 	easyReplaceSelect
2024-11-05 10:39:47 [DEBUG] : 	changeIndex
2024-11-05 10:39:47 [DEBUG] : 	changeRollUp
2024-11-05 10:39:47 [DEBUG] : 	changeSample
2024-11-05 10:39:47 [DEBUG] : 	easyReplaceSelect
2024-11-05 10:39:47 [DEBUG] : 	changeIndex
2024-11-05 10:39:47 [DEBUG] : 	changeRollUp
2024-11-05 10:39:47 [DEBUG] : 轉換完成
2024-11-05 10:39:47 [INFO] : 讀取檔案：C:\Users\User\Desktop\Trans\Target\sp\PMART.REMD_SCAL_TOT_FUNC.sql
2024-11-05 10:39:47 [WARN] : 出現無法辨識的SQL語句
2024-11-05 10:39:47 [DEBUG] : 	分類：DDL
2024-11-05 10:39:47 [DEBUG] : 		細分：CTAS
2024-11-05 10:39:47 [DEBUG] : transduceSelectSQL
2024-11-05 10:39:47 [DEBUG] : 	changeSample
2024-11-05 10:39:47 [DEBUG] : 	easyReplaceSelect
2024-11-05 10:39:47 [DEBUG] : 	changeIndex
2024-11-05 10:39:47 [DEBUG] : 	changeRollUp
2024-11-05 10:39:47 [DEBUG] : 	changeSample
2024-11-05 10:39:47 [DEBUG] : 	easyReplaceSelect
2024-11-05 10:39:47 [DEBUG] : 	changeIndex
2024-11-05 10:39:47 [DEBUG] : 	changeRollUp
2024-11-05 10:39:47 [DEBUG] : 	changeSample
2024-11-05 10:39:47 [DEBUG] : 	easyReplaceSelect
2024-11-05 10:39:47 [DEBUG] : 	changeIndex
2024-11-05 10:39:47 [DEBUG] : 	changeRollUp
2024-11-05 10:39:47 [DEBUG] : 	changeSample
2024-11-05 10:39:47 [DEBUG] : 	easyReplaceSelect
2024-11-05 10:39:47 [DEBUG] : 	changeIndex
2024-11-05 10:39:47 [DEBUG] : 	changeRollUp
2024-11-05 10:39:47 [DEBUG] : 	changeSample
2024-11-05 10:39:47 [DEBUG] : 	easyReplaceSelect
2024-11-05 10:39:47 [DEBUG] : 	changeIndex
2024-11-05 10:39:47 [DEBUG] : 	changeRollUp
2024-11-05 10:39:47 [DEBUG] : 	changeSample
2024-11-05 10:39:47 [DEBUG] : 	easyReplaceSelect
2024-11-05 10:39:47 [DEBUG] : 	changeIndex
2024-11-05 10:39:47 [DEBUG] : 	changeRollUp
2024-11-05 10:39:47 [DEBUG] : 轉換完成
2024-11-05 10:39:47 [INFO] : 讀取檔案：C:\Users\User\Desktop\Trans\Target\sp\PMART.REMD_SC_COMPACT.sql
2024-11-05 10:39:47 [WARN] : 出現無法辨識的SQL語句
2024-11-05 10:39:47 [INFO] : 讀取檔案：C:\Users\User\Desktop\Trans\Target\sp\PMART.REMD_SER_CUSTNUM.sql
2024-11-05 10:39:47 [WARN] : 出現無法辨識的SQL語句
2024-11-05 10:39:48 [INFO] : 讀取檔案：C:\Users\User\Desktop\Trans\Target\sp\PMART.REMD_ST_TOT_FUNC.sql
2024-11-05 10:39:48 [WARN] : 出現無法辨識的SQL語句
2024-11-05 10:39:48 [DEBUG] : 	分類：DDL
2024-11-05 10:39:48 [DEBUG] : 		細分：CTAS
2024-11-05 10:39:48 [DEBUG] : transduceSelectSQL
2024-11-05 10:39:48 [DEBUG] : 	changeSample
2024-11-05 10:39:48 [DEBUG] : 	easyReplaceSelect
2024-11-05 10:39:48 [DEBUG] : 	changeIndex
2024-11-05 10:39:48 [DEBUG] : 	changeRollUp
2024-11-05 10:39:48 [DEBUG] : 轉換完成
2024-11-05 10:39:48 [INFO] : 產生檔案：C:\Users\User\Desktop\Trans\Assessment_Result\20241105_103945\sp\PMART.COMPACTMONTH.sql
2024-11-05 10:39:48 [INFO] : 產生檔案：C:\Users\User\Desktop\Trans\Assessment_Result\20241105_103945\sp\PMART.COMPACTMONTH_NCIG.sql
2024-11-05 10:39:48 [INFO] : 產生檔案：C:\Users\User\Desktop\Trans\Assessment_Result\20241105_103945\sp\PMART.FILLBLANK.sql
2024-11-05 10:39:48 [INFO] : 產生檔案：C:\Users\User\Desktop\Trans\Assessment_Result\20241105_103945\sp\PMART.FILLBLANK_NCIG.sql
2024-11-05 10:39:48 [INFO] : 產生檔案：C:\Users\User\Desktop\Trans\Assessment_Result\20241105_103945\sp\PMART.MSGSOUR_DEP_FUNC.sql
2024-11-05 10:39:48 [INFO] : 產生檔案：C:\Users\User\Desktop\Trans\Assessment_Result\20241105_103945\sp\PMART.NEWFILLBLANK.sql
2024-11-05 10:39:48 [INFO] : 產生檔案：C:\Users\User\Desktop\Trans\Assessment_Result\20241105_103945\sp\PMART.NEWFILLBLANK_NCIG.sql
2024-11-05 10:39:48 [INFO] : 產生檔案：C:\Users\User\Desktop\Trans\Assessment_Result\20241105_103945\sp\PMART.REMD_CIG_CUSTNUM.sql
2024-11-05 10:39:48 [INFO] : 產生檔案：C:\Users\User\Desktop\Trans\Assessment_Result\20241105_103945\sp\PMART.REMD_EX_TRANSFER.sql
2024-11-05 10:39:48 [INFO] : 產生檔案：C:\Users\User\Desktop\Trans\Assessment_Result\20241105_103945\sp\PMART.REMD_EX_TRANSFER_NCIG.sql
2024-11-05 10:39:48 [INFO] : 產生檔案：C:\Users\User\Desktop\Trans\Assessment_Result\20241105_103945\sp\PMART.REMD_R6_COMPACT.sql
2024-11-05 10:39:48 [INFO] : 產生檔案：C:\Users\User\Desktop\Trans\Assessment_Result\20241105_103945\sp\PMART.REMD_R6_COMPACT_NCIG.sql
2024-11-05 10:39:48 [INFO] : 產生檔案：C:\Users\User\Desktop\Trans\Assessment_Result\20241105_103945\sp\PMART.REMD_S1_TOT_FUNC.sql
2024-11-05 10:39:48 [INFO] : 產生檔案：C:\Users\User\Desktop\Trans\Assessment_Result\20241105_103945\sp\PMART.REMD_S2_TOT_FUNC.sql
2024-11-05 10:39:48 [INFO] : 產生檔案：C:\Users\User\Desktop\Trans\Assessment_Result\20241105_103945\sp\PMART.REMD_S3_TOT_FUNC.sql
2024-11-05 10:39:48 [INFO] : 產生檔案：C:\Users\User\Desktop\Trans\Assessment_Result\20241105_103945\sp\PMART.REMD_S4_TOT_FUNC.sql
2024-11-05 10:39:48 [INFO] : 產生檔案：C:\Users\User\Desktop\Trans\Assessment_Result\20241105_103945\sp\PMART.REMD_SCAL_PDEPT_FUNC.sql
2024-11-05 10:39:48 [INFO] : 產生檔案：C:\Users\User\Desktop\Trans\Assessment_Result\20241105_103945\sp\PMART.REMD_SCAL_TOT_FUNC.sql
2024-11-05 10:39:48 [INFO] : 產生檔案：C:\Users\User\Desktop\Trans\Assessment_Result\20241105_103945\sp\PMART.REMD_SC_COMPACT.sql
2024-11-05 10:39:48 [INFO] : 產生檔案：C:\Users\User\Desktop\Trans\Assessment_Result\20241105_103945\sp\PMART.REMD_SER_CUSTNUM.sql
2024-11-05 10:39:48 [INFO] : 產生檔案：C:\Users\User\Desktop\Trans\Assessment_Result\20241105_103945\sp\PMART.REMD_ST_TOT_FUNC.sql
2024-11-05 10:39:48 [INFO] : 轉換完成
