2025-01-24 11:52:24 [INFO] : 執行項目：SF_SP
2025-01-24 11:52:27 [INFO] : 讀取檔案：C:\Users\User\Desktop\Trans\Target\sp\PMART.MT_CTFACT_FUNC_DTIME.sql
2025-01-24 11:52:28 [WARN] : 出現無法辨識的SQL語句
2025-01-24 11:52:28 [INFO] : 讀取檔案：C:\Users\User\Desktop\Trans\Target\sp\PMART.MT_TCFACT_FUNC_DTIME.sql
2025-01-24 11:52:28 [WARN] : 出現無法辨識的SQL語句
2025-01-24 11:52:28 [INFO] : 讀取檔案：C:\Users\User\Desktop\Trans\Target\sp\PMART.OT_CTFACT_FUNC.sql
2025-01-24 11:52:28 [WARN] : 出現無法辨識的SQL語句
2025-01-24 11:52:28 [INFO] : 讀取檔案：C:\Users\User\Desktop\Trans\Target\sp\PMART.OT_TCFACT_FUNC.sql
2025-01-24 11:52:28 [WARN] : 出現無法辨識的SQL語句
2025-01-24 11:52:29 [INFO] : 讀取檔案：C:\Users\User\Desktop\Trans\Target\sp\PMART.PT_TCFACT_FUNC.sql
2025-01-24 11:52:29 [WARN] : 出現無法辨識的SQL語句
2025-01-24 11:52:29 [INFO] : 產生檔案：C:\Users\User\Desktop\Trans\Assessment_Result\20250124_115227\sp\PMART.MT_CTFACT_FUNC_DTIME.sql
2025-01-24 11:52:29 [INFO] : 產生檔案：C:\Users\User\Desktop\Trans\Assessment_Result\20250124_115227\sp\PMART.MT_TCFACT_FUNC_DTIME.sql
2025-01-24 11:52:29 [INFO] : 產生檔案：C:\Users\User\Desktop\Trans\Assessment_Result\20250124_115227\sp\PMART.OT_CTFACT_FUNC.sql
2025-01-24 11:52:29 [INFO] : 產生檔案：C:\Users\User\Desktop\Trans\Assessment_Result\20250124_115227\sp\PMART.OT_TCFACT_FUNC.sql
2025-01-24 11:52:29 [INFO] : 產生檔案：C:\Users\User\Desktop\Trans\Assessment_Result\20250124_115227\sp\PMART.PT_TCFACT_FUNC.sql
2025-01-24 11:52:29 [INFO] : 轉換完成
2025-01-24 15:28:00 [INFO] : 執行項目：SF_SP
2025-01-24 15:28:02 [INFO] : 讀取檔案：C:\Users\User\Desktop\Trans\Target\sp\PMART.MT_CTFACT_FUNC_DTIME.sql
2025-01-24 15:28:02 [WARN] : 出現無法辨識的SQL語句
2025-01-24 15:32:39 [INFO] : 讀取檔案：C:\Users\User\Desktop\Trans\Target\sp\PMART.MT_TCFACT_FUNC_DTIME.sql
2025-01-24 15:32:39 [WARN] : 出現無法辨識的SQL語句
2025-01-24 15:33:01 [INFO] : 讀取檔案：C:\Users\User\Desktop\Trans\Target\sp\PMART.OT_CTFACT_FUNC.sql
2025-01-24 15:33:01 [WARN] : 出現無法辨識的SQL語句
2025-01-24 15:33:02 [INFO] : 讀取檔案：C:\Users\User\Desktop\Trans\Target\sp\PMART.OT_TCFACT_FUNC.sql
2025-01-24 15:33:02 [WARN] : 出現無法辨識的SQL語句
2025-01-24 15:33:02 [INFO] : 讀取檔案：C:\Users\User\Desktop\Trans\Target\sp\PMART.PT_TCFACT_FUNC.sql
2025-01-24 15:33:02 [WARN] : 出現無法辨識的SQL語句
2025-01-24 15:33:02 [INFO] : 產生檔案：C:\Users\User\Desktop\Trans\Assessment_Result\20250124_152802\sp\PMART.MT_CTFACT_FUNC_DTIME.sql
2025-01-24 15:33:02 [INFO] : 產生檔案：C:\Users\User\Desktop\Trans\Assessment_Result\20250124_152802\sp\PMART.MT_TCFACT_FUNC_DTIME.sql
2025-01-24 15:33:02 [INFO] : 產生檔案：C:\Users\User\Desktop\Trans\Assessment_Result\20250124_152802\sp\PMART.OT_CTFACT_FUNC.sql
2025-01-24 15:33:02 [INFO] : 產生檔案：C:\Users\User\Desktop\Trans\Assessment_Result\20250124_152802\sp\PMART.OT_TCFACT_FUNC.sql
2025-01-24 15:33:02 [INFO] : 產生檔案：C:\Users\User\Desktop\Trans\Assessment_Result\20250124_152802\sp\PMART.PT_TCFACT_FUNC.sql
2025-01-24 15:33:02 [INFO] : 轉換完成
2025-01-24 15:33:23 [INFO] : 讀取檔案：C:\Users\User\Desktop\Trans\Target\sp\PMART.MT_CTFACT_FUNC_DTIME.sql
2025-01-24 15:33:23 [WARN] : 出現無法辨識的SQL語句
2025-01-24 15:33:24 [INFO] : 讀取檔案：C:\Users\User\Desktop\Trans\Target\sp\PMART.MT_TCFACT_FUNC_DTIME.sql
2025-01-24 15:33:24 [WARN] : 出現無法辨識的SQL語句
2025-01-24 15:33:24 [INFO] : 讀取檔案：C:\Users\User\Desktop\Trans\Target\sp\PMART.OT_CTFACT_FUNC.sql
2025-01-24 15:33:24 [WARN] : 出現無法辨識的SQL語句
2025-01-24 15:33:24 [INFO] : 讀取檔案：C:\Users\User\Desktop\Trans\Target\sp\PMART.OT_TCFACT_FUNC.sql
2025-01-24 15:33:24 [WARN] : 出現無法辨識的SQL語句
2025-01-24 15:33:24 [INFO] : 讀取檔案：C:\Users\User\Desktop\Trans\Target\sp\PMART.PT_TCFACT_FUNC.sql
2025-01-24 15:33:24 [WARN] : 出現無法辨識的SQL語句
2025-01-24 15:33:24 [INFO] : 產生檔案：C:\Users\User\Desktop\Trans\Assessment_Result\20250124_153323\sp\PMART.MT_CTFACT_FUNC_DTIME.sql
2025-01-24 15:33:24 [INFO] : 產生檔案：C:\Users\User\Desktop\Trans\Assessment_Result\20250124_153323\sp\PMART.MT_TCFACT_FUNC_DTIME.sql
2025-01-24 15:33:24 [INFO] : 產生檔案：C:\Users\User\Desktop\Trans\Assessment_Result\20250124_153323\sp\PMART.OT_CTFACT_FUNC.sql
2025-01-24 15:33:24 [INFO] : 產生檔案：C:\Users\User\Desktop\Trans\Assessment_Result\20250124_153323\sp\PMART.OT_TCFACT_FUNC.sql
2025-01-24 15:33:24 [INFO] : 產生檔案：C:\Users\User\Desktop\Trans\Assessment_Result\20250124_153323\sp\PMART.PT_TCFACT_FUNC.sql
2025-01-24 15:33:24 [INFO] : 轉換完成
2025-01-24 15:34:37 [INFO] : 讀取檔案：C:\Users\User\Desktop\Trans\Target\sp\PMART.MT_CTFACT_FUNC_DTIME.sql
2025-01-24 15:36:45 [WARN] : 出現無法辨識的SQL語句
2025-01-24 15:36:45 [INFO] : 讀取檔案：C:\Users\User\Desktop\Trans\Target\sp\PMART.MT_TCFACT_FUNC_DTIME.sql
2025-01-24 15:36:57 [INFO] : 執行項目：SF_SP
2025-01-24 15:36:59 [INFO] : 讀取檔案：C:\Users\User\Desktop\Trans\Target\sp\PMART.MT_CTFACT_FUNC_DTIME.sql
2025-01-24 15:42:48 [WARN] : 出現無法辨識的SQL語句
2025-01-24 15:45:01 [INFO] : 產生檔案：C:\Users\User\Desktop\Trans\Assessment_Result\20250124_153659\sp\PMART.MT_CTFACT_FUNC_DTIME.sql
2025-01-24 15:45:01 [INFO] : 轉換完成
2025-01-24 15:45:06 [INFO] : 讀取檔案：C:\Users\User\Desktop\Trans\Target\sp\PMART.MT_CTFACT_FUNC_DTIME.sql
2025-01-24 15:45:32 [WARN] : 出現無法辨識的SQL語句
2025-01-24 15:46:15 [INFO] : 產生檔案：C:\Users\User\Desktop\Trans\Assessment_Result\20250124_154506\sp\PMART.MT_CTFACT_FUNC_DTIME.sql
2025-01-24 15:46:15 [INFO] : 轉換完成
2025-01-24 15:46:17 [INFO] : 讀取檔案：C:\Users\User\Desktop\Trans\Target\sp\PMART.MT_CTFACT_FUNC_DTIME.sql
2025-01-24 15:47:52 [WARN] : 出現無法辨識的SQL語句
2025-01-24 15:48:09 [INFO] : 產生檔案：C:\Users\User\Desktop\Trans\Assessment_Result\20250124_154617\sp\PMART.MT_CTFACT_FUNC_DTIME.sql
2025-01-24 15:48:09 [INFO] : 轉換完成
2025-01-24 15:48:34 [INFO] : 讀取檔案：C:\Users\User\Desktop\Trans\Target\sp\PMART.MT_CTFACT_FUNC_DTIME.sql
2025-01-24 15:52:40 [INFO] : 執行項目：SF_SP
2025-01-24 15:52:41 [INFO] : 讀取檔案：C:\Users\User\Desktop\Trans\Target\sp\PMART.MT_CTFACT_FUNC_DTIME.sql
2025-01-24 15:53:13 [WARN] : 出現無法辨識的SQL語句
2025-01-24 15:53:14 [INFO] : 產生檔案：C:\Users\User\Desktop\Trans\Assessment_Result\20250124_155241\sp\PMART.MT_CTFACT_FUNC_DTIME.sql
2025-01-24 15:53:14 [INFO] : 轉換完成
2025-01-24 15:53:45 [INFO] : 讀取檔案：C:\Users\User\Desktop\Trans\Target\sp\PMART.MT_CTFACT_FUNC_DTIME.sql
