2025-01-21 17:08:02 [INFO] : 讀取檔案：.\config\Temp\fm\exp.tmp
2025-01-21 17:08:09 [INFO] : 開始執行，產生檔案 TPT
2025-01-21 17:08:09 [INFO] : 取得資料目錄 : C:\Users\user\Desktop\Trans\T0\hist export\TPT轉換作業_20250121.xlsx
2025-01-21 17:08:09 [INFO] : 取得產檔目錄 : C:\Users\User\Desktop\Trans\Assessment_Result\\20250121_170809\src\
2025-01-21 17:08:09 [INFO] : 開始解析資料表設定
2025-01-21 17:08:09 [INFO] : 正在開啟檔案，請稍後...
2025-01-21 17:08:10 [INFO] : 開始解析Table參數
2025-01-21 17:08:10 [INFO] : 解析完成，共 12 筆資料
2025-01-21 17:08:10 [INFO] : 開始解析Column參數
2025-01-21 17:08:10 [INFO] : 解析完成，共 178 筆資料
2025-01-21 17:08:10 [INFO] : 開始轉換語法
2025-01-21 17:08:10 [INFO] : 開始產生TPT語法...
2025-01-21 17:08:10 [INFO] : 開始產生BTQ語法...
2025-01-21 17:08:10 [INFO] : 開始產生檔案：C:\Users\User\Desktop\Trans\Assessment_Result\\20250121_170809\src\BLGS_91ORDACC_${TXDATE1}.tpt
2025-01-21 17:08:10 [INFO] : 產生檔案：C:\Users\User\Desktop\Trans\Assessment_Result\\20250121_170809\src\BLGS_91ORDACC_${TXDATE1}.tpt
2025-01-21 17:08:10 [INFO] : 開始產生檔案：C:\Users\User\Desktop\Trans\Assessment_Result\\20250121_170809\src\BLGS_91ORDACC_${TXDATE1}.btq
2025-01-21 17:08:10 [INFO] : 產生檔案：C:\Users\User\Desktop\Trans\Assessment_Result\\20250121_170809\src\BLGS_91ORDACC_${TXDATE1}.btq
2025-01-21 17:08:11 [INFO] : 產檔完成
2025-01-21 17:08:11 [INFO] : 開始產生TPT語法...
2025-01-21 17:08:11 [INFO] : 開始產生BTQ語法...
2025-01-21 17:08:11 [INFO] : 開始產生檔案：C:\Users\User\Desktop\Trans\Assessment_Result\\20250121_170809\src\BLGS_91ORDDLV_${TXDATE1}.tpt
2025-01-21 17:08:11 [INFO] : 產生檔案：C:\Users\User\Desktop\Trans\Assessment_Result\\20250121_170809\src\BLGS_91ORDDLV_${TXDATE1}.tpt
2025-01-21 17:08:11 [INFO] : 開始產生檔案：C:\Users\User\Desktop\Trans\Assessment_Result\\20250121_170809\src\BLGS_91ORDDLV_${TXDATE1}.btq
2025-01-21 17:08:11 [INFO] : 產生檔案：C:\Users\User\Desktop\Trans\Assessment_Result\\20250121_170809\src\BLGS_91ORDDLV_${TXDATE1}.btq
2025-01-21 17:08:11 [INFO] : 產檔完成
2025-01-21 17:08:11 [INFO] : 開始產生TPT語法...
2025-01-21 17:08:11 [INFO] : 開始產生BTQ語法...
2025-01-21 17:08:11 [INFO] : 開始產生檔案：C:\Users\User\Desktop\Trans\Assessment_Result\\20250121_170809\src\BLGS_91ORDSAL_${TXDATE1}.tpt
2025-01-21 17:08:11 [INFO] : 產生檔案：C:\Users\User\Desktop\Trans\Assessment_Result\\20250121_170809\src\BLGS_91ORDSAL_${TXDATE1}.tpt
2025-01-21 17:08:11 [INFO] : 開始產生檔案：C:\Users\User\Desktop\Trans\Assessment_Result\\20250121_170809\src\BLGS_91ORDSAL_${TXDATE1}.btq
2025-01-21 17:08:11 [INFO] : 產生檔案：C:\Users\User\Desktop\Trans\Assessment_Result\\20250121_170809\src\BLGS_91ORDSAL_${TXDATE1}.btq
2025-01-21 17:08:11 [INFO] : 產檔完成
2025-01-21 17:08:11 [INFO] : 開始產生TPT語法...
2025-01-21 17:08:11 [INFO] : 開始產生BTQ語法...
2025-01-21 17:08:11 [INFO] : 開始產生檔案：C:\Users\User\Desktop\Trans\Assessment_Result\\20250121_170809\src\BLGS_ECGOT_${TXDATE1}.tpt
2025-01-21 17:08:11 [INFO] : 產生檔案：C:\Users\User\Desktop\Trans\Assessment_Result\\20250121_170809\src\BLGS_ECGOT_${TXDATE1}.tpt
2025-01-21 17:08:11 [INFO] : 開始產生檔案：C:\Users\User\Desktop\Trans\Assessment_Result\\20250121_170809\src\BLGS_ECGOT_${TXDATE1}.btq
2025-01-21 17:08:11 [INFO] : 產生檔案：C:\Users\User\Desktop\Trans\Assessment_Result\\20250121_170809\src\BLGS_ECGOT_${TXDATE1}.btq
2025-01-21 17:08:11 [INFO] : 產檔完成
2025-01-21 17:08:11 [INFO] : 開始產生TPT語法...
2025-01-21 17:08:11 [INFO] : 開始產生BTQ語法...
2025-01-21 17:08:11 [INFO] : 開始產生檔案：C:\Users\User\Desktop\Trans\Assessment_Result\\20250121_170809\src\BLGS_ECINP_${TXDATE1}.tpt
2025-01-21 17:08:11 [INFO] : 產生檔案：C:\Users\User\Desktop\Trans\Assessment_Result\\20250121_170809\src\BLGS_ECINP_${TXDATE1}.tpt
2025-01-21 17:08:11 [INFO] : 開始產生檔案：C:\Users\User\Desktop\Trans\Assessment_Result\\20250121_170809\src\BLGS_ECINP_${TXDATE1}.btq
2025-01-21 17:08:11 [INFO] : 產生檔案：C:\Users\User\Desktop\Trans\Assessment_Result\\20250121_170809\src\BLGS_ECINP_${TXDATE1}.btq
2025-01-21 17:08:11 [INFO] : 產檔完成
2025-01-21 17:08:11 [INFO] : 開始產生TPT語法...
2025-01-21 17:08:11 [INFO] : 開始產生BTQ語法...
2025-01-21 17:08:11 [INFO] : 開始產生檔案：C:\Users\User\Desktop\Trans\Assessment_Result\\20250121_170809\src\BLGS_ECORD_${TXDATE1}.tpt
2025-01-21 17:08:11 [INFO] : 產生檔案：C:\Users\User\Desktop\Trans\Assessment_Result\\20250121_170809\src\BLGS_ECORD_${TXDATE1}.tpt
2025-01-21 17:08:11 [INFO] : 開始產生檔案：C:\Users\User\Desktop\Trans\Assessment_Result\\20250121_170809\src\BLGS_ECORD_${TXDATE1}.btq
2025-01-21 17:08:11 [INFO] : 產生檔案：C:\Users\User\Desktop\Trans\Assessment_Result\\20250121_170809\src\BLGS_ECORD_${TXDATE1}.btq
2025-01-21 17:08:11 [INFO] : 產檔完成
2025-01-21 17:08:11 [INFO] : 開始產生TPT語法...
2025-01-21 17:08:11 [INFO] : 開始產生BTQ語法...
2025-01-21 17:08:11 [INFO] : 開始產生檔案：C:\Users\User\Desktop\Trans\Assessment_Result\\20250121_170809\src\BLGS_ECPID_${TXDATE1}.tpt
2025-01-21 17:08:11 [INFO] : 產生檔案：C:\Users\User\Desktop\Trans\Assessment_Result\\20250121_170809\src\BLGS_ECPID_${TXDATE1}.tpt
2025-01-21 17:08:11 [INFO] : 開始產生檔案：C:\Users\User\Desktop\Trans\Assessment_Result\\20250121_170809\src\BLGS_ECPID_${TXDATE1}.btq
2025-01-21 17:08:11 [INFO] : 產生檔案：C:\Users\User\Desktop\Trans\Assessment_Result\\20250121_170809\src\BLGS_ECPID_${TXDATE1}.btq
2025-01-21 17:08:11 [INFO] : 產檔完成
2025-01-21 17:08:11 [INFO] : 開始產生TPT語法...
2025-01-21 17:08:11 [INFO] : 開始產生BTQ語法...
2025-01-21 17:08:11 [INFO] : 開始產生檔案：C:\Users\User\Desktop\Trans\Assessment_Result\\20250121_170809\src\BLGS_ECRC_${TXDATE1}.tpt
2025-01-21 17:08:11 [INFO] : 產生檔案：C:\Users\User\Desktop\Trans\Assessment_Result\\20250121_170809\src\BLGS_ECRC_${TXDATE1}.tpt
2025-01-21 17:08:11 [INFO] : 開始產生檔案：C:\Users\User\Desktop\Trans\Assessment_Result\\20250121_170809\src\BLGS_ECRC_${TXDATE1}.btq
2025-01-21 17:08:11 [INFO] : 產生檔案：C:\Users\User\Desktop\Trans\Assessment_Result\\20250121_170809\src\BLGS_ECRC_${TXDATE1}.btq
2025-01-21 17:08:11 [INFO] : 產檔完成
2025-01-21 17:08:11 [INFO] : 開始產生TPT語法...
2025-01-21 17:08:11 [INFO] : 開始產生BTQ語法...
2025-01-21 17:08:11 [INFO] : 開始產生檔案：C:\Users\User\Desktop\Trans\Assessment_Result\\20250121_170809\src\BLGS_ECRTN_${TXDATE1}.tpt
2025-01-21 17:08:11 [INFO] : 產生檔案：C:\Users\User\Desktop\Trans\Assessment_Result\\20250121_170809\src\BLGS_ECRTN_${TXDATE1}.tpt
2025-01-21 17:08:11 [INFO] : 開始產生檔案：C:\Users\User\Desktop\Trans\Assessment_Result\\20250121_170809\src\BLGS_ECRTN_${TXDATE1}.btq
2025-01-21 17:08:11 [INFO] : 產生檔案：C:\Users\User\Desktop\Trans\Assessment_Result\\20250121_170809\src\BLGS_ECRTN_${TXDATE1}.btq
2025-01-21 17:08:11 [INFO] : 產檔完成
2025-01-21 17:08:11 [INFO] : 開始產生TPT語法...
2025-01-21 17:08:11 [INFO] : 開始產生BTQ語法...
2025-01-21 17:08:11 [INFO] : 開始產生檔案：C:\Users\User\Desktop\Trans\Assessment_Result\\20250121_170809\src\BLGS_ECSND_${TXDATE1}.tpt
2025-01-21 17:08:11 [INFO] : 產生檔案：C:\Users\User\Desktop\Trans\Assessment_Result\\20250121_170809\src\BLGS_ECSND_${TXDATE1}.tpt
2025-01-21 17:08:11 [INFO] : 開始產生檔案：C:\Users\User\Desktop\Trans\Assessment_Result\\20250121_170809\src\BLGS_ECSND_${TXDATE1}.btq
2025-01-21 17:08:11 [INFO] : 產生檔案：C:\Users\User\Desktop\Trans\Assessment_Result\\20250121_170809\src\BLGS_ECSND_${TXDATE1}.btq
2025-01-21 17:08:11 [INFO] : 產檔完成
2025-01-21 17:08:11 [INFO] : 開始產生TPT語法...
2025-01-21 17:08:11 [INFO] : 開始產生BTQ語法...
2025-01-21 17:08:11 [INFO] : 開始產生檔案：C:\Users\User\Desktop\Trans\Assessment_Result\\20250121_170809\src\BLGS_ECTKE_${TXDATE1}.tpt
2025-01-21 17:08:11 [INFO] : 產生檔案：C:\Users\User\Desktop\Trans\Assessment_Result\\20250121_170809\src\BLGS_ECTKE_${TXDATE1}.tpt
2025-01-21 17:08:11 [INFO] : 開始產生檔案：C:\Users\User\Desktop\Trans\Assessment_Result\\20250121_170809\src\BLGS_ECTKE_${TXDATE1}.btq
2025-01-21 17:08:11 [INFO] : 產生檔案：C:\Users\User\Desktop\Trans\Assessment_Result\\20250121_170809\src\BLGS_ECTKE_${TXDATE1}.btq
2025-01-21 17:08:11 [INFO] : 產檔完成
2025-01-21 17:08:11 [INFO] : 開始產生TPT語法...
2025-01-21 17:08:11 [INFO] : 開始產生BTQ語法...
2025-01-21 17:08:11 [INFO] : 開始產生檔案：C:\Users\User\Desktop\Trans\Assessment_Result\\20250121_170809\src\COMM_NOP_${TXDATE1}.tpt
2025-01-21 17:08:11 [INFO] : 產生檔案：C:\Users\User\Desktop\Trans\Assessment_Result\\20250121_170809\src\COMM_NOP_${TXDATE1}.tpt
2025-01-21 17:08:11 [INFO] : 開始產生檔案：C:\Users\User\Desktop\Trans\Assessment_Result\\20250121_170809\src\COMM_NOP_${TXDATE1}.btq
2025-01-21 17:08:11 [INFO] : 產生檔案：C:\Users\User\Desktop\Trans\Assessment_Result\\20250121_170809\src\COMM_NOP_${TXDATE1}.btq
2025-01-21 17:08:11 [INFO] : 產檔完成
2025-01-21 17:08:11 [INFO] : 產檔成功，共 12 筆資料
2025-01-21 17:10:21 [INFO] : 開始執行，產生檔案 TPT
2025-01-21 17:10:21 [INFO] : 取得資料目錄 : C:\Users\user\Desktop\Trans\T0\hist export\TPT轉換作業_20250121.xlsx
2025-01-21 17:10:21 [INFO] : 取得產檔目錄 : C:\Users\User\Desktop\Trans\Assessment_Result\\20250121_171021\src\
2025-01-21 17:10:21 [INFO] : 開始解析資料表設定
2025-01-21 17:10:21 [INFO] : 正在開啟檔案，請稍後...
2025-01-21 17:10:21 [INFO] : 開始解析Table參數
2025-01-21 17:10:21 [INFO] : 解析完成，共 12 筆資料
2025-01-21 17:10:21 [INFO] : 開始解析Column參數
2025-01-21 17:10:21 [INFO] : 解析完成，共 178 筆資料
2025-01-21 17:10:21 [INFO] : 開始轉換語法
2025-01-21 17:10:21 [INFO] : 開始產生TPT語法...
2025-01-21 17:10:21 [INFO] : 開始產生BTQ語法...
2025-01-21 17:10:21 [INFO] : 開始產生檔案：C:\Users\User\Desktop\Trans\Assessment_Result\\20250121_171021\src\BLGS_91ORDACC_${TXDATE1}.tpt
2025-01-21 17:10:21 [INFO] : 產生檔案：C:\Users\User\Desktop\Trans\Assessment_Result\\20250121_171021\src\BLGS_91ORDACC_${TXDATE1}.tpt
2025-01-21 17:10:21 [INFO] : 開始產生檔案：C:\Users\User\Desktop\Trans\Assessment_Result\\20250121_171021\src\BLGS_91ORDACC_${TXDATE1}.btq
2025-01-21 17:10:21 [INFO] : 產生檔案：C:\Users\User\Desktop\Trans\Assessment_Result\\20250121_171021\src\BLGS_91ORDACC_${TXDATE1}.btq
2025-01-21 17:10:21 [INFO] : 產檔完成
2025-01-21 17:10:21 [INFO] : 開始產生TPT語法...
2025-01-21 17:10:21 [INFO] : 開始產生BTQ語法...
2025-01-21 17:10:21 [INFO] : 開始產生檔案：C:\Users\User\Desktop\Trans\Assessment_Result\\20250121_171021\src\BLGS_91ORDDLV_${TXDATE1}.tpt
2025-01-21 17:10:21 [INFO] : 產生檔案：C:\Users\User\Desktop\Trans\Assessment_Result\\20250121_171021\src\BLGS_91ORDDLV_${TXDATE1}.tpt
2025-01-21 17:10:21 [INFO] : 開始產生檔案：C:\Users\User\Desktop\Trans\Assessment_Result\\20250121_171021\src\BLGS_91ORDDLV_${TXDATE1}.btq
2025-01-21 17:10:21 [INFO] : 產生檔案：C:\Users\User\Desktop\Trans\Assessment_Result\\20250121_171021\src\BLGS_91ORDDLV_${TXDATE1}.btq
2025-01-21 17:10:21 [INFO] : 產檔完成
2025-01-21 17:10:21 [INFO] : 開始產生TPT語法...
2025-01-21 17:10:21 [INFO] : 開始產生BTQ語法...
2025-01-21 17:10:21 [INFO] : 開始產生檔案：C:\Users\User\Desktop\Trans\Assessment_Result\\20250121_171021\src\BLGS_91ORDSAL_${TXDATE1}.tpt
2025-01-21 17:10:21 [INFO] : 產生檔案：C:\Users\User\Desktop\Trans\Assessment_Result\\20250121_171021\src\BLGS_91ORDSAL_${TXDATE1}.tpt
2025-01-21 17:10:21 [INFO] : 開始產生檔案：C:\Users\User\Desktop\Trans\Assessment_Result\\20250121_171021\src\BLGS_91ORDSAL_${TXDATE1}.btq
2025-01-21 17:10:21 [INFO] : 產生檔案：C:\Users\User\Desktop\Trans\Assessment_Result\\20250121_171021\src\BLGS_91ORDSAL_${TXDATE1}.btq
2025-01-21 17:10:21 [INFO] : 產檔完成
2025-01-21 17:10:21 [INFO] : 開始產生TPT語法...
2025-01-21 17:10:21 [INFO] : 開始產生BTQ語法...
2025-01-21 17:10:21 [INFO] : 開始產生檔案：C:\Users\User\Desktop\Trans\Assessment_Result\\20250121_171021\src\BLGS_ECGOT_${TXDATE1}.tpt
2025-01-21 17:10:21 [INFO] : 產生檔案：C:\Users\User\Desktop\Trans\Assessment_Result\\20250121_171021\src\BLGS_ECGOT_${TXDATE1}.tpt
2025-01-21 17:10:21 [INFO] : 開始產生檔案：C:\Users\User\Desktop\Trans\Assessment_Result\\20250121_171021\src\BLGS_ECGOT_${TXDATE1}.btq
2025-01-21 17:10:21 [INFO] : 產生檔案：C:\Users\User\Desktop\Trans\Assessment_Result\\20250121_171021\src\BLGS_ECGOT_${TXDATE1}.btq
2025-01-21 17:10:21 [INFO] : 產檔完成
2025-01-21 17:10:21 [INFO] : 開始產生TPT語法...
2025-01-21 17:10:21 [INFO] : 開始產生BTQ語法...
2025-01-21 17:10:21 [INFO] : 開始產生檔案：C:\Users\User\Desktop\Trans\Assessment_Result\\20250121_171021\src\BLGS_ECINP_${TXDATE1}.tpt
2025-01-21 17:10:21 [INFO] : 產生檔案：C:\Users\User\Desktop\Trans\Assessment_Result\\20250121_171021\src\BLGS_ECINP_${TXDATE1}.tpt
2025-01-21 17:10:21 [INFO] : 開始產生檔案：C:\Users\User\Desktop\Trans\Assessment_Result\\20250121_171021\src\BLGS_ECINP_${TXDATE1}.btq
2025-01-21 17:10:21 [INFO] : 產生檔案：C:\Users\User\Desktop\Trans\Assessment_Result\\20250121_171021\src\BLGS_ECINP_${TXDATE1}.btq
2025-01-21 17:10:21 [INFO] : 產檔完成
2025-01-21 17:10:21 [INFO] : 開始產生TPT語法...
2025-01-21 17:10:21 [INFO] : 開始產生BTQ語法...
2025-01-21 17:10:21 [INFO] : 開始產生檔案：C:\Users\User\Desktop\Trans\Assessment_Result\\20250121_171021\src\BLGS_ECORD_${TXDATE1}.tpt
2025-01-21 17:10:21 [INFO] : 產生檔案：C:\Users\User\Desktop\Trans\Assessment_Result\\20250121_171021\src\BLGS_ECORD_${TXDATE1}.tpt
2025-01-21 17:10:21 [INFO] : 開始產生檔案：C:\Users\User\Desktop\Trans\Assessment_Result\\20250121_171021\src\BLGS_ECORD_${TXDATE1}.btq
2025-01-21 17:10:21 [INFO] : 產生檔案：C:\Users\User\Desktop\Trans\Assessment_Result\\20250121_171021\src\BLGS_ECORD_${TXDATE1}.btq
2025-01-21 17:10:21 [INFO] : 產檔完成
2025-01-21 17:10:21 [INFO] : 開始產生TPT語法...
2025-01-21 17:10:21 [INFO] : 開始產生BTQ語法...
2025-01-21 17:10:21 [INFO] : 開始產生檔案：C:\Users\User\Desktop\Trans\Assessment_Result\\20250121_171021\src\BLGS_ECPID_${TXDATE1}.tpt
2025-01-21 17:10:21 [INFO] : 產生檔案：C:\Users\User\Desktop\Trans\Assessment_Result\\20250121_171021\src\BLGS_ECPID_${TXDATE1}.tpt
2025-01-21 17:10:21 [INFO] : 開始產生檔案：C:\Users\User\Desktop\Trans\Assessment_Result\\20250121_171021\src\BLGS_ECPID_${TXDATE1}.btq
2025-01-21 17:10:21 [INFO] : 產生檔案：C:\Users\User\Desktop\Trans\Assessment_Result\\20250121_171021\src\BLGS_ECPID_${TXDATE1}.btq
2025-01-21 17:10:21 [INFO] : 產檔完成
2025-01-21 17:10:21 [INFO] : 開始產生TPT語法...
2025-01-21 17:10:21 [INFO] : 開始產生BTQ語法...
2025-01-21 17:10:21 [INFO] : 開始產生檔案：C:\Users\User\Desktop\Trans\Assessment_Result\\20250121_171021\src\BLGS_ECRC_${TXDATE1}.tpt
2025-01-21 17:10:21 [INFO] : 產生檔案：C:\Users\User\Desktop\Trans\Assessment_Result\\20250121_171021\src\BLGS_ECRC_${TXDATE1}.tpt
2025-01-21 17:10:21 [INFO] : 開始產生檔案：C:\Users\User\Desktop\Trans\Assessment_Result\\20250121_171021\src\BLGS_ECRC_${TXDATE1}.btq
2025-01-21 17:10:21 [INFO] : 產生檔案：C:\Users\User\Desktop\Trans\Assessment_Result\\20250121_171021\src\BLGS_ECRC_${TXDATE1}.btq
2025-01-21 17:10:21 [INFO] : 產檔完成
2025-01-21 17:10:21 [INFO] : 開始產生TPT語法...
2025-01-21 17:10:21 [INFO] : 開始產生BTQ語法...
2025-01-21 17:10:21 [INFO] : 開始產生檔案：C:\Users\User\Desktop\Trans\Assessment_Result\\20250121_171021\src\BLGS_ECRTN_${TXDATE1}.tpt
2025-01-21 17:10:21 [INFO] : 產生檔案：C:\Users\User\Desktop\Trans\Assessment_Result\\20250121_171021\src\BLGS_ECRTN_${TXDATE1}.tpt
2025-01-21 17:10:21 [INFO] : 開始產生檔案：C:\Users\User\Desktop\Trans\Assessment_Result\\20250121_171021\src\BLGS_ECRTN_${TXDATE1}.btq
2025-01-21 17:10:21 [INFO] : 產生檔案：C:\Users\User\Desktop\Trans\Assessment_Result\\20250121_171021\src\BLGS_ECRTN_${TXDATE1}.btq
2025-01-21 17:10:21 [INFO] : 產檔完成
2025-01-21 17:10:21 [INFO] : 開始產生TPT語法...
2025-01-21 17:10:21 [INFO] : 開始產生BTQ語法...
2025-01-21 17:10:21 [INFO] : 開始產生檔案：C:\Users\User\Desktop\Trans\Assessment_Result\\20250121_171021\src\BLGS_ECSND_${TXDATE1}.tpt
2025-01-21 17:10:21 [INFO] : 產生檔案：C:\Users\User\Desktop\Trans\Assessment_Result\\20250121_171021\src\BLGS_ECSND_${TXDATE1}.tpt
2025-01-21 17:10:21 [INFO] : 開始產生檔案：C:\Users\User\Desktop\Trans\Assessment_Result\\20250121_171021\src\BLGS_ECSND_${TXDATE1}.btq
2025-01-21 17:10:21 [INFO] : 產生檔案：C:\Users\User\Desktop\Trans\Assessment_Result\\20250121_171021\src\BLGS_ECSND_${TXDATE1}.btq
2025-01-21 17:10:21 [INFO] : 產檔完成
2025-01-21 17:10:21 [INFO] : 開始產生TPT語法...
2025-01-21 17:10:21 [INFO] : 開始產生BTQ語法...
2025-01-21 17:10:21 [INFO] : 開始產生檔案：C:\Users\User\Desktop\Trans\Assessment_Result\\20250121_171021\src\BLGS_ECTKE_${TXDATE1}.tpt
2025-01-21 17:10:21 [INFO] : 產生檔案：C:\Users\User\Desktop\Trans\Assessment_Result\\20250121_171021\src\BLGS_ECTKE_${TXDATE1}.tpt
2025-01-21 17:10:21 [INFO] : 開始產生檔案：C:\Users\User\Desktop\Trans\Assessment_Result\\20250121_171021\src\BLGS_ECTKE_${TXDATE1}.btq
2025-01-21 17:10:21 [INFO] : 產生檔案：C:\Users\User\Desktop\Trans\Assessment_Result\\20250121_171021\src\BLGS_ECTKE_${TXDATE1}.btq
2025-01-21 17:10:22 [INFO] : 產檔完成
2025-01-21 17:10:22 [INFO] : 開始產生TPT語法...
2025-01-21 17:10:22 [INFO] : 開始產生BTQ語法...
2025-01-21 17:10:22 [INFO] : 開始產生檔案：C:\Users\User\Desktop\Trans\Assessment_Result\\20250121_171021\src\COMM_NOP_${TXDATE1}.tpt
2025-01-21 17:10:22 [INFO] : 產生檔案：C:\Users\User\Desktop\Trans\Assessment_Result\\20250121_171021\src\COMM_NOP_${TXDATE1}.tpt
2025-01-21 17:10:22 [INFO] : 開始產生檔案：C:\Users\User\Desktop\Trans\Assessment_Result\\20250121_171021\src\COMM_NOP_${TXDATE1}.btq
2025-01-21 17:10:22 [INFO] : 產生檔案：C:\Users\User\Desktop\Trans\Assessment_Result\\20250121_171021\src\COMM_NOP_${TXDATE1}.btq
2025-01-21 17:10:22 [INFO] : 產檔完成
2025-01-21 17:10:22 [INFO] : 產檔成功，共 12 筆資料
